 reading from starter.ss
 reading from data file
Data read sucessful 999

 reading forecast file 
 reading from control file
End of control file successful! 999
Begin setting up parameters ...  end of parameter section 
Evaluating biology calculations once ... done
Starting optimization of 'ss_linux' in phase 1 of 5 at Sun Nov 12 11:31:42 2023
Finished tag obj_fun  103.121 0 109.236 0 46.8586 55.1505 0 255.299 0 123.628 0 146.45 0 29.9739 86.9144 0 246.879 66.7373
 76.5968 0 94.9208 0 29.9628 47.2551 0 146.969 0 62.0384 0 123.399 0 37.7204 61.9497 0 127.127 48.8499
1 1 -log(L): 246914  Spbio: 33412.4 496875
phase= 1 | nvar= 17 | iter=  0 | nll=2.47e+05 | mag=1.50e+06 | par[  4]=SR_parm[1]
1 2 -log(L): 246914  Spbio: 33412.4 496875
1 3 -log(L): 246914  Spbio: 33412.3 496874
1 4 -log(L): 246912  Spbio: 33411.8 496867
1 5 -log(L): 246892  Spbio: 33405.9 496793
1 6 -log(L): 246692  Spbio: 33347.5 496054
1 7 -log(L): 244700  Spbio: 32769 488721
1 8 -log(L): 225436  Spbio: 27484.6 420823
1 9 -log(L): 174906  Spbio: 24687.4 304437
1 10 -log(L): 1.84126e+06  Spbio: 15603.8 96280.7 cat 1.57901e+06
1 11 -log(L): 154477  Spbio: 23852.6 272715
1 12 -log(L): 1.40783e+06  Spbio: 19967 171508 cat 1.23863e+06
1 13 -log(L): 149234  Spbio: 23648.7 265269
1 14 -log(L): 163347  Spbio: 22085 217423 cat 44169.1
1 15 -log(L): 123697  Spbio: 22611.6 229831
1 16 -log(L): 1.80508e+06  Spbio: 18814.1 301710 cat 1.54995e+06
1 17 -log(L): 119743  Spbio: 22490 229476
1 18 -log(L): 111720  Spbio: 22057 257747
1 19 -log(L): 1.02703e+06  Spbio: 18484.6 1.48238e+06 cat 852735
1 20 -log(L): 110388  Spbio: 21984.1 263164
1 21 -log(L): 105090  Spbio: 21334.9 329380 cat 2194.37
1 22 -log(L): 103507  Spbio: 21479.1 309272 cat 131.512
1 23 -log(L): 210440  Spbio: 19713.5 77844.7 cat 79175.8
1 24 -log(L): 102102  Spbio: 21407.4 275933 cat 168.282
1 25 -log(L): 100817  Spbio: 20632.3 256027
1 26 -log(L): 98560.7  Spbio: 19977.6 224185
1 27 -log(L): 93994.4  Spbio: 19928.4 214438
1 28 -log(L): 143490  Spbio: 18520.2 147818 cat 38543.4
1 29 -log(L): 78748.5  Spbio: 19581.4 180278 cat 4331.84
1 30 -log(L): 95176.3  Spbio: 19704.6 197722 cat 11078.4
1 31 -log(L): 75208  Spbio: 19675.8 181850 cat 4621.42
1 32 -log(L): 76223.8  Spbio: 19273.6 147145 cat 2362.12
1 33 -log(L): 72887.9  Spbio: 19454.4 161554 cat 3466.71
1 34 -log(L): 72771.8  Spbio: 18575.9 170686 cat 449.631
1 35 -log(L): 71745.9  Spbio: 18964.4 165926 cat 1669.83
1 36 -log(L): 75942.4  Spbio: 23574.6 148167 cat 3493.57
1 37 -log(L): 71447.5  Spbio: 20239.3 159507 cat 2224.54
1 38 -log(L): 70957.5  Spbio: 22989.4 165093 cat 2657.23
1 39 -log(L): 82707.7  Spbio: 35224 259078 cat 94.1733
1 40 -log(L): 70586.2  Spbio: 25388.9 168978 cat 2837.86
1 41 -log(L): 77295.2  Spbio: 63915 222721 cat 1371.7
1 42 -log(L): 64495.7  Spbio: 46360.7 188957 cat 3009.91
1 43 -log(L): 597633  Spbio: 13164.2 1.52399e+06 cat 394037
1 44 -log(L): 81144  Spbio: 54992.2 232356 cat 892.294
1 45 -log(L): 63929.1  Spbio: 53084.5 193619 cat 2878.22
1 46 -log(L): 63597.7  Spbio: 50878 192099 cat 2926.57
1 47 -log(L): 544933  Spbio: 17245.7 1.16454e+06 cat 345595
1 48 -log(L): 90442.4  Spbio: 22358.3 308537 cat 85.5633
1 49 -log(L): 68771.1  Spbio: 56862.6 196725 cat 2833.92
1 50 -log(L): 63593.5  Spbio: 51474.1 192546 cat 2919.24
1 51 -log(L): 63584.4  Spbio: 51440.2 192522 cat 2899.58
1 52 -log(L): 63399.6  Spbio: 50780.8 192291 cat 2704.4
1 53 -log(L): 59872.2  Spbio: 27742.4 191108 cat 830.715
1 54 -log(L): 60458.5  Spbio: 18625.6 191441 cat 333.719
1 55 -log(L): 59810.4  Spbio: 25110.2 191109 cat 666.696
1 56 -log(L): 147548  Spbio: 5068.99 274629 cat 23236.7
1 57 -log(L): 824911  Spbio: 16360.1 231361 cat 684128
1 58 -log(L): 59805.3  Spbio: 24996.7 191099 cat 654.772
1 59 -log(L): 59795.3  Spbio: 24979.3 191079 cat 654.351
1 60 -log(L): 59717.9  Spbio: 24800.2 190893 cat 661.057
1 61 -log(L): 59544.7  Spbio: 24859.9 190477 cat 651.243
1 62 -log(L): 57982.8  Spbio: 25414.8 186376 cat 570.603
1 63 -log(L): 55646.6  Spbio: 17035.8 176950 cat 433.861
1 64 -log(L): 52186.2  Spbio: 14779.4 154416 cat 457.18
phase= 1 | nvar= 17 | iter= 20 | nll=5.22e+04 | mag=3.25e+05 | par[  1]=MGparm[44]
1 65 -log(L): 46958.5  Spbio: 14602.5 124873 cat 821.317
1 66 -log(L): 41650.7  Spbio: 20275.7 82472.9 cat 603.036
1 67 -log(L): 45965.4  Spbio: 25899.5 75273.9 cat 93.5982
1 68 -log(L): 40185.8  Spbio: 22401.4 79625.9 cat 328.805
1 69 -log(L): 39617.5  Spbio: 12467.1 78519.6
1 70 -log(L): 38773.1  Spbio: 12922.9 76641.6
1 71 -log(L): 38010.7  Spbio: 14498.5 72108.4
1 72 -log(L): 37765.4  Spbio: 12968.2 67269.7
1 73 -log(L): 37663.4  Spbio: 11009.9 64022.4
1 74 -log(L): 37497.6  Spbio: 10602.5 63883.3
1 75 -log(L): 37267.9  Spbio: 9345.91 61280.6
1 76 -log(L): 37057.7  Spbio: 7761.67 56843.4
1 77 -log(L): 36708.7  Spbio: 5597.74 46364.1
1 78 -log(L): 36187.1  Spbio: 3287.88 27934.6 cat 49.0252
1 79 -log(L): 36167.3  Spbio: 3705.79 31827.2
1 80 -log(L): 77233.1  Spbio: 1791.71 10540.8 cat 33862.8
1 81 -log(L): 42479.8  Spbio: 2325.31 17186.5 cat 4684.3
1 82 -log(L): 36157  Spbio: 3678.5 31569.6
1 83 -log(L): 36100.2  Spbio: 3419.49 29061.2 cat 7.2399
1 84 -log(L): 35979.1  Spbio: 3456.15 28800.7 cat 4.90477
1 85 -log(L): 35768.2  Spbio: 3456.3 27442 cat 8.88064
1 86 -log(L): 35436.2  Spbio: 3588.66 25934.7 cat 2.44654
1 87 -log(L): 35102  Spbio: 3770.06 22595.9 cat 9.53789
1 88 -log(L): 34990.1  Spbio: 3758.27 21924.9 cat 26.9457
1 89 -log(L): 34895.5  Spbio: 3644.54 22199.8 cat 52.4118
phase= 1 | nvar= 17 | iter= 40 | nll=3.49e+04 | mag=4.83e+04 | par[  4]=SR_parm[1]
1 90 -log(L): 34843.6  Spbio: 3614.33 22222.6 cat 66.2566
1 91 -log(L): 34756.8  Spbio: 3605.88 22762.2 cat 70.6895
1 92 -log(L): 34638.9  Spbio: 3620.53 24036 cat 65.4749
1 93 -log(L): 34579.2  Spbio: 3642.1 25651.7 cat 31.9301
1 94 -log(L): 34522.9  Spbio: 3702.22 25785.7 cat 26.6785
1 95 -log(L): 34464  Spbio: 3744.87 25328.4 cat 21.708
1 96 -log(L): 34453.6  Spbio: 3766.89 24673.8 cat 27.862
1 97 -log(L): 34443.9  Spbio: 3755.41 24216.6 cat 31.8755
1 98 -log(L): 34431.3  Spbio: 3721.38 23682.8 cat 31.1015
1 99 -log(L): 34424.8  Spbio: 3673.49 23306.6 cat 37.0421
1 100 -log(L): 34420.1  Spbio: 3657.95 23288.4 cat 36.0528
1 101 -log(L): 34413.1  Spbio: 3640.09 23352.2 cat 35.2835
Exiting without success due to excessive function evaluations (maxfn=100) | mag=19296.8
phase= 1 | nvar= 17 | iter= 53 | nll=3.44e+04 | mag=1.93e+04 | par[  4]=SR_parm[1]
1 102 -log(L): 34413.1  Spbio: 3640.09 23352.2 cat 35.2835
2 103 -log(L): 34413.1  Spbio: 3640.09 23352.2 cat 35.2835
phase= 2 | nvar=103 | iter=  0 | nll=3.44e+04 | mag=2.20e+04 | par[ 46]=selparm[71]
2 104 -log(L): 34413.1  Spbio: 3640.1 23352.4 cat 35.2779
2 105 -log(L): 34412.9  Spbio: 3640.26 23354.3 cat 35.2224
2 106 -log(L): 34410.9  Spbio: 3641.84 23373.5 cat 34.6722
2 107 -log(L): 34392.3  Spbio: 3657.66 23565.6 cat 29.6046
2 108 -log(L): 34350.9  Spbio: 3647.06 23575.7 cat 30.8628
2 109 -log(L): 33967.4  Spbio: 3542.74 23679.4 cat 47.4991
2 110 -log(L): 33187.1  Spbio: 3477.85 23588.4 cat 20.497
2 111 -log(L): 32225  Spbio: 3551.73 18324.3 cat 113.976
2 112 -log(L): 31199.3  Spbio: 3756.98 14991.1 cat 110.683
2 113 -log(L): 29496.1  Spbio: 3675.6 14383.1 cat 357.294
2 114 -log(L): 26557.1  Spbio: 3579.41 16953.4 cat 266.12
2 115 -log(L): 29473.1  Spbio: 3944.09 17970.4 cat 3816.44
2 116 -log(L): 25226.6  Spbio: 3718.09 17331.2 cat 422.321
2 117 -log(L): 25303  Spbio: 4090.87 14803.3 cat 658.084
2 118 -log(L): 24587  Spbio: 3908.56 15994 cat 452.751
2 119 -log(L): 23918.5  Spbio: 4140.13 15423.3 cat 406.081
2 120 -log(L): 22816.3  Spbio: 4210.24 15265 cat 446.04
2 121 -log(L): 22167.5  Spbio: 4049.39 15107.5 cat 636.717
2 122 -log(L): 21525  Spbio: 3965.72 15580.5 cat 613.793
2 123 -log(L): 21888.4  Spbio: 3419.11 16753.5 cat 1667.05
2 124 -log(L): 21263  Spbio: 3734.9 16077.9 cat 877.828
2 125 -log(L): 20936.7  Spbio: 3486.59 16144.6 cat 797.957
2 126 -log(L): 20433.1  Spbio: 3589.38 14911.9 cat 799.517
2 127 -log(L): 19897.4  Spbio: 3298.01 14847.4 cat 1038.7
2 128 -log(L): 19710.6  Spbio: 3545.82 13945.2 cat 1492.68
2 129 -log(L): 19458.3  Spbio: 3589.97 14277.8 cat 1234.5
2 130 -log(L): 18990.3  Spbio: 3681.84 14036 cat 958.584
phase= 2 | nvar=103 | iter= 20 | nll=1.90e+04 | mag=7.36e+05 | par[  4]=SR_parm[1]
2 131 -log(L): 18474.5  Spbio: 4330.49 13709.4 cat 599.002
2 132 -log(L): 19008.8  Spbio: 4315.61 12462.6 cat 974.367
2 133 -log(L): 18242.4  Spbio: 4330.79 13215 cat 686.238
2 134 -log(L): 17955  Spbio: 4402.4 12655.3 cat 653.001
2 135 -log(L): 17660.9  Spbio: 4569.15 13004.5 cat 436.711
2 136 -log(L): 17379.8  Spbio: 4987.66 13243.1 cat 336.088
2 137 -log(L): 17809.6  Spbio: 5615.28 13591.9 cat 214.502
2 138 -log(L): 17289.9  Spbio: 5165.1 13360.8 cat 282.597
2 139 -log(L): 17166.2  Spbio: 5220.16 13626.9 cat 212.369
2 140 -log(L): 17003.8  Spbio: 5135.28 13795.1 cat 181.921
2 141 -log(L): 16912.4  Spbio: 5076.82 13847.4 cat 253.387
2 142 -log(L): 16882.3  Spbio: 5093.13 13828.1 cat 219.529
2 143 -log(L): 16745.3  Spbio: 5067.48 13728 cat 136.453
2 144 -log(L): 16686.4  Spbio: 5244.51 14390.9 cat 155.777
2 145 -log(L): 16602.5  Spbio: 5096.12 14382.2 cat 218.841
2 146 -log(L): 16534.9  Spbio: 4919.06 14114.6 cat 301.185
2 147 -log(L): 16503.4  Spbio: 4949.8 14181.4 cat 280.003
2 148 -log(L): 16486  Spbio: 5336.98 14636.7 cat 258.573
2 149 -log(L): 16461.3  Spbio: 5314.43 14678.2 cat 265.234
2 150 -log(L): 16441  Spbio: 5282.09 14774.3 cat 273.892
2 151 -log(L): 16427.6  Spbio: 5352.39 14983.6 cat 279.664
2 152 -log(L): 16408.4  Spbio: 5394.61 15083.4 cat 284.226
2 153 -log(L): 16380.5  Spbio: 5393.38 15053 cat 271.482
2 154 -log(L): 16339.1  Spbio: 5382.58 15083.7 cat 297.22
phase= 2 | nvar=103 | iter= 40 | nll=1.63e+04 | mag=2.63e+05 | par[  4]=SR_parm[1]
2 155 -log(L): 16299  Spbio: 5359.93 15063.5 cat 283.019
2 156 -log(L): 16256.1  Spbio: 5297.92 15035.2 cat 262.888
2 157 -log(L): 16255  Spbio: 5333.51 15161.6 cat 297.449
2 158 -log(L): 16252.8  Spbio: 5334.06 15158.6 cat 297.201
2 159 -log(L): 16233.6  Spbio: 5345.72 15129.2 cat 293.598
2 160 -log(L): 16199.6  Spbio: 5389.58 15046.9 cat 299.592
2 161 -log(L): 16196.1  Spbio: 5362.97 14966.2 cat 273.516
2 162 -log(L): 16181.1  Spbio: 5375.84 15004.6 cat 282.85
2 163 -log(L): 16155.8  Spbio: 5289.97 14949.5 cat 294.237
2 164 -log(L): 16145.7  Spbio: 5196.66 14947.8 cat 332.411
2 165 -log(L): 16129.8  Spbio: 5202.11 14997.7 cat 327.41
2 166 -log(L): 16108.6  Spbio: 5201.73 15101.1 cat 328.366
2 167 -log(L): 16090.8  Spbio: 5203.18 15106.1 cat 335.237
2 168 -log(L): 16067.2  Spbio: 5213.51 15072.2 cat 315.09
2 169 -log(L): 16118.1  Spbio: 5208.7 15157.4 cat 304.523
2 170 -log(L): 16062.9  Spbio: 5213.07 15073.4 cat 314.454
2 171 -log(L): 16057.6  Spbio: 5214.09 15082.4 cat 307.954
2 172 -log(L): 16050.8  Spbio: 5205.63 15107.3 cat 302.451
2 173 -log(L): 16039.4  Spbio: 5212.22 15147.1 cat 292.047
2 174 -log(L): 16023.7  Spbio: 5171.35 15220.4 cat 299.22
2 175 -log(L): 16010.3  Spbio: 5183.1 15174.3 cat 292.783
2 176 -log(L): 15997.8  Spbio: 5149.81 15174.6 cat 298.987
2 177 -log(L): 15967.4  Spbio: 5335.6 15163.5 cat 264.44
phase= 2 | nvar=103 | iter= 60 | nll=1.60e+04 | mag=2.49e+05 | par[  4]=SR_parm[1]
2 178 -log(L): 15976  Spbio: 5389.53 15245.4 cat 279.198
2 179 -log(L): 15951  Spbio: 5367.55 15209.1 cat 272.888
2 180 -log(L): 15929.5  Spbio: 5397.11 15140 cat 264.729
2 181 -log(L): 15899.9  Spbio: 5359.87 15054.1 cat 259.278
2 182 -log(L): 15865.1  Spbio: 5350.9 14969.3 cat 269.781
2 183 -log(L): 15890.4  Spbio: 5443.07 14980.3 cat 345.112
2 184 -log(L): 15850.7  Spbio: 5391.26 14976 cat 293.771
2 185 -log(L): 15839.2  Spbio: 5384.62 15128.9 cat 301.13
2 186 -log(L): 15822.9  Spbio: 5356.97 15251.4 cat 287.162
2 187 -log(L): 15803.4  Spbio: 5341.16 15302.9 cat 274.061
2 188 -log(L): 15776.4  Spbio: 5298.86 15289.7 cat 255.809
2 189 -log(L): 15737.8  Spbio: 5282.2 15159.8 cat 252.181
2 190 -log(L): 15710.5  Spbio: 5241.51 15136.4 cat 253.1
2 191 -log(L): 15662  Spbio: 5216.2 15220.5 cat 257.522
2 192 -log(L): 15579.6  Spbio: 5175.04 15490.9 cat 257.117
2 193 -log(L): 15452.2  Spbio: 5180.83 16167.1 cat 223.056
2 194 -log(L): 15306.6  Spbio: 5182.31 16754.5 cat 167.162
2 195 -log(L): 15240.6  Spbio: 5242.81 17227.1 cat 123.43
2 196 -log(L): 15178.6  Spbio: 5386.04 17307.2 cat 88.3271
2 197 -log(L): 15074.2  Spbio: 5434.69 17300 cat 80.5435
2 198 -log(L): 15001.4  Spbio: 5518.25 17225.6 cat 90.8024
2 199 -log(L): 14933.4  Spbio: 5467.3 17400.7 cat 52.4246
phase= 2 | nvar=103 | iter= 80 | nll=1.49e+04 | mag=4.79e+04 | par[  5]=SR_parm[6]
2 200 -log(L): 14897.9  Spbio: 5430.83 17188.6 cat 61.8506
2 201 -log(L): 14841.1  Spbio: 5405.05 17102.8 cat 59.0114
2 202 -log(L): 14764.4  Spbio: 5452.63 17062 cat 46.2231
2 203 -log(L): 14675.3  Spbio: 5586.44 17154.7 cat 24.8349
Exiting without success due to excessive function evaluations (maxfn=100) | mag=75147.1
phase= 2 | nvar=103 | iter= 85 | nll=1.47e+04 | mag=7.51e+04 | par[  4]=SR_parm[1]
2 204 -log(L): 14675.3  Spbio: 5586.44 17154.7 cat 24.8349
3 205 -log(L): 14675.3  Spbio: 5586.44 17154.7 cat 24.8349
phase= 3 | nvar=180 | iter=  0 | nll=1.47e+04 | mag=7.51e+04 | par[ 22]=SR_parm[1]
3 206 -log(L): 14675.2  Spbio: 5586.44 17154.7 cat 24.8239
3 207 -log(L): 14675  Spbio: 5586.45 17154.9 cat 24.7138
3 208 -log(L): 14673.1  Spbio: 5586.56 17156.5 cat 23.6459
3 209 -log(L): 14656.8  Spbio: 5587.58 17172.4 cat 16.2032
3 210 -log(L): 14621.1  Spbio: 5556.06 17053 cat 16.4677
3 211 -log(L): 14432.1  Spbio: 5248.59 15863.8 cat 137.813
3 212 -log(L): 14088.6  Spbio: 5224.92 16453 cat 96.6615
3 213 -log(L): 13605.5  Spbio: 4937.06 16556.8 cat 35.8032
3 214 -log(L): 13208.4  Spbio: 4856.53 19771.9 cat 4.47817
3 215 -log(L): 12978  Spbio: 4660.23 23940.9
3 216 -log(L): 12602.8  Spbio: 4774.82 23531.9 cat 1.31874
3 217 -log(L): 12253  Spbio: 4996.41 22706.6 cat 40.755
3 218 -log(L): 11897.9  Spbio: 5258.31 20110.9 cat 2.57083
3 219 -log(L): 11382.9  Spbio: 5331.46 18302 cat 0.349239
3 220 -log(L): 11977  Spbio: 5433.47 21455.1 cat 952.6
3 221 -log(L): 11036.8  Spbio: 5381.86 19904.3 cat 0.44818
3 222 -log(L): 10742.2  Spbio: 5385.97 14078.6 cat 65.3479
3 223 -log(L): 10693.2  Spbio: 5721.7 10594.3 cat 16.1651
3 224 -log(L): 10602.9  Spbio: 5724.45 10363.2 cat 7.93524
3 225 -log(L): 10452.3  Spbio: 5707.17 8376.61 cat 25.6496
3 226 -log(L): 10247.2  Spbio: 5660.53 8181.99 cat 1.58905
3 227 -log(L): 9968.36  Spbio: 5335.49 7305.53 cat 1.18855
3 228 -log(L): 9852.34  Spbio: 4788.31 6302.16 cat 77.6457
3 229 -log(L): 9773.47  Spbio: 4983.16 6609.52 cat 0.0332191
3 230 -log(L): 9554.99  Spbio: 4937.55 8545.4
3 231 -log(L): 9743.55  Spbio: 5339.77 6970 cat 447.365
3 232 -log(L): 9371.84  Spbio: 5149.34 7464.02
phase= 3 | nvar=180 | iter= 20 | nll=9.37e+03 | mag=1.88e+04 | par[ 17]=MGparm[49]
3 233 -log(L): 9642.59  Spbio: 5138.68 7754.89 cat 471.645
3 234 -log(L): 9329.18  Spbio: 5146.31 7493.33 cat 27.278
3 235 -log(L): 9256.84  Spbio: 5150.13 7982.67 cat 12.1474
3 236 -log(L): 9134.77  Spbio: 5036.26 8412.93 cat 1.72526
3 237 -log(L): 8981.89  Spbio: 4914.59 9926.68
3 238 -log(L): 8789.49  Spbio: 4946.17 10325.1
3 239 -log(L): 8968.08  Spbio: 4763.55 8666.87 cat 2.42682
3 240 -log(L): 8722.88  Spbio: 4894.13 9634.61
3 241 -log(L): 8620.3  Spbio: 4815.42 9580.53
3 242 -log(L): 8490.11  Spbio: 5032.25 8306.63 cat 0.0894115
3 243 -log(L): 8517.87  Spbio: 5869.78 10171.4
3 244 -log(L): 8429.47  Spbio: 5382.86 9036.27
3 245 -log(L): 8385.76  Spbio: 5482.8 8953.04 cat 1.32443
3 246 -log(L): 8336.08  Spbio: 5586.13 9723.1 cat 0.18307
3 247 -log(L): 8315.31  Spbio: 5060.88 9338.94 cat 7.36111
3 248 -log(L): 8301.21  Spbio: 5071.01 9479.82 cat 5.08659
3 249 -log(L): 8280.11  Spbio: 5155.62 9519.85 cat 4.12713
3 250 -log(L): 8251.39  Spbio: 5173.76 9658.63 cat 6.01201
3 251 -log(L): 8219.63  Spbio: 5228.26 10212.9 cat 7.38398
3 252 -log(L): 8206.67  Spbio: 5302.71 10833.5 cat 6.89029
3 253 -log(L): 8182.27  Spbio: 5290.09 11226.4 cat 13.708
3 254 -log(L): 8156.39  Spbio: 5296.91 12270.1 cat 2.49278
3 255 -log(L): 8130.31  Spbio: 5416.93 11625.1 cat 9.95244
phase= 3 | nvar=180 | iter= 40 | nll=8.13e+03 | mag=2.80e+04 | par[ 22]=SR_parm[1]
3 256 -log(L): 8111.85  Spbio: 5418.13 11821.9 cat 3.01207
3 257 -log(L): 8093.32  Spbio: 5502.53 11294.2 cat 2.71568
3 258 -log(L): 8076.39  Spbio: 5669.77 11055.5 cat 3.64567
3 259 -log(L): 8060.17  Spbio: 5705.91 11148.9 cat 1.41904
3 260 -log(L): 8038.04  Spbio: 5688.55 10880.4 cat 0.750643
3 261 -log(L): 8031.52  Spbio: 5523.22 10782.7
3 262 -log(L): 8022.23  Spbio: 5558.29 10554.9
3 263 -log(L): 8012.07  Spbio: 5575.45 10831.6
3 264 -log(L): 7998.4  Spbio: 5637.75 10887.6 cat 0.0936617
3 265 -log(L): 7980.36  Spbio: 5585.13 11107.7 cat 0.021893
3 266 -log(L): 7964.48  Spbio: 5532.83 11221.3 cat 0.0206861
3 267 -log(L): 7941.53  Spbio: 5538.43 11671
3 268 -log(L): 7931  Spbio: 5685.99 11981.9 cat 0.0765701
3 269 -log(L): 7916.57  Spbio: 5739.84 11961.1 cat 0.160267
3 270 -log(L): 7908.88  Spbio: 5780.83 11236.3 cat 0.138593
3 271 -log(L): 7899.85  Spbio: 5804.62 11285.8
3 272 -log(L): 7889.71  Spbio: 5731.65 11272.2
3 273 -log(L): 7887.9  Spbio: 5622.4 10893.9
3 274 -log(L): 7884.44  Spbio: 5638.56 10937.7
3 275 -log(L): 7879.23  Spbio: 5638.15 10903.4
phase= 3 | nvar=180 | iter= 60 | nll=7.88e+03 | mag=2.12e+04 | par[ 22]=SR_parm[1]
3 276 -log(L): 7877.62  Spbio: 5515.58 11383.2 cat 0.013859
3 277 -log(L): 7875.07  Spbio: 5476.71 11319.2 cat 0.0793214
3 278 -log(L): 7872  Spbio: 5505.62 11375.7 cat 0.175898
3 279 -log(L): 7867.46  Spbio: 5492.4 11466 cat 0.198459
3 280 -log(L): 7864.79  Spbio: 5385.36 11182.3
3 281 -log(L): 7860.86  Spbio: 5362.44 10865.4 cat 0.392808
3 282 -log(L): 7855.96  Spbio: 5380.52 10529.8 cat 0.437764
3 283 -log(L): 7849.1  Spbio: 5327.61 10422.8 cat 0.765227
3 284 -log(L): 7844.16  Spbio: 5247.74 10588.1 cat 0.831945
3 285 -log(L): 7837.97  Spbio: 5187.75 10304.2 cat 2.0529
3 286 -log(L): 7831.3  Spbio: 5205.35 9987.95 cat 1.73861
3 287 -log(L): 7825.01  Spbio: 5016.28 9991.8 cat 2.16563
3 288 -log(L): 7819.42  Spbio: 4977.27 9696.91 cat 0.867856
3 289 -log(L): 7811.86  Spbio: 4994.13 9911.45 cat 1.09228
3 290 -log(L): 7805.59  Spbio: 4769.14 9830.74 cat 3.24439
3 291 -log(L): 7800.32  Spbio: 4820.12 9524.77 cat 2.26124
3 292 -log(L): 7795.66  Spbio: 4696.21 9737.4 cat 0.580717
3 293 -log(L): 7791.18  Spbio: 4756.95 9605.35 cat 2.70154
3 294 -log(L): 7785.99  Spbio: 4699.5 9406.81 cat 1.9966
3 295 -log(L): 7780.99  Spbio: 4653.27 9274.77 cat 4.2875
phase= 3 | nvar=180 | iter= 80 | nll=7.78e+03 | mag=2.14e+04 | par[ 22]=SR_parm[1]
3 296 -log(L): 7775.26  Spbio: 4633.28 9050.9 cat 3.04399
3 297 -log(L): 7772.58  Spbio: 4614.82 8812.56 cat 2.58447
3 298 -log(L): 7769.14  Spbio: 4588.46 8826.79 cat 2.47228
3 299 -log(L): 7765.27  Spbio: 4572.22 8747.65 cat 1.77622
3 300 -log(L): 7762.67  Spbio: 4578.56 8732.39 cat 1.11154
3 301 -log(L): 7760.43  Spbio: 4513.09 8657.06 cat 0.706758
3 302 -log(L): 7757.38  Spbio: 4523.75 8724 cat 0.602809
3 303 -log(L): 7753.24  Spbio: 4473.03 8688.53 cat 0.675098
3 304 -log(L): 7748.78  Spbio: 4461.01 8853.09 cat 0.330223
3 305 -log(L): 7748.79  Spbio: 4446.07 8686.34 cat 0.285882
Exiting without success due to excessive function evaluations (maxfn=100) | mag=11704.9
phase= 3 | nvar=180 | iter= 90 | nll=7.75e+03 | mag=1.17e+04 | par[ 22]=SR_parm[1]
3 306 -log(L): 7748.78  Spbio: 4461.01 8853.09 cat 0.330223
4 307 -log(L): 7748.78  Spbio: 4461.01 8853.09 cat 0.330223
phase= 4 | nvar=188 | iter=  0 | nll=7.75e+03 | mag=1.17e+04 | par[ 22]=SR_parm[1]
4 308 -log(L): 7748.76  Spbio: 4461.05 8853.33 cat 0.328659
4 309 -log(L): 7748.56  Spbio: 4461.47 8855.64 cat 0.313245
4 310 -log(L): 7746.62  Spbio: 4465.7 8878.77 cat 0.182024
4 311 -log(L): 7731.18  Spbio: 4508.17 9111.74 cat 0.193418
4 312 -log(L): 7697.84  Spbio: 4503.28 8962.65 cat 0.0552653
4 313 -log(L): 7710.88  Spbio: 4574.53 8315.97 cat 62.3613
4 314 -log(L): 7680.33  Spbio: 4537.76 8665.91 cat 10.134
4 315 -log(L): 7652.47  Spbio: 4573.17 8774.38 cat 6.12084
4 316 -log(L): 7613.79  Spbio: 4685.25 8128.22 cat 9.0463
4 317 -log(L): 7553.56  Spbio: 4813.01 8442.53 cat 5.82392
4 318 -log(L): 7496.78  Spbio: 4913.47 8519.5 cat 4.35241
4 319 -log(L): 7467.82  Spbio: 5164.32 8392.25 cat 1.91549
4 320 -log(L): 7446.76  Spbio: 5284.15 8707.7 cat 1.2419
4 321 -log(L): 7423.93  Spbio: 5400.26 8840.4 cat 0.946214
4 322 -log(L): 7396.62  Spbio: 5368.38 9376.78 cat 0.315014
4 323 -log(L): 7390.93  Spbio: 5158.12 9319.7 cat 0.0303306
4 324 -log(L): 7381.03  Spbio: 5146.22 9244.59 cat 0.108162
4 325 -log(L): 7365.55  Spbio: 5237.27 9205.38 cat 0.0976305
4 326 -log(L): 7344.07  Spbio: 5213.48 9468.28
4 327 -log(L): 7323.1  Spbio: 5163.75 9958.26 cat 0.068216
4 328 -log(L): 7308.97  Spbio: 4938.76 10377.7 cat 1.59766
4 329 -log(L): 7297.89  Spbio: 4809.66 10601.4 cat 1.47372
4 330 -log(L): 7280.73  Spbio: 4887.63 10974.4 cat 0.291142
4 331 -log(L): 7264.86  Spbio: 4922.53 10440.9 cat 5.73808
phase= 4 | nvar=188 | iter= 20 | nll=7.26e+03 | mag=1.26e+04 | par[ 17]=MGparm[49]
4 332 -log(L): 7252.95  Spbio: 4880.06 11061.7 cat 0.0441197
4 333 -log(L): 7237.68  Spbio: 5010.7 11385.6 cat 0.0129283
4 334 -log(L): 7220.37  Spbio: 5112.69 11903.4 cat 0.149487
4 335 -log(L): 7210.53  Spbio: 4702.63 12438
4 336 -log(L): 7197.39  Spbio: 4822.23 12781.3
4 337 -log(L): 7184.91  Spbio: 4816.5 13053.7 cat 0.122255
4 338 -log(L): 7174.47  Spbio: 4829.32 13080.7 cat 0.382167
4 339 -log(L): 7165.38  Spbio: 4925.62 13105.4 cat 0.0527364
4 340 -log(L): 7152.64  Spbio: 4860.8 13284.5 cat 0.0120838
4 341 -log(L): 7138.15  Spbio: 5070.47 13672.5 cat 0.109217
4 342 -log(L): 7130.01  Spbio: 5133.61 13704.7 cat 0.0442012
4 343 -log(L): 7121.2  Spbio: 4984.66 14106.1 cat 0.0367295
4 344 -log(L): 7114.88  Spbio: 4914.29 14201.9 cat 2.41541
4 345 -log(L): 7110.56  Spbio: 4961.99 14337.6 cat 1.11386
4 346 -log(L): 7104.73  Spbio: 4984.14 15018.1 cat 1.30764
4 347 -log(L): 7097.59  Spbio: 4994.29 15125.8 cat 1.41111
4 348 -log(L): 7090.72  Spbio: 5075.02 15800.2 cat 1.55577
4 349 -log(L): 7090.33  Spbio: 5206.56 16733.8 cat 3.28
4 350 -log(L): 7088.85  Spbio: 5199.69 16820.4 cat 2.72878
4 351 -log(L): 7086.46  Spbio: 5198.9 16943.4 cat 2.71381
phase= 4 | nvar=188 | iter= 40 | nll=7.09e+03 | mag=7.42e+03 | par[ 22]=SR_parm[1]
4 352 -log(L): 7082.65  Spbio: 5271.04 17043.3 cat 2.67685
4 353 -log(L): 7079.08  Spbio: 5293.59 17712.4 cat 2.56428
4 354 -log(L): 7075.89  Spbio: 5294.45 18189.8 cat 2.36511
4 355 -log(L): 7072.99  Spbio: 5360.56 18076.6 cat 3.34553
4 356 -log(L): 7070.27  Spbio: 5344.04 18234 cat 3.59767
4 357 -log(L): 7066.63  Spbio: 5379.47 18546.4 cat 3.02695
4 358 -log(L): 7063.67  Spbio: 5452.33 18440.4 cat 2.26986
4 359 -log(L): 7059.04  Spbio: 5488.15 18477.9 cat 2.36171
4 360 -log(L): 7054.31  Spbio: 5587.67 18561.9 cat 1.77506
4 361 -log(L): 7050.35  Spbio: 5544.19 18310.3 cat 1.66379
4 362 -log(L): 7046.23  Spbio: 5613.77 18940.1 cat 2.23087
4 363 -log(L): 7040.85  Spbio: 5597.25 18991.3 cat 2.09091
4 364 -log(L): 7030.22  Spbio: 5694.17 18819.9 cat 1.8387
4 365 -log(L): 7033.33  Spbio: 5775.89 19743 cat 0.58022
4 366 -log(L): 7028.73  Spbio: 5777.61 19172.7 cat 1.12155
4 367 -log(L): 7026.32  Spbio: 5779.5 19139.1 cat 1.23145
4 368 -log(L): 7024.82  Spbio: 5817.72 19103.2 cat 1.35547
4 369 -log(L): 7022.67  Spbio: 5816.59 18973.7 cat 1.67532
4 370 -log(L): 7021.19  Spbio: 5798.92 18790.5 cat 2.53582
4 371 -log(L): 7019.48  Spbio: 5800.18 19163.2 cat 2.35892
4 372 -log(L): 7017.99  Spbio: 5750.88 19132.4 cat 2.19858
phase= 4 | nvar=188 | iter= 60 | nll=7.02e+03 | mag=6.08e+03 | par[ 63]=Q_parm[3]
4 373 -log(L): 7016.75  Spbio: 5775.18 19423.2 cat 2.73586
4 374 -log(L): 7014.92  Spbio: 5788.68 19499.3 cat 3.13743
4 375 -log(L): 7013.43  Spbio: 5778.38 19517.1 cat 4.02205
4 376 -log(L): 7011.37  Spbio: 5769.18 19420.4 cat 3.97599
4 377 -log(L): 7009.12  Spbio: 5792.73 19616.9 cat 4.93526
4 378 -log(L): 7006.74  Spbio: 5794.32 19416.3 cat 5.7045
4 379 -log(L): 7004.7  Spbio: 5755.25 19526.8 cat 6.65071
4 380 -log(L): 7001.2  Spbio: 5769.54 19552.8 cat 6.20943
4 381 -log(L): 6996.41  Spbio: 5824.72 19281.1 cat 5.65195
4 382 -log(L): 6992.34  Spbio: 5829.52 19548.3 cat 5.96121
4 383 -log(L): 6986.39  Spbio: 5856.38 19677.3 cat 4.9807
4 384 -log(L): 6981.34  Spbio: 5865.37 19517 cat 5.47988
4 385 -log(L): 6975.96  Spbio: 5912.43 19338.6 cat 5.36733
4 386 -log(L): 6976.28  Spbio: 5938.3 19726.4 cat 8.46476
4 387 -log(L): 6973.27  Spbio: 5924.1 19521.7 cat 6.86916
4 388 -log(L): 6970.84  Spbio: 5984.42 19927.9 cat 6.93984
4 389 -log(L): 6967.31  Spbio: 6053.23 20014.8 cat 5.74964
4 390 -log(L): 6961.17  Spbio: 6110.5 20191.7 cat 5.81153
4 391 -log(L): 6946.73  Spbio: 6223.65 20487.2 cat 5.2719
4 392 -log(L): 282017  Spbio: 7661.18 13498 cat 268218
4 393 -log(L): 6946.7  Spbio: 6223.8 20487.6 cat 5.27121
4 394 -log(L): 6946.48  Spbio: 6225.29 20491 cat 5.26425
4 395 -log(L): 6944.22  Spbio: 6240.29 20524.4 cat 5.19475
4 396 -log(L): 6930.68  Spbio: 6395.1 20710.3 cat 4.50982
4 397 -log(L): 6929.3  Spbio: 6364.84 20706.2 cat 4.63869
4 398 -log(L): 190269  Spbio: 6899.34 11891.4 cat 178732
4 399 -log(L): 6929.29  Spbio: 6364.9 20706.2 cat 4.63916
4 400 -log(L): 6929.21  Spbio: 6365.46 20705.3 cat 4.64395
4 401 -log(L): 6928.57  Spbio: 6371.05 20696.2 cat 4.69164
4 402 -log(L): 6927.56  Spbio: 6372.19 20700.7 cat 4.26506
phase= 4 | nvar=188 | iter= 80 | nll=6.93e+03 | mag=9.01e+03 | par[ 22]=SR_parm[1]
4 403 -log(L): 6926.2  Spbio: 6396.83 20742.4 cat 4.53565
4 404 -log(L): 6924.27  Spbio: 6390.41 20739.3 cat 4.24685
4 405 -log(L): 6921.07  Spbio: 6357.28 20705 cat 4.08834
4 406 -log(L): 6914.81  Spbio: 6330.34 20550 cat 4.09449
4 407 -log(L): 6932.05  Spbio: 6278.88 19971.4 cat 3.96408
4 408 -log(L): 6911.5  Spbio: 6307.93 20376.3 cat 4.04684
4 409 -log(L): 6919.07  Spbio: 6278.41 19467.4 cat 4.37653
4 410 -log(L): 6910.72  Spbio: 6300.59 20166.6 cat 4.11869
4 411 -log(L): 6909.55  Spbio: 6279.14 20036.4 cat 3.72446
4 412 -log(L): 6907.86  Spbio: 6267.77 19984.1 cat 4.00966
4 413 -log(L): 6905.27  Spbio: 6259.68 19863.1 cat 3.98941
4 414 -log(L): 6900.55  Spbio: 6250.55 19857.9 cat 3.88484
4 415 -log(L): 6891.92  Spbio: 6238.73 19827 cat 4.4944
4 416 -log(L): 7101.33  Spbio: 6220.59 19683.8 cat 57.6141
4 417 -log(L): 6891.48  Spbio: 6238.02 19824.7 cat 4.55001
4 418 -log(L): 6891.42  Spbio: 6231.59 19800.6 cat 5.75987
4 419 -log(L): 6890.55  Spbio: 6230.63 19809.6 cat 6.22004
4 420 -log(L): 6889.38  Spbio: 6227.47 19810.1 cat 6.60666
4 421 -log(L): 6888.01  Spbio: 6221.8 19817.7 cat 4.70157
4 422 -log(L): 6886.4  Spbio: 6223.63 19894.1 cat 3.52406
4 423 -log(L): 6885.91  Spbio: 6198.42 20077.1 cat 2.65733
4 424 -log(L): 6885.06  Spbio: 6193.5 20106.2 cat 2.71171
4 425 -log(L): 6883.83  Spbio: 6175.41 20166.4 cat 3.07054
4 426 -log(L): 6882.49  Spbio: 6157.5 20084.4 cat 3.81792
phase= 4 | nvar=188 | iter=100 | nll=6.88e+03 | mag=1.73e+04 | par[ 22]=SR_parm[1]
4 427 -log(L): 6880.57  Spbio: 6149.32 20093.8 cat 4.07052
4 428 -log(L): 6877.94  Spbio: 6120.43 20168.1 cat 4.04513
4 429 -log(L): 6875.67  Spbio: 6072.46 20322 cat 4.00321
4 430 -log(L): 6872.86  Spbio: 6024.62 20403.1 cat 3.51981
4 431 -log(L): 6870.18  Spbio: 5954.31 20593.3 cat 3.44098
4 432 -log(L): 6868.23  Spbio: 5903.87 20760.6 cat 3.96517
4 433 -log(L): 6866.73  Spbio: 5887.17 20730.4 cat 3.9222
4 434 -log(L): 6864.67  Spbio: 5875.92 20701.8 cat 4.619
4 435 -log(L): 6861.94  Spbio: 5886.87 20841.5 cat 4.61736
4 436 -log(L): 6858.5  Spbio: 5885.12 21071.9 cat 4.62889
4 437 -log(L): 6852.99  Spbio: 5925.17 21036.1 cat 4.88426
4 438 -log(L): 6847.24  Spbio: 6012.95 20898.4 cat 5.69468
4 439 -log(L): 6839.91  Spbio: 6191.33 20860.6 cat 5.00102
4 440 -log(L): 6831.47  Spbio: 6247.89 20600.6 cat 5.41004
4 441 -log(L): 6825.17  Spbio: 6230.48 20462.7 cat 5.08074
4 442 -log(L): 6821.58  Spbio: 6213.39 20489.8 cat 4.67581
4 443 -log(L): 6820.98  Spbio: 6270.96 20683.6 cat 3.47573
4 444 -log(L): 6819.63  Spbio: 6280.41 20738.5 cat 3.28893
4 445 -log(L): 6817.43  Spbio: 6284.35 20867.7 cat 3.18637
4 446 -log(L): 6814.24  Spbio: 6272.91 20799.4 cat 3.6704
phase= 4 | nvar=188 | iter=120 | nll=6.81e+03 | mag=1.24e+04 | par[ 22]=SR_parm[1]
4 447 -log(L): 6810.5  Spbio: 6289.49 20649.3 cat 3.80815
4 448 -log(L): 6805.62  Spbio: 6349.99 20404.2 cat 3.38528
4 449 -log(L): 6798.12  Spbio: 6254.54 20492.2 cat 2.22495
4 450 -log(L): 6786.8  Spbio: 6269.47 20083.2 cat 2.32915
4 451 -log(L): 6782.71  Spbio: 6215.81 20488.6 cat 5.5325
4 452 -log(L): 6778.65  Spbio: 6234.97 20336 cat 3.84404
4 453 -log(L): 6777.03  Spbio: 6179.41 19845.7 cat 1.08277
4 454 -log(L): 6773.22  Spbio: 6200.4 20046.6 cat 1.94359
4 455 -log(L): 6765.57  Spbio: 6216.4 19990.4 cat 1.10889
4 456 -log(L): 6754.72  Spbio: 6174.45 19611.5 cat 1.53032
4 457 -log(L): 6757.52  Spbio: 6079.29 19043 cat 1.2545
4 458 -log(L): 6748.24  Spbio: 6124.1 19315.4 cat 1.27664
4 459 -log(L): 6742.65  Spbio: 6104.86 18949.3 cat 0.895753
4 460 -log(L): 6734.75  Spbio: 6043.39 18958.9 cat 1.03099
4 461 -log(L): 6721.86  Spbio: 6016.78 18951.3 cat 1.59932
4 462 -log(L): 6706.33  Spbio: 5936.83 18507.9 cat 1.25113
4 463 -log(L): 6697.27  Spbio: 5857.17 17225.3 cat 2.25527
4 464 -log(L): 6688.63  Spbio: 5802.9 16913.6 cat 2.57506
4 465 -log(L): 6680.35  Spbio: 5752.35 16866.2 cat 2.91888
4 466 -log(L): 6670.05  Spbio: 5731.52 16632.5 cat 2.28728
4 467 -log(L): 6669.03  Spbio: 5716.41 15776.7 cat 2.63345
4 468 -log(L): 6664.6  Spbio: 5722.92 16171.7 cat 2.48083
4 469 -log(L): 6659.97  Spbio: 5743.57 16008 cat 2.19585
4 470 -log(L): 6655.53  Spbio: 5701.63 15991.5 cat 1.79989
phase= 4 | nvar=188 | iter=140 | nll=6.66e+03 | mag=7.22e+03 | par[ 22]=SR_parm[1]
4 471 -log(L): 6649.36  Spbio: 5716.44 15829.2 cat 2.41322
4 472 -log(L): 6640.17  Spbio: 5737.26 15809.2 cat 1.87913
4 473 -log(L): 6632.11  Spbio: 5823.91 15701.6 cat 0.665032
4 474 -log(L): 6631.19  Spbio: 5821.57 14955.2 cat 1.38628
4 475 -log(L): 6627.15  Spbio: 5822.57 15276.6 cat 1.04737
4 476 -log(L): 6630.04  Spbio: 5872.01 15650.1 cat 0.604121
4 477 -log(L): 6625.07  Spbio: 5842.39 15426.8 cat 0.858872
4 478 -log(L): 6624.16  Spbio: 5847.82 15631.2 cat 0.419294
4 479 -log(L): 6622.55  Spbio: 5845.02 15590.6 cat 0.420453
4 480 -log(L): 6619.95  Spbio: 5848.72 15618.2 cat 0.579734
4 481 -log(L): 6617.35  Spbio: 5866.11 15579.1 cat 0.631792
4 482 -log(L): 6615.22  Spbio: 5889.24 15713.1 cat 0.515109
4 483 -log(L): 6612.95  Spbio: 5894.56 15779.7 cat 0.609282
4 484 -log(L): 6609.56  Spbio: 5898.77 15783.1 cat 0.690265
4 485 -log(L): 6606.14  Spbio: 5855.08 16022.4 cat 0.525352
4 486 -log(L): 6603.27  Spbio: 5796.07 16028.1 cat 0.621412
4 487 -log(L): 6600.17  Spbio: 5783.74 15966.7 cat 0.629395
4 488 -log(L): 6597.87  Spbio: 5792.33 15860.2 cat 0.792453
4 489 -log(L): 6594.72  Spbio: 5751.41 15773.5 cat 1.17188
4 490 -log(L): 6591.02  Spbio: 5734.82 15971.9 cat 1.25
4 491 -log(L): 6587.98  Spbio: 5734.52 16144.4 cat 1.72532
4 492 -log(L): 6584.44  Spbio: 5739.17 16301.6 cat 1.49138
phase= 4 | nvar=188 | iter=160 | nll=6.58e+03 | mag=1.04e+04 | par[ 22]=SR_parm[1]
4 493 -log(L): 6582.72  Spbio: 5716.08 16078.9 cat 2.00097
4 494 -log(L): 6580.8  Spbio: 5764.72 16123.1 cat 1.7761
4 495 -log(L): 6577.89  Spbio: 5785.62 16149.4 cat 1.81833
4 496 -log(L): 6573.72  Spbio: 5805.39 16157.9 cat 1.72002
4 497 -log(L): 6567.97  Spbio: 5840.92 16142.8 cat 1.58739
4 498 -log(L): 6561  Spbio: 5853.15 16262.6 cat 1.29765
4 499 -log(L): 6558.87  Spbio: 5799.25 16462.3 cat 0.8484
4 500 -log(L): 6555.3  Spbio: 5794.82 16534.5 cat 1.01667
4 501 -log(L): 6549.4  Spbio: 5759.41 16475.6 cat 1.04353
4 502 -log(L): 6565.17  Spbio: 5689.08 17198.1 cat 0.658446
4 503 -log(L): 6546.97  Spbio: 5736.23 16656.7 cat 0.97154
4 504 -log(L): 6585.99  Spbio: 5719.36 16928.7 cat 0.858647
4 505 -log(L): 6546.87  Spbio: 5735.9 16662 cat 0.969575
4 506 -log(L): 6554.07  Spbio: 5742.91 16714.6 cat 0.943228
4 507 -log(L): 6546.73  Spbio: 5735.81 16667.8 cat 0.967218
4 508 -log(L): 6558.46  Spbio: 5742.02 16726.3 cat 0.93874
4 509 -log(L): 6546.65  Spbio: 5735.91 16670.7 cat 0.965954
4 510 -log(L): 6549.05  Spbio: 5742.29 16699.6 cat 0.949962
4 511 -log(L): 6546.48  Spbio: 5736.76 16677.8 cat 0.962472
4 512 -log(L): 6545.59  Spbio: 5737.36 16698.5 cat 1.00689
4 513 -log(L): 6544.25  Spbio: 5741.57 16742.2 cat 1.07096
4 514 -log(L): 6541.92  Spbio: 5750.79 16678.3 cat 1.1243
4 515 -log(L): 6537.8  Spbio: 5792.56 16746.5 cat 1.20096
4 516 -log(L): 6532.06  Spbio: 5805.61 16698.1 cat 1.21507
4 517 -log(L): 6526.28  Spbio: 5823.92 16937.7 cat 1.09408
4 518 -log(L): 6518.06  Spbio: 5827.17 16827.8 cat 0.955368
4 519 -log(L): 6524.18  Spbio: 5838.52 17040.1 cat 0.591297
4 520 -log(L): 6514.91  Spbio: 5830.99 16892.9 cat 0.946858
4 521 -log(L): 6510.63  Spbio: 5826.78 16994.3 cat 1.25384
phase= 4 | nvar=188 | iter=180 | nll=6.51e+03 | mag=1.58e+04 | par[ 22]=SR_parm[1]
4 522 -log(L): 6505.79  Spbio: 5836.15 16768 cat 0.594614
4 523 -log(L): 6502.25  Spbio: 5887.21 17791.5 cat 0.101258
4 524 -log(L): 6497.63  Spbio: 5863.97 17640.1 cat 0.0796743
4 525 -log(L): 6500.58  Spbio: 5874.33 17899 cat 4.01128
4 526 -log(L): 6496.01  Spbio: 5866.52 17700.1 cat 0.128018
4 527 -log(L): 6493.37  Spbio: 5884.29 17614.8 cat 0.199845
4 528 -log(L): 6489.06  Spbio: 5900.44 17558.6 cat 0.669132
4 529 -log(L): 6483.54  Spbio: 5905.68 17400.8 cat 0.0265951
4 530 -log(L): 6479.09  Spbio: 5892.79 17518.9 cat 0.0601223
4 531 -log(L): 6474.24  Spbio: 5963.61 17528 cat 0.08973
4 532 -log(L): 6466.62  Spbio: 5968.23 17544.7 cat 0.456755
4 533 -log(L): 6454.88  Spbio: 5997.11 17549.2 cat 0.219505
4 534 -log(L): 6460.38  Spbio: 5912.97 17187.2 cat 3.18876
4 535 -log(L): 6447.37  Spbio: 5959.22 17355.5 cat 0.661089
4 536 -log(L): 6438.84  Spbio: 5965.27 17618.3 cat 0.260152
4 537 -log(L): 6429.19  Spbio: 5936.68 18062 cat 0.843478
4 538 -log(L): 6432.85  Spbio: 5911.57 18459.7 cat 0.0422299
4 539 -log(L): 6427.63  Spbio: 5927.82 18202.3 cat 0.0201864
4 540 -log(L): 6424.83  Spbio: 5933.34 18242.1 cat 0.0484041
4 541 -log(L): 6419.76  Spbio: 5944.61 18323.7 cat 0.0979353
4 542 -log(L): 6415.97  Spbio: 5943.74 18278.5 cat 0.201007
4 543 -log(L): 6410.16  Spbio: 5936.46 18341.2 cat 0.256206
4 544 -log(L): 6404.84  Spbio: 5900.04 18602.4 cat 2.57489
phase= 4 | nvar=188 | iter=200 | nll=6.40e+03 | mag=3.58e+04 | par[ 22]=SR_parm[1]
4 545 -log(L): 6400.28  Spbio: 5880.07 18804.6 cat 0.210559
4 546 -log(L): 6394.18  Spbio: 5883.52 18762.9 cat 0.120692
4 547 -log(L): 6388.91  Spbio: 5845.47 18795.4 cat 0.690807
4 548 -log(L): 6383.69  Spbio: 5780.95 18804.9 cat 1.78888
4 549 -log(L): 6381.22  Spbio: 5704.95 18786.6 cat 0.0162517
4 550 -log(L): 6377.58  Spbio: 5692.15 18901.7 cat 0.0456747
4 551 -log(L): 6373.17  Spbio: 5675.83 18882.9 cat 1.16894
4 552 -log(L): 6370.53  Spbio: 5666.21 18872.6 cat 2.50811
4 553 -log(L): 6366.55  Spbio: 5663.24 18908.8 cat 1.34582
4 554 -log(L): 6359.38  Spbio: 5611.17 18961.4 cat 0.816683
4 555 -log(L): 6357.67  Spbio: 5548.63 18972.4 cat 0.02667
4 556 -log(L): 6353.66  Spbio: 5572.21 18965.1 cat 0.197432
4 557 -log(L): 6348.09  Spbio: 5507.24 18809.2 cat 0.716179
4 558 -log(L): 6343.93  Spbio: 5512.09 18791.3 cat 0.0650988
4 559 -log(L): 6338.27  Spbio: 5504.23 18773.8 cat 0.115845
4 560 -log(L): 6330.23  Spbio: 5457.99 18855.4 cat 0.11772
4 561 -log(L): 6325.97  Spbio: 5425.94 18943.9 cat 2.91329
4 562 -log(L): 6320.86  Spbio: 5454.01 18941 cat 1.49748
4 563 -log(L): 6320.61  Spbio: 5477.96 18884 cat 0.0165128
4 564 -log(L): 6320.14  Spbio: 5477.24 18887.8 cat 0.0205401
4 565 -log(L): 6317.46  Spbio: 5472.26 18924.6 cat 0.19019
4 566 -log(L): 6317.24  Spbio: 5398.25 18927.7 cat 2.92156
phase= 4 | nvar=188 | iter=220 | nll=6.32e+03 | mag=3.35e+03 | par[ 22]=SR_parm[1]
4 567 -log(L): 6316.84  Spbio: 5400.05 18912.5 cat 2.90505
4 568 -log(L): 6316.08  Spbio: 5402.26 18885.7 cat 2.84769
4 569 -log(L): 6314.75  Spbio: 5396.37 18838.9 cat 2.38698
4 570 -log(L): 6313.28  Spbio: 5392.46 18699.8 cat 1.45006
4 571 -log(L): 6312.88  Spbio: 5398.44 18511.3 cat 1.17106
4 572 -log(L): 6312.22  Spbio: 5397.17 18542.1 cat 1.23758
4 573 -log(L): 6311.29  Spbio: 5400.15 18626.1 cat 1.2931
4 574 -log(L): 6310.26  Spbio: 5401.12 18675.5 cat 1.17275
4 575 -log(L): 6309.37  Spbio: 5410.73 18722.6 cat 0.857402
4 576 -log(L): 6308.54  Spbio: 5424.61 18758.1 cat 0.654141
4 577 -log(L): 6307.34  Spbio: 5426.66 18850.1 cat 0.356052
4 578 -log(L): 6305.72  Spbio: 5440.69 18953.1 cat 0.0449276
4 579 -log(L): 6306.55  Spbio: 5455.08 18977.6 cat 0.0514171
4 580 -log(L): 6305.12  Spbio: 5447.2 18965.1
4 581 -log(L): 6304.32  Spbio: 5457.03 18972.5
4 582 -log(L): 6303.27  Spbio: 5485.87 19088.6 cat 0.0335152
4 583 -log(L): 6302.15  Spbio: 5514.26 19200 cat 0.118365
4 584 -log(L): 6301.08  Spbio: 5546.49 19294.4 cat 0.137535
4 585 -log(L): 6299.33  Spbio: 5614.71 19530.3 cat 0.177995
4 586 -log(L): 6297  Spbio: 5744.77 19966.4 cat 0.227041
4 587 -log(L): 6295.37  Spbio: 5848.51 20216.9 cat 0.179971
phase= 4 | nvar=188 | iter=240 | nll=6.30e+03 | mag=6.02e+03 | par[ 22]=SR_parm[1]
4 588 -log(L): 6293.52  Spbio: 5986.43 20713.7 cat 0.0139162
4 589 -log(L): 6291.96  Spbio: 6067.87 20951.7
4 590 -log(L): 6290.09  Spbio: 6080.51 20988.9 cat 0.106345
4 591 -log(L): 6287.98  Spbio: 6084.37 21118.5 cat 0.332235
4 592 -log(L): 6286.65  Spbio: 6004.49 20808.4 cat 0.117982
4 593 -log(L): 6285.4  Spbio: 6052.25 20911.5 cat 0.674115
4 594 -log(L): 6284.66  Spbio: 6016.41 21008.5 cat 0.31054
4 595 -log(L): 6283.78  Spbio: 6036.13 21036.4 cat 0.673268
4 596 -log(L): 6282.53  Spbio: 6008.29 21078 cat 0.639983
4 597 -log(L): 6281.3  Spbio: 5961.59 21247.3 cat 0.55492
4 598 -log(L): 6280.34  Spbio: 5967.22 21367.2 cat 0.417723
4 599 -log(L): 6278.89  Spbio: 5991.26 21646.7 cat 0.220835
4 600 -log(L): 6276.93  Spbio: 6024.94 22059.1 cat 0.228949
4 601 -log(L): 6275.02  Spbio: 6031.24 22600.5 cat 0.0377685
4 602 -log(L): 6273.18  Spbio: 6067.92 22870 cat 0.015028
4 603 -log(L): 6269.91  Spbio: 6106.47 23361.8
4 604 -log(L): 6265.48  Spbio: 6109.54 23974.8 cat 0.0255585
4 605 -log(L): 6260.27  Spbio: 6125.18 24032.9 cat 0.480887
4 606 -log(L): 6257.35  Spbio: 6058.35 24075.1 cat 0.232021
4 607 -log(L): 6254.28  Spbio: 6002.86 23853.3 cat 0.0679352
phase= 4 | nvar=188 | iter=260 | nll=6.25e+03 | mag=2.78e+03 | par[ 22]=SR_parm[1]
4 608 -log(L): 6250.67  Spbio: 5986.37 24005.6 cat 0.180725
4 609 -log(L): 6247.13  Spbio: 5950.4 24012.2 cat 0.154656
4 610 -log(L): 6243.45  Spbio: 5947.12 23762.2 cat 0.0229964
4 611 -log(L): 6241.89  Spbio: 5896.94 23663.3
4 612 -log(L): 6242.2  Spbio: 5912.46 23499.1 cat 0.0485487
4 613 -log(L): 6241.22  Spbio: 5903.67 23590.9 cat 0.0214146
4 614 -log(L): 6240.21  Spbio: 5924.33 23422.3 cat 0.0153047
4 615 -log(L): 6239.12  Spbio: 5951.59 23237.5
4 616 -log(L): 6238.52  Spbio: 5979.64 23145.3
4 617 -log(L): 6238.04  Spbio: 5979.71 23047.1 cat 0.0110236
4 618 -log(L): 6237.73  Spbio: 5969.41 22948.4 cat 0.0142538
4 619 -log(L): 6237.52  Spbio: 5966.56 22968.2 cat 0.0266458
4 620 -log(L): 6237.32  Spbio: 5966.45 23061.5 cat 0.0362592
4 621 -log(L): 6237.17  Spbio: 5969.45 23132.8 cat 0.0400708
4 622 -log(L): 6237.02  Spbio: 5970.47 23337.1 cat 0.025041
4 623 -log(L): 6236.89  Spbio: 5969.58 23433.6 cat 0.0166363
4 624 -log(L): 6236.8  Spbio: 5967.17 23402.4 cat 0.0159479
4 625 -log(L): 6236.65  Spbio: 5960.3 23406.7 cat 0.0190828
4 626 -log(L): 6236.46  Spbio: 5944.7 23475.8 cat 0.0208137
4 627 -log(L): 6236.28  Spbio: 5930.33 23562.8 cat 0.0221483
4 628 -log(L): 6236.06  Spbio: 5908.88 23754.2 cat 0.0241926
phase= 4 | nvar=188 | iter=280 | nll=6.24e+03 | mag=1.50e+03 | par[ 22]=SR_parm[1]
4 629 -log(L): 6235.82  Spbio: 5893.99 23920.6 cat 0.0250379
4 630 -log(L): 6235.53  Spbio: 5874.96 24138.6 cat 0.0268711
4 631 -log(L): 6235.24  Spbio: 5864.7 24311.7 cat 0.0375184
4 632 -log(L): 6235.04  Spbio: 5855.69 24548.6 cat 0.0343206
4 633 -log(L): 6234.9  Spbio: 5858.31 24550.5 cat 0.0414904
4 634 -log(L): 6234.74  Spbio: 5855.14 24704.1 cat 0.047012
4 635 -log(L): 6234.58  Spbio: 5855.92 24999.1 cat 0.0480183
4 636 -log(L): 6234.4  Spbio: 5867.29 25293.6 cat 0.0504285
4 637 -log(L): 6234.27  Spbio: 5869.53 25591 cat 0.0544823
4 638 -log(L): 6234.2  Spbio: 5879.02 25651.5 cat 0.0548734
4 639 -log(L): 6234.13  Spbio: 5877.46 25642.3 cat 0.0547368
4 640 -log(L): 6234.06  Spbio: 5876.19 25659.2 cat 0.057005
4 641 -log(L): 6234.01  Spbio: 5879.72 25651.4 cat 0.0562084
4 642 -log(L): 6233.96  Spbio: 5886.79 25700.1 cat 0.0568658
4 643 -log(L): 6233.91  Spbio: 5896.11 25791.9 cat 0.0543889
4 644 -log(L): 6233.86  Spbio: 5911.07 25917.1 cat 0.0577331
4 645 -log(L): 6233.82  Spbio: 5919.99 25996.6 cat 0.0640923
4 646 -log(L): 6233.78  Spbio: 5929.14 26096.6 cat 0.0736463
4 647 -log(L): 6233.76  Spbio: 5935.38 26140.9 cat 0.0833043
4 648 -log(L): 6233.74  Spbio: 5938.45 26196.5 cat 0.0771544
phase= 4 | nvar=188 | iter=300 | nll=6.23e+03 | mag=9.23e+01 | par[ 15]=MGparm[44]
4 649 -log(L): 6233.73  Spbio: 5941.35 26225.6 cat 0.0816564
4 650 -log(L): 6233.72  Spbio: 5942.59 26258.3 cat 0.0746523
4 651 -log(L): 6233.7  Spbio: 5945.67 26325.1 cat 0.0684678
4 652 -log(L): 6233.68  Spbio: 5948.81 26372.4 cat 0.067071
4 653 -log(L): 6233.66  Spbio: 5951.86 26431.6 cat 0.0684142
4 654 -log(L): 6233.65  Spbio: 5954.77 26465.9 cat 0.0746985
4 655 -log(L): 6233.62  Spbio: 5956.04 26520.1 cat 0.0833234
4 656 -log(L): 6233.59  Spbio: 5956.13 26599.2 cat 0.0914881
4 657 -log(L): 6233.56  Spbio: 5952.11 26715 cat 0.0989429
4 658 -log(L): 6233.53  Spbio: 5946.33 26879.8 cat 0.100995
4 659 -log(L): 6233.52  Spbio: 5942.9 26957.4 cat 0.100465
4 660 -log(L): 6233.5  Spbio: 5939.28 27060.1 cat 0.0999023
4 661 -log(L): 6233.5  Spbio: 5936.37 27116.6 cat 0.100356
4 662 -log(L): 6233.49  Spbio: 5933.59 27156.6 cat 0.10291
4 663 -log(L): 6233.49  Spbio: 5931.75 27171.1 cat 0.103921
4 664 -log(L): 6233.48  Spbio: 5930.52 27168.6 cat 0.104572
4 665 -log(L): 6233.48  Spbio: 5929.65 27167.8 cat 0.101841
4 666 -log(L): 6233.48  Spbio: 5928.69 27166.6 cat 0.100373
4 667 -log(L): 6233.48  Spbio: 5927.73 27173.1 cat 0.0977815
4 668 -log(L): 6233.47  Spbio: 5927.01 27186.3 cat 0.0964589
phase= 4 | nvar=188 | iter=320 | nll=6.23e+03 | mag=2.15e+02 | par[ 22]=SR_parm[1]
4 669 -log(L): 6233.47  Spbio: 5926.68 27209.4 cat 0.094547
4 670 -log(L): 6233.47  Spbio: 5927.4 27230.5 cat 0.093214
4 671 -log(L): 6233.47  Spbio: 5929.37 27248.7 cat 0.0918358
4 672 -log(L): 6233.46  Spbio: 5931.89 27258.3 cat 0.090659
4 673 -log(L): 6233.46  Spbio: 5934.59 27268.7 cat 0.0890928
4 674 -log(L): 6233.46  Spbio: 5936.88 27274 cat 0.0874807
4 675 -log(L): 6233.46  Spbio: 5939.08 27289.5 cat 0.0851969
4 676 -log(L): 6233.45  Spbio: 5939.94 27300 cat 0.0835802
4 677 -log(L): 6233.45  Spbio: 5940.47 27314.7 cat 0.0826068
4 678 -log(L): 6233.45  Spbio: 5940.78 27322.8 cat 0.0830521
4 679 -log(L): 6233.45  Spbio: 5941.55 27333.7 cat 0.0836335
4 680 -log(L): 6233.45  Spbio: 5942.15 27337.5 cat 0.0843076
4 681 -log(L): 6233.45  Spbio: 5942.54 27343.4 cat 0.0837645
4 682 -log(L): 6233.45  Spbio: 5942.32 27345.4 cat 0.0830767
4 683 -log(L): 6233.44  Spbio: 5941.6 27349.9 cat 0.0818595
4 684 -log(L): 6233.44  Spbio: 5940.59 27354 cat 0.0807269
4 685 -log(L): 6233.44  Spbio: 5939.83 27357.4 cat 0.0802811
4 686 -log(L): 6233.44  Spbio: 5939.54 27361.3 cat 0.0800795
4 687 -log(L): 6233.44  Spbio: 5939.7 27365.1 cat 0.0801447
4 688 -log(L): 6233.44  Spbio: 5940.24 27372.1 cat 0.0799737
phase= 4 | nvar=188 | iter=340 | nll=6.23e+03 | mag=5.15e+00 | par[ 94]=selparm[71]
4 689 -log(L): 6233.44  Spbio: 5940.89 27376.1 cat 0.0796565
4 690 -log(L): 6233.44  Spbio: 5941.47 27379.1 cat 0.0790977
4 691 -log(L): 6233.44  Spbio: 5941.74 27379.7 cat 0.078554
4 692 -log(L): 6233.44  Spbio: 5941.86 27379.5 cat 0.0780636
4 693 -log(L): 6233.44  Spbio: 5941.81 27378.5 cat 0.0778027
4 694 -log(L): 6233.44  Spbio: 5941.65 27378.3 cat 0.0780261
4 695 -log(L): 6233.44  Spbio: 5941.42 27379.1 cat 0.0784191
4 696 -log(L): 6233.44  Spbio: 5941.11 27380.7 cat 0.0790284
4 697 -log(L): 6233.44  Spbio: 5940.71 27382.3 cat 0.0793106
4 698 -log(L): 6233.44  Spbio: 5940.25 27383 cat 0.0794682
4 699 -log(L): 6233.44  Spbio: 5939.77 27382.8 cat 0.0792638
4 700 -log(L): 6233.44  Spbio: 5939.33 27381.3 cat 0.0790803
4 701 -log(L): 6233.44  Spbio: 5939.05 27379.2 cat 0.0788539
4 702 -log(L): 6233.44  Spbio: 5938.99 27377.3 cat 0.0788074
4 703 -log(L): 6233.44  Spbio: 5939.15 27375.3 cat 0.0789036
4 704 -log(L): 6233.44  Spbio: 5939.53 27374.1 cat 0.0791347
4 705 -log(L): 6233.44  Spbio: 5939.98 27374.8 cat 0.079239
4 706 -log(L): 6233.44  Spbio: 5940.37 27376.5 cat 0.0792671
4 707 -log(L): 6233.44  Spbio: 5940.67 27378.9 cat 0.0790754
4 708 -log(L): 6233.44  Spbio: 5940.88 27380.8 cat 0.0788904
phase= 4 | nvar=188 | iter=360 | nll=6.23e+03 | mag=1.90e+01 | par[ 22]=SR_parm[1]
4 709 -log(L): 6233.44  Spbio: 5941.13 27382.2 cat 0.0786561
4 710 -log(L): 6233.44  Spbio: 5941.38 27382.4 cat 0.0786524
4 711 -log(L): 6233.44  Spbio: 5941.86 27381.6 cat 0.078794
4 712 -log(L): 6233.44  Spbio: 5942.33 27379.9 cat 0.0792173
4 713 -log(L): 6233.44  Spbio: 5942.82 27378.7 cat 0.0796678
4 714 -log(L): 6233.44  Spbio: 5943.24 27378.5 cat 0.0801278
4 715 -log(L): 6233.44  Spbio: 5943.32 27379.2 cat 0.0803217
4 716 -log(L): 6233.44  Spbio: 5942.82 27381 cat 0.0801343
4 717 -log(L): 6233.44  Spbio: 5941.9 27382.2 cat 0.0797996
4 718 -log(L): 6233.44  Spbio: 5940.97 27383.1 cat 0.0794593
4 719 -log(L): 6233.44  Spbio: 5940.12 27382.5 cat 0.0793897
4 720 -log(L): 6233.44  Spbio: 5939.74 27382.2 cat 0.0794923
4 721 -log(L): 6233.44  Spbio: 5939.61 27380.2 cat 0.0797993
4 722 -log(L): 6233.44  Spbio: 5939.89 27380.2 cat 0.0799343
4 723 -log(L): 6233.44  Spbio: 5939.98 27379.6 cat 0.0799232
4 724 -log(L): 6233.44  Spbio: 5940.17 27378.2 cat 0.0799082
4 725 -log(L): 6233.44  Spbio: 5940.1 27378.4 cat 0.079831
4 726 -log(L): 6233.44  Spbio: 5939.99 27378.6 cat 0.0797431
4 727 -log(L): 6233.44  Spbio: 5939.83 27378.3 cat 0.079675
4 728 -log(L): 6233.44  Spbio: 5939.74 27377.7 cat 0.0797222
phase= 4 | nvar=188 | iter=380 | nll=6.23e+03 | mag=1.07e+01 | par[ 22]=SR_parm[1]
4 729 -log(L): 6233.44  Spbio: 5939.74 27376.8 cat 0.0798654
4 730 -log(L): 6233.44  Spbio: 5939.79 27375.4 cat 0.0801167
4 731 -log(L): 6233.44  Spbio: 5939.88 27373.9 cat 0.0803238
4 732 -log(L): 6233.44  Spbio: 5939.96 27372.7 cat 0.0803832
4 733 -log(L): 6233.44  Spbio: 5940.03 27371.8 cat 0.0802262
4 734 -log(L): 6233.44  Spbio: 5940.1 27371.5 cat 0.079874
4 735 -log(L): 6233.44  Spbio: 5940.18 27370.8 cat 0.0794234
4 736 -log(L): 6233.44  Spbio: 5940.28 27370.3 cat 0.0790299
4 737 -log(L): 6233.44  Spbio: 5940.42 27368.9 cat 0.0787357
4 738 -log(L): 6233.44  Spbio: 5940.58 27368.5 cat 0.0787064
4 739 -log(L): 6233.44  Spbio: 5940.67 27368.5 cat 0.0790267
4 740 -log(L): 6233.44  Spbio: 5940.62 27369.7 cat 0.0794123
4 741 -log(L): 6233.44  Spbio: 5940.46 27370.3 cat 0.0796303
4 742 -log(L): 6233.44  Spbio: 5940.28 27371.9 cat 0.0796313
4 743 -log(L): 6233.44  Spbio: 5940.17 27372.4 cat 0.0794924
4 744 -log(L): 6233.44  Spbio: 5940.18 27373.1 cat 0.079242
4 745 -log(L): 6233.44  Spbio: 5940.25 27372.7 cat 0.0790559
4 746 -log(L): 6233.44  Spbio: 5940.39 27372.2 cat 0.0789194
4 747 -log(L): 6233.44  Spbio: 5940.58 27371.3 cat 0.0789068
4 748 -log(L): 6233.44  Spbio: 5940.59 27370.7 cat 0.0789716
phase= 4 | nvar=188 | iter=400 | nll=6.23e+03 | mag=1.71e+01 | par[ 22]=SR_parm[1]
4 749 -log(L): 6233.44  Spbio: 5940.55 27370.6 cat 0.0790504
4 750 -log(L): 6233.44  Spbio: 5940.44 27370.6 cat 0.0791616
4 751 -log(L): 6233.44  Spbio: 5940.22 27371.4 cat 0.0792877
4 752 -log(L): 6233.44  Spbio: 5940.08 27371.1 cat 0.0793028
4 753 -log(L): 6233.44  Spbio: 5939.86 27371.2 cat 0.0792975
4 754 -log(L): 6233.44  Spbio: 5939.66 27371.5 cat 0.0792583
4 755 -log(L): 6233.44  Spbio: 5939.55 27371.7 cat 0.0793304
4 756 -log(L): 6233.44  Spbio: 5939.74 27371.9 cat 0.0794622
4 757 -log(L): 6233.44  Spbio: 5940.16 27371.6 cat 0.0798249
4 758 -log(L): 6233.44  Spbio: 5940.56 27372.8 cat 0.079997
4 759 -log(L): 6233.44  Spbio: 5940.7 27371.7 cat 0.0803589
4 760 -log(L): 6233.44  Spbio: 5940.63 27372.2 cat 0.0803197
4 761 -log(L): 6233.44  Spbio: 5940.47 27372.7 cat 0.0802984
4 762 -log(L): 6233.44  Spbio: 5940.21 27373.3 cat 0.0802862
4 763 -log(L): 6233.44  Spbio: 5940.09 27373.7 cat 0.0802977
4 764 -log(L): 6233.44  Spbio: 5939.99 27373.9 cat 0.0802908
4 765 -log(L): 6233.44  Spbio: 5940.11 27374.1 cat 0.0803444
4 766 -log(L): 6233.44  Spbio: 5940.29 27373.2 cat 0.0804522
4 767 -log(L): 6233.44  Spbio: 5940.19 27373.7 cat 0.0803915
4 768 -log(L): 6233.44  Spbio: 5940.27 27373.1 cat 0.0804687
4 769 -log(L): 6233.44  Spbio: 5940.37 27372.1 cat 0.0805894
phase= 4 | nvar=188 | iter=420 | nll=6.23e+03 | mag=9.37e-01 | par[ 23]=SR_parm[6]
4 770 -log(L): 6233.44  Spbio: 5940.48 27370.3 cat 0.0807776
4 771 -log(L): 6233.44  Spbio: 5940.53 27367.6 cat 0.0810476
4 772 -log(L): 6233.44  Spbio: 5940.4 27367.1 cat 0.0810614
4 773 -log(L): 6233.44  Spbio: 5940.09 27367.5 cat 0.0809453
4 774 -log(L): 6233.44  Spbio: 5939.78 27368.6 cat 0.0807599
4 775 -log(L): 6233.44  Spbio: 5939.6 27369.7 cat 0.0806172
4 776 -log(L): 6233.44  Spbio: 5939.53 27370.3 cat 0.0805536
4 777 -log(L): 6233.44  Spbio: 5939.63 27369.8 cat 0.0806509
4 778 -log(L): 6233.44  Spbio: 5939.82 27367.9 cat 0.0808648
4 779 -log(L): 6233.44  Spbio: 5940.14 27364.3 cat 0.0812615
4 780 -log(L): 6233.44  Spbio: 5940.39 27359.5 cat 0.0817042
4 781 -log(L): 6233.44  Spbio: 5940.3 27361.2 cat 0.081548
4 782 -log(L): 6233.44  Spbio: 5940.21 27361.5 cat 0.0814692
4 783 -log(L): 6233.44  Spbio: 5940.01 27362.9 cat 0.0812293
4 784 -log(L): 6233.44  Spbio: 5939.81 27364.1 cat 0.0809732
4 785 -log(L): 6233.44  Spbio: 5939.72 27364.7 cat 0.0808495
4 786 -log(L): 6233.44  Spbio: 5939.64 27365.3 cat 0.0807286
4 787 -log(L): 6233.44  Spbio: 5939.64 27365.4 cat 0.0807073
4 788 -log(L): 6233.44  Spbio: 5939.77 27365 cat 0.0808203
4 789 -log(L): 6233.44  Spbio: 5939.87 27364 cat 0.0809889
4 790 -log(L): 6233.44  Spbio: 5939.95 27363.3 cat 0.0811135
phase= 4 | nvar=188 | iter=440 | nll=6.23e+03 | mag=4.46e+00 | par[ 22]=SR_parm[1]
4 791 -log(L): 6233.44  Spbio: 5939.97 27362.9 cat 0.0811495
4 792 -log(L): 6233.44  Spbio: 5939.96 27362.9 cat 0.0811136
4 793 -log(L): 6233.44  Spbio: 5939.94 27363.3 cat 0.0809854
4 794 -log(L): 6233.44  Spbio: 5939.96 27363.8 cat 0.080797
4 795 -log(L): 6233.44  Spbio: 5939.95 27363.8 cat 0.0807286
4 796 -log(L): 6233.44  Spbio: 5939.94 27363.7 cat 0.0806358
4 797 -log(L): 6233.44  Spbio: 5939.95 27363.2 cat 0.0805013
4 798 -log(L): 6233.44  Spbio: 5939.99 27362.3 cat 0.0804101
4 799 -log(L): 6233.44  Spbio: 5940.06 27360.8 cat 0.0803212
4 800 -log(L): 6233.44  Spbio: 5940.2 27358.5 cat 0.0802026
4 801 -log(L): 6233.44  Spbio: 5940.13 27359.6 cat 0.0802609
4 802 -log(L): 6233.44  Spbio: 5940.14 27359.6 cat 0.080347
4 803 -log(L): 6233.44  Spbio: 5940.16 27359.6 cat 0.0804722
4 804 -log(L): 6233.44  Spbio: 5940.15 27359.7 cat 0.0804804
4 805 -log(L): 6233.44  Spbio: 5940.16 27359.7 cat 0.0804616
4 806 -log(L): 6233.44  Spbio: 5940.18 27359.9 cat 0.0803979
4 807 -log(L): 6233.44  Spbio: 5940.2 27360 cat 0.0803195
4 808 -log(L): 6233.44  Spbio: 5940.2 27360 cat 0.0803307
4 809 -log(L): 6233.44  Spbio: 5940.21 27360 cat 0.0803488
4 810 -log(L): 6233.44  Spbio: 5940.22 27360 cat 0.0803685
4 811 -log(L): 6233.44  Spbio: 5940.24 27360 cat 0.0803976
phase= 4 | nvar=188 | iter=460 | nll=6.23e+03 | mag=1.38e+00 | par[ 22]=SR_parm[1]
4 812 -log(L): 6233.44  Spbio: 5940.26 27360 cat 0.080432
4 813 -log(L): 6233.44  Spbio: 5940.3 27360.1 cat 0.0804792
4 814 -log(L): 6233.44  Spbio: 5940.35 27360.5 cat 0.080553
4 815 -log(L): 6233.44  Spbio: 5940.32 27360.2 cat 0.0805048
4 816 -log(L): 6233.44  Spbio: 5940.31 27359.9 cat 0.080497
4 817 -log(L): 6233.44  Spbio: 5940.27 27359.7 cat 0.0804608
4 818 -log(L): 6233.44  Spbio: 5940.19 27359.4 cat 0.0803963
4 819 -log(L): 6233.44  Spbio: 5940.02 27359.5 cat 0.0802987
4 820 -log(L): 6233.44  Spbio: 5939.98 27360.1 cat 0.0803259
4 821 -log(L): 6233.44  Spbio: 5939.94 27361.4 cat 0.0803577
4 822 -log(L): 6233.44  Spbio: 5939.92 27363.7 cat 0.080397
4 823 -log(L): 6233.44  Spbio: 5939.93 27363.7 cat 0.0804276
4 824 -log(L): 6233.44  Spbio: 5939.95 27363.4 cat 0.0803842
4 825 -log(L): 6233.44  Spbio: 5939.95 27363.1 cat 0.0804185
4 826 -log(L): 6233.44  Spbio: 5939.96 27362.8 cat 0.0804291
4 827 -log(L): 6233.44  Spbio: 5939.98 27362.6 cat 0.0804347
4 828 -log(L): 6233.44  Spbio: 5940 27362.5 cat 0.0804276
4 829 -log(L): 6233.44  Spbio: 5940.02 27362.6 cat 0.0804191
4 830 -log(L): 6233.44  Spbio: 5940.04 27362.8 cat 0.0804093
4 831 -log(L): 6233.44  Spbio: 5940.05 27363 cat 0.0804068
4 832 -log(L): 6233.44  Spbio: 5940.07 27363.3 cat 0.0804122
phase= 4 | nvar=188 | iter=480 | nll=6.23e+03 | mag=1.80e+00 | par[ 22]=SR_parm[1]
4 833 -log(L): 6233.44  Spbio: 5940.08 27363.6 cat 0.0804352
4 834 -log(L): 6233.44  Spbio: 5940.08 27363.9 cat 0.0804843
4 835 -log(L): 6233.44  Spbio: 5940.07 27364 cat 0.0805787
4 836 -log(L): 6233.44  Spbio: 5940.06 27363.8 cat 0.0805579
4 837 -log(L): 6233.44  Spbio: 5940.04 27363.3 cat 0.0805387
4 838 -log(L): 6233.44  Spbio: 5940.03 27363.1 cat 0.0804894
4 839 -log(L): 6233.44  Spbio: 5940.03 27363.2 cat 0.0804628
4 840 -log(L): 6233.44  Spbio: 5940.04 27363.6 cat 0.0804185
4 841 -log(L): 6233.44  Spbio: 5940.04 27364.1 cat 0.0803726
4 842 -log(L): 6233.44  Spbio: 5940.03 27364.4 cat 0.0803589
4 843 -log(L): 6233.44  Spbio: 5940.01 27364.8 cat 0.0803569
4 844 -log(L): 6233.44  Spbio: 5939.98 27365.1 cat 0.0803764
4 845 -log(L): 6233.44  Spbio: 5939.94 27365.3 cat 0.08042
4 846 -log(L): 6233.44  Spbio: 5939.9 27365.4 cat 0.0805005
4 847 -log(L): 6233.44  Spbio: 5939.87 27365.4 cat 0.0805971
4 848 -log(L): 6233.44  Spbio: 5939.89 27365 cat 0.0806961
4 849 -log(L): 6233.44  Spbio: 5939.99 27364.7 cat 0.0807384
4 850 -log(L): 6233.44  Spbio: 5940.13 27364.4 cat 0.0806696
4 851 -log(L): 6233.44  Spbio: 5940.13 27364.6 cat 0.0806462
4 852 -log(L): 6233.44  Spbio: 5940.12 27364.8 cat 0.0805699
phase= 4 | nvar=188 | iter=500 | nll=6.23e+03 | mag=7.96e-01 | par[ 22]=SR_parm[1]
4 853 -log(L): 6233.44  Spbio: 5940.14 27364.8 cat 0.0805804
4 854 -log(L): 6233.44  Spbio: 5940.15 27364.9 cat 0.0805893
4 855 -log(L): 6233.44  Spbio: 5940.15 27364.9 cat 0.0805985
4 856 -log(L): 6233.44  Spbio: 5940.15 27365 cat 0.0806093
4 857 -log(L): 6233.44  Spbio: 5940.15 27365 cat 0.0806197
4 858 -log(L): 6233.44  Spbio: 5940.14 27365.1 cat 0.0806319
4 859 -log(L): 6233.44  Spbio: 5940.13 27365.1 cat 0.0806457
4 860 -log(L): 6233.44  Spbio: 5940.12 27365.1 cat 0.0806648
4 861 -log(L): 6233.44  Spbio: 5940.1 27365.2 cat 0.0806934
4 862 -log(L): 6233.44  Spbio: 5940.07 27365.4 cat 0.0807429
4 863 -log(L): 6233.44  Spbio: 5940.04 27366.1 cat 0.0808213
4 864 -log(L): 6233.44  Spbio: 5940.05 27365.8 cat 0.0807904
4 865 -log(L): 6233.44  Spbio: 5940.03 27366 cat 0.080738
4 866 -log(L): 6233.44  Spbio: 5939.97 27366.3 cat 0.0807478
4 867 -log(L): 6233.44  Spbio: 5939.92 27366.4 cat 0.0806569
4 868 -log(L): 6233.44  Spbio: 5939.9 27367.1 cat 0.080526
4 869 -log(L): 6233.44  Spbio: 5939.9 27367 cat 0.080397
4 870 -log(L): 6233.44  Spbio: 5939.93 27367 cat 0.0804199
4 871 -log(L): 6233.44  Spbio: 5940.01 27367.4 cat 0.0805113
4 872 -log(L): 6233.44  Spbio: 5939.99 27367.2 cat 0.0805109
4 873 -log(L): 6233.44  Spbio: 5940 27367.2 cat 0.0805288
phase= 4 | nvar=188 | iter=520 | nll=6.23e+03 | mag=3.90e-01 | par[ 22]=SR_parm[1]
4 874 -log(L): 6233.44  Spbio: 5940.02 27367.2 cat 0.0805553
4 875 -log(L): 6233.44  Spbio: 5940.02 27367.2 cat 0.0805643
4 876 -log(L): 6233.44  Spbio: 5940.03 27367.2 cat 0.08057
4 877 -log(L): 6233.44  Spbio: 5940.03 27367.2 cat 0.080572
4 878 -log(L): 6233.44  Spbio: 5940.02 27367.2 cat 0.0805703
4 879 -log(L): 6233.44  Spbio: 5940.02 27367.2 cat 0.0805662
4 880 -log(L): 6233.44  Spbio: 5940.02 27367.2 cat 0.0805596
4 881 -log(L): 6233.44  Spbio: 5940.01 27367.1 cat 0.0805501
4 882 -log(L): 6233.44  Spbio: 5940 27367.1 cat 0.0805361
4 883 -log(L): 6233.44  Spbio: 5940 27367 cat 0.0805156
4 884 -log(L): 6233.44  Spbio: 5939.98 27366.9 cat 0.080486
4 885 -log(L): 6233.44  Spbio: 5939.96 27366.8 cat 0.0804447
4 886 -log(L): 6233.44  Spbio: 5939.94 27366.6 cat 0.08039
4 887 -log(L): 6233.44  Spbio: 5939.91 27366.4 cat 0.0803233
4 888 -log(L): 6233.44  Spbio: 5939.88 27366.1 cat 0.0802478
4 889 -log(L): 6233.44  Spbio: 5939.85 27365.8 cat 0.0801646
4 890 -log(L): 6232.35  Spbio: 5938.77 27363.1 cat 0.0775464
4 891 -log(L): 6340.04  Spbio: 5943.55 27506.6 cat 0.198301
4 892 -log(L): 6229.63  Spbio: 5936.49 27362.6 cat 0.0719186
4 893 -log(L): 6228.96  Spbio: 5935.48 27383.5 cat 0.0700178
4 894 -log(L): 6228.86  Spbio: 5935.65 27369.7 cat 0.0702299
4 895 -log(L): 6228.85  Spbio: 5935.57 27374 cat 0.0701228
4 896 -log(L): 6228.85  Spbio: 5935.58 27372.9 cat 0.0701449
4 897 -log(L): 6228.85  Spbio: 5935.58 27372.9 cat 0.0701444
4 898 -log(L): 6228.85  Spbio: 5935.58 27372.9 cat 0.0701445
4 899 -log(L): 1.12683e+06  Spbio: 55193.5 30195 cat 770402
4 900 -log(L): 6228.85  Spbio: 5935.56 27374.3 cat 0.0701181
4 901 -log(L): 6228.85  Spbio: 5935.58 27372.9 cat 0.0701445
4 902 -log(L): 6228.85  Spbio: 5935.58 27372.9 cat 0.0701445
4 903 -log(L): 6228.85  Spbio: 5935.58 27372.9 cat 0.0701445
4 904 -log(L): 6228.85  Spbio: 5935.58 27372.9 cat 0.0701445
4 905 -log(L): 6228.85  Spbio: 5935.59 27372.9 cat 0.0701444
4 906 -log(L): 6228.85  Spbio: 5935.6 27373 cat 0.0701438
4 907 -log(L): 6228.84  Spbio: 5935.71 27374.6 cat 0.070138
4 908 -log(L): 6228.84  Spbio: 5935.94 27377.4 cat 0.0702062
4 909 -log(L): 6228.62  Spbio: 5938.27 27407.6 cat 0.0708444
4 910 -log(L): 6226.76  Spbio: 5962.28 27688 cat 0.0771021
4 911 -log(L): 6224.49  Spbio: 5957.62 27604.3 cat 0.0793483
4 912 -log(L): 6224.33  Spbio: 5956.73 27589.4 cat 0.079571
4 913 -log(L): 6224.21  Spbio: 5955.94 27577.9 cat 0.079615
4 914 -log(L): 6224.09  Spbio: 5955.24 27568.7 cat 0.0795606
4 915 -log(L): 6223.96  Spbio: 5954.4 27558.8 cat 0.0794084
4 916 -log(L): 6223.84  Spbio: 5953.57 27549.9 cat 0.079188
4 917 -log(L): 6223.74  Spbio: 5952.8 27542.2 cat 0.0789324
4 918 -log(L): 6223.66  Spbio: 5952.12 27535.6 cat 0.0786753
4 919 -log(L): 6223.6  Spbio: 5951.55 27530.4 cat 0.0784416
4 920 -log(L): 6223.57  Spbio: 5951.11 27526.4 cat 0.0782457
4 921 -log(L): 6223.55  Spbio: 5950.77 27523.4 cat 0.0780923
4 922 -log(L): 6223.54  Spbio: 5950.53 27521.2 cat 0.0779778
4 923 -log(L): 6223.53  Spbio: 5950.36 27519.7 cat 0.0778954
4 924 -log(L): 6223.53  Spbio: 5950.24 27518.7 cat 0.0778376
4 925 -log(L): 6238.1  Spbio: 6008.75 28394.5 cat 0.0662171
4 926 -log(L): 6223.63  Spbio: 5952.68 27549.5 cat 0.0792991
4 927 -log(L): 6223.53  Spbio: 5950.69 27524 cat 0.0781306
phase= 4 | nvar=188 | iter=540 | nll=6.22e+03 | mag=2.16e+03 | par[ 64]=Q_parm[9]
4 928 -log(L): 6223.51  Spbio: 5950.66 27524.5 cat 0.0782834
4 929 -log(L): 6223.38  Spbio: 5950.41 27529.8 cat 0.0797157
4 930 -log(L): 6222.53  Spbio: 5947.83 27582.9 cat 0.0835102
4 931 -log(L): 6221.12  Spbio: 5940.46 27699.1 cat 0.127287
4 932 -log(L): 6218.82  Spbio: 5925.91 27921.3 cat 0.169838
4 933 -log(L): 6251.42  Spbio: 5885.76 28474 cat 0.216406
4 934 -log(L): 6218.72  Spbio: 5925.02 27933.3 cat 0.171129
4 935 -log(L): 6217.81  Spbio: 5916.1 28054.4 cat 0.183383
4 936 -log(L): 6216.28  Spbio: 5897.6 28323.3 cat 0.202722
4 937 -log(L): 6215.23  Spbio: 5875.92 28953.5 cat 0.193496
4 938 -log(L): 6214.14  Spbio: 5856.91 29334.5 cat 0.178481
4 939 -log(L): 6212.99  Spbio: 5829.04 29767 cat 0.18548
4 940 -log(L): 6212.91  Spbio: 5836.18 29653.4 cat 0.185153
4 941 -log(L): 6222.07  Spbio: 5790.5 30169.8 cat 0.149672
4 942 -log(L): 6212.59  Spbio: 5828.51 29735.5 cat 0.179088
4 943 -log(L): 6212  Spbio: 5817.9 29799.1 cat 0.165845
4 944 -log(L): 6211.23  Spbio: 5799.17 29894.4 cat 0.132127
4 945 -log(L): 6210.17  Spbio: 5780.41 29875.2 cat 0.0710201
4 946 -log(L): 6209.22  Spbio: 5754.26 29592.1 cat 0.0108179
4 947 -log(L): 6208.5  Spbio: 5757.75 29385 cat 0.0215684
4 948 -log(L): 6207.53  Spbio: 5782.47 29127.4 cat 0.0883923
4 949 -log(L): 6206.79  Spbio: 5775.06 28543.7 cat 0.114846
4 950 -log(L): 6206.35  Spbio: 5769.25 28458.2 cat 0.13184
4 951 -log(L): 6205.97  Spbio: 5766.17 28682.7 cat 0.0722487
4 952 -log(L): 6205.85  Spbio: 5763.89 28712.4 cat 0.0959029
4 953 -log(L): 6205.64  Spbio: 5758.26 28668.9 cat 0.105579
phase= 4 | nvar=188 | iter=560 | nll=6.21e+03 | mag=2.95e+02 | par[ 22]=SR_parm[1]
4 954 -log(L): 6205.41  Spbio: 5750.78 28638.7 cat 0.11307
4 955 -log(L): 6205.29  Spbio: 5741.51 28617.4 cat 0.101609
4 956 -log(L): 6205.1  Spbio: 5740.13 28663.8 cat 0.0823861
4 957 -log(L): 6204.77  Spbio: 5733.9 28728.1 cat 0.0634766
4 958 -log(L): 6204.47  Spbio: 5727.36 28864 cat 0.0480595
4 959 -log(L): 6204.14  Spbio: 5727.37 28803.6 cat 0.0420534
4 960 -log(L): 6203.61  Spbio: 5719.13 28808.8 cat 0.0400053
4 961 -log(L): 6202.99  Spbio: 5708.15 28970.4 cat 0.0733996
4 962 -log(L): 6202.71  Spbio: 5697.32 29074.7 cat 0.0632004
4 963 -log(L): 6202.51  Spbio: 5686.25 29195.6 cat 0.0983788
4 964 -log(L): 6202.4  Spbio: 5690.53 29195.5 cat 0.0982411
4 965 -log(L): 6202.3  Spbio: 5692.81 29137 cat 0.0997129
4 966 -log(L): 6202.22  Spbio: 5694.94 29128.9 cat 0.0909909
4 967 -log(L): 6202.07  Spbio: 5707.26 29122 cat 0.0832477
4 968 -log(L): 6201.81  Spbio: 5722.26 29109.1 cat 0.0744463
4 969 -log(L): 6201.71  Spbio: 5749.96 29148.3 cat 0.0690047
4 970 -log(L): 6531.78  Spbio: 6345.59 29677.4 cat 1.76368
4 971 -log(L): 6211.7  Spbio: 5971.7 29372.2 cat 0.352747
4 972 -log(L): 6201.18  Spbio: 5812.57 29226.5 cat 0.075817
4 973 -log(L): 6200.76  Spbio: 5776.4 29189.8 cat 0.0593196
4 974 -log(L): 6200.1  Spbio: 5764.04 29143.4 cat 0.0516611
4 975 -log(L): 6200.06  Spbio: 5729.24 29157.8 cat 0.0492521
4 976 -log(L): 6199.98  Spbio: 5727.67 29144.3 cat 0.0492665
4 977 -log(L): 6199.53  Spbio: 5712.54 29015.6 cat 0.054641
phase= 4 | nvar=188 | iter=580 | nll=6.20e+03 | mag=8.45e+02 | par[ 22]=SR_parm[1]
4 978 -log(L): 6199.87  Spbio: 5697.06 28888.3 cat 0.086225
4 979 -log(L): 6199.3  Spbio: 5706.87 28971.4 cat 0.0640036
4 980 -log(L): 6199.18  Spbio: 5697.35 28904.4 cat 0.0710865
4 981 -log(L): 6199.07  Spbio: 5685.02 28794.6 cat 0.0994161
4 982 -log(L): 6199.02  Spbio: 5683.69 28791.8 cat 0.0826027
4 983 -log(L): 6198.97  Spbio: 5682.07 28786.5 cat 0.082843
4 984 -log(L): 6198.94  Spbio: 5683.54 28793.6 cat 0.088864
4 985 -log(L): 6198.93  Spbio: 5682.29 28782 cat 0.0896079
4 986 -log(L): 6198.92  Spbio: 5681.26 28771.6 cat 0.0863594
4 987 -log(L): 6198.92  Spbio: 5682.59 28775.4 cat 0.0833171
4 988 -log(L): 6198.91  Spbio: 5684.07 28774.6 cat 0.0812104
4 989 -log(L): 6198.91  Spbio: 5685.04 28776 cat 0.0810346
4 990 -log(L): 6198.91  Spbio: 5685.83 28777.2 cat 0.0813547
4 991 -log(L): 6198.91  Spbio: 5685.64 28779.2 cat 0.0821807
4 992 -log(L): 6198.91  Spbio: 5685.55 28785.5 cat 0.0832498
4 993 -log(L): 6198.91  Spbio: 5685.25 28789.3 cat 0.0838137
4 994 -log(L): 6198.91  Spbio: 5685.21 28792.9 cat 0.0844974
4 995 -log(L): 6198.91  Spbio: 5685.28 28793.7 cat 0.0846658
4 996 -log(L): 6198.91  Spbio: 5685.63 28791.9 cat 0.0846234
4 997 -log(L): 6198.91  Spbio: 5686.12 28787.9 cat 0.0837392
4 998 -log(L): 6198.91  Spbio: 5686.46 28783.9 cat 0.0828476
phase= 4 | nvar=188 | iter=600 | nll=6.20e+03 | mag=8.57e+00 | par[ 56]=init_F[3]
4 999 -log(L): 6198.91  Spbio: 5686.37 28782 cat 0.0820926
4 1000 -log(L): 6198.91  Spbio: 5685.81 28782.7 cat 0.082245
4 1001 -log(L): 6198.91  Spbio: 5685.23 28783.9 cat 0.0826379
4 1002 -log(L): 6198.91  Spbio: 5684.91 28784.1 cat 0.0829526
4 1003 -log(L): 6198.91  Spbio: 5684.72 28782.7 cat 0.0833215
4 1004 -log(L): 6198.91  Spbio: 5684.83 28781.8 cat 0.083201
4 1005 -log(L): 6198.91  Spbio: 5685.03 28780.3 cat 0.0830761
4 1006 -log(L): 6198.91  Spbio: 5685.18 28780.2 cat 0.0829216
4 1007 -log(L): 6198.91  Spbio: 5685.37 28780.7 cat 0.0827358
4 1008 -log(L): 6198.91  Spbio: 5685.56 28782 cat 0.082594
4 1009 -log(L): 6198.91  Spbio: 5685.65 28783.8 cat 0.0825617
4 1010 -log(L): 6198.91  Spbio: 5685.54 28784.7 cat 0.0827088
4 1011 -log(L): 6198.91  Spbio: 5685.32 28784.8 cat 0.0829343
4 1012 -log(L): 6198.91  Spbio: 5685.16 28784.2 cat 0.083052
4 1013 -log(L): 6198.91  Spbio: 5685.03 28783.1 cat 0.0831587
4 1014 -log(L): 6198.91  Spbio: 5684.89 28781.7 cat 0.0831897
4 1015 -log(L): 6198.91  Spbio: 5684.93 28781 cat 0.0831797
4 1016 -log(L): 6198.91  Spbio: 5685.01 28781.2 cat 0.083007
4 1017 -log(L): 6198.91  Spbio: 5685.25 28781.9 cat 0.082851
4 1018 -log(L): 6198.91  Spbio: 5685.49 28783.2 cat 0.0826915
phase= 4 | nvar=188 | iter=620 | nll=6.20e+03 | mag=2.55e+00 | par[ 56]=init_F[3]
4 1019 -log(L): 6198.91  Spbio: 5685.63 28784.2 cat 0.0826427
4 1020 -log(L): 6198.91  Spbio: 5685.48 28784.3 cat 0.0827646
4 1021 -log(L): 6198.91  Spbio: 5685.2 28784 cat 0.083008
4 1022 -log(L): 6198.91  Spbio: 5684.81 28783.2 cat 0.0833225
4 1023 -log(L): 6198.91  Spbio: 5684.7 28782.9 cat 0.0834682
4 1024 -log(L): 6198.91  Spbio: 5684.73 28782.7 cat 0.0834823
4 1025 -log(L): 6198.91  Spbio: 5684.93 28782.9 cat 0.0832679
4 1026 -log(L): 6198.91  Spbio: 5685.17 28783.1 cat 0.0831367
4 1027 -log(L): 6198.91  Spbio: 5685.18 28783 cat 0.0829982
4 1028 -log(L): 6198.91  Spbio: 5685.21 28783.1 cat 0.0828821
4 1029 -log(L): 6198.91  Spbio: 5685.25 28782.8 cat 0.0828072
4 1030 -log(L): 6198.91  Spbio: 5685.26 28782.6 cat 0.0828212
4 1031 -log(L): 6198.91  Spbio: 5685.23 28782.3 cat 0.0828955
4 1032 -log(L): 6198.91  Spbio: 5685.17 28782.1 cat 0.0829353
4 1033 -log(L): 6198.91  Spbio: 5685.13 28782 cat 0.0830655
4 1034 -log(L): 6198.91  Spbio: 5685.04 28782.4 cat 0.0831544
4 1035 -log(L): 6198.91  Spbio: 5684.99 28782.8 cat 0.0833928
4 1036 -log(L): 6198.91  Spbio: 5685.02 28782.6 cat 0.0832335
4 1037 -log(L): 6198.91  Spbio: 5685.06 28782.6 cat 0.0831547
4 1038 -log(L): 6198.91  Spbio: 5685.12 28782.8 cat 0.0829781
4 1039 -log(L): 6198.91  Spbio: 5685.22 28783 cat 0.0829009
phase= 4 | nvar=188 | iter=640 | nll=6.20e+03 | mag=3.85e+00 | par[ 22]=SR_parm[1]
4 1040 -log(L): 6198.91  Spbio: 5685.29 28782.9 cat 0.0827061
4 1041 -log(L): 6198.91  Spbio: 5685.3 28782.8 cat 0.0826431
4 1042 -log(L): 6198.91  Spbio: 5685.27 28782.4 cat 0.0827053
4 1043 -log(L): 6198.91  Spbio: 5685.2 28781.8 cat 0.0828206
4 1044 -log(L): 6198.91  Spbio: 5685.12 28781.2 cat 0.0830728
4 1045 -log(L): 6198.91  Spbio: 5685.04 28780.7 cat 0.0831309
4 1046 -log(L): 6198.91  Spbio: 5685.03 28780.5 cat 0.0835029
4 1047 -log(L): 6198.91  Spbio: 5685.1 28780.7 cat 0.0833345
4 1048 -log(L): 6198.91  Spbio: 5685.17 28780.9 cat 0.0832524
4 1049 -log(L): 6198.91  Spbio: 5685.26 28780.4 cat 0.0828524
4 1050 -log(L): 6198.91  Spbio: 5685.26 28780.2 cat 0.0827349
4 1051 -log(L): 6198.91  Spbio: 5685.17 28779.9 cat 0.0826527
4 1052 -log(L): 6198.91  Spbio: 5685.02 28779.5 cat 0.0826738
4 1053 -log(L): 6198.91  Spbio: 5684.99 28779.8 cat 0.0827985
4 1054 -log(L): 6198.91  Spbio: 5684.96 28780.3 cat 0.082984
4 1055 -log(L): 6198.91  Spbio: 5684.96 28781.7 cat 0.0832555
4 1056 -log(L): 6198.91  Spbio: 5685.06 28781.9 cat 0.0832423
4 1057 -log(L): 6198.91  Spbio: 5685.22 28782.2 cat 0.0831273
4 1058 -log(L): 6198.91  Spbio: 5685.34 28782 cat 0.0829587
4 1059 -log(L): 6198.91  Spbio: 5685.42 28781.7 cat 0.0828506
phase= 4 | nvar=188 | iter=660 | nll=6.20e+03 | mag=2.50e+00 | par[ 22]=SR_parm[1]
4 1060 -log(L): 6198.91  Spbio: 5685.45 28781.2 cat 0.0827406
4 1061 -log(L): 6198.91  Spbio: 5685.37 28781 cat 0.0827645
4 1062 -log(L): 6198.91  Spbio: 5685.18 28781 cat 0.0828512
4 1063 -log(L): 6198.91  Spbio: 5685.12 28781.5 cat 0.0829632
4 1064 -log(L): 6198.91  Spbio: 5685.07 28781.9 cat 0.0830057
4 1065 -log(L): 6198.91  Spbio: 5685.08 28782.2 cat 0.0829568
4 1066 -log(L): 6198.91  Spbio: 5685.14 28782 cat 0.0828727
4 1067 -log(L): 6198.91  Spbio: 5685.17 28781.9 cat 0.0828548
4 1068 -log(L): 6198.91  Spbio: 5685.22 28781.7 cat 0.0828484
4 1069 -log(L): 6198.91  Spbio: 5685.28 28781.7 cat 0.0828859
4 1070 -log(L): 6198.91  Spbio: 5685.31 28781.5 cat 0.082946
4 1071 -log(L): 6198.91  Spbio: 5685.36 28781.6 cat 0.0830384
4 1072 -log(L): 6198.91  Spbio: 5685.31 28781.9 cat 0.0830703
4 1073 -log(L): 6198.91  Spbio: 5685.21 28781.8 cat 0.0830445
4 1074 -log(L): 6198.91  Spbio: 5685.22 28781.7 cat 0.083028
4 1075 -log(L): 6198.91  Spbio: 5685.2 28781.5 cat 0.0829679
4 1076 -log(L): 6198.91  Spbio: 5685.18 28781.3 cat 0.0829288
4 1077 -log(L): 6198.91  Spbio: 5685.15 28781 cat 0.0828571
4 1078 -log(L): 6198.91  Spbio: 5685.12 28780.6 cat 0.0828038
4 1079 -log(L): 6198.91  Spbio: 5685.11 28780.6 cat 0.0828037
phase= 4 | nvar=188 | iter=680 | nll=6.20e+03 | mag=1.15e+00 | par[ 15]=MGparm[44]
4 1080 -log(L): 6198.91  Spbio: 5685.14 28780.9 cat 0.0828705
4 1081 -log(L): 6198.91  Spbio: 5685.16 28781.2 cat 0.082917
4 1082 -log(L): 6198.91  Spbio: 5685.19 28781.3 cat 0.082956
4 1083 -log(L): 6198.91  Spbio: 5685.19 28781.4 cat 0.0829596
4 1084 -log(L): 6198.91  Spbio: 5685.19 28781.3 cat 0.0829622
4 1085 -log(L): 6198.91  Spbio: 5685.19 28781.3 cat 0.082955
4 1086 -log(L): 6198.91  Spbio: 5685.19 28781.3 cat 0.0829527
4 1087 -log(L): 6198.91  Spbio: 5685.18 28781.2 cat 0.0829449
4 1088 -log(L): 6198.91  Spbio: 5685.18 28781.2 cat 0.0829394
4 1089 -log(L): 6198.91  Spbio: 5685.18 28781.2 cat 0.0829309
4 1090 -log(L): 6198.91  Spbio: 5685.18 28781.2 cat 0.0829218
4 1091 -log(L): 6198.91  Spbio: 5685.18 28781.2 cat 0.0829094
4 1092 -log(L): 6198.91  Spbio: 5685.18 28781.2 cat 0.0828943
4 1093 -log(L): 6198.91  Spbio: 5685.18 28781.2 cat 0.0828764
4 1094 -log(L): 6198.91  Spbio: 5685.18 28781.2 cat 0.082858
4 1095 -log(L): 6198.91  Spbio: 5685.19 28781.2 cat 0.0828496
4 1096 -log(L): 6198.91  Spbio: 5685.19 28781.3 cat 0.0828655
4 1097 -log(L): 6198.91  Spbio: 5685.21 28781.5 cat 0.0829175
4 1098 -log(L): 6198.91  Spbio: 5685.23 28781.7 cat 0.0830244
4 1099 -log(L): 6198.91  Spbio: 5685.26 28782.1 cat 0.0832327
phase= 4 | nvar=188 | iter=700 | nll=6.20e+03 | mag=5.06e+00 | par[ 22]=SR_parm[1]
4 1100 -log(L): 6198.91  Spbio: 5685.3 28782.6 cat 0.0834982
4 1101 -log(L): 6198.91  Spbio: 5685.26 28782.6 cat 0.0832194
4 1102 -log(L): 6198.91  Spbio: 5685.25 28782.4 cat 0.0832606
4 1103 -log(L): 6198.91  Spbio: 5685.19 28781.7 cat 0.0829507
4 1104 -log(L): 6198.91  Spbio: 5685.19 28781.5 cat 0.0829696
4 1105 -log(L): 6198.91  Spbio: 5685.2 28781.5 cat 0.0829323
4 1106 -log(L): 6198.91  Spbio: 5685.2 28781.6 cat 0.082911
4 1107 -log(L): 6198.91  Spbio: 5685.21 28781.6 cat 0.0829008
4 1108 -log(L): 6198.91  Spbio: 5685.2 28781.6 cat 0.0828926
4 1109 -log(L): 6198.91  Spbio: 5685.2 28781.6 cat 0.0828929
4 1110 -log(L): 6198.91  Spbio: 5685.2 28781.6 cat 0.0828931
4 1111 -log(L): 6198.91  Spbio: 5685.2 28781.6 cat 0.0828942
4 1112 -log(L): 6198.91  Spbio: 5685.2 28781.6 cat 0.0828943
4 1113 -log(L): 6198.91  Spbio: 5685.2 28781.6 cat 0.0828944
4 1114 -log(L): 6198.91  Spbio: 5685.2 28781.6 cat 0.0828944
4 1115 -log(L): 6198.91  Spbio: 5685.2 28781.6 cat 0.0828944
4 1116 -log(L): 6198.91  Spbio: 5685.2 28781.6 cat 0.0828944
4 1117 -log(L): 6198.91  Spbio: 5685.2 28781.6 cat 0.0828944
4 1118 -log(L): 6198.91  Spbio: 5685.2 28781.6 cat 0.0828944
4 1119 -log(L): 6198.91  Spbio: 5685.2 28781.6 cat 0.0828943
phase= 4 | nvar=188 | iter=720 | nll=6.20e+03 | mag=8.43e-02 | par[ 22]=SR_parm[1]
4 1120 -log(L): 6198.91  Spbio: 5685.2 28781.6 cat 0.0828943
4 1121 -log(L): 6198.91  Spbio: 5685.2 28781.6 cat 0.0828944
4 1122 -log(L): 6198.91  Spbio: 5685.2 28781.6 cat 0.0828944
4 1123 -log(L): 6198.91  Spbio: 5685.2 28781.6 cat 0.0828946
4 1124 -log(L): 6198.91  Spbio: 5685.2 28781.5 cat 0.0828949
4 1125 -log(L): 6198.91  Spbio: 5685.2 28781.5 cat 0.0828952
4 1126 -log(L): 6198.91  Spbio: 5685.2 28781.4 cat 0.0828947
4 1127 -log(L): 6198.91  Spbio: 5685.2 28781.4 cat 0.0828942
4 1128 -log(L): 6198.91  Spbio: 5685.2 28781.3 cat 0.0828904
4 1129 -log(L): 6198.91  Spbio: 5685.18 28780.4 cat 0.0828535
4 1130 -log(L): 6198.91  Spbio: 5685.19 28780.9 cat 0.0828758
4 1131 -log(L): 6198.91  Spbio: 5685.19 28780.9 cat 0.0828657
4 1132 -log(L): 6198.91  Spbio: 5685.19 28780.9 cat 0.0828707
4 1133 -log(L): 6198.91  Spbio: 5685.19 28781 cat 0.0828887
4 1134 -log(L): 6198.91  Spbio: 5685.2 28781.2 cat 0.0829164
4 1135 -log(L): 6198.91  Spbio: 5685.21 28781.5 cat 0.0829489
4 1136 -log(L): 6198.91  Spbio: 5685.21 28781.8 cat 0.0829723
4 1137 -log(L): 6198.91  Spbio: 5685.21 28782 cat 0.0829534
4 1138 -log(L): 6198.91  Spbio: 5685.21 28781.8 cat 0.0829181
4 1139 -log(L): 6198.91  Spbio: 5685.2 28781.6 cat 0.0828874
4 1140 -log(L): 6198.91  Spbio: 5685.21 28781.6 cat 0.0828856
4 1141 -log(L): 6198.91  Spbio: 5685.2 28781.6 cat 0.0828874
phase= 4 | nvar=188 | iter=740 | nll=6.20e+03 | mag=6.65e-02 | par[ 22]=SR_parm[1]
4 1142 -log(L): 6198.91  Spbio: 5685.21 28781.6 cat 0.0828915
4 1143 -log(L): 6198.91  Spbio: 5685.21 28781.6 cat 0.082892
4 1144 -log(L): 6198.91  Spbio: 5685.21 28781.6 cat 0.082892
4 1145 -log(L): 6198.91  Spbio: 5685.21 28781.6 cat 0.0828917
4 1146 -log(L): 6198.91  Spbio: 5685.21 28781.6 cat 0.0828917
4 1147 -log(L): 6198.91  Spbio: 5685.21 28781.6 cat 0.0828917
4 1148 -log(L): 6198.91  Spbio: 5685.21 28781.6 cat 0.0828917
5 1149 -log(L): 6198.91  Spbio: 5685.21 28781.6 cat 0.0828917
phase= 5 | nvar=198 | iter=  0 | nll=6.20e+03 | mag=1.47e+02 | par[ 54]=Fcast_recruitments[1]
5 1150 -log(L): 6303.26  Spbio: 5685.21 28765 cat 0.0828912
5 1151 -log(L): 6198.91  Spbio: 5685.21 28781.6 cat 0.0828917
5 1152 -log(L): 6202.28  Spbio: 5652.1 28454.2 cat 1.41262
5 1153 -log(L): 6198.91  Spbio: 5685.21 28781.6 cat 0.0828917
5 1154 -log(L): 6198.91  Spbio: 5685.21 28781.6 cat 0.0828917
5 1155 -log(L): 6198.91  Spbio: 5685.21 28781.6 cat 0.0828917
5 1156 -log(L): 6198.91  Spbio: 5685.21 28781.6 cat 0.0828917
5 1157 -log(L): 6198.91  Spbio: 5685.21 28781.6 cat 0.0828917
5 1158 -log(L): 6198.91  Spbio: 5685.21 28781.6 cat 0.0828917
5 1159 -log(L): 6198.91  Spbio: 5685.21 28781.6 cat 0.0828917
5 1160 -log(L): 6198.91  Spbio: 5685.21 28781.6 cat 0.0828917
5 1161 -log(L): 6198.91  Spbio: 5685.21 28781.6 cat 0.0828917
5 1162 -log(L): 6198.91  Spbio: 5685.21 28781.6 cat 0.0828917
5 1163 -log(L): 6198.91  Spbio: 5685.21 28781.6 cat 0.0828917
5 1164 -log(L): 6198.91  Spbio: 5685.21 28781.6 cat 0.0828917
5 1165 -log(L): 6198.91  Spbio: 5685.21 28781.6 cat 0.0828917
5 1166 -log(L): 6198.91  Spbio: 5685.21 28781.6 cat 0.0828917
5 1167 -log(L): 6198.91  Spbio: 5685.21 28781.6 cat 0.0828917
5 1168 -log(L): 6198.91  Spbio: 5685.21 28781.6 cat 0.0828917
5 1169 -log(L): 6198.91  Spbio: 5685.21 28781.6 cat 0.0828917
5 1170 -log(L): 6198.91  Spbio: 5685.21 28781.6 cat 0.0828917
5 1171 -log(L): 6198.91  Spbio: 5685.21 28781.6 cat 0.0828917
5 1172 -log(L): 6198.91  Spbio: 5685.21 28781.6 cat 0.0828917
5 1173 -log(L): 6198.91  Spbio: 5685.21 28781.6 cat 0.0828917
5 1174 -log(L): 6198.91  Spbio: 5685.21 28781.6 cat 0.0828917
5 1175 -log(L): 6198.91  Spbio: 5685.21 28781.6 cat 0.0828917
5 1176 -log(L): 6198.91  Spbio: 5685.21 28781.6 cat 0.0828917
5 1177 -log(L): 6198.91  Spbio: 5685.21 28781.6 cat 0.0828917
5 1178 -log(L): 6198.91  Spbio: 5685.21 28781.6 cat 0.0828917
5 1179 -log(L): 6198.91  Spbio: 5685.21 28781.6 cat 0.0828917
5 1180 -log(L): 6198.91  Spbio: 5685.21 28781.6 cat 0.0828917
5 1181 -log(L): 6198.91  Spbio: 5685.21 28781.6 cat 0.0828917
5 1182 -log(L): 6198.91  Spbio: 5685.21 28781.6 cat 0.0828917
phase= 5 | nvar=198 | iter=  2 | nll=6.20e+03 | mag=3.72e-04 | par[ 22]=SR_parm[1]
Optimization completed after 12 m 47 s with final statistics:
  nll=6198.905445 | mag=3.71750e-04 | par[ 22]=SR_parm[1]

Warning: the following parameters had issues
  selparm[22] is within 0.1% of upper bound: 0.01 < 8.99998 < 9
  selparm[33] is within 0.1% of lower bound: 5 < 5.04315 < 59
  selparm[52] is within 0.1% of upper bound: 0.01 < 8.99981 < 9
  selparm[61] is within 0.1% of lower bound: 5 < 5 < 59
  selparm[82] is within 0.1% of upper bound: 0.01 < 8.99692 < 9
  selparm[103] is within 0.1% of upper bound: 0.01 < 8.99854 < 9
  selparm[104] is within 0.1% of upper bound: 0.01 < 8.99989 < 9
  selparm[111] is within 0.1% of upper bound: 0.01 < 9 < 9

5 1183 -log(L): 6198.91  Spbio: 5685.21 28781.6 cat 0.0828917
Iterations: 1183
Finished calculating benchmarks
Finished forecast
Writing wtatage.ss_new
Finished posteriors
Finished final writing of report.sso
Begin writing *.ss_new output files ... Finished writing *.ss_new output files

 N parameters that are on or within 1% of min-max bound: 8

!!  Run has completed  !! 
!!  See warning.sso for 34 warnings  and 2 notes 

Finished running model 'ss_linux' after 12 m 51 s.
