 reading from starter.ss
 reading from data file
Data read sucessful 999

 reading forecast file 
 reading from control file
End of control file successful! 999
Begin setting up parameters ...  end of parameter section 
Evaluating biology calculations once ... done
Starting optimization of 'ss_linux' in phase 1 of 5 at Sun Nov 12 11:32:39 2023
Finished tag obj_fun  98.6671 0 109.224 0 48.3811 55.1382 0 255.372 0 127.148 0 147.84 0 31.2398 82.4507 0 253.739 66.7196
 73.9191 0 99.8505 0 29.0952 45.6261 0 151.13 0 60.5973 0 127.79 0 36.6255 60.1328 0 130.529 49.9978
1 1 -log(L): 245996  Spbio: 41901 575225
phase= 1 | nvar= 17 | iter=  0 | nll=2.46e+05 | mag=1.51e+06 | par[  4]=SR_parm[1]
1 2 -log(L): 245996  Spbio: 41901 575225
1 3 -log(L): 245995  Spbio: 41901 575224
1 4 -log(L): 245993  Spbio: 41900.2 575216
1 5 -log(L): 245973  Spbio: 41893 575131
1 6 -log(L): 245774  Spbio: 41821 574283
1 7 -log(L): 243781  Spbio: 41106.7 565869
1 8 -log(L): 224497  Spbio: 34576.2 487932
1 9 -log(L): 172753  Spbio: 30930.4 337862
1 10 -log(L): 1.78924e+06  Spbio: 20762.9 103940 cat 1.54266e+06
1 11 -log(L): 152427  Spbio: 29924.6 300348
1 12 -log(L): 1.35465e+06  Spbio: 26146.8 194248 cat 1.20043e+06
1 13 -log(L): 148195  Spbio: 29727.5 293205
1 14 -log(L): 138559  Spbio: 28216.7 243973 cat 20344.5
1 15 -log(L): 125418  Spbio: 28648.7 255666
1 16 -log(L): 1.81028e+06  Spbio: 25498.4 324857 cat 1.583e+06
1 17 -log(L): 121648  Spbio: 28534.4 255250
1 18 -log(L): 568176  Spbio: 27764.3 270918 cat 449543
1 19 -log(L): 120636  Spbio: 28503.1 255139
1 20 -log(L): 110501  Spbio: 27705.4 248668
1 21 -log(L): 1.13036e+06  Spbio: 21045.5 197781 cat 948613
1 22 -log(L): 109065  Spbio: 27584.9 247737 cat 6.96897
1 23 -log(L): 501703  Spbio: 28504 346508 cat 365822
1 24 -log(L): 107740  Spbio: 27633 252701 cat 88.2588
1 25 -log(L): 106119  Spbio: 27887.3 284985 cat 52.4789
1 26 -log(L): 104383  Spbio: 29314 279483 cat 2.20818
1 27 -log(L): 100904  Spbio: 29587.9 274114
1 28 -log(L): 105247  Spbio: 31777.8 231054
1 29 -log(L): 81119.9  Spbio: 31129.9 245656
1 30 -log(L): 120141  Spbio: 34243.1 194846
1 31 -log(L): 100271  Spbio: 32586.5 224999
1 32 -log(L): 78492.4  Spbio: 31503.2 240334
1 33 -log(L): 75786.8  Spbio: 31152.5 253387
1 34 -log(L): 71270.6  Spbio: 28629.2 225233
1 35 -log(L): 65433.9  Spbio: 27258.5 160530
1 36 -log(L): 60263.1  Spbio: 29548.5 104986
1 37 -log(L): 64068.2  Spbio: 15697.1 72258.7
1 38 -log(L): 64914.5  Spbio: 28508.7 97190.4
1 39 -log(L): 59826.7  Spbio: 29388.1 101797
1 40 -log(L): 58327.8  Spbio: 26611.8 98301.2
1 41 -log(L): 58267.3  Spbio: 27138.4 98653.1
1 42 -log(L): 53666.1  Spbio: 11737.3 87949
1 43 -log(L): 51110.6  Spbio: 14189 90354.7
1 44 -log(L): 50948.3  Spbio: 14742.8 90785.2
1 45 -log(L): 50823.7  Spbio: 15227.5 91144.1
1 46 -log(L): 50725.7  Spbio: 15656.3 91450.4
1 47 -log(L): 50648.9  Spbio: 16034.2 91712.6
1 48 -log(L): 44929.9  Spbio: 5257.46 75617.1 cat 0.480287
1 49 -log(L): 36383.4  Spbio: 5021.06 67097.5
1 50 -log(L): 604456  Spbio: 4728.29 61573.9 cat 536826
1 51 -log(L): 639914  Spbio: 6744.3 67160.6 cat 569237
1 52 -log(L): 36358.4  Spbio: 5022.23 67066.1
1 53 -log(L): 36022  Spbio: 5021 66755.7
1 54 -log(L): 685522  Spbio: 4354.93 76242 cat 616728
1 55 -log(L): 36014.3  Spbio: 5019.98 66750.7
1 56 -log(L): 36057.1  Spbio: 4931.08 66782.3
1 57 -log(L): 35977.6  Spbio: 4998.69 66733.4
1 58 -log(L): 35414.5  Spbio: 5041.62 66139
phase= 1 | nvar= 17 | iter= 20 | nll=3.54e+04 | mag=2.65e+04 | par[  4]=SR_parm[1]
1 59 -log(L): 34282.1  Spbio: 5019.01 65727.9
1 60 -log(L): 40279.3  Spbio: 4698.07 61922.2
1 61 -log(L): 32678.2  Spbio: 4932.88 64249.5
1 62 -log(L): 31848  Spbio: 5081.76 50338.6 cat 0.0549365
1 63 -log(L): 31474  Spbio: 4973.97 44856.9 cat 342.755
1 64 -log(L): 31474.2  Spbio: 4909.89 43568.8 cat 615.215
1 65 -log(L): 31464  Spbio: 4973.38 44839.5 cat 343.201
1 66 -log(L): 31445.6  Spbio: 4955.68 44693.9 cat 426.664
1 67 -log(L): 31392.9  Spbio: 4968.66 44726.4 cat 351.47
1 68 -log(L): 31254.3  Spbio: 4938.18 44768.3 cat 290.722
1 69 -log(L): 31024.4  Spbio: 4884.29 44913.7 cat 151.466
1 70 -log(L): 30640  Spbio: 4728.78 44348.2 cat 49.7631
1 71 -log(L): 30068.7  Spbio: 4445.12 40261.7 cat 0.988757
1 72 -log(L): 29528.1  Spbio: 3981.51 30952.4 cat 39.9186
1 73 -log(L): 29402.5  Spbio: 3628.58 24137.4 cat 132.942
1 74 -log(L): 29325.1  Spbio: 3763.03 26486.3 cat 54.8535
1 75 -log(L): 29076.1  Spbio: 3701.37 25414.7 cat 38.0914
1 76 -log(L): 28829.4  Spbio: 3532.89 22059.1 cat 152.686
1 77 -log(L): 28617.3  Spbio: 3657.51 23200.8 cat 11.3709
1 78 -log(L): 28551.2  Spbio: 3646.56 22809.5 cat 15.6527
1 79 -log(L): 28511.3  Spbio: 3641.48 22453.4 cat 30.5777
1 80 -log(L): 28489.8  Spbio: 3646.82 22304.4 cat 35.8849
1 81 -log(L): 28465.5  Spbio: 3646.74 22182.7 cat 43.5286
1 82 -log(L): 30379.1  Spbio: 3553.47 22855.6 cat 1508.79
1 83 -log(L): 28494.5  Spbio: 3622.58 22208.1 cat 61.1639
1 84 -log(L): 28451.9  Spbio: 3636.93 22159.8 cat 34.9109
1 85 -log(L): 28821.1  Spbio: 3580.3 22249.9 cat 343.693
1 86 -log(L): 28456.6  Spbio: 3622.63 22159.2 cat 41.1887
1 87 -log(L): 28450  Spbio: 3631.45 22157.2 cat 34.7113
1 88 -log(L): 28446.3  Spbio: 3628.78 22164.5 cat 34.6985
1 89 -log(L): 28422.6  Spbio: 3602.01 22237.5 cat 34.6304
phase= 1 | nvar= 17 | iter= 40 | nll=2.84e+04 | mag=4.87e+04 | par[  4]=SR_parm[1]
1 90 -log(L): 28414.1  Spbio: 3596.82 22282.2 cat 33.3126
1 91 -log(L): 28409.5  Spbio: 3591.04 22394.4 cat 30.6459
1 92 -log(L): 28402.2  Spbio: 3589.57 22565.7 cat 26.5178
1 93 -log(L): 28394.2  Spbio: 3597.43 22841.6 cat 21.9448
1 94 -log(L): 28415.5  Spbio: 3590.93 23077.4 cat 33.8698
1 95 -log(L): 28392.8  Spbio: 3595.59 22905.5 cat 20.1279
1 96 -log(L): 28390.6  Spbio: 3595.85 22896.1 cat 21.0208
1 97 -log(L): 28386.2  Spbio: 3590.98 22834.5 cat 25.5642
1 98 -log(L): 28969.1  Spbio: 3566.64 22424.5 cat 470.208
1 99 -log(L): 28409.4  Spbio: 3578.39 22667.1 cat 44.7653
1 100 -log(L): 28384.2  Spbio: 3588.44 22801.7 cat 28.5736
1 101 -log(L): 28383.9  Spbio: 3585 22749.9 cat 30.9454
Exiting without success due to excessive function evaluations (maxfn=100) | mag=12371.4
phase= 1 | nvar= 17 | iter= 49 | nll=2.84e+04 | mag=1.24e+04 | par[  4]=SR_parm[1]
1 102 -log(L): 28383.9  Spbio: 3585 22749.9 cat 30.9454
2 103 -log(L): 28383.9  Spbio: 3585 22749.9 cat 30.9454
phase= 2 | nvar=103 | iter=  0 | nll=2.84e+04 | mag=2.10e+04 | par[ 46]=selparm[71]
2 104 -log(L): 28383.9  Spbio: 3585.01 22750 cat 30.9384
2 105 -log(L): 28383.7  Spbio: 3585.17 22751.5 cat 30.8702
2 106 -log(L): 28382  Spbio: 3586.76 22766.2 cat 30.3728
2 107 -log(L): 28378.1  Spbio: 3586.81 22767 cat 29.9196
2 108 -log(L): 28341.5  Spbio: 3587.33 22774.9 cat 25.8444
2 109 -log(L): 28036.8  Spbio: 3591.95 22852.7 cat 53.1816
2 110 -log(L): 27389  Spbio: 3454.72 22437.2 cat 37.9578
2 111 -log(L): 27080.7  Spbio: 3576.77 19050.5 cat 127.709
2 112 -log(L): 26526.3  Spbio: 3554.86 18747.9 cat 125.813
2 113 -log(L): 25534  Spbio: 3497.22 19825.7 cat 270.314
2 114 -log(L): 23964.2  Spbio: 3593.35 18572.6 cat 294.396
2 115 -log(L): 23258.6  Spbio: 3749.05 22418.9 cat 720.123
2 116 -log(L): 21993.5  Spbio: 3937.66 24193 cat 714.596
2 117 -log(L): 84486.4  Spbio: 5092.58 67162.3 cat 53283
2 118 -log(L): 20677.9  Spbio: 4156.77 26838.1 cat 550.285
2 119 -log(L): 22710.9  Spbio: 5065.88 31917.9 cat 4249.91
2 120 -log(L): 19551.3  Spbio: 4586.85 28712.8 cat 1123.04
2 121 -log(L): 18566.4  Spbio: 5107.56 27898.8 cat 762.44
2 122 -log(L): 20144.7  Spbio: 5110.43 35206.9 cat 341.478
2 123 -log(L): 18517.9  Spbio: 5114.38 29201.5 cat 534.258
2 124 -log(L): 18433.4  Spbio: 5115.21 29225.8 cat 530.117
2 125 -log(L): 18274.5  Spbio: 5085.48 29340.6 cat 508.753
2 126 -log(L): 17999.2  Spbio: 4986.02 30093 cat 426.072
2 127 -log(L): 17808.5  Spbio: 4936.29 28975.1 cat 539.371
2 128 -log(L): 17503.9  Spbio: 4944.35 27601.8 cat 640.576
2 129 -log(L): 17067.1  Spbio: 4952.23 26901.7 cat 765.644
2 130 -log(L): 17220  Spbio: 4935.73 27628.6 cat 1269.07
2 131 -log(L): 16857.9  Spbio: 4943.28 27237 cat 816.981
2 132 -log(L): 16638  Spbio: 4738.86 27717.1 cat 707.16
phase= 2 | nvar=103 | iter= 20 | nll=1.66e+04 | mag=6.44e+05 | par[  4]=SR_parm[1]
2 133 -log(L): 16462.4  Spbio: 4762.11 27308.9 cat 831.168
2 134 -log(L): 16215.7  Spbio: 4713.51 28067.9 cat 837.081
2 135 -log(L): 15919.9  Spbio: 4750.29 27323.4 cat 696.62
2 136 -log(L): 15554.8  Spbio: 4747.22 27745.9 cat 563.075
2 137 -log(L): 15356.1  Spbio: 4473.97 30086 cat 304.71
2 138 -log(L): 15199.8  Spbio: 4455.84 30163.9 cat 245.161
2 139 -log(L): 15020.5  Spbio: 4359.91 31551.7 cat 307.633
2 140 -log(L): 14792.2  Spbio: 4183.65 29375.8 cat 302.68
2 141 -log(L): 14508.7  Spbio: 4207.75 27360.7 cat 281.004
2 142 -log(L): 14461.9  Spbio: 4267.94 25325 cat 426.412
2 143 -log(L): 14333.3  Spbio: 4229.33 26062.4 cat 301.884
2 144 -log(L): 14386.3  Spbio: 4268.01 25443.2 cat 559.623
2 145 -log(L): 14276.4  Spbio: 4243.06 25803.7 cat 384.279
2 146 -log(L): 14214.4  Spbio: 4212.65 25408 cat 383.538
2 147 -log(L): 14150  Spbio: 4225.97 25510.1 cat 395.787
2 148 -log(L): 14204  Spbio: 4286.09 25038.8 cat 383.087
2 149 -log(L): 14126.9  Spbio: 4246.91 25349.8 cat 367.169
2 150 -log(L): 14092.1  Spbio: 4275.17 25322.2 cat 338.163
2 151 -log(L): 14042.7  Spbio: 4245.95 25459.2 cat 355.215
2 152 -log(L): 13986.7  Spbio: 4212.16 25729.2 cat 388.773
2 153 -log(L): 13952.4  Spbio: 4322.83 25598.5 cat 337.352
2 154 -log(L): 13912.9  Spbio: 4241.06 25563.9 cat 340.62
2 155 -log(L): 13862.9  Spbio: 4177.69 25578.6 cat 349.947
phase= 2 | nvar=103 | iter= 40 | nll=1.39e+04 | mag=1.48e+05 | par[  4]=SR_parm[1]
2 156 -log(L): 13844  Spbio: 4327.58 25249.5 cat 364.026
2 157 -log(L): 13820.7  Spbio: 4302.87 25303.2 cat 366.576
2 158 -log(L): 13788  Spbio: 4278.64 25023.4 cat 346.676
2 159 -log(L): 13745.5  Spbio: 4288.21 25033.2 cat 338.764
2 160 -log(L): 13721.8  Spbio: 4330.82 24956.4 cat 313.197
2 161 -log(L): 13692.2  Spbio: 4271.81 24841.4 cat 322.727
2 162 -log(L): 13663.4  Spbio: 4283.05 25053.5 cat 330.359
2 163 -log(L): 13629.1  Spbio: 4307.26 24904.7 cat 339.14
2 164 -log(L): 13598.7  Spbio: 4280.53 24345.2 cat 336.731
2 165 -log(L): 13613.3  Spbio: 4271.56 23745.5 cat 327.18
2 166 -log(L): 13585.6  Spbio: 4274.7 24093.6 cat 326.074
2 167 -log(L): 13569.3  Spbio: 4252.13 24225.7 cat 320.927
2 168 -log(L): 13559.4  Spbio: 4226.28 24269.1 cat 302.031
2 169 -log(L): 13543.8  Spbio: 4218.24 24225.8 cat 306.567
2 170 -log(L): 13519.7  Spbio: 4202.57 24195.1 cat 288.607
2 171 -log(L): 13489.7  Spbio: 4188.16 24111 cat 251.352
2 172 -log(L): 13453.3  Spbio: 4218.02 23881.1 cat 237.978
2 173 -log(L): 13438.3  Spbio: 4261.85 23937.5 cat 244.249
2 174 -log(L): 13421.1  Spbio: 4268.89 23787.1 cat 248.699
2 175 -log(L): 13400.7  Spbio: 4286.7 23647.9 cat 243.566
2 176 -log(L): 13384.9  Spbio: 4324.64 23507.8 cat 220.285
phase= 2 | nvar=103 | iter= 60 | nll=1.34e+04 | mag=1.45e+05 | par[  4]=SR_parm[1]
2 177 -log(L): 13365.8  Spbio: 4301.09 23720.7 cat 243.439
2 178 -log(L): 13399.3  Spbio: 4283.49 23739.2 cat 255.937
2 179 -log(L): 13361.6  Spbio: 4311.45 23722.3 cat 238.912
2 180 -log(L): 13354.2  Spbio: 4303.57 23695.2 cat 241.178
2 181 -log(L): 13340.5  Spbio: 4301.63 23653.5 cat 241.761
2 182 -log(L): 13316.9  Spbio: 4289.31 23559.9 cat 252.634
2 183 -log(L): 13289.2  Spbio: 4261.09 23516.3 cat 257.338
2 184 -log(L): 13250.5  Spbio: 4239.77 23452 cat 254.995
2 185 -log(L): 13192.5  Spbio: 4223.71 23634.8 cat 263.89
2 186 -log(L): 13106.6  Spbio: 4236.67 23690.9 cat 285.393
2 187 -log(L): 13129.7  Spbio: 4165.54 23302.9 cat 294.523
2 188 -log(L): 13058  Spbio: 4215.5 23566.1 cat 287.495
2 189 -log(L): 13091.9  Spbio: 4230.58 23532.5 cat 270.635
2 190 -log(L): 13027  Spbio: 4221.59 23553.7 cat 280.418
2 191 -log(L): 12999.2  Spbio: 4205.99 23418.7 cat 269.529
2 192 -log(L): 12993.4  Spbio: 4210.36 23457.4 cat 272.592
2 193 -log(L): 12932.8  Spbio: 4206.14 23386.8 cat 266.678
2 194 -log(L): 12823.8  Spbio: 4194.15 23478.1 cat 260.941
2 195 -log(L): 12689.3  Spbio: 4104.05 23316.8 cat 233.313
2 196 -log(L): 12481.2  Spbio: 3987 23177.7 cat 245.873
2 197 -log(L): 12375.3  Spbio: 3925.08 22766.4 cat 312.554
2 198 -log(L): 12249.2  Spbio: 4010.17 22858.9 cat 233.848
2 199 -log(L): 12394.1  Spbio: 3751.9 23767.3 cat 356.316
2 200 -log(L): 12207.9  Spbio: 3975.15 23074.3 cat 228.679
2 201 -log(L): 12165  Spbio: 3928.38 22875.7 cat 215.727
phase= 2 | nvar=103 | iter= 80 | nll=1.22e+04 | mag=1.81e+05 | par[  4]=SR_parm[1]
2 202 -log(L): 12125.1  Spbio: 3839.09 23197.6 cat 239.262
2 203 -log(L): 12074.6  Spbio: 3834.24 23116.9 cat 262.474
Exiting without success due to excessive function evaluations (maxfn=100) | mag=210894
phase= 2 | nvar=103 | iter= 83 | nll=1.21e+04 | mag=2.11e+05 | par[  4]=SR_parm[1]
2 204 -log(L): 12074.6  Spbio: 3834.24 23116.9 cat 262.474
3 205 -log(L): 12074.6  Spbio: 3834.24 23116.9 cat 262.474
phase= 3 | nvar=176 | iter=  0 | nll=1.21e+04 | mag=2.11e+05 | par[ 22]=SR_parm[1]
3 206 -log(L): 12074.6  Spbio: 3834.24 23116.9 cat 262.459
3 207 -log(L): 12074.4  Spbio: 3834.27 23116.8 cat 262.309
3 208 -log(L): 12072.4  Spbio: 3834.47 23116.7 cat 260.815
3 209 -log(L): 12053.1  Spbio: 3836.55 23115.7 cat 246.381
3 210 -log(L): 11889.3  Spbio: 3857.39 23153.5 cat 125.827
3 211 -log(L): 11997  Spbio: 4114.01 24430.9 cat 210.584
3 212 -log(L): 11854.3  Spbio: 3935.67 23516.5 cat 104.391
3 213 -log(L): 11793.2  Spbio: 3937.03 23357.8 cat 101.043
3 214 -log(L): 11680.9  Spbio: 3900.85 22519.1 cat 110.154
3 215 -log(L): 11485.1  Spbio: 3838.1 21140.2 cat 111.332
3 216 -log(L): 11180  Spbio: 3725.37 20103.3 cat 105.09
3 217 -log(L): 11670.5  Spbio: 3683.03 21515 cat 918.972
3 218 -log(L): 11076.1  Spbio: 3714.4 20559.7 cat 160.979
3 219 -log(L): 10952  Spbio: 3808.75 20271.5 cat 168.273
3 220 -log(L): 10700.9  Spbio: 3898.03 20107.9 cat 76.1026
3 221 -log(L): 10241.7  Spbio: 3930.02 19358.4 cat 5.14005
3 222 -log(L): 9884.44  Spbio: 3795.75 20267.1 cat 104.114
3 223 -log(L): 9596.03  Spbio: 3326.06 23792.1
3 224 -log(L): 9515.28  Spbio: 3589.23 25412.1 cat 21.794
3 225 -log(L): 9416.97  Spbio: 3643.37 25139.8 cat 1.78778
3 226 -log(L): 9275.92  Spbio: 3662.72 25270.7 cat 8.6077
3 227 -log(L): 9129.89  Spbio: 3610.22 24969.8 cat 11.9407
3 228 -log(L): 8894.84  Spbio: 3617.93 23581.7 cat 18.2486
3 229 -log(L): 8837.03  Spbio: 3662.29 25241.2 cat 20.8751
3 230 -log(L): 8743.77  Spbio: 3726.62 26740.3 cat 9.79653
3 231 -log(L): 8605.35  Spbio: 4090.07 28284.4 cat 20.9805
phase= 3 | nvar=176 | iter= 20 | nll=8.61e+03 | mag=6.95e+04 | par[ 22]=SR_parm[1]
3 232 -log(L): 8488.37  Spbio: 5400.6 29966.7 cat 12.8468
3 233 -log(L): 8532.25  Spbio: 6788.65 36567.6
3 234 -log(L): 8468.95  Spbio: 5807.7 31979.8
3 235 -log(L): 8432.8  Spbio: 5710.32 32487.9
3 236 -log(L): 8372.71  Spbio: 5681.36 33235.2
3 237 -log(L): 8318.48  Spbio: 5910.04 33832.7
3 238 -log(L): 8257.81  Spbio: 6100.04 33324.9
3 239 -log(L): 8255.07  Spbio: 6805.55 32421.6
3 240 -log(L): 8226.78  Spbio: 6447.25 32833.6
3 241 -log(L): 8181.05  Spbio: 6441.05 32558.6
3 242 -log(L): 8134.39  Spbio: 6522.7 33814.9
3 243 -log(L): 8071.01  Spbio: 6418.07 34960
3 244 -log(L): 8007.41  Spbio: 6574.36 33384.5 cat 0.0551869
3 245 -log(L): 7929.02  Spbio: 6464.86 34551 cat 0.159489
3 246 -log(L): 7842.37  Spbio: 6982.4 35133.3 cat 0.0655149
3 247 -log(L): 7782.73  Spbio: 7386.31 33679.2
3 248 -log(L): 7741.69  Spbio: 7321.57 33721.6
3 249 -log(L): 7689.85  Spbio: 7348.56 34500.7
3 250 -log(L): 7659.21  Spbio: 7957.69 33837.6
3 251 -log(L): 7616.63  Spbio: 7969.48 29977.1
3 252 -log(L): 7577.13  Spbio: 7942.46 28628.5
3 253 -log(L): 7526.93  Spbio: 8002.58 28053.7
phase= 3 | nvar=176 | iter= 40 | nll=7.54e+03 | mag=8.03e+03 | par[ 63]=Q_parm[11]
3 254 -log(L): 7499.78  Spbio: 8227.08 27848.8
3 255 -log(L): 7464.5  Spbio: 8374.84 27582.3
3 256 -log(L): 7419.21  Spbio: 8097.77 26340 cat 0.605378
3 257 -log(L): 7390.64  Spbio: 8247.23 26835.2
3 258 -log(L): 7383.03  Spbio: 8017.97 23948.9 cat 7.44928
3 259 -log(L): 7371.46  Spbio: 8110.63 25064.5 cat 0.429246
3 260 -log(L): 7346  Spbio: 8033.97 25641.7
3 261 -log(L): 7314.26  Spbio: 7749.28 25107
3 262 -log(L): 7286.85  Spbio: 7685.24 23994.1
3 263 -log(L): 7258.67  Spbio: 7482.42 20734.1 cat 0.102516
3 264 -log(L): 7250.17  Spbio: 7366.36 17742.7 cat 0.0833682
3 265 -log(L): 7240.55  Spbio: 7305.21 16235 cat 0.848434
3 266 -log(L): 7228.43  Spbio: 7224.43 15944.4 cat 0.112251
3 267 -log(L): 7216.7  Spbio: 7241.64 14572.8 cat 0.044266
3 268 -log(L): 7210.67  Spbio: 7167.66 13296.5 cat 0.109082
3 269 -log(L): 7206.3  Spbio: 7290.49 12787.7 cat 2.28773
3 270 -log(L): 7199.89  Spbio: 7187.14 13031.9 cat 0.769194
3 271 -log(L): 7194.3  Spbio: 7131.7 12868.7 cat 1.76403
3 272 -log(L): 7188.88  Spbio: 7126.58 12795.7 cat 2.40858
3 273 -log(L): 7186.2  Spbio: 7178.82 12695.8 cat 1.30923
3 274 -log(L): 7182.39  Spbio: 7156.95 12537 cat 1.23922
phase= 3 | nvar=176 | iter= 60 | nll=7.19e+03 | mag=7.10e+03 | par[ 22]=SR_parm[1]
3 275 -log(L): 7178.79  Spbio: 7173.87 12279.5 cat 0.603528
3 276 -log(L): 7175.69  Spbio: 7079.06 11965.9 cat 0.758842
3 277 -log(L): 7171.33  Spbio: 7011.43 12033.3 cat 0.666153
3 278 -log(L): 7166.45  Spbio: 6945.26 12293.2 cat 0.206423
3 279 -log(L): 7160.42  Spbio: 6893.91 12344 cat 0.173575
3 280 -log(L): 7153.07  Spbio: 6970.06 12493.6 cat 0.0107443
3 281 -log(L): 7146.74  Spbio: 6934.48 11977.2 cat 0.980937
3 282 -log(L): 7138.9  Spbio: 7030.59 12320.5 cat 0.0592511
3 283 -log(L): 7130.4  Spbio: 6988.48 12236.2 cat 0.112571
3 284 -log(L): 7126.83  Spbio: 7059.51 12390.9 cat 0.175658
3 285 -log(L): 7123.9  Spbio: 7137.15 12322.6 cat 0.180939
3 286 -log(L): 7122.57  Spbio: 7105.95 12460.5 cat 0.179767
3 287 -log(L): 7120.68  Spbio: 7117.15 12564.6 cat 0.206147
3 288 -log(L): 7119.57  Spbio: 7222.85 12581.3 cat 0.194918
3 289 -log(L): 7117.84  Spbio: 7231.42 12610.4 cat 0.128558
3 290 -log(L): 7116.29  Spbio: 7183.08 12579.7 cat 0.132393
3 291 -log(L): 7115.52  Spbio: 7133.28 12422.3 cat 0.12937
3 292 -log(L): 7114.48  Spbio: 7153.73 12385.5 cat 0.133122
3 293 -log(L): 7112.67  Spbio: 7147.41 12453.7 cat 0.103017
3 294 -log(L): 7110.65  Spbio: 7110.28 12583.5 cat 0.145798
phase= 3 | nvar=176 | iter= 80 | nll=7.12e+03 | mag=8.43e+03 | par[ 22]=SR_parm[1]
3 295 -log(L): 7108.24  Spbio: 7072.75 12716.9 cat 0.0958662
3 296 -log(L): 7106.02  Spbio: 7019.2 12773.5 cat 0.145034
3 297 -log(L): 7103.48  Spbio: 6978.12 12860.4 cat 0.136303
3 298 -log(L): 7100.04  Spbio: 6946.11 13045.1 cat 0.0638757
3 299 -log(L): 7095.59  Spbio: 6892.97 13160 cat 0.106628
3 300 -log(L): 7088.38  Spbio: 6854.25 13340 cat 0.070527
3 301 -log(L): 7080.14  Spbio: 6773.49 13788.7
3 302 -log(L): 7081.76  Spbio: 6670.85 13965 cat 0.0265689
3 303 -log(L): 7076.45  Spbio: 6726.38 13863.5 cat 0.0124651
3 304 -log(L): 7070.66  Spbio: 6706.05 14157.3 cat 0.0203257
3 305 -log(L): 7064.79  Spbio: 6652.29 14327.5 cat 0.0245175
Exiting without success due to excessive function evaluations (maxfn=100) | mag=7507.75
phase= 3 | nvar=176 | iter= 91 | nll=7.07e+03 | mag=7.51e+03 | par[ 63]=Q_parm[11]
3 306 -log(L): 7064.79  Spbio: 6652.29 14327.5 cat 0.0245175
4 307 -log(L): 7064.79  Spbio: 6652.29 14327.5 cat 0.0245175
phase= 4 | nvar=184 | iter=  0 | nll=7.06e+03 | mag=7.51e+03 | par[ 63]=Q_parm[11]
4 308 -log(L): 7064.77  Spbio: 6652.28 14327.9 cat 0.0243741
4 309 -log(L): 7064.57  Spbio: 6652.15 14332.6 cat 0.0229808
4 310 -log(L): 7062.62  Spbio: 6650.86 14379.3 cat 0.0125353
4 311 -log(L): 7046.27  Spbio: 6638 14835.9
4 312 -log(L): 7011.75  Spbio: 6457.4 15010.9
4 313 -log(L): 6960.59  Spbio: 6072.9 15559.1 cat 0.245744
4 314 -log(L): 6905.97  Spbio: 5642.15 13030.9
4 315 -log(L): 6857.53  Spbio: 5340.29 13716.8 cat 6.43732
4 316 -log(L): 6797.14  Spbio: 5368.01 14659.5 cat 0.60057
4 317 -log(L): 6747.58  Spbio: 5708.73 15893.9 cat 4.81467
4 318 -log(L): 6747.55  Spbio: 5446.81 18117.4
4 319 -log(L): 6724  Spbio: 5578.35 16958.2 cat 0.0248453
4 320 -log(L): 6691.23  Spbio: 5482.31 16324.2 cat 0.229188
4 321 -log(L): 6671.82  Spbio: 5223.48 16414.6 cat 0.156708
4 322 -log(L): 6650.09  Spbio: 5180.39 16685.7 cat 0.866705
4 323 -log(L): 6635.82  Spbio: 5364.78 17230.5 cat 1.9818
4 324 -log(L): 6626.65  Spbio: 5241.61 16677.8
4 325 -log(L): 6615.19  Spbio: 5123.31 15254.2
4 326 -log(L): 6601.18  Spbio: 4938.16 14496.9 cat 0.12106
4 327 -log(L): 6587.32  Spbio: 4949.78 13955.2
4 328 -log(L): 6572.74  Spbio: 5238.04 12968.8 cat 0.0650836
4 329 -log(L): 6554.67  Spbio: 5256.05 11860.5 cat 0.0296534
4 330 -log(L): 6543.64  Spbio: 5630.68 10421.7 cat 0.321948
4 331 -log(L): 6534.14  Spbio: 5307.82 10860.3 cat 0.0466368
phase= 4 | nvar=184 | iter= 20 | nll=6.53e+03 | mag=7.35e+03 | par[ 62]=Q_parm[9]
4 332 -log(L): 6522  Spbio: 5287.66 10055.8 cat 1.28683
4 333 -log(L): 6513.98  Spbio: 5406.9 10909.3 cat 0.665821
4 334 -log(L): 6502.82  Spbio: 5473.8 10749 cat 0.0520769
4 335 -log(L): 6491.09  Spbio: 5560.17 10633.8 cat 1.54669
4 336 -log(L): 6491.52  Spbio: 5504.42 10495.4 cat 0.0190174
4 337 -log(L): 6488.71  Spbio: 5535.6 10574.4 cat 1.23118
4 338 -log(L): 6484.37  Spbio: 5489.71 10542.2 cat 1.21295
4 339 -log(L): 6477.01  Spbio: 5497.77 10469.8 cat 1.27351
4 340 -log(L): 6467.65  Spbio: 5516.51 10500.5 cat 1.59393
4 341 -log(L): 6464.03  Spbio: 5506.46 10561.3 cat 2.10134
4 342 -log(L): 6456.55  Spbio: 5467.1 10222.2 cat 2.53255
4 343 -log(L): 6452.15  Spbio: 5375.47 10121.8 cat 4.28682
4 344 -log(L): 6449.19  Spbio: 5450.95 9930.91 cat 4.99347
4 345 -log(L): 6445.62  Spbio: 5439.03 10002.4 cat 4.07641
4 346 -log(L): 6440.74  Spbio: 5445.38 10165.3 cat 5.12965
4 347 -log(L): 6434.37  Spbio: 5517.93 10612.9 cat 4.41158
4 348 -log(L): 6428.14  Spbio: 5560.99 10970.9 cat 3.87295
4 349 -log(L): 6425.24  Spbio: 5636.45 11430.5 cat 5.09255
4 350 -log(L): 6420.77  Spbio: 5646.52 11527.3 cat 6.06024
4 351 -log(L): 6414.53  Spbio: 5689.19 11728.4 cat 5.51306
4 352 -log(L): 6406.62  Spbio: 5677.49 11873.7 cat 6.28031
phase= 4 | nvar=184 | iter= 40 | nll=6.41e+03 | mag=1.25e+04 | par[ 22]=SR_parm[1]
4 353 -log(L): 6400.57  Spbio: 5798.3 11980.1 cat 7.95763
4 354 -log(L): 6394.43  Spbio: 5742.85 12173.8 cat 6.09812
4 355 -log(L): 6387.09  Spbio: 5802.32 12386.3 cat 4.97936
4 356 -log(L): 6384.31  Spbio: 5769.95 12654.9 cat 1.95011
4 357 -log(L): 6380.78  Spbio: 5724.08 12622.4 cat 1.96044
4 358 -log(L): 6377.43  Spbio: 5753.67 12824.8 cat 2.14696
4 359 -log(L): 6372.78  Spbio: 5729.75 12891.2 cat 2.60338
4 360 -log(L): 6368.27  Spbio: 5721.15 12925.3 cat 0.640467
4 361 -log(L): 6366.5  Spbio: 5814.68 12863.3 cat 4.341
4 362 -log(L): 6363.7  Spbio: 5812.36 12805.7 cat 3.84913
4 363 -log(L): 6360.05  Spbio: 5827.12 12667.4 cat 3.6888
4 364 -log(L): 6355.77  Spbio: 5828.91 12568.2 cat 2.02998
4 365 -log(L): 6350.98  Spbio: 5857.73 12583.7 cat 2.46163
4 366 -log(L): 6350.83  Spbio: 5840.41 12385.4 cat 0.707717
4 367 -log(L): 6348.32  Spbio: 5848.71 12472.4 cat 1.14903
4 368 -log(L): 6345.38  Spbio: 5797.8 12452.7 cat 2.58851
4 369 -log(L): 6342.49  Spbio: 5783.81 12684.8 cat 1.34608
4 370 -log(L): 6339.99  Spbio: 5817.19 12829.2 cat 1.44074
4 371 -log(L): 6337.3  Spbio: 5799.09 12828 cat 0.810407
4 372 -log(L): 6335.05  Spbio: 5726.16 12595.8 cat 0.862872
4 373 -log(L): 6332.42  Spbio: 5760.24 12382.7 cat 1.32846
phase= 4 | nvar=184 | iter= 60 | nll=6.34e+03 | mag=1.91e+04 | par[ 22]=SR_parm[1]
4 374 -log(L): 6329.2  Spbio: 5746.12 12211.5 cat 1.42686
4 375 -log(L): 6324.33  Spbio: 5800.44 12209.2 cat 1.07483
4 376 -log(L): 6314.84  Spbio: 5879.88 12242.7 cat 0.533975
4 377 -log(L): 142506  Spbio: 6874.44 7896.35 cat 134758
4 378 -log(L): 6314.83  Spbio: 5880.04 12242.7 cat 0.53309
4 379 -log(L): 6314.65  Spbio: 5881.62 12242.7 cat 0.524298
4 380 -log(L): 6312.95  Spbio: 5897.44 12241 cat 0.442336
4 381 -log(L): 6336.84  Spbio: 6078.08 11551.6 cat 0.932253
4 382 -log(L): 6306.25  Spbio: 5976.07 12145 cat 0.298176
4 383 -log(L): 6310.59  Spbio: 6057.45 12143.5 cat 3.8917
4 384 -log(L): 6303.61  Spbio: 6007.74 12152.8 cat 0.896745
4 385 -log(L): 6304.87  Spbio: 6010.15 12356.1 cat 0.477538
4 386 -log(L): 6302.55  Spbio: 6008.78 12228.7 cat 0.730132
4 387 -log(L): 6301.39  Spbio: 6056.67 12410.4 cat 0.365264
4 388 -log(L): 6300.09  Spbio: 6029.72 12490.1 cat 0.359383
4 389 -log(L): 6298.52  Spbio: 6046.22 12543.5 cat 0.972738
4 390 -log(L): 6297.83  Spbio: 6056.85 12659.3 cat 0.920251
4 391 -log(L): 6296.81  Spbio: 6063.3 12741.6 cat 0.927995
4 392 -log(L): 6295.92  Spbio: 6072.99 12782 cat 0.590957
4 393 -log(L): 6294.76  Spbio: 6081.42 12822.9 cat 0.549281
4 394 -log(L): 6293.54  Spbio: 6090.28 12838.2 cat 0.504276
4 395 -log(L): 6292.43  Spbio: 6108.66 12835.2 cat 0.516774
4 396 -log(L): 6290.88  Spbio: 6105.22 12867.8 cat 0.368453
4 397 -log(L): 6288.51  Spbio: 6090.67 12763 cat 0.258111
4 398 -log(L): 6285.17  Spbio: 6078.1 12711.8 cat 0.422033
4 399 -log(L): 6282.96  Spbio: 6059.3 12591.7 cat 0.0637313
4 400 -log(L): 6280.77  Spbio: 6059.43 12479.8 cat 0.108207
phase= 4 | nvar=184 | iter= 80 | nll=6.28e+03 | mag=8.02e+03 | par[ 62]=Q_parm[9]
4 401 -log(L): 6278.03  Spbio: 6055.22 12523.4 cat 0.142505
4 402 -log(L): 6274.07  Spbio: 6036.69 12734.7 cat 0.0274759
4 403 -log(L): 6267.68  Spbio: 6044.24 13255 cat 0.192074
4 404 -log(L): 6258.63  Spbio: 6051.8 14631.5 cat 0.539773
4 405 -log(L): 6220.85  Spbio: 6100.8 16803.7 cat 2.0014
4 406 -log(L): 37586.8  Spbio: 7923.3 82527.3
4 407 -log(L): 6219.02  Spbio: 6103.38 16904.1 cat 2.0937
4 408 -log(L): 6221.46  Spbio: 6117.23 17428.6 cat 2.5658
4 409 -log(L): 6216.81  Spbio: 6110.16 17159.5 cat 2.44576
4 410 -log(L): 16872.5  Spbio: 6656.98 41783 cat 9484.57
4 411 -log(L): 6216.76  Spbio: 6110.3 17166.4 cat 2.45076
4 412 -log(L): 6216.53  Spbio: 6111.7 17236.2 cat 2.48065
4 413 -log(L): 6216.15  Spbio: 6113.65 17314.5 cat 2.56911
4 414 -log(L): 6215.5  Spbio: 6118.14 17472.2 cat 2.62148
4 415 -log(L): 6214.69  Spbio: 6115.43 17630.8 cat 2.60252
4 416 -log(L): 6213.52  Spbio: 6130.08 18068 cat 2.63999
4 417 -log(L): 6212.06  Spbio: 6131.8 18525 cat 2.80112
4 418 -log(L): 6210.35  Spbio: 6107.74 18833.5 cat 2.89614
4 419 -log(L): 6208.06  Spbio: 6075.29 19065.5 cat 2.76988
4 420 -log(L): 6205.98  Spbio: 6043.09 19236.3 cat 2.3288
4 421 -log(L): 6202.99  Spbio: 6038.01 19453.5 cat 2.05814
4 422 -log(L): 6199.6  Spbio: 6009.36 19619.2 cat 1.97968
4 423 -log(L): 6195.75  Spbio: 5974.22 19272.1 cat 1.61128
4 424 -log(L): 6193.37  Spbio: 5959.95 19390.4 cat 2.13098
4 425 -log(L): 6190.53  Spbio: 5948 18981.2 cat 1.69686
4 426 -log(L): 6189.82  Spbio: 5924.07 18891.3 cat 1.26862
phase= 4 | nvar=184 | iter=100 | nll=6.19e+03 | mag=7.01e+03 | par[ 62]=Q_parm[9]
4 427 -log(L): 6188.66  Spbio: 5920.79 18909.3 cat 1.25847
4 428 -log(L): 6186.98  Spbio: 5897.7 18669 cat 1.31041
4 429 -log(L): 6184.35  Spbio: 5886.21 18462.8 cat 1.21083
4 430 -log(L): 6180.09  Spbio: 5873.67 18234.8 cat 1.31436
4 431 -log(L): 6173.8  Spbio: 5856.43 18112.4 cat 1.1195
4 432 -log(L): 6166.78  Spbio: 5821.02 18279.1 cat 0.748542
4 433 -log(L): 6164.5  Spbio: 5842.31 17924.6 cat 0.426546
4 434 -log(L): 6160.83  Spbio: 5824.74 17815.7 cat 0.435584
4 435 -log(L): 6155.89  Spbio: 5804.51 17803.7 cat 0.295028
4 436 -log(L): 6147.97  Spbio: 5818.18 17752.9 cat 0.413921
4 437 -log(L): 6140.73  Spbio: 5824.23 17811.5 cat 0.287894
4 438 -log(L): 6132.24  Spbio: 5759.82 17434.1 cat 0.41538
4 439 -log(L): 6118.65  Spbio: 5721.48 17268.1 cat 0.755763
4 440 -log(L): 6099.46  Spbio: 5708.86 17059.4 cat 0.0518238
4 441 -log(L): 6080.54  Spbio: 5587.24 16157.1 cat 1.33457
4 442 -log(L): 6093.96  Spbio: 5517.89 15522.3 cat 17.746
4 443 -log(L): 6072.48  Spbio: 5560.46 15907.8 cat 4.0051
4 444 -log(L): 6065.74  Spbio: 5489.82 15932 cat 2.27737
4 445 -log(L): 6055.91  Spbio: 5439.67 15834.8 cat 0.569699
4 446 -log(L): 6042.92  Spbio: 5379.94 16020.4 cat 1.28985
4 447 -log(L): 6032.37  Spbio: 5300.07 16071 cat 0.0880326
phase= 4 | nvar=184 | iter=120 | nll=6.03e+03 | mag=1.27e+04 | par[ 22]=SR_parm[1]
4 448 -log(L): 6022.62  Spbio: 5233.18 16374.9 cat 0.440183
4 449 -log(L): 6016.69  Spbio: 5201.1 16811 cat 0.0921686
4 450 -log(L): 6007.26  Spbio: 5181.73 16796 cat 0.0173589
4 451 -log(L): 5994.52  Spbio: 5151.72 17442 cat 0.0537432
4 452 -log(L): 5985.87  Spbio: 5159.67 16803.9 cat 0.497979
4 453 -log(L): 5980.39  Spbio: 5128.88 17623
4 454 -log(L): 5974.39  Spbio: 5141.84 17769.1 cat 0.0272299
4 455 -log(L): 5971.1  Spbio: 5194.94 17522.4 cat 0.238908
4 456 -log(L): 5967.14  Spbio: 5201.46 17415.6 cat 0.497534
4 457 -log(L): 5964.13  Spbio: 5250.66 17401.6
4 458 -log(L): 5960.73  Spbio: 5238.11 17325.1 cat 0.0316215
4 459 -log(L): 5958.21  Spbio: 5229.53 16966.4
4 460 -log(L): 5955.53  Spbio: 5231.41 16731.2 cat 0.0364587
4 461 -log(L): 5956.53  Spbio: 5198.27 16506.5 cat 0.03445
4 462 -log(L): 5954.39  Spbio: 5217.19 16633.6
4 463 -log(L): 5952.94  Spbio: 5212.04 16609.5 cat 0.122182
4 464 -log(L): 5951.08  Spbio: 5204.43 16571.9 cat 0.165788
4 465 -log(L): 5948.25  Spbio: 5194.73 16511.6 cat 0.250496
4 466 -log(L): 5944.1  Spbio: 5178.08 16572 cat 0.2088
4 467 -log(L): 5939.44  Spbio: 5161.4 16554 cat 0.357281
4 468 -log(L): 5933.45  Spbio: 5146.3 16679.6 cat 0.209374
phase= 4 | nvar=184 | iter=140 | nll=5.93e+03 | mag=2.57e+03 | par[ 22]=SR_parm[1]
4 469 -log(L): 5924.73  Spbio: 5104.66 16838.7 cat 0.265236
4 470 -log(L): 5924.45  Spbio: 5009.12 16569.5
4 471 -log(L): 5920.21  Spbio: 5055.03 16693.4 cat 0.0801343
4 472 -log(L): 5918.82  Spbio: 5041.73 16713.8 cat 0.528852
4 473 -log(L): 5916.37  Spbio: 5045.16 16716.4 cat 0.699304
4 474 -log(L): 5912.16  Spbio: 5066.89 16613 cat 0.849151
4 475 -log(L): 5907.37  Spbio: 5112.38 16688.9 cat 1.53464
4 476 -log(L): 5906.68  Spbio: 5090.84 16203.8 cat 0.0713409
4 477 -log(L): 5904.67  Spbio: 5100.42 16419.8 cat 0.557191
4 478 -log(L): 5900.6  Spbio: 5086.59 16298.6 cat 0.767297
4 479 -log(L): 5895.57  Spbio: 5087.88 16152.7 cat 1.01372
4 480 -log(L): 5890.02  Spbio: 5072.95 16382.3 cat 1.67054
4 481 -log(L): 5888.96  Spbio: 5039.97 16987.6 cat 1.43708
4 482 -log(L): 5887.31  Spbio: 5037.47 17084.6 cat 1.66179
4 483 -log(L): 5885.49  Spbio: 4989.05 17418.8 cat 1.09705
4 484 -log(L): 5884.17  Spbio: 4937.82 17481.4 cat 0.0540645
4 485 -log(L): 5882.53  Spbio: 4921.7 17542.5 cat 0.10789
4 486 -log(L): 5880.43  Spbio: 4904.12 17675.8 cat 0.257534
4 487 -log(L): 5878.31  Spbio: 4872.96 17611.2 cat 0.891031
4 488 -log(L): 5875.02  Spbio: 4853.68 17631 cat 0.349939
4 489 -log(L): 5869.97  Spbio: 4847.02 17608.3 cat 0.810071
4 490 -log(L): 5864.38  Spbio: 4823 17930.9 cat 3.76261
phase= 4 | nvar=184 | iter=160 | nll=5.86e+03 | mag=5.38e+03 | par[ 22]=SR_parm[1]
4 491 -log(L): 5862.21  Spbio: 4787.5 18123.9 cat 1.48733
4 492 -log(L): 5859.4  Spbio: 4773.96 18066.6 cat 0.882032
4 493 -log(L): 5857.32  Spbio: 4776.73 17942.6 cat 0.126353
4 494 -log(L): 5854.69  Spbio: 4784.47 17897.2 cat 0.456969
4 495 -log(L): 5851.26  Spbio: 4777.59 18025.2 cat 0.273383
4 496 -log(L): 5847.42  Spbio: 4790.97 17944.9 cat 0.538587
4 497 -log(L): 5846.26  Spbio: 4858.92 17769.1 cat 0.518286
4 498 -log(L): 5844.11  Spbio: 4874.63 17724.1 cat 0.669775
4 499 -log(L): 5840.86  Spbio: 4861.87 17871 cat 0.481697
4 500 -log(L): 5836.93  Spbio: 4816.46 18145.9 cat 0.0782845
4 501 -log(L): 5834  Spbio: 4738.89 18279.2 cat 0.169568
4 502 -log(L): 5832.03  Spbio: 4749.52 18435.3 cat 0.163281
4 503 -log(L): 5828.95  Spbio: 4781.3 18614.5 cat 0.326114
4 504 -log(L): 5825.3  Spbio: 4837.63 18672.2 cat 1.03344
4 505 -log(L): 5821.04  Spbio: 4867.61 18431.7 cat 1.12547
4 506 -log(L): 5815.86  Spbio: 4892.86 18383.8 cat 1.11263
4 507 -log(L): 5820.13  Spbio: 4853.77 19036 cat 1.55272
4 508 -log(L): 5813.98  Spbio: 4876.87 18609.5 cat 1.15954
4 509 -log(L): 5811.82  Spbio: 4854.01 18992 cat 1.03565
4 510 -log(L): 5810.06  Spbio: 4931.41 19205 cat 0.715177
4 511 -log(L): 5807.67  Spbio: 4939.23 19260 cat 1.4308
phase= 4 | nvar=184 | iter=180 | nll=5.81e+03 | mag=1.08e+04 | par[ 22]=SR_parm[1]
4 512 -log(L): 5805.8  Spbio: 4924.27 19310.7 cat 0.367142
4 513 -log(L): 5803.06  Spbio: 4906.08 19368.8 cat 0.86887
4 514 -log(L): 5798.7  Spbio: 4873.09 19551.5 cat 0.880962
4 515 -log(L): 5800.15  Spbio: 4851.43 19365.1 cat 0.892869
4 516 -log(L): 5796.67  Spbio: 4862.79 19443.6 cat 0.925251
4 517 -log(L): 5793.32  Spbio: 4852.54 19677.6 cat 0.875307
4 518 -log(L): 5788.35  Spbio: 4821.52 19753.9 cat 0.390976
4 519 -log(L): 5782.98  Spbio: 4744.62 20225.4 cat 0.253541
4 520 -log(L): 5783.81  Spbio: 4684.5 21015.4 cat 0.941957
4 521 -log(L): 5780.26  Spbio: 4714.67 20593.7 cat 0.0351802
4 522 -log(L): 5776.76  Spbio: 4726.39 20863.7 cat 0.505476
4 523 -log(L): 5772.11  Spbio: 4752.83 20864.4 cat 0.481726
4 524 -log(L): 5768.97  Spbio: 4757.99 20801.2 cat 0.0874752
4 525 -log(L): 5764.45  Spbio: 4719.91 20748 cat 0.298206
4 526 -log(L): 5758.81  Spbio: 4707.37 20616.6 cat 0.439991
4 527 -log(L): 5755.59  Spbio: 4717.95 20377.9 cat 0.990272
4 528 -log(L): 5752.08  Spbio: 4700.36 20465.4 cat 0.0955437
4 529 -log(L): 5747.18  Spbio: 4677.74 20681.7 cat 0.134916
4 530 -log(L): 5746.86  Spbio: 4673.45 21063.1 cat 0.298661
4 531 -log(L): 5744.79  Spbio: 4675.12 20879 cat 0.212818
4 532 -log(L): 5741.19  Spbio: 4632.04 21052.9 cat 0.0464452
4 533 -log(L): 5737.7  Spbio: 4568.49 21199.3 cat 0.325434
4 534 -log(L): 5734.62  Spbio: 4574.02 21142.2 cat 0.517716
phase= 4 | nvar=184 | iter=200 | nll=5.73e+03 | mag=1.96e+04 | par[ 22]=SR_parm[1]
4 535 -log(L): 5735.37  Spbio: 4529.69 20797.9 cat 1.10041
4 536 -log(L): 5733.39  Spbio: 4552.95 20977.3
4 537 -log(L): 5731.44  Spbio: 4575.73 20952.9
4 538 -log(L): 5729.02  Spbio: 4569.27 21035 cat 0.141255
4 539 -log(L): 5727.69  Spbio: 4555.83 21059.1 cat 0.44742
4 540 -log(L): 5725.78  Spbio: 4579.55 20939.9 cat 0.217571
4 541 -log(L): 5724.26  Spbio: 4599.29 20829.3 cat 1.69248
4 542 -log(L): 5723.47  Spbio: 4605.04 20791.7 cat 0.180967
4 543 -log(L): 5722.51  Spbio: 4610.59 20710.1 cat 0.349997
4 544 -log(L): 5721.18  Spbio: 4607.65 20634.8 cat 0.332482
4 545 -log(L): 5719.28  Spbio: 4615.26 20600 cat 0.88358
4 546 -log(L): 5717.15  Spbio: 4595.99 20640.6 cat 1.00962
4 547 -log(L): 5716.29  Spbio: 4589.38 20535.2 cat 1.20102
4 548 -log(L): 5715.3  Spbio: 4591.98 20469.2 cat 1.25864
4 549 -log(L): 5714.4  Spbio: 4597.84 20366.7 cat 0.867401
4 550 -log(L): 5713.43  Spbio: 4602.71 20390.6 cat 1.25631
4 551 -log(L): 5711.88  Spbio: 4609.32 20331.1 cat 1.09166
4 552 -log(L): 5709.51  Spbio: 4616.07 20215 cat 1.122
4 553 -log(L): 5708.51  Spbio: 4682.02 19974.9 cat 1.93657
4 554 -log(L): 5707.65  Spbio: 4658.61 20062.3 cat 1.38617
4 555 -log(L): 5708.21  Spbio: 4723.07 19803.3 cat 0.448863
4 556 -log(L): 5706.7  Spbio: 4687.96 19937.9 cat 0.558767
4 557 -log(L): 5705.24  Spbio: 4702.53 19705.7 cat 0.536234
phase= 4 | nvar=184 | iter=220 | nll=5.71e+03 | mag=1.60e+04 | par[ 22]=SR_parm[1]
4 558 -log(L): 5703.52  Spbio: 4734.1 19618.4 cat 1.16654
4 559 -log(L): 5702.93  Spbio: 4757.49 19615.2 cat 2.546
4 560 -log(L): 5702.28  Spbio: 4748.48 19612.5 cat 1.64054
4 561 -log(L): 5703.12  Spbio: 4783.93 19580.9 cat 0.355742
4 562 -log(L): 5701.48  Spbio: 4764.75 19594 cat 1.07318
4 563 -log(L): 5700.44  Spbio: 4782.96 19540.8 cat 0.823443
4 564 -log(L): 5698.88  Spbio: 4814.9 19449.1 cat 1.0737
4 565 -log(L): 5697.73  Spbio: 4882.76 19340 cat 0.426358
4 566 -log(L): 5697.52  Spbio: 4884.18 19348.9 cat 0.647391
4 567 -log(L): 5697.06  Spbio: 4883.51 19345 cat 0.421837
4 568 -log(L): 5696.23  Spbio: 4892.82 19252.1 cat 0.702763
4 569 -log(L): 5695.62  Spbio: 4900.73 19377.1 cat 1.07669
4 570 -log(L): 5695.11  Spbio: 4897.56 19491.2 cat 1.01143
4 571 -log(L): 5694.58  Spbio: 4896.1 19526.2 cat 1.14279
4 572 -log(L): 5694.06  Spbio: 4930.81 19583 cat 0.852372
4 573 -log(L): 5693.74  Spbio: 4957.34 19723.6 cat 0.650041
4 574 -log(L): 5693.45  Spbio: 4948.96 19818.3 cat 0.674825
4 575 -log(L): 5693.15  Spbio: 4971.38 19884.4 cat 0.574586
4 576 -log(L): 5692.86  Spbio: 4976.27 20105.4 cat 0.607839
4 577 -log(L): 5692.56  Spbio: 4982.16 20295.1 cat 0.68443
4 578 -log(L): 5692.27  Spbio: 4989.99 20501.5 cat 0.705543
4 579 -log(L): 5692.03  Spbio: 4994.59 20691.5 cat 0.965109
4 580 -log(L): 5691.87  Spbio: 4994.65 20664 cat 0.941124
phase= 4 | nvar=184 | iter=240 | nll=5.69e+03 | mag=1.96e+03 | par[ 22]=SR_parm[1]
4 581 -log(L): 5691.65  Spbio: 4996.73 20829 cat 0.814569
4 582 -log(L): 5691.49  Spbio: 5022.18 20945.2 cat 0.735077
4 583 -log(L): 5691.35  Spbio: 5016.84 20999.9 cat 0.84207
4 584 -log(L): 5691.29  Spbio: 5014.71 21092.7 cat 0.738438
4 585 -log(L): 5691.2  Spbio: 5018.87 21119.8 cat 0.766005
4 586 -log(L): 5691.06  Spbio: 5031.17 21189 cat 0.837758
4 587 -log(L): 5691.04  Spbio: 5040.49 21367 cat 1.02556
4 588 -log(L): 5690.97  Spbio: 5036.56 21292.2 cat 0.92864
4 589 -log(L): 5690.85  Spbio: 5047.21 21375.5 cat 0.902454
4 590 -log(L): 5690.68  Spbio: 5061.53 21584.5 cat 0.950401
4 591 -log(L): 5690.51  Spbio: 5072.73 21816.9 cat 0.860994
4 592 -log(L): 5690.3  Spbio: 5087.91 22190.2 cat 0.842177
4 593 -log(L): 5690.22  Spbio: 5091.61 22436.4 cat 0.749413
4 594 -log(L): 5690.1  Spbio: 5090.48 22430.8 cat 0.725522
4 595 -log(L): 5689.95  Spbio: 5097.52 22461.9 cat 0.744575
4 596 -log(L): 5689.72  Spbio: 5087.75 22442.3 cat 0.727572
4 597 -log(L): 5689.4  Spbio: 5096.8 22522.5 cat 0.671326
4 598 -log(L): 5689.16  Spbio: 5126.89 22591.1 cat 0.571656
4 599 -log(L): 5689.02  Spbio: 5120.2 22582.7 cat 0.665363
4 600 -log(L): 5688.83  Spbio: 5122.58 22547.5 cat 0.638453
4 601 -log(L): 5688.54  Spbio: 5133.19 22531.6 cat 0.788248
phase= 4 | nvar=184 | iter=260 | nll=5.69e+03 | mag=7.33e+02 | par[ 92]=selparm[71]
4 602 -log(L): 5688.22  Spbio: 5148.43 22456 cat 0.774112
4 603 -log(L): 5688.17  Spbio: 5164.45 22409.3 cat 1.08983
4 604 -log(L): 5688.08  Spbio: 5161.86 22425.2 cat 1.03417
4 605 -log(L): 5687.93  Spbio: 5156.08 22416.4 cat 0.954714
4 606 -log(L): 5687.8  Spbio: 5149.23 22433.9 cat 0.738282
4 607 -log(L): 5687.62  Spbio: 5136.41 22332 cat 0.832942
4 608 -log(L): 5687.35  Spbio: 5136.99 22231.4 cat 0.857183
4 609 -log(L): 5687.03  Spbio: 5126.71 21955.5 cat 0.911691
4 610 -log(L): 5686.89  Spbio: 5128.61 21768.8 cat 0.776353
4 611 -log(L): 5686.71  Spbio: 5141.19 21641.4 cat 0.796491
4 612 -log(L): 5686.49  Spbio: 5147.25 21479.3 cat 0.756663
4 613 -log(L): 5686.2  Spbio: 5178.27 21343.7 cat 0.668057
4 614 -log(L): 5685.98  Spbio: 5197.09 21175.3 cat 0.673707
4 615 -log(L): 5685.75  Spbio: 5206.57 20984.8 cat 0.713648
4 616 -log(L): 5685.5  Spbio: 5223.21 20851.7 cat 0.776895
4 617 -log(L): 5685.3  Spbio: 5219.17 20526.1 cat 1.0193
4 618 -log(L): 5685.15  Spbio: 5221.35 20518.2 cat 0.830416
4 619 -log(L): 5684.96  Spbio: 5221.5 20428.1 cat 0.769862
4 620 -log(L): 5684.74  Spbio: 5231.12 20303.3 cat 0.695844
4 621 -log(L): 5684.61  Spbio: 5226.54 20002.1 cat 0.728893
phase= 4 | nvar=184 | iter=280 | nll=5.68e+03 | mag=2.24e+03 | par[ 22]=SR_parm[1]
4 622 -log(L): 5684.5  Spbio: 5221.55 20001.9 cat 0.692899
4 623 -log(L): 5684.33  Spbio: 5229 20031.4 cat 0.711769
4 624 -log(L): 5684.08  Spbio: 5239.48 19928.2 cat 0.706239
4 625 -log(L): 5683.8  Spbio: 5251.08 19711.8 cat 0.668271
4 626 -log(L): 5683.55  Spbio: 5260.73 19443.8 cat 0.612
4 627 -log(L): 5683.21  Spbio: 5263.96 19154.5 cat 0.680731
4 628 -log(L): 5682.97  Spbio: 5257.62 18876.5 cat 0.456385
4 629 -log(L): 5682.7  Spbio: 5251.74 18954.2 cat 0.499406
4 630 -log(L): 5682.45  Spbio: 5274.95 18989.2 cat 0.870064
4 631 -log(L): 5682.22  Spbio: 5261.43 19075 cat 0.763681
4 632 -log(L): 5681.9  Spbio: 5262.13 19070.4 cat 0.654009
4 633 -log(L): 5681.56  Spbio: 5278.64 19054.1 cat 0.67803
4 634 -log(L): 5681.42  Spbio: 5291.88 19141.7 cat 0.742776
4 635 -log(L): 5681.24  Spbio: 5295.06 19154.3 cat 0.762988
4 636 -log(L): 5681.09  Spbio: 5295.54 19124.8 cat 0.602936
4 637 -log(L): 5680.94  Spbio: 5301.3 19297.8 cat 0.618693
4 638 -log(L): 5680.81  Spbio: 5306.09 19575.4 cat 0.639343
4 639 -log(L): 5680.69  Spbio: 5315.49 19565.7 cat 0.591608
4 640 -log(L): 5680.53  Spbio: 5319.9 19700.5 cat 0.578609
4 641 -log(L): 5680.43  Spbio: 5343.57 19989.3 cat 0.540733
phase= 4 | nvar=184 | iter=300 | nll=5.68e+03 | mag=1.98e+03 | par[ 22]=SR_parm[1]
4 642 -log(L): 5680.36  Spbio: 5347.38 20038.3 cat 0.561292
4 643 -log(L): 5680.3  Spbio: 5346.25 20185.2 cat 0.615372
4 644 -log(L): 5680.22  Spbio: 5351.47 20304.1 cat 0.62444
4 645 -log(L): 5680.11  Spbio: 5366.7 20558 cat 0.630907
4 646 -log(L): 5680.01  Spbio: 5374.98 20889.4 cat 0.642675
4 647 -log(L): 5679.95  Spbio: 5376.02 21104.4 cat 0.683839
4 648 -log(L): 5679.87  Spbio: 5365.79 21298.8 cat 0.673151
4 649 -log(L): 5679.83  Spbio: 5357.11 21383.9 cat 0.735545
4 650 -log(L): 5679.8  Spbio: 5349.26 21373.6 cat 0.70458
4 651 -log(L): 5679.76  Spbio: 5343.08 21346.4 cat 0.69117
4 652 -log(L): 5679.74  Spbio: 5340.01 21360.4 cat 0.66439
4 653 -log(L): 5679.71  Spbio: 5340.35 21400.7 cat 0.660723
4 654 -log(L): 5679.69  Spbio: 5339.62 21447.8 cat 0.664924
4 655 -log(L): 5679.67  Spbio: 5338.62 21487.5 cat 0.679723
4 656 -log(L): 5679.64  Spbio: 5332.53 21536.8 cat 0.697377
4 657 -log(L): 5679.6  Spbio: 5327.99 21562.7 cat 0.714351
4 658 -log(L): 5679.57  Spbio: 5325.45 21561.4 cat 0.725986
4 659 -log(L): 5679.55  Spbio: 5329.54 21550.8 cat 0.70437
4 660 -log(L): 5679.53  Spbio: 5332.45 21499.9 cat 0.721224
4 661 -log(L): 5679.51  Spbio: 5339.87 21496.3 cat 0.689833
phase= 4 | nvar=184 | iter=320 | nll=5.68e+03 | mag=1.22e+03 | par[ 22]=SR_parm[1]
4 662 -log(L): 5679.49  Spbio: 5345.28 21511.2 cat 0.691929
4 663 -log(L): 5679.47  Spbio: 5347.43 21529.6 cat 0.690704
4 664 -log(L): 5679.45  Spbio: 5343.58 21528.8 cat 0.695445
4 665 -log(L): 5679.43  Spbio: 5336.54 21503.3 cat 0.697676
4 666 -log(L): 5679.4  Spbio: 5326.12 21447.2 cat 0.688281
4 667 -log(L): 5679.36  Spbio: 5317.03 21391.7 cat 0.678243
4 668 -log(L): 5679.35  Spbio: 5304.61 21279.7 cat 0.69505
4 669 -log(L): 5679.32  Spbio: 5306.76 21292.7 cat 0.644699
4 670 -log(L): 5679.3  Spbio: 5311.56 21316.6 cat 0.667656
4 671 -log(L): 5679.28  Spbio: 5311.33 21308.8 cat 0.641372
4 672 -log(L): 5679.24  Spbio: 5306.52 21274.4 cat 0.649817
4 673 -log(L): 5679.2  Spbio: 5295.97 21213.7 cat 0.701594
4 674 -log(L): 5679.17  Spbio: 5289.05 21121.8 cat 0.720793
4 675 -log(L): 5679.13  Spbio: 5287.8 21010.1 cat 0.724484
4 676 -log(L): 5679.1  Spbio: 5290.64 20892 cat 0.803791
4 677 -log(L): 5679.07  Spbio: 5303.27 20882.5 cat 0.711408
4 678 -log(L): 5679.05  Spbio: 5305.16 20911.9 cat 0.745858
4 679 -log(L): 5679.02  Spbio: 5309.98 20954.7 cat 0.773699
4 680 -log(L): 5679  Spbio: 5318.59 21010.5 cat 0.767416
4 681 -log(L): 5678.97  Spbio: 5325.86 21039.1 cat 0.742064
phase= 4 | nvar=184 | iter=340 | nll=5.68e+03 | mag=1.28e+03 | par[ 22]=SR_parm[1]
4 682 -log(L): 5678.94  Spbio: 5332.64 21051.6 cat 0.723237
4 683 -log(L): 5678.89  Spbio: 5337.5 21066.8 cat 0.703515
4 684 -log(L): 5678.85  Spbio: 5334.44 21090.2 cat 0.716345
4 685 -log(L): 5678.83  Spbio: 5331.41 21115.4 cat 0.725801
4 686 -log(L): 5678.81  Spbio: 5323.56 21147.5 cat 0.724371
4 687 -log(L): 5678.82  Spbio: 5316.39 21143 cat 0.893148
4 688 -log(L): 5678.8  Spbio: 5320.76 21145.8 cat 0.780678
4 689 -log(L): 5678.79  Spbio: 5319.47 21140.2 cat 0.764408
4 690 -log(L): 5678.78  Spbio: 5321.21 21142.2 cat 0.751864
4 691 -log(L): 5678.78  Spbio: 5323.43 21145.6 cat 0.740918
4 692 -log(L): 5678.77  Spbio: 5327.44 21162.6 cat 0.734447
4 693 -log(L): 5678.77  Spbio: 5328.84 21165.8 cat 0.743605
4 694 -log(L): 5678.76  Spbio: 5329.33 21175.9 cat 0.745408
4 695 -log(L): 5678.76  Spbio: 5329.97 21192.2 cat 0.751753
4 696 -log(L): 5678.76  Spbio: 5329.52 21204.5 cat 0.75374
4 697 -log(L): 5678.76  Spbio: 5328.25 21207.9 cat 0.754899
4 698 -log(L): 5678.76  Spbio: 5327.91 21207.5 cat 0.751822
4 699 -log(L): 5678.76  Spbio: 5327.61 21201.8 cat 0.750897
4 700 -log(L): 5678.76  Spbio: 5327.42 21197 cat 0.749119
4 701 -log(L): 5678.75  Spbio: 5327.13 21195.3 cat 0.751704
4 702 -log(L): 5678.75  Spbio: 5326.62 21199.2 cat 0.751621
phase= 4 | nvar=184 | iter=360 | nll=5.68e+03 | mag=1.27e+02 | par[ 22]=SR_parm[1]
4 703 -log(L): 5678.75  Spbio: 5326.1 21210.1 cat 0.755189
4 704 -log(L): 5678.75  Spbio: 5325.28 21225.4 cat 0.753125
4 705 -log(L): 5678.75  Spbio: 5324.28 21238.8 cat 0.753352
4 706 -log(L): 5678.75  Spbio: 5322.56 21246.6 cat 0.749542
4 707 -log(L): 5678.75  Spbio: 5322.07 21246.4 cat 0.747871
4 708 -log(L): 5678.75  Spbio: 5322.3 21242 cat 0.745169
4 709 -log(L): 5678.75  Spbio: 5323.12 21234.6 cat 0.744996
4 710 -log(L): 5678.75  Spbio: 5324.11 21230 cat 0.747279
4 711 -log(L): 5678.74  Spbio: 5324.53 21225 cat 0.750398
4 712 -log(L): 5678.74  Spbio: 5324.69 21222.3 cat 0.753983
4 713 -log(L): 5678.74  Spbio: 5324.52 21218.3 cat 0.755249
4 714 -log(L): 5678.74  Spbio: 5324.56 21215.3 cat 0.756119
4 715 -log(L): 5678.74  Spbio: 5324.69 21213 cat 0.755326
4 716 -log(L): 5678.74  Spbio: 5325.09 21212.2 cat 0.755087
4 717 -log(L): 5678.74  Spbio: 5325.41 21213.2 cat 0.755355
4 718 -log(L): 5678.74  Spbio: 5325.64 21214.5 cat 0.756727
4 719 -log(L): 5678.74  Spbio: 5325.63 21216.7 cat 0.758413
4 720 -log(L): 5678.74  Spbio: 5325.51 21217.5 cat 0.759682
4 721 -log(L): 5678.74  Spbio: 5325.22 21217.1 cat 0.761029
4 722 -log(L): 5678.74  Spbio: 5324.88 21213.4 cat 0.761052
phase= 4 | nvar=184 | iter=380 | nll=5.68e+03 | mag=1.33e+02 | par[ 22]=SR_parm[1]
4 723 -log(L): 5678.74  Spbio: 5324.55 21208 cat 0.760746
4 724 -log(L): 5678.74  Spbio: 5324.44 21202.2 cat 0.758709
4 725 -log(L): 5678.74  Spbio: 5324.51 21199 cat 0.757503
4 726 -log(L): 5678.74  Spbio: 5324.73 21198.9 cat 0.755937
4 727 -log(L): 5678.74  Spbio: 5324.91 21201.2 cat 0.756393
4 728 -log(L): 5678.74  Spbio: 5325.01 21204.9 cat 0.75661
4 729 -log(L): 5678.74  Spbio: 5324.96 21207.6 cat 0.75817
4 730 -log(L): 5678.74  Spbio: 5324.8 21209.3 cat 0.758723
4 731 -log(L): 5678.74  Spbio: 5324.55 21208.1 cat 0.759845
4 732 -log(L): 5678.74  Spbio: 5324.22 21205.5 cat 0.759487
4 733 -log(L): 5678.74  Spbio: 5323.89 21200.4 cat 0.759579
4 734 -log(L): 5678.74  Spbio: 5323.71 21198 cat 0.758837
4 735 -log(L): 5678.74  Spbio: 5323.76 21197.5 cat 0.758889
4 736 -log(L): 5678.74  Spbio: 5323.76 21198.3 cat 0.758468
4 737 -log(L): 5678.74  Spbio: 5323.76 21199.6 cat 0.75847
4 738 -log(L): 5678.74  Spbio: 5323.78 21201.9 cat 0.75795
4 739 -log(L): 5678.74  Spbio: 5323.87 21205 cat 0.757861
4 740 -log(L): 5678.74  Spbio: 5324 21208.4 cat 0.757435
4 741 -log(L): 5678.74  Spbio: 5324.12 21211.5 cat 0.757699
4 742 -log(L): 5678.74  Spbio: 5324.21 21214.7 cat 0.757729
phase= 4 | nvar=184 | iter=400 | nll=5.68e+03 | mag=3.81e+01 | par[ 22]=SR_parm[1]
4 743 -log(L): 5678.74  Spbio: 5324.24 21218.4 cat 0.758262
4 744 -log(L): 5678.74  Spbio: 5324.18 21221.9 cat 0.758485
4 745 -log(L): 5678.74  Spbio: 5324 21224.8 cat 0.7589
4 746 -log(L): 5678.74  Spbio: 5323.75 21226.3 cat 0.758719
4 747 -log(L): 5678.74  Spbio: 5323.5 21226.7 cat 0.758586
4 748 -log(L): 5678.74  Spbio: 5323.33 21226.5 cat 0.757975
4 749 -log(L): 5678.74  Spbio: 5323.27 21226.9 cat 0.757732
4 750 -log(L): 5678.74  Spbio: 5323.26 21228.2 cat 0.757265
4 751 -log(L): 5678.74  Spbio: 5323.3 21230.4 cat 0.757223
4 752 -log(L): 5678.74  Spbio: 5323.32 21233.3 cat 0.757175
4 753 -log(L): 5678.74  Spbio: 5323.26 21235 cat 0.757466
4 754 -log(L): 5678.74  Spbio: 5323.12 21235.1 cat 0.757676
4 755 -log(L): 5678.74  Spbio: 5322.94 21233.1 cat 0.757814
4 756 -log(L): 5678.74  Spbio: 5322.78 21231.2 cat 0.757848
4 757 -log(L): 5678.74  Spbio: 5322.72 21229.8 cat 0.757733
4 758 -log(L): 5678.74  Spbio: 5322.74 21230.5 cat 0.757719
4 759 -log(L): 5678.74  Spbio: 5322.82 21232.5 cat 0.757572
4 760 -log(L): 5678.74  Spbio: 5322.92 21235.9 cat 0.757759
4 761 -log(L): 5678.74  Spbio: 5322.95 21237.8 cat 0.757711
4 762 -log(L): 5678.74  Spbio: 5322.92 21238.7 cat 0.757961
phase= 4 | nvar=184 | iter=420 | nll=5.68e+03 | mag=3.64e+01 | par[ 22]=SR_parm[1]
4 763 -log(L): 5678.74  Spbio: 5322.78 21236.5 cat 0.75785
4 764 -log(L): 5678.74  Spbio: 5322.61 21232 cat 0.75794
4 765 -log(L): 5678.74  Spbio: 5322.44 21226.1 cat 0.757678
4 766 -log(L): 5678.74  Spbio: 5322.37 21221.7 cat 0.757745
4 767 -log(L): 5678.74  Spbio: 5322.38 21218.6 cat 0.757634
4 768 -log(L): 5678.74  Spbio: 5322.44 21216.4 cat 0.757961
4 769 -log(L): 5678.74  Spbio: 5322.55 21214.8 cat 0.758113
4 770 -log(L): 5678.74  Spbio: 5322.66 21213.9 cat 0.758808
4 771 -log(L): 5678.74  Spbio: 5322.72 21213.3 cat 0.7588
4 772 -log(L): 5678.74  Spbio: 5322.75 21212.3 cat 0.759093
4 773 -log(L): 5678.74  Spbio: 5322.7 21210.3 cat 0.758837
4 774 -log(L): 5678.74  Spbio: 5322.68 21208 cat 0.758842
4 775 -log(L): 5678.74  Spbio: 5322.69 21205.2 cat 0.758647
4 776 -log(L): 5678.74  Spbio: 5322.72 21203.2 cat 0.758807
4 777 -log(L): 5678.74  Spbio: 5322.73 21202.5 cat 0.758836
4 778 -log(L): 5678.74  Spbio: 5322.67 21203.1 cat 0.759047
4 779 -log(L): 5678.74  Spbio: 5322.52 21204.4 cat 0.758909
4 780 -log(L): 5678.74  Spbio: 5322.27 21205.8 cat 0.758738
4 781 -log(L): 5678.74  Spbio: 5321.96 21206.6 cat 0.758136
4 782 -log(L): 5678.74  Spbio: 5321.64 21206.8 cat 0.757532
phase= 4 | nvar=184 | iter=440 | nll=5.68e+03 | mag=1.81e+01 | par[ 22]=SR_parm[1]
4 783 -log(L): 5678.74  Spbio: 5321.43 21206.3 cat 0.756761
4 784 -log(L): 5678.74  Spbio: 5321.39 21205.8 cat 0.756427
4 785 -log(L): 5678.74  Spbio: 5321.5 21206 cat 0.756312
4 786 -log(L): 5678.74  Spbio: 5321.62 21206.8 cat 0.756551
4 787 -log(L): 5678.74  Spbio: 5321.67 21207.9 cat 0.756715
4 788 -log(L): 5678.74  Spbio: 5321.63 21208.8 cat 0.756905
4 789 -log(L): 5678.74  Spbio: 5321.48 21208.8 cat 0.756925
4 790 -log(L): 5678.74  Spbio: 5321.28 21207.4 cat 0.756956
4 791 -log(L): 5678.74  Spbio: 5321.13 21204.9 cat 0.757006
4 792 -log(L): 5678.74  Spbio: 5321.12 21202.3 cat 0.757231
4 793 -log(L): 5678.74  Spbio: 5321.22 21200.5 cat 0.75751
4 794 -log(L): 5678.74  Spbio: 5321.39 21199.4 cat 0.757752
4 795 -log(L): 5678.74  Spbio: 5321.6 21198.2 cat 0.757894
4 796 -log(L): 5678.74  Spbio: 5321.85 21196.2 cat 0.757741
4 797 -log(L): 5678.74  Spbio: 5322.05 21192.8 cat 0.757225
4 798 -log(L): 5678.74  Spbio: 5322.12 21188.5 cat 0.756443
4 799 -log(L): 5678.74  Spbio: 5322.07 21185.3 cat 0.756046
4 800 -log(L): 5678.74  Spbio: 5322.02 21183.9 cat 0.756015
4 801 -log(L): 5678.74  Spbio: 5321.99 21183.2 cat 0.756438
4 802 -log(L): 5678.74  Spbio: 5322.01 21182.7 cat 0.757208
phase= 4 | nvar=184 | iter=460 | nll=5.68e+03 | mag=5.17e+01 | par[ 22]=SR_parm[1]
4 803 -log(L): 5678.74  Spbio: 5322.07 21182 cat 0.758527
4 804 -log(L): 5678.74  Spbio: 5322.15 21180.8 cat 0.760039
4 805 -log(L): 5678.74  Spbio: 5322.19 21178.3 cat 0.761797
4 806 -log(L): 5678.74  Spbio: 5322.11 21173.6 cat 0.762825
4 807 -log(L): 5678.74  Spbio: 5321.83 21168.3 cat 0.762133
4 808 -log(L): 5678.74  Spbio: 5321.43 21163.6 cat 0.759103
4 809 -log(L): 5678.74  Spbio: 5320.82 21157.9 cat 0.752831
4 810 -log(L): 5678.74  Spbio: 5321.18 21161.3 cat 0.756797
4 811 -log(L): 5678.74  Spbio: 5321.1 21162.5 cat 0.756701
4 812 -log(L): 5678.74  Spbio: 5321.06 21165.2 cat 0.756113
4 813 -log(L): 5678.73  Spbio: 5321.18 21170.3 cat 0.755771
4 814 -log(L): 5678.73  Spbio: 5321.33 21176.3 cat 0.75668
4 815 -log(L): 5678.73  Spbio: 5321.66 21185.6 cat 0.756684
4 816 -log(L): 5678.73  Spbio: 5322.12 21198.8 cat 0.758376
4 817 -log(L): 5678.73  Spbio: 5322.91 21221.3 cat 0.758978
4 818 -log(L): 5678.73  Spbio: 5323.16 21228.7 cat 0.759182
4 819 -log(L): 5678.73  Spbio: 5322.43 21220.6 cat 0.758018
4 820 -log(L): 5678.73  Spbio: 5322.45 21220.1 cat 0.757705
4 821 -log(L): 5678.73  Spbio: 5322.4 21218.1 cat 0.757269
4 822 -log(L): 5678.73  Spbio: 5322.33 21216.5 cat 0.756892
4 823 -log(L): 5678.73  Spbio: 5322.25 21214.4 cat 0.756462
phase= 4 | nvar=184 | iter=480 | nll=5.68e+03 | mag=2.87e+01 | par[ 22]=SR_parm[1]
4 824 -log(L): 5678.73  Spbio: 5322.17 21211.7 cat 0.755948
4 825 -log(L): 5678.73  Spbio: 5322.13 21208.4 cat 0.755437
4 826 -log(L): 5678.73  Spbio: 5322.18 21204.9 cat 0.755098
4 827 -log(L): 5678.73  Spbio: 5322.51 21201.9 cat 0.755307
4 828 -log(L): 5678.73  Spbio: 5322.96 21202.9 cat 0.756209
4 829 -log(L): 5678.73  Spbio: 5323.46 21207.5 cat 0.75746
4 830 -log(L): 5678.73  Spbio: 5323.96 21213.8 cat 0.757601
4 831 -log(L): 5678.73  Spbio: 5323.93 21211.5 cat 0.758143
4 832 -log(L): 5678.73  Spbio: 5323.8 21208.8 cat 0.757236
4 833 -log(L): 5678.73  Spbio: 5323.74 21206 cat 0.75734
4 834 -log(L): 5678.73  Spbio: 5323.83 21205.3 cat 0.757153
4 835 -log(L): 5678.73  Spbio: 5323.99 21205.7 cat 0.75737
4 836 -log(L): 5678.73  Spbio: 5324.15 21206.7 cat 0.75743
4 837 -log(L): 5678.73  Spbio: 5324.25 21207.9 cat 0.757549
4 838 -log(L): 5678.73  Spbio: 5324.3 21209.1 cat 0.757528
4 839 -log(L): 5678.73  Spbio: 5324.29 21210.2 cat 0.757499
4 840 -log(L): 5678.73  Spbio: 5324.23 21211.3 cat 0.75743
4 841 -log(L): 5678.73  Spbio: 5324.14 21212.3 cat 0.757456
4 842 -log(L): 5678.73  Spbio: 5324.04 21213 cat 0.757747
4 843 -log(L): 5678.73  Spbio: 5324.01 21212.7 cat 0.758619
phase= 4 | nvar=184 | iter=500 | nll=5.68e+03 | mag=2.80e+01 | par[ 22]=SR_parm[1]
4 844 -log(L): 5678.73  Spbio: 5324.11 21211.6 cat 0.759692
4 845 -log(L): 5678.73  Spbio: 5324.28 21210.9 cat 0.760866
4 846 -log(L): 5678.73  Spbio: 5324.37 21211.1 cat 0.761302
4 847 -log(L): 5678.73  Spbio: 5324.42 21211.6 cat 0.761488
4 848 -log(L): 5678.73  Spbio: 5324.46 21212.5 cat 0.76155
4 849 -log(L): 5678.73  Spbio: 5324.48 21213.5 cat 0.761516
4 850 -log(L): 5678.73  Spbio: 5324.49 21214.5 cat 0.761348
4 851 -log(L): 5678.73  Spbio: 5324.49 21215.5 cat 0.761047
4 852 -log(L): 5678.73  Spbio: 5324.47 21216 cat 0.760445
4 853 -log(L): 5678.73  Spbio: 5324.43 21215.1 cat 0.759364
4 854 -log(L): 5678.73  Spbio: 5324.32 21210.4 cat 0.756566
4 855 -log(L): 5678.73  Spbio: 5324.38 21204.4 cat 0.759685
4 856 -log(L): 5678.73  Spbio: 5324.34 21209.1 cat 0.757042
4 857 -log(L): 5678.73  Spbio: 5324.34 21207.3 cat 0.756899
4 858 -log(L): 5678.73  Spbio: 5324.4 21204.4 cat 0.757228
4 859 -log(L): 5678.73  Spbio: 5324.48 21197.4 cat 0.757181
4 860 -log(L): 5678.73  Spbio: 5324.44 21196.3 cat 0.757698
4 861 -log(L): 5678.73  Spbio: 5324.34 21195.8 cat 0.757357
4 862 -log(L): 5678.73  Spbio: 5324.24 21196.8 cat 0.757533
4 863 -log(L): 5678.73  Spbio: 5324.24 21197.8 cat 0.757247
4 864 -log(L): 5678.73  Spbio: 5324.3 21198 cat 0.757322
phase= 4 | nvar=184 | iter=520 | nll=5.68e+03 | mag=4.95e+00 | par[ 22]=SR_parm[1]
4 865 -log(L): 5678.73  Spbio: 5324.4 21197.4 cat 0.757129
4 866 -log(L): 5678.73  Spbio: 5324.54 21196 cat 0.756883
4 867 -log(L): 5678.73  Spbio: 5324.51 21196 cat 0.75696
4 868 -log(L): 5678.73  Spbio: 5324.45 21196.1 cat 0.757139
4 869 -log(L): 5678.73  Spbio: 5324.37 21196.4 cat 0.757401
4 870 -log(L): 5678.73  Spbio: 5324.25 21197.2 cat 0.757821
4 871 -log(L): 5678.73  Spbio: 5324.12 21198.4 cat 0.758283
4 872 -log(L): 5678.73  Spbio: 5324.01 21200.3 cat 0.758838
4 873 -log(L): 5678.73  Spbio: 5324.06 21202.3 cat 0.758915
4 874 -log(L): 5678.73  Spbio: 5324.24 21204.8 cat 0.758878
4 875 -log(L): 5678.73  Spbio: 5324.47 21203.2 cat 0.75773
4 876 -log(L): 5678.73  Spbio: 5324.56 21202.1 cat 0.757255
4 877 -log(L): 5678.73  Spbio: 5324.54 21201.7 cat 0.757516
4 878 -log(L): 5678.73  Spbio: 5324.55 21201.6 cat 0.75757
4 879 -log(L): 5678.73  Spbio: 5324.54 21201.7 cat 0.757539
4 880 -log(L): 5678.73  Spbio: 5324.53 21201.7 cat 0.757555
4 881 -log(L): 5678.73  Spbio: 5324.5 21201.6 cat 0.757561
4 882 -log(L): 5678.73  Spbio: 5324.47 21201.6 cat 0.757589
4 883 -log(L): 5678.73  Spbio: 5324.4 21201.5 cat 0.757616
4 884 -log(L): 5678.73  Spbio: 5324.31 21201.2 cat 0.757649
phase= 4 | nvar=184 | iter=540 | nll=5.68e+03 | mag=1.07e+01 | par[ 22]=SR_parm[1]
4 885 -log(L): 5678.73  Spbio: 5324.25 21200.9 cat 0.757652
4 886 -log(L): 5678.73  Spbio: 5324.25 21200.6 cat 0.757648
4 887 -log(L): 5678.73  Spbio: 5324.28 21200.6 cat 0.75758
4 888 -log(L): 5678.73  Spbio: 5324.3 21200.6 cat 0.757556
4 889 -log(L): 5678.73  Spbio: 5324.31 21200.6 cat 0.75753
4 890 -log(L): 5678.73  Spbio: 5324.31 21200.6 cat 0.757534
4 891 -log(L): 5678.73  Spbio: 5324.29 21200.6 cat 0.757536
4 892 -log(L): 5678.73  Spbio: 5324.29 21200.6 cat 0.757559
4 893 -log(L): 5678.73  Spbio: 5324.28 21200.6 cat 0.75757
4 894 -log(L): 5678.73  Spbio: 5324.28 21200.6 cat 0.757593
4 895 -log(L): 5678.73  Spbio: 5324.29 21200.8 cat 0.757603
4 896 -log(L): 5678.73  Spbio: 5324.3 21200.9 cat 0.757621
4 897 -log(L): 5678.73  Spbio: 5324.31 21201.2 cat 0.757633
4 898 -log(L): 5678.73  Spbio: 5324.33 21201.5 cat 0.757652
4 899 -log(L): 5678.73  Spbio: 5324.35 21201.9 cat 0.757673
4 900 -log(L): 5678.73  Spbio: 5324.39 21202.5 cat 0.7577
4 901 -log(L): 5678.73  Spbio: 5324.44 21203.3 cat 0.757727
4 902 -log(L): 5678.73  Spbio: 5324.5 21204.2 cat 0.75774
4 903 -log(L): 5678.73  Spbio: 5324.57 21205 cat 0.757685
4 904 -log(L): 5678.73  Spbio: 5324.58 21204.7 cat 0.757712
phase= 4 | nvar=184 | iter=560 | nll=5.68e+03 | mag=2.47e+00 | par[ 92]=selparm[71]
4 905 -log(L): 5678.73  Spbio: 5324.56 21203.7 cat 0.757723
4 906 -log(L): 5678.73  Spbio: 5324.43 21201.5 cat 0.757561
4 907 -log(L): 5678.73  Spbio: 5324.34 21200.2 cat 0.757548
4 908 -log(L): 5678.73  Spbio: 5324.32 21200.1 cat 0.757495
4 909 -log(L): 5678.73  Spbio: 5324.32 21199.9 cat 0.757509
4 910 -log(L): 5678.73  Spbio: 5324.31 21199.8 cat 0.757501
4 911 -log(L): 5678.73  Spbio: 5324.31 21199.7 cat 0.757487
4 912 -log(L): 5678.73  Spbio: 5324.31 21199.7 cat 0.757475
4 913 -log(L): 5678.73  Spbio: 5324.31 21199.6 cat 0.757458
4 914 -log(L): 5678.73  Spbio: 5324.31 21199.6 cat 0.757443
4 915 -log(L): 5678.73  Spbio: 5324.31 21199.6 cat 0.757422
4 916 -log(L): 5678.73  Spbio: 5324.3 21199.5 cat 0.757399
4 917 -log(L): 5678.73  Spbio: 5324.3 21199.5 cat 0.757367
4 918 -log(L): 5678.73  Spbio: 5324.3 21199.5 cat 0.757326
4 919 -log(L): 5678.73  Spbio: 5324.3 21199.5 cat 0.757264
4 920 -log(L): 5678.73  Spbio: 5324.3 21199.6 cat 0.75717
4 921 -log(L): 5678.73  Spbio: 5324.3 21199.7 cat 0.757004
4 922 -log(L): 5678.73  Spbio: 5324.3 21199.8 cat 0.756687
4 923 -log(L): 5678.73  Spbio: 5324.32 21200.1 cat 0.7561
4 924 -log(L): 5678.73  Spbio: 5324.35 21200.5 cat 0.755638
phase= 4 | nvar=184 | iter=580 | nll=5.68e+03 | mag=8.61e+01 | par[ 22]=SR_parm[1]
4 925 -log(L): 5678.73  Spbio: 5324.39 21200.8 cat 0.756484
4 926 -log(L): 5678.72  Spbio: 5324.43 21200.9 cat 0.755529
4 927 -log(L): 5678.72  Spbio: 5324.38 21200.9 cat 0.761533
4 928 -log(L): 5678.72  Spbio: 5324.38 21200.8 cat 0.758399
4 929 -log(L): 5678.72  Spbio: 5324.36 21200.5 cat 0.756495
4 930 -log(L): 5678.72  Spbio: 5324.37 21200.3 cat 0.75613
4 931 -log(L): 5678.72  Spbio: 5324.35 21199.8 cat 0.756593
4 932 -log(L): 5678.72  Spbio: 5324.37 21199.6 cat 0.756292
4 933 -log(L): 5678.72  Spbio: 5324.38 21199.4 cat 0.756901
4 934 -log(L): 5678.72  Spbio: 5324.39 21199.5 cat 0.75681
4 935 -log(L): 5678.72  Spbio: 5324.4 21200 cat 0.756898
4 936 -log(L): 5678.72  Spbio: 5324.37 21200.7 cat 0.75714
4 937 -log(L): 5678.72  Spbio: 5324.33 21200.9 cat 0.756869
4 938 -log(L): 5678.72  Spbio: 5324.29 21200.7 cat 0.758936
4 939 -log(L): 5678.72  Spbio: 5324.32 21200.8 cat 0.757609
4 940 -log(L): 5678.72  Spbio: 5324.31 21200.6 cat 0.75737
4 941 -log(L): 5678.72  Spbio: 5324.33 21200.2 cat 0.757305
4 942 -log(L): 5678.72  Spbio: 5324.34 21199.9 cat 0.757485
4 943 -log(L): 5678.72  Spbio: 5324.35 21199.9 cat 0.757519
4 944 -log(L): 5678.72  Spbio: 5324.35 21199.9 cat 0.757614
4 945 -log(L): 5678.72  Spbio: 5324.36 21200 cat 0.757673
phase= 4 | nvar=184 | iter=600 | nll=5.68e+03 | mag=5.33e+00 | par[ 22]=SR_parm[1]
4 946 -log(L): 5678.72  Spbio: 5324.36 21200.2 cat 0.757752
4 947 -log(L): 5678.72  Spbio: 5324.36 21200.5 cat 0.757823
4 948 -log(L): 5678.72  Spbio: 5324.35 21200.8 cat 0.757904
4 949 -log(L): 5678.72  Spbio: 5324.34 21201.2 cat 0.757989
4 950 -log(L): 5678.72  Spbio: 5324.33 21201.6 cat 0.758084
4 951 -log(L): 5678.72  Spbio: 5324.32 21202.2 cat 0.758185
4 952 -log(L): 5678.72  Spbio: 5324.3 21203 cat 0.758301
4 953 -log(L): 5678.72  Spbio: 5324.27 21203.8 cat 0.758495
4 954 -log(L): 5678.72  Spbio: 5324.24 21204.7 cat 0.758705
4 955 -log(L): 5678.72  Spbio: 5324.2 21205.1 cat 0.760251
4 956 -log(L): 5678.72  Spbio: 5324.27 21204.5 cat 0.753892
4 957 -log(L): 5678.72  Spbio: 5324.23 21204.8 cat 0.758256
4 958 -log(L): 5678.72  Spbio: 5324.23 21204.1 cat 0.75868
4 959 -log(L): 5678.72  Spbio: 5324.25 21202.8 cat 0.759221
4 960 -log(L): 5678.72  Spbio: 5324.3 21200.6 cat 0.759721
4 961 -log(L): 5678.72  Spbio: 5324.28 21201.4 cat 0.759543
4 962 -log(L): 5678.72  Spbio: 5324.35 21198.9 cat 0.759668
4 963 -log(L): 5678.72  Spbio: 5324.43 21197.2 cat 0.75826
4 964 -log(L): 5678.72  Spbio: 5324.43 21198.1 cat 0.757582
4 965 -log(L): 5678.72  Spbio: 5324.39 21200 cat 0.757127
4 966 -log(L): 5678.72  Spbio: 5324.38 21200.2 cat 0.757369
4 967 -log(L): 5678.72  Spbio: 5324.38 21200.2 cat 0.757409
phase= 4 | nvar=184 | iter=620 | nll=5.68e+03 | mag=2.92e+00 | par[ 22]=SR_parm[1]
4 968 -log(L): 5678.72  Spbio: 5324.39 21200.2 cat 0.757467
4 969 -log(L): 5678.72  Spbio: 5324.39 21200.2 cat 0.757484
4 970 -log(L): 5678.72  Spbio: 5324.39 21200.2 cat 0.757501
4 971 -log(L): 5678.72  Spbio: 5324.39 21200.2 cat 0.757511
4 972 -log(L): 5678.72  Spbio: 5324.39 21200.2 cat 0.757521
4 973 -log(L): 5678.72  Spbio: 5324.39 21200.2 cat 0.757531
4 974 -log(L): 5678.72  Spbio: 5324.39 21200.2 cat 0.757543
4 975 -log(L): 5678.72  Spbio: 5324.39 21200.1 cat 0.757558
4 976 -log(L): 5678.72  Spbio: 5324.39 21200.1 cat 0.757579
4 977 -log(L): 5678.72  Spbio: 5324.39 21200.1 cat 0.757608
4 978 -log(L): 5678.72  Spbio: 5324.39 21200 cat 0.757649
4 979 -log(L): 5678.72  Spbio: 5324.39 21199.9 cat 0.757706
4 980 -log(L): 5678.72  Spbio: 5324.4 21199.8 cat 0.757778
4 981 -log(L): 5678.72  Spbio: 5324.4 21199.7 cat 0.757862
4 982 -log(L): 5678.72  Spbio: 5324.4 21199.5 cat 0.757943
4 983 -log(L): 5678.72  Spbio: 5324.4 21199.3 cat 0.75798
4 984 -log(L): 5678.72  Spbio: 5324.41 21198.9 cat 0.757837
4 985 -log(L): 5678.72  Spbio: 5324.41 21198.4 cat 0.757099
4 986 -log(L): 5678.72  Spbio: 5324.39 21197.4 cat 0.754791
4 987 -log(L): 5678.72  Spbio: 5324.36 21196.6 cat 0.754706
phase= 4 | nvar=184 | iter=640 | nll=5.68e+03 | mag=8.55e+01 | par[ 22]=SR_parm[1]
4 988 -log(L): 5678.72  Spbio: 5324.33 21196.3 cat 0.755687
4 989 -log(L): 5678.72  Spbio: 5324.31 21197 cat 0.754859
4 990 -log(L): 5678.72  Spbio: 5324.3 21198.4 cat 0.75845
4 991 -log(L): 5678.72  Spbio: 5324.32 21199.2 cat 0.756498
4 992 -log(L): 5678.72  Spbio: 5324.33 21199.7 cat 0.756606
4 993 -log(L): 5678.72  Spbio: 5324.35 21200.5 cat 0.756796
4 994 -log(L): 5678.72  Spbio: 5324.37 21201.1 cat 0.756995
4 995 -log(L): 5678.72  Spbio: 5324.38 21201.1 cat 0.757102
4 996 -log(L): 5678.72  Spbio: 5324.38 21200.8 cat 0.757191
4 997 -log(L): 5678.72  Spbio: 5324.37 21200.4 cat 0.757353
4 998 -log(L): 5678.72  Spbio: 5324.37 21200.3 cat 0.757452
4 999 -log(L): 5678.72  Spbio: 5324.37 21200.3 cat 0.757467
4 1000 -log(L): 5678.72  Spbio: 5324.37 21200.3 cat 0.757476
4 1001 -log(L): 5678.72  Spbio: 5324.37 21200.3 cat 0.757478
4 1002 -log(L): 5678.72  Spbio: 5324.37 21200.3 cat 0.75748
4 1003 -log(L): 5678.72  Spbio: 5324.37 21200.3 cat 0.757481
4 1004 -log(L): 5678.72  Spbio: 5324.37 21200.3 cat 0.757481
4 1005 -log(L): 5678.72  Spbio: 5324.37 21200.3 cat 0.757481
4 1006 -log(L): 5678.72  Spbio: 5324.37 21200.3 cat 0.757481
4 1007 -log(L): 5678.72  Spbio: 5324.37 21200.3 cat 0.757481
4 1008 -log(L): 5678.72  Spbio: 5324.37 21200.3 cat 0.757481
4 1009 -log(L): 5678.72  Spbio: 5324.37 21200.3 cat 0.757481
4 1010 -log(L): 5678.72  Spbio: 5324.37 21200.3 cat 0.757481
4 1011 -log(L): 5678.72  Spbio: 5324.37 21200.3 cat 0.757481
4 1012 -log(L): 5678.72  Spbio: 5324.37 21200.3 cat 0.757481
4 1013 -log(L): 5678.72  Spbio: 5324.37 21200.3 cat 0.757481
4 1014 -log(L): 5678.72  Spbio: 5324.37 21200.3 cat 0.757481
4 1015 -log(L): 5678.72  Spbio: 5324.37 21200.3 cat 0.757481
4 1016 -log(L): 5678.72  Spbio: 5324.37 21200.3 cat 0.757481
4 1017 -log(L): 5678.72  Spbio: 5324.37 21200.3 cat 0.757481
4 1018 -log(L): 5678.72  Spbio: 5324.37 21200.3 cat 0.757481
4 1019 -log(L): 5678.72  Spbio: 5324.37 21200.3 cat 0.757481
4 1020 -log(L): 5678.72  Spbio: 5324.37 21200.3 cat 0.757481
4 1021 -log(L): 5678.72  Spbio: 5324.37 21200.3 cat 0.757481
4 1022 -log(L): 5678.72  Spbio: 5324.37 21200.3 cat 0.757481
4 1023 -log(L): 5678.72  Spbio: 5324.37 21200.3 cat 0.757481
4 1024 -log(L): 5678.72  Spbio: 5324.37 21200.3 cat 0.757481
4 1025 -log(L): 5678.72  Spbio: 5324.37 21200.3 cat 0.757481
4 1026 -log(L): 5678.72  Spbio: 5324.37 21200.3 cat 0.757481
4 1027 -log(L): 5678.72  Spbio: 5324.37 21200.3 cat 0.757481
4 1028 -log(L): 5678.72  Spbio: 5324.37 21200.3 cat 0.757481
4 1029 -log(L): 5678.72  Spbio: 5324.37 21200.3 cat 0.757481
4 1030 -log(L): 5678.72  Spbio: 5324.37 21200.3 cat 0.757481
4 1031 -log(L): 5678.72  Spbio: 5324.37 21200.3 cat 0.757481
4 1032 -log(L): 5678.72  Spbio: 5324.37 21200.3 cat 0.757481
4 1033 -log(L): 5678.72  Spbio: 5324.37 21200.3 cat 0.757481
4 1034 -log(L): 5678.72  Spbio: 5324.37 21200.3 cat 0.757481
4 1035 -log(L): 5678.72  Spbio: 5324.37 21200.3 cat 0.757481
4 1036 -log(L): 5678.72  Spbio: 5324.37 21200.3 cat 0.757481
phase= 4 | nvar=184 | iter=659 | nll=5.68e+03 | mag=7.92e-04 | par[ 22]=SR_parm[1]
4 1037 -log(L): 5678.72  Spbio: 5324.37 21200.3 cat 0.757481
5 1038 -log(L): 5678.72  Spbio: 5324.37 21200.3 cat 0.757481
phase= 5 | nvar=196 | iter=  0 | nll=5.68e+03 | mag=5.91e+02 | par[ 52]=Fcast_recruitments[1]
5 1039 -log(L): 5685.2  Spbio: 5324.37 21204.8 cat 0.75748
5 1040 -log(L): 5678.72  Spbio: 5324.37 21200.3 cat 0.757481
5 1041 -log(L): 5889.86  Spbio: 5619.59 23654.3
5 1042 -log(L): 5678.72  Spbio: 5324.37 21200.3 cat 0.757477
5 1043 -log(L): 5678.72  Spbio: 5324.37 21200.3 cat 0.757481
5 1044 -log(L): 5678.72  Spbio: 5324.37 21200.3 cat 0.757478
5 1045 -log(L): 5678.72  Spbio: 5324.37 21200.3 cat 0.757481
5 1046 -log(L): 5678.72  Spbio: 5324.37 21200.3 cat 0.757481
5 1047 -log(L): 5678.72  Spbio: 5324.37 21200.3 cat 0.757481
5 1048 -log(L): 5678.72  Spbio: 5324.37 21200.3 cat 0.757481
5 1049 -log(L): 5678.72  Spbio: 5324.37 21200.3 cat 0.757481
5 1050 -log(L): 5678.72  Spbio: 5324.37 21200.3 cat 0.757481
5 1051 -log(L): 5678.72  Spbio: 5324.37 21200.3 cat 0.757481
5 1052 -log(L): 5678.72  Spbio: 5324.37 21200.3 cat 0.757481
5 1053 -log(L): 5678.72  Spbio: 5324.37 21200.3 cat 0.757481
5 1054 -log(L): 5678.72  Spbio: 5324.37 21200.3 cat 0.757481
5 1055 -log(L): 5678.72  Spbio: 5324.37 21200.3 cat 0.757481
5 1056 -log(L): 5678.72  Spbio: 5324.37 21200.3 cat 0.757481
5 1057 -log(L): 5678.72  Spbio: 5324.37 21200.3 cat 0.757481
5 1058 -log(L): 5678.72  Spbio: 5324.37 21200.3 cat 0.757481
5 1059 -log(L): 5678.72  Spbio: 5324.37 21200.3 cat 0.757481
5 1060 -log(L): 5678.72  Spbio: 5324.37 21200.3 cat 0.757481
5 1061 -log(L): 5678.72  Spbio: 5324.37 21200.3 cat 0.757481
5 1062 -log(L): 5678.72  Spbio: 5324.37 21200.3 cat 0.757481
5 1063 -log(L): 5678.72  Spbio: 5324.37 21200.3 cat 0.757481
5 1064 -log(L): 5678.72  Spbio: 5324.37 21200.3 cat 0.757481
5 1065 -log(L): 5678.72  Spbio: 5324.37 21200.3 cat 0.757481
5 1066 -log(L): 5678.72  Spbio: 5324.37 21200.3 cat 0.757481
5 1067 -log(L): 5678.72  Spbio: 5324.37 21200.3 cat 0.757481
5 1068 -log(L): 5678.72  Spbio: 5324.37 21200.3 cat 0.757481
5 1069 -log(L): 5678.72  Spbio: 5324.37 21200.3 cat 0.757481
5 1070 -log(L): 5678.72  Spbio: 5324.37 21200.3 cat 0.757481
5 1071 -log(L): 5678.72  Spbio: 5324.37 21200.3 cat 0.757481
5 1072 -log(L): 5678.72  Spbio: 5324.37 21200.3 cat 0.757481
5 1073 -log(L): 5678.72  Spbio: 5324.37 21200.3 cat 0.757481
5 1074 -log(L): 5678.72  Spbio: 5324.37 21200.3 cat 0.757481
phase= 5 | nvar=196 | iter=  3 | nll=5.68e+03 | mag=1.76e-03 | par[ 22]=SR_parm[1]
Optimization completed after 11 m 34 s with final statistics:
  nll=5678.723619 | mag=1.76337e-03 | par[ 22]=SR_parm[1]

Warning: the following parameters had issues
  selparm[22] is within 0.1% of upper bound: 0.01 < 8.9999 < 9
  selparm[24] is within 1% of upper bound: 0.01 < 8.97897 < 9
  selparm[33] is within 1% of lower bound: 5 < 5.07147 < 59
  selparm[52] is within 0.1% of upper bound: 0.01 < 8.99986 < 9
  selparm[61] is within 0.1% of lower bound: 5 < 5.00015 < 59
  selparm[82] is within 0.1% of upper bound: 0.01 < 8.99279 < 9
  selparm[103] is within 0.1% of upper bound: 0.01 < 8.99888 < 9
  selparm[104] is within 0.1% of upper bound: 0.01 < 8.99944 < 9
  selparm[111] is within 0.1% of upper bound: 0.01 < 8.99997 < 9
  selparm[144] is within 0.1% of upper bound: 0.01 < 8.99329 < 9

5 1075 -log(L): 5678.72  Spbio: 5324.37 21200.3 cat 0.757481
Iterations: 1075
Finished calculating benchmarks
Finished forecast
Writing wtatage.ss_new
Finished posteriors
Finished final writing of report.sso
Begin writing *.ss_new output files ... Finished writing *.ss_new output files

 N parameters that are on or within 1% of min-max bound: 10

!!  Run has completed  !! 
!!  See warning.sso for 36 warnings  and 2 notes 

Finished running model 'ss_linux' after 11 m 37 s.
