 reading from starter.ss
 reading from data file
Data read sucessful 999

 reading forecast file 
 reading from control file
End of control file successful! 999
Begin setting up parameters ...  end of parameter section 
Evaluating biology calculations once ... done
Starting optimization of 'ss_linux' in phase 1 of 5 at Sun Nov 12 11:31:19 2023
Finished tag obj_fun  99.7863 0 109.272 0 46.9621 55.4735 0 254.421 0 125.312 0 148.216 0 30.8689 84.0696 0 247.479 66.8182
 74.3082 0 100.757 0 29.3382 45.7767 0 151.875 0 60.7778 0 128.549 0 36.6758 60.2557 0 131.492 50.2003
1 1 -log(L): 248993  Spbio: 37668.8 482221
phase= 1 | nvar= 17 | iter=  0 | nll=2.49e+05 | mag=1.49e+06 | par[  4]=SR_parm[1]
1 2 -log(L): 248993  Spbio: 37668.8 482221
1 3 -log(L): 248993  Spbio: 37668.7 482220
1 4 -log(L): 248991  Spbio: 37668.1 482213
1 5 -log(L): 248971  Spbio: 37661.5 482142
1 6 -log(L): 248771  Spbio: 37595.9 481438
1 7 -log(L): 246778  Spbio: 36945.9 474444
1 8 -log(L): 227514  Spbio: 31007.6 409615
1 9 -log(L): 176956  Spbio: 27898 303583
1 10 -log(L): 1.84475e+06  Spbio: 20871.2 102230 cat 1.53946e+06
1 11 -log(L): 157862  Spbio: 27084.8 275826
1 12 -log(L): 1.32594e+06  Spbio: 24418.3 181113 cat 1.14559e+06
1 13 -log(L): 153548  Spbio: 26915.3 269892
1 14 -log(L): 159274  Spbio: 25700.6 227602 cat 29924.3
1 15 -log(L): 131692  Spbio: 26073 239116
1 16 -log(L): 1.80736e+06  Spbio: 23943.2 394180 cat 1.54631e+06
1 17 -log(L): 128179  Spbio: 25979.8 240224
1 18 -log(L): 121141  Spbio: 25776.4 267984
1 19 -log(L): 909082  Spbio: 24144.7 1.3853e+06 cat 730854
1 20 -log(L): 119585  Spbio: 25730.1 275095
1 21 -log(L): 113845  Spbio: 25357.8 367296 cat 2432.29
1 22 -log(L): 111769  Spbio: 25426.1 336810 cat 72.6936
1 23 -log(L): 308370  Spbio: 21506.9 84972 cat 165412
1 24 -log(L): 110606  Spbio: 25282.3 304095 cat 219.09
1 25 -log(L): 109104  Spbio: 24879.3 273309 cat 2.28197
1 26 -log(L): 106595  Spbio: 23801.3 247217 cat 0.911995
1 27 -log(L): 101627  Spbio: 23673.7 233435 cat 122.812
1 28 -log(L): 145637  Spbio: 21267.1 145609 cat 38768
1 29 -log(L): 96721.2  Spbio: 23532.2 220347 cat 685.862
1 30 -log(L): 155238  Spbio: 20704.1 137768 cat 46226.6
1 31 -log(L): 90409.2  Spbio: 23291.8 203356 cat 2533.94
1 32 -log(L): 119629  Spbio: 23566.4 189574 cat 10299.8
1 33 -log(L): 78812.5  Spbio: 23595.2 196891 cat 4897.6
1 34 -log(L): 87090.7  Spbio: 22149.5 122694
1 35 -log(L): 86786  Spbio: 22963.9 158076 cat 2395.72
1 36 -log(L): 76559.8  Spbio: 23320.2 178564 cat 3775.51
1 37 -log(L): 73436.9  Spbio: 22186.6 181155 cat 1567.81
1 38 -log(L): 77205.7  Spbio: 21152.6 158820 cat 1198.71
1 39 -log(L): 72200.6  Spbio: 21726.2 172124 cat 1416.46
1 40 -log(L): 70101.6  Spbio: 19499.9 146772 cat 477.534
1 41 -log(L): 72433.9  Spbio: 19349.8 111648
1 42 -log(L): 69425.8  Spbio: 18487.9 136710 cat 108.14
1 43 -log(L): 64248.9  Spbio: 15083.3 128971 cat 1049.23
1 44 -log(L): 64892.3  Spbio: 15788.5 129651 cat 199.803
1 45 -log(L): 60348.4  Spbio: 6977.18 81788.3
1 46 -log(L): 803449  Spbio: 12311.2 115419 cat 704127
1 47 -log(L): 64575.6  Spbio: 15626.6 129437 cat 284.534
1 48 -log(L): 64520.8  Spbio: 14966.3 128960 cat 1480.5
1 49 -log(L): 64211.4  Spbio: 15233.1 129021 cat 758.053
1 50 -log(L): 64390.9  Spbio: 15008.6 128961 cat 1297.77
1 51 -log(L): 64194.2  Spbio: 15174.4 128996 cat 845.788
1 52 -log(L): 59762.7  Spbio: 8737.62 84287.7
1 53 -log(L): 1.97306e+06  Spbio: 3.5895 376642 cat 1.30909e+06
1 54 -log(L): 831464  Spbio: 3424.14 79560.1 cat 709846
1 55 -log(L): 59690.7  Spbio: 8637.97 84206.8
1 56 -log(L): 59392.5  Spbio: 7981.55 83575.1
1 57 -log(L): 804449  Spbio: 4178.08 73786.7 cat 689510
1 58 -log(L): 59375.7  Spbio: 7930.78 83514.2
1 59 -log(L): 59344.9  Spbio: 7872.77 83463.6
1 60 -log(L): 59283.8  Spbio: 7857.65 83455.7
1 61 -log(L): 58700.4  Spbio: 7705.86 83379.9
1 62 -log(L): 52248.8  Spbio: 6187.81 82975.7
1 63 -log(L): 155980  Spbio: 1259.7 119677 cat 44557.9
1 64 -log(L): 47344.1  Spbio: 4309.33 83575.9 cat 190.235
1 65 -log(L): 48835.7  Spbio: 6400.48 52022.5
1 66 -log(L): 45605.8  Spbio: 4880.89 70858.8
phase= 1 | nvar= 17 | iter= 20 | nll=4.56e+04 | mag=8.62e+04 | par[  4]=SR_parm[1]
1 67 -log(L): 43171.3  Spbio: 4617.91 56443.2
1 68 -log(L): 41093  Spbio: 4415.24 41814.7
1 69 -log(L): 39612.7  Spbio: 4051.34 34800.8
1 70 -log(L): 38749.2  Spbio: 3599.66 27694
1 71 -log(L): 39584.4  Spbio: 3178.52 19877.9 cat 1047.25
1 72 -log(L): 38596.6  Spbio: 3431.5 24518 cat 64.4609
1 73 -log(L): 38327.5  Spbio: 3296.66 23845.8 cat 21.4783
1 74 -log(L): 38153.1  Spbio: 3063.66 21304.4 cat 136.21
1 75 -log(L): 37902.5  Spbio: 3199.91 22286.1 cat 67.7511
1 76 -log(L): 37700.9  Spbio: 3597.05 22616.7 cat 53.6583
1 77 -log(L): 37649.9  Spbio: 3498.32 23080 cat 43.1453
1 78 -log(L): 37613.6  Spbio: 3514.55 23650.5 cat 38.0881
1 79 -log(L): 37588.9  Spbio: 3510.32 24047.4 cat 38.0234
1 80 -log(L): 37562.4  Spbio: 3508.65 24448.9 cat 39.85
1 81 -log(L): 37525.6  Spbio: 3512.22 24913.7 cat 42.1296
1 82 -log(L): 37483.6  Spbio: 3549.21 25299.3 cat 41.3395
1 83 -log(L): 37457  Spbio: 3621.8 25303.6 cat 38.0024
1 84 -log(L): 37444  Spbio: 3708.33 25107.2 cat 36.319
1 85 -log(L): 37430.3  Spbio: 3830.7 24712.7 cat 37.2722
1 86 -log(L): 37420.7  Spbio: 3944.49 24302.4 cat 41.1463
1 87 -log(L): 37414.5  Spbio: 3991.33 23959.8 cat 47.5423
phase= 1 | nvar= 17 | iter= 40 | nll=3.74e+04 | mag=1.45e+04 | par[  4]=SR_parm[1]
1 88 -log(L): 37407.9  Spbio: 4042.47 23632.6 cat 56.9887
1 89 -log(L): 37400.6  Spbio: 4050.64 23301 cat 67.9594
1 90 -log(L): 37392.7  Spbio: 4093.55 23108.9 cat 73.1111
1 91 -log(L): 37386.1  Spbio: 4127.96 23117.3 cat 69.3495
1 92 -log(L): 37381.7  Spbio: 4163.06 23319.6 cat 62.7578
1 93 -log(L): 37378.7  Spbio: 4184.72 23592.1 cat 58.1633
1 94 -log(L): 37377.1  Spbio: 4202.47 23803.6 cat 57.1815
1 95 -log(L): 37376.5  Spbio: 4205.57 23907 cat 58.1574
1 96 -log(L): 37376.2  Spbio: 4207.65 23933.3 cat 59.2799
1 97 -log(L): 37375.8  Spbio: 4203.35 23956.4 cat 60.2082
1 98 -log(L): 37375.1  Spbio: 4195.62 23989.1 cat 60.8389
1 99 -log(L): 37373.9  Spbio: 4179.46 24044.1 cat 61.1385
1 100 -log(L): 37371.8  Spbio: 4148.08 24137 cat 61.0204
1 101 -log(L): 37368.2  Spbio: 4087.94 24298 cat 60.1601
Exiting without success due to excessive function evaluations (maxfn=100) | mag=3490.7
phase= 1 | nvar= 17 | iter= 55 | nll=3.74e+04 | mag=3.49e+03 | par[  4]=SR_parm[1]
1 102 -log(L): 37368.2  Spbio: 4087.94 24298 cat 60.1601
2 103 -log(L): 37368.2  Spbio: 4087.94 24298 cat 60.1601
phase= 2 | nvar=103 | iter=  0 | nll=3.74e+04 | mag=2.29e+04 | par[ 46]=selparm[71]
2 104 -log(L): 37368.2  Spbio: 4087.95 24298 cat 60.1578
2 105 -log(L): 37368  Spbio: 4087.98 24298.4 cat 60.1352
2 106 -log(L): 37366  Spbio: 4088.34 24302.2 cat 59.9091
2 107 -log(L): 37346.1  Spbio: 4091.96 24340.3 cat 57.7014
2 108 -log(L): 37156.8  Spbio: 4128.25 24722.7 cat 40.648
2 109 -log(L): 36744.2  Spbio: 4049.04 24239 cat 40.6155
2 110 -log(L): 33784.4  Spbio: 3311.69 19542.3 cat 79.9868
2 111 -log(L): 39956.4  Spbio: 3060.36 33571.8 cat 5280.97
2 112 -log(L): 32707.6  Spbio: 3193.77 23886.1 cat 407.826
2 113 -log(L): 33957.6  Spbio: 3257.51 21974.9 cat 3049.74
2 114 -log(L): 32075.9  Spbio: 3224.61 22947.3 cat 527.503
2 115 -log(L): 31362.7  Spbio: 3447.93 20191.1 cat 546.353
2 116 -log(L): 29950.7  Spbio: 3472.93 20086.7 cat 508.066
2 117 -log(L): 27612.1  Spbio: 3592.14 17490 cat 4433.06
2 118 -log(L): 27657.6  Spbio: 3381.88 10649.2 cat 7653.41
2 119 -log(L): 25603.5  Spbio: 3488.47 14480.3 cat 5655.04
2 120 -log(L): 29093.5  Spbio: 3950.94 5789.98 cat 9020.95
2 121 -log(L): 24927.3  Spbio: 3748.52 9921.29 cat 6081.33
2 122 -log(L): 23858.1  Spbio: 3768.29 9313.07 cat 5237.41
2 123 -log(L): 27000.1  Spbio: 3767.37 6369.64 cat 8469.94
2 124 -log(L): 23198.4  Spbio: 3770.65 8027.18 cat 4848.38
2 125 -log(L): 22275.8  Spbio: 3651.78 10752.1 cat 4096.86
2 126 -log(L): 21006.5  Spbio: 3062.74 12901.9 cat 3190.77
2 127 -log(L): 20879.5  Spbio: 2492.41 18245.4 cat 3022.86
2 128 -log(L): 19984.3  Spbio: 2721.66 15847.1 cat 2407.48
2 129 -log(L): 18663.3  Spbio: 3140.24 18328.6 cat 1344.37
2 130 -log(L): 17507.3  Spbio: 3575.96 15638.4 cat 634.209
2 131 -log(L): 21211.9  Spbio: 3720.5 10076.2 cat 3028.38
2 132 -log(L): 17205.2  Spbio: 3655.19 14175.2 cat 610.806
2 133 -log(L): 16915.1  Spbio: 3807.45 14571.8 cat 567.616
2 134 -log(L): 16522.7  Spbio: 3945.48 15351.8 cat 388.353
2 135 -log(L): 16211.7  Spbio: 4257.41 16749.7 cat 570.664
2 136 -log(L): 15921.1  Spbio: 4179.91 18867.9 cat 381.947
phase= 2 | nvar=103 | iter= 20 | nll=1.59e+04 | mag=2.75e+05 | par[  4]=SR_parm[1]
2 137 -log(L): 15885.2  Spbio: 4193.03 21273.7 cat 407.885
2 138 -log(L): 15821.5  Spbio: 4194.3 21368.1 cat 403.526
2 139 -log(L): 15728.8  Spbio: 4198.3 22209.3 cat 382.579
2 140 -log(L): 15588.3  Spbio: 4053.8 22022 cat 354.862
2 141 -log(L): 15378.4  Spbio: 3882.73 22287.1 cat 367.045
2 142 -log(L): 15881.9  Spbio: 3855.28 23590.6 cat 461.309
2 143 -log(L): 15327.6  Spbio: 3879.42 22640.1 cat 347.307
2 144 -log(L): 15253.2  Spbio: 3875.17 22926.1 cat 330.34
2 145 -log(L): 15131.1  Spbio: 3869.61 23110.6 cat 358.47
2 146 -log(L): 15236.6  Spbio: 3824.4 23132.7 cat 543.83
2 147 -log(L): 15060.4  Spbio: 3847.38 23137.8 cat 390.641
2 148 -log(L): 15013.5  Spbio: 3860.22 23334 cat 376.053
2 149 -log(L): 14946.7  Spbio: 3860.67 23405.6 cat 389.975
2 150 -log(L): 14853.5  Spbio: 3876.32 23353.7 cat 398.973
2 151 -log(L): 14848.9  Spbio: 3845.95 23118.1 cat 390.735
2 152 -log(L): 14803.1  Spbio: 3854.59 23233.2 cat 390.396
2 153 -log(L): 14851.1  Spbio: 3875.11 23082.9 cat 377.094
2 154 -log(L): 14779.6  Spbio: 3861.31 23171.1 cat 383.208
2 155 -log(L): 14739.1  Spbio: 3912.23 23180.3 cat 361.552
2 156 -log(L): 14663.4  Spbio: 3966.61 23165.1 cat 345.155
2 157 -log(L): 14578.5  Spbio: 4150.92 23427.1 cat 319.719
2 158 -log(L): 14555.4  Spbio: 4143.22 23629.5 cat 277.918
2 159 -log(L): 14532.8  Spbio: 4136.5 23545.4 cat 301.36
2 160 -log(L): 14521.3  Spbio: 4166.29 23618.4 cat 279.402
2 161 -log(L): 14501.4  Spbio: 4171.07 23691.4 cat 277.21
phase= 2 | nvar=103 | iter= 40 | nll=1.45e+04 | mag=4.90e+04 | par[  4]=SR_parm[1]
2 162 -log(L): 14473.7  Spbio: 4195.39 23382.1 cat 285.905
2 163 -log(L): 14451.5  Spbio: 4263.99 23339.5 cat 250.721
2 164 -log(L): 14432.8  Spbio: 4232.04 22680.2 cat 271.838
2 165 -log(L): 14410.9  Spbio: 4240.41 22645.7 cat 276.367
2 166 -log(L): 14393.1  Spbio: 4235.96 22625.2 cat 276.918
2 167 -log(L): 14375.3  Spbio: 4239.83 22620.9 cat 273.26
2 168 -log(L): 14356.9  Spbio: 4266.04 22565.7 cat 269.412
2 169 -log(L): 14343.5  Spbio: 4276.7 22423.9 cat 264.456
2 170 -log(L): 14326.5  Spbio: 4282.51 22429.1 cat 274.199
2 171 -log(L): 14317.6  Spbio: 4309.3 22130.2 cat 279.859
2 172 -log(L): 14316.5  Spbio: 4336.57 21883.8 cat 288.472
2 173 -log(L): 14310.9  Spbio: 4325.75 21988.7 cat 284.511
2 174 -log(L): 14299.6  Spbio: 4331.27 21886.4 cat 290
2 175 -log(L): 14285.5  Spbio: 4351.46 21785.7 cat 292.357
2 176 -log(L): 14297.6  Spbio: 4363.59 21666.3 cat 289.893
2 177 -log(L): 14277.2  Spbio: 4355.44 21735.9 cat 290.731
2 178 -log(L): 14271.5  Spbio: 4336.85 21618.8 cat 294.527
2 179 -log(L): 14260.5  Spbio: 4335.8 21566.4 cat 298.618
2 180 -log(L): 14242.3  Spbio: 4331.88 21523.7 cat 300.47
2 181 -log(L): 14221.3  Spbio: 4329.94 21563.5 cat 297.837
2 182 -log(L): 14231.9  Spbio: 4324.17 20934.2 cat 303.318
2 183 -log(L): 14212.5  Spbio: 4327.4 21297.5 cat 299.65
2 184 -log(L): 14202.8  Spbio: 4329.35 21372.4 cat 301.072
phase= 2 | nvar=103 | iter= 60 | nll=1.42e+04 | mag=1.41e+05 | par[  4]=SR_parm[1]
2 185 -log(L): 14189.9  Spbio: 4330.21 21303.3 cat 315.767
2 186 -log(L): 14178.3  Spbio: 4335.84 21391 cat 319.636
2 187 -log(L): 14162.4  Spbio: 4323.75 21276.1 cat 324.558
2 188 -log(L): 14231.8  Spbio: 4318.05 21458.8 cat 308.674
2 189 -log(L): 14158.8  Spbio: 4323.07 21263.8 cat 324.878
2 190 -log(L): 14152  Spbio: 4318.63 21211.4 cat 326.365
2 191 -log(L): 14141.2  Spbio: 4307.4 21139.8 cat 324.542
2 192 -log(L): 14121.1  Spbio: 4289.6 21109.8 cat 324.703
2 193 -log(L): 14084.2  Spbio: 4262.44 21055.1 cat 321.455
2 194 -log(L): 14023.7  Spbio: 4226.98 20835 cat 320.772
2 195 -log(L): 13993.5  Spbio: 4155.98 20339.4 cat 368.092
2 196 -log(L): 13950.3  Spbio: 4162.64 20246 cat 347.538
2 197 -log(L): 13873.1  Spbio: 4171.01 20167.3 cat 349.309
2 198 -log(L): 47234.5  Spbio: 4179.07 15804.6 cat 32655.9
2 199 -log(L): 13858.1  Spbio: 4176.06 19770.3 cat 424.447
2 200 -log(L): 13832.4  Spbio: 4174.45 19984.6 cat 370.896
2 201 -log(L): 13776.4  Spbio: 4168.34 19903.2 cat 365.582
2 202 -log(L): 13689.6  Spbio: 4185.38 20025.8 cat 353.98
2 203 -log(L): 13929.7  Spbio: 4161.47 20246.8 cat 312.579
Exiting without success due to excessive function evaluations (maxfn=100) | mag=208193
phase= 2 | nvar=103 | iter= 76 | nll=1.37e+04 | mag=2.08e+05 | par[  4]=SR_parm[1]
2 204 -log(L): 13689.6  Spbio: 4185.38 20025.8 cat 353.98
3 205 -log(L): 13689.6  Spbio: 4185.38 20025.8 cat 353.98
phase= 3 | nvar=182 | iter=  0 | nll=1.37e+04 | mag=2.08e+05 | par[ 22]=SR_parm[1]
3 206 -log(L): 13689.6  Spbio: 4185.38 20025.9 cat 353.968
3 207 -log(L): 13689.4  Spbio: 4185.4 20026.4 cat 353.848
3 208 -log(L): 13687.4  Spbio: 4185.64 20031.8 cat 352.665
3 209 -log(L): 13669.2  Spbio: 4187.97 20085.4 cat 342.314
3 210 -log(L): 13632.1  Spbio: 4219.33 20198.4 cat 326.934
3 211 -log(L): 13559.8  Spbio: 4229.59 20007.1 cat 320.288
3 212 -log(L): 13014.4  Spbio: 4333.98 18203.7 cat 318.766
3 213 -log(L): 12541.4  Spbio: 3979.39 17416.4 cat 411.325
3 214 -log(L): 12208.6  Spbio: 4038.93 15548.2 cat 197.718
3 215 -log(L): 11850.1  Spbio: 3888.64 12917.4 cat 99.3207
3 216 -log(L): 12833.6  Spbio: 3627.76 9029.05 cat 962.62
3 217 -log(L): 11794.1  Spbio: 3860.69 12441.2 cat 70.1832
3 218 -log(L): 11710.7  Spbio: 3874.67 11847.4 cat 72.2948
3 219 -log(L): 11572.7  Spbio: 3901.07 12963.4 cat 49.4837
3 220 -log(L): 11406.5  Spbio: 3885.46 12443.7 cat 104.297
3 221 -log(L): 11194.2  Spbio: 3911.05 12285 cat 142.387
3 222 -log(L): 11079.3  Spbio: 3799.55 11830.4 cat 89.0906
3 223 -log(L): 10971.3  Spbio: 3872.97 12212.5 cat 91.9009
3 224 -log(L): 10829.5  Spbio: 3784.34 12935.8 cat 73.4605
3 225 -log(L): 10654.4  Spbio: 3755.68 12230.9 cat 88.5582
3 226 -log(L): 10427.2  Spbio: 3815.97 11138.5 cat 46.1806
3 227 -log(L): 10193.6  Spbio: 3801.41 9500.56 cat 79.2868
3 228 -log(L): 10145.5  Spbio: 3985.79 9509.96 cat 215.494
3 229 -log(L): 10058.4  Spbio: 3966.79 9646.2 cat 195.788
3 230 -log(L): 9939.18  Spbio: 3968.14 9890.45 cat 165.431
phase= 3 | nvar=182 | iter= 20 | nll=9.94e+03 | mag=2.04e+05 | par[ 22]=SR_parm[1]
3 231 -log(L): 9761.73  Spbio: 3961.15 9711.37 cat 163.848
3 232 -log(L): 9513.85  Spbio: 3783.25 9554.97 cat 98.8259
3 233 -log(L): 9372.48  Spbio: 3522.73 10383 cat 103.261
3 234 -log(L): 9337.76  Spbio: 3454.16 9473.35 cat 99.8082
3 235 -log(L): 9298.05  Spbio: 3423.29 9382.71 cat 68.3469
3 236 -log(L): 9254.62  Spbio: 3449.02 9333.04 cat 84.3424
3 237 -log(L): 9199.69  Spbio: 3441.25 9363.26 cat 72.0039
3 238 -log(L): 9148.89  Spbio: 3394.48 8852.06 cat 63.02
3 239 -log(L): 9098.96  Spbio: 3329.27 9113.15 cat 49.217
3 240 -log(L): 9043.11  Spbio: 3308.83 8939.85 cat 52.3168
3 241 -log(L): 9019.15  Spbio: 3388.99 9282.51 cat 66.6141
3 242 -log(L): 8990.08  Spbio: 3379.87 9243.98 cat 60.7545
3 243 -log(L): 8964.59  Spbio: 3378.44 9408.55 cat 65.3006
3 244 -log(L): 8930.13  Spbio: 3336.02 9628.95 cat 67.5121
3 245 -log(L): 8895.34  Spbio: 3349.67 9316.44 cat 65.7345
3 246 -log(L): 8869.86  Spbio: 3389.38 9115.04 cat 79.2262
3 247 -log(L): 8843.86  Spbio: 3350.51 9323.87 cat 75.145
3 248 -log(L): 8824.32  Spbio: 3390.37 9130.04 cat 93.4477
3 249 -log(L): 8798.82  Spbio: 3417.25 8968.83 cat 101.286
3 250 -log(L): 8780.46  Spbio: 3424.39 9178.73 cat 104.229
phase= 3 | nvar=182 | iter= 40 | nll=8.78e+03 | mag=4.49e+04 | par[ 22]=SR_parm[1]
3 251 -log(L): 8755  Spbio: 3459.26 8980.17 cat 99.9941
3 252 -log(L): 8722.1  Spbio: 3524.77 9134.26 cat 82.4377
3 253 -log(L): 8746.66  Spbio: 3601.76 8804.99 cat 110.462
3 254 -log(L): 8709.08  Spbio: 3553.68 8967.27 cat 88.1322
3 255 -log(L): 8702.29  Spbio: 3611.46 9273.89 cat 74.802
3 256 -log(L): 8691.01  Spbio: 3628.69 9355.96 cat 75.7435
3 257 -log(L): 8674.85  Spbio: 3678.31 9332.75 cat 72.3281
3 258 -log(L): 8653.57  Spbio: 3689.87 9371.58 cat 71.8603
3 259 -log(L): 8625.51  Spbio: 3753.93 9361 cat 60.2238
3 260 -log(L): 8587.38  Spbio: 3799.43 9263.53 cat 48.4165
3 261 -log(L): 8545.77  Spbio: 3855.46 9156.71 cat 43.871
3 262 -log(L): 8541.43  Spbio: 3922 9246.99 cat 50.7304
3 263 -log(L): 8537.25  Spbio: 3879.01 9184.13 cat 45.024
3 264 -log(L): 8518.01  Spbio: 3904.05 9210.52 cat 45.4171
3 265 -log(L): 8505.06  Spbio: 3943.77 9497.36 cat 47.9272
3 266 -log(L): 8498.89  Spbio: 3945.08 9643.33 cat 37.6431
3 267 -log(L): 8491.64  Spbio: 3950.59 9659.91 cat 36.9954
3 268 -log(L): 8482.45  Spbio: 3962.67 9691.99 cat 35.0369
3 269 -log(L): 8473.75  Spbio: 3989.88 9660.15 cat 34.3862
3 270 -log(L): 8463.5  Spbio: 4006.65 9679.73 cat 38.9025
3 271 -log(L): 8456.17  Spbio: 4045.72 9477.04 cat 37.9539
3 272 -log(L): 8452.35  Spbio: 4097.84 9388.57 cat 37.0272
phase= 3 | nvar=182 | iter= 60 | nll=8.45e+03 | mag=1.66e+04 | par[ 22]=SR_parm[1]
3 273 -log(L): 8446.87  Spbio: 4113.43 9430 cat 37.8748
3 274 -log(L): 8438.96  Spbio: 4141.42 9399.57 cat 38.782
3 275 -log(L): 8427.22  Spbio: 4194.48 9402.72 cat 39.8561
3 276 -log(L): 8410.18  Spbio: 4264.3 9303.98 cat 39.1265
3 277 -log(L): 8393.35  Spbio: 4381.23 9439.16 cat 38.1656
3 278 -log(L): 8380.66  Spbio: 4440.21 9496.86 cat 39.49
3 279 -log(L): 8367.79  Spbio: 4517.06 9651.47 cat 36.5989
3 280 -log(L): 8354.27  Spbio: 4555.82 9698.18 cat 37.2749
3 281 -log(L): 8346  Spbio: 4623.39 9555.23 cat 36.6543
3 282 -log(L): 8335.95  Spbio: 4667.5 9414.13 cat 42.5787
3 283 -log(L): 8320.69  Spbio: 4685.31 9344.75 cat 41.5343
3 284 -log(L): 8301.38  Spbio: 4659.1 9370.07 cat 43.4502
3 285 -log(L): 8285.94  Spbio: 4638.17 9426.33 cat 50.2448
3 286 -log(L): 8278.04  Spbio: 4675.28 9385.99 cat 57.3125
3 287 -log(L): 8274.14  Spbio: 4704.65 9482.24 cat 60.6324
3 288 -log(L): 8268.39  Spbio: 4709.95 9469.36 cat 59.2219
3 289 -log(L): 8262.35  Spbio: 4731.99 9398.44 cat 58.6955
3 290 -log(L): 8255.2  Spbio: 4750.19 9330.34 cat 56.6156
3 291 -log(L): 8248.92  Spbio: 4752.53 9346.07 cat 53.9623
3 292 -log(L): 8246.67  Spbio: 4707.66 9476.66 cat 57.6096
phase= 3 | nvar=182 | iter= 80 | nll=8.25e+03 | mag=2.91e+04 | par[ 22]=SR_parm[1]
3 293 -log(L): 8244.28  Spbio: 4686.01 9498.42 cat 54.4276
3 294 -log(L): 8241.39  Spbio: 4653.8 9525.5 cat 54.5041
3 295 -log(L): 8238.13  Spbio: 4627.11 9488.73 cat 53.3396
3 296 -log(L): 8234.15  Spbio: 4618.31 9539 cat 53.0391
3 297 -log(L): 8229.4  Spbio: 4619.43 9482.78 cat 50.5929
3 298 -log(L): 8224.14  Spbio: 4645.88 9521.95 cat 51.602
3 299 -log(L): 8218.76  Spbio: 4673.02 9396.16 cat 50.2461
3 300 -log(L): 8215.39  Spbio: 4707.69 9394.03 cat 53.5244
3 301 -log(L): 8215.42  Spbio: 4716.64 9416.39 cat 57.4424
3 302 -log(L): 8213.84  Spbio: 4710.26 9400.66 cat 53.8748
3 303 -log(L): 8212.32  Spbio: 4715.82 9357.91 cat 55.3092
3 304 -log(L): 8209.88  Spbio: 4715.89 9343.58 cat 54.5036
3 305 -log(L): 8206.63  Spbio: 4701.84 9296.59 cat 53.872
Exiting without success due to excessive function evaluations (maxfn=100) | mag=39420.9
phase= 3 | nvar=182 | iter= 93 | nll=8.21e+03 | mag=3.94e+04 | par[ 22]=SR_parm[1]
3 306 -log(L): 8206.63  Spbio: 4701.84 9296.59 cat 53.872
4 307 -log(L): 8206.63  Spbio: 4701.84 9296.59 cat 53.872
phase= 4 | nvar=192 | iter=  0 | nll=8.21e+03 | mag=3.94e+04 | par[ 22]=SR_parm[1]
4 308 -log(L): 8206.61  Spbio: 4701.82 9296.47 cat 53.8515
4 309 -log(L): 8206.41  Spbio: 4701.54 9295.22 cat 53.6496
4 310 -log(L): 8204.76  Spbio: 4698.81 9282.78 cat 51.9313
4 311 -log(L): 8202.54  Spbio: 4695.66 9270.8 cat 52.2078
4 312 -log(L): 8198.17  Spbio: 4701.78 9257.19 cat 52.1696
4 313 -log(L): 8161.61  Spbio: 4763.38 9122.38 cat 52.2377
4 314 -log(L): 8098.95  Spbio: 4789.53 8799.1 cat 58.8417
4 315 -log(L): 8015.33  Spbio: 4863.94 8984.62 cat 46.2704
4 316 -log(L): 8004.45  Spbio: 4913.73 9350.68 cat 108.683
4 317 -log(L): 7968.3  Spbio: 4888.25 9168.45 cat 63.1009
4 318 -log(L): 7957.55  Spbio: 4859.11 8198.24 cat 76.5242
4 319 -log(L): 7941.02  Spbio: 4845.4 7896.39 cat 79.9439
4 320 -log(L): 7913.33  Spbio: 4771.69 8072.52 cat 73.9322
4 321 -log(L): 7877.03  Spbio: 4814.24 8504.59 cat 68.9852
4 322 -log(L): 7833.16  Spbio: 4855.77 8583.91 cat 73.7715
4 323 -log(L): 7789.45  Spbio: 4961.47 8847.41 cat 57.25
4 324 -log(L): 7781.09  Spbio: 5049.51 9281.8 cat 36.9026
4 325 -log(L): 7767.42  Spbio: 5039.33 9421.99 cat 31.5195
4 326 -log(L): 7748.55  Spbio: 5067.07 9697.96 cat 26.7931
4 327 -log(L): 7736.29  Spbio: 4933.45 9653.59 cat 28.4596
4 328 -log(L): 7718.25  Spbio: 4992.38 10007.5 cat 28.4506
4 329 -log(L): 7706.17  Spbio: 5052.96 10498.2 cat 26.8545
4 330 -log(L): 7692.37  Spbio: 5180.26 10640.2 cat 28.4425
4 331 -log(L): 7681.47  Spbio: 5198.12 10814.8 cat 26.3801
phase= 4 | nvar=192 | iter= 20 | nll=7.68e+03 | mag=1.64e+04 | par[ 95]=selparm[71]
4 332 -log(L): 7665.62  Spbio: 5093.86 11024.4 cat 24.7239
4 333 -log(L): 7657.02  Spbio: 5064.26 11203.6 cat 31.2593
4 334 -log(L): 7646.42  Spbio: 5070.55 11370.4 cat 21.7793
4 335 -log(L): 7634.57  Spbio: 5105.66 11447.2 cat 24.3225
4 336 -log(L): 7620.85  Spbio: 5082.86 11250.1 cat 37.0558
4 337 -log(L): 7609.33  Spbio: 5059.04 11378.6 cat 32.7848
4 338 -log(L): 7603  Spbio: 5035.06 11510.7 cat 32.4713
4 339 -log(L): 7594.63  Spbio: 5112.85 11415 cat 31.9138
4 340 -log(L): 7586.75  Spbio: 5111.14 11290.1 cat 32.8509
4 341 -log(L): 7578.84  Spbio: 5079.55 11105.9 cat 32.1371
4 342 -log(L): 7570.77  Spbio: 5192.3 11129.7 cat 28.9202
4 343 -log(L): 7563.04  Spbio: 5123.57 10947.9 cat 30.1259
4 344 -log(L): 7558.77  Spbio: 5251.19 10946.1 cat 20.3434
4 345 -log(L): 7552.95  Spbio: 5178.05 10862.9 cat 21.2364
4 346 -log(L): 7547.45  Spbio: 5253.65 10742.5 cat 18.5788
4 347 -log(L): 7541.49  Spbio: 5278.8 10880.2 cat 19.0026
4 348 -log(L): 7537.02  Spbio: 5253.45 11110.8 cat 16.8752
4 349 -log(L): 7534.68  Spbio: 5193.75 11173 cat 15.3783
4 350 -log(L): 7533.34  Spbio: 5182.05 11200.8 cat 14.9837
4 351 -log(L): 7529.75  Spbio: 5222.86 11289.3 cat 14.9499
phase= 4 | nvar=192 | iter= 40 | nll=7.53e+03 | mag=6.44e+03 | par[ 23]=SR_parm[6]
4 352 -log(L): 7525.75  Spbio: 5276.07 11274.2 cat 15.5079
4 353 -log(L): 7520.95  Spbio: 5123.49 11327.5 cat 15.4176
4 354 -log(L): 7518.46  Spbio: 5228.02 11154.4 cat 16.5666
4 355 -log(L): 7515.16  Spbio: 5187.02 11236.3 cat 14.6345
4 356 -log(L): 7511.13  Spbio: 5217.9 11273.5 cat 15.958
4 357 -log(L): 7506.51  Spbio: 5225.88 11350.5 cat 17.307
4 358 -log(L): 7503.26  Spbio: 5193.73 11394.2 cat 18.8948
4 359 -log(L): 7499.09  Spbio: 5161.69 11405 cat 17.9168
4 360 -log(L): 7495.99  Spbio: 5121.3 11590.2 cat 18.4731
4 361 -log(L): 7492.43  Spbio: 5142.67 11559.7 cat 17.9356
4 362 -log(L): 7488.17  Spbio: 5209.27 11608.6 cat 17.9296
4 363 -log(L): 7484.59  Spbio: 5196.07 11746.4 cat 15.2994
4 364 -log(L): 7480.02  Spbio: 5211.63 11896.1 cat 15.8444
4 365 -log(L): 7475.22  Spbio: 5224.86 11972.1 cat 15.7594
4 366 -log(L): 7473.09  Spbio: 5221.34 11908.1 cat 13.0891
4 367 -log(L): 7470.41  Spbio: 5216.85 11934.3 cat 13.3932
4 368 -log(L): 7468.25  Spbio: 5193.68 11794.2 cat 15.4193
4 369 -log(L): 7465.82  Spbio: 5203.48 11729.4 cat 16.8715
4 370 -log(L): 7462.46  Spbio: 5152.84 11672.9 cat 15.5999
4 371 -log(L): 7459.34  Spbio: 5134.16 11681.5 cat 15.1803
phase= 4 | nvar=192 | iter= 60 | nll=7.46e+03 | mag=1.32e+04 | par[ 22]=SR_parm[1]
4 372 -log(L): 7455.24  Spbio: 5139.19 11639.7 cat 14.4005
4 373 -log(L): 7451.72  Spbio: 5100.25 11543 cat 14.1893
4 374 -log(L): 7447.93  Spbio: 5094.47 11463.9 cat 16.9079
4 375 -log(L): 7445.37  Spbio: 5108.85 11362.8 cat 16.5763
4 376 -log(L): 7442.31  Spbio: 5107.04 11336.6 cat 16.3
4 377 -log(L): 7440.23  Spbio: 5101.62 11408.7 cat 15.7638
4 378 -log(L): 7437.1  Spbio: 5116.95 11435.7 cat 15.6823
4 379 -log(L): 7432.45  Spbio: 5107.33 11332.6 cat 15.4739
4 380 -log(L): 7426.75  Spbio: 5046.14 11268.1 cat 15.0618
4 381 -log(L): 7420.93  Spbio: 4997.67 11041.6 cat 13.9377
4 382 -log(L): 7414.69  Spbio: 4976.63 10708.6 cat 14.1425
4 383 -log(L): 7411.56  Spbio: 4942.89 10332.2 cat 15.2205
4 384 -log(L): 7407.78  Spbio: 4905.39 10103.2 cat 14.7222
4 385 -log(L): 7404.16  Spbio: 4923.42 9843.56 cat 14.6988
4 386 -log(L): 7402.66  Spbio: 4904.14 9924.66 cat 13.912
4 387 -log(L): 7400.84  Spbio: 4913.88 9928.59 cat 13.2558
4 388 -log(L): 7399.87  Spbio: 4905.11 9941 cat 13.2996
4 389 -log(L): 7399.1  Spbio: 4889.82 9906.37 cat 13.1538
4 390 -log(L): 7398.75  Spbio: 4898.86 9866.28 cat 13.3253
4 391 -log(L): 7398.27  Spbio: 4896.14 9840.48 cat 13.3543
phase= 4 | nvar=192 | iter= 80 | nll=7.40e+03 | mag=1.37e+04 | par[ 22]=SR_parm[1]
4 392 -log(L): 7397.85  Spbio: 4893.35 9835.3 cat 12.8365
4 393 -log(L): 7397.28  Spbio: 4893.52 9846.75 cat 13.0786
4 394 -log(L): 7396.8  Spbio: 4889.71 9889.98 cat 12.1343
4 395 -log(L): 7396.35  Spbio: 4886.6 9872.57 cat 12.3296
4 396 -log(L): 7395.77  Spbio: 4865.12 9845.5 cat 12.4092
4 397 -log(L): 7395.21  Spbio: 4867.84 9870.28 cat 12.6674
4 398 -log(L): 7394.59  Spbio: 4877.78 9907.61 cat 12.2225
4 399 -log(L): 7393.65  Spbio: 4886.12 9912.71 cat 11.9143
4 400 -log(L): 7392.61  Spbio: 4903.74 9958.61 cat 11.687
4 401 -log(L): 7391.08  Spbio: 4906.62 9999.55 cat 12.1372
4 402 -log(L): 7389.18  Spbio: 4922.61 10051.8 cat 12.1998
4 403 -log(L): 7386.71  Spbio: 4921.44 10042.4 cat 12.0851
4 404 -log(L): 7383.27  Spbio: 4919.85 10032.8 cat 12.7157
4 405 -log(L): 7379.94  Spbio: 4920.45 9994.03 cat 13.3084
4 406 -log(L): 7379.21  Spbio: 4984.86 9983.8 cat 14.9821
4 407 -log(L): 7378.01  Spbio: 4989.27 9986.35 cat 14.3325
4 408 -log(L): 7376.49  Spbio: 5014.82 10057.2 cat 15.8006
4 409 -log(L): 7374.6  Spbio: 5050.8 10062.6 cat 14.6411
4 410 -log(L): 7372.74  Spbio: 5073.7 10051.8 cat 15.4334
4 411 -log(L): 7370.91  Spbio: 5105.14 10119.7 cat 15.0709
phase= 4 | nvar=192 | iter=100 | nll=7.37e+03 | mag=5.81e+03 | par[ 31]=recdev1[8]
4 412 -log(L): 7368.84  Spbio: 5155.98 10143.1 cat 16.0685
4 413 -log(L): 7366.93  Spbio: 5206.08 10210.9 cat 15.3666
4 414 -log(L): 7364.81  Spbio: 5226 10235.7 cat 14.9242
4 415 -log(L): 7362.11  Spbio: 5246.64 10281.2 cat 15.2076
4 416 -log(L): 7358.73  Spbio: 5295.8 10312.4 cat 15.4352
4 417 -log(L): 7354.8  Spbio: 5322.57 10290.2 cat 15.6032
4 418 -log(L): 7360.09  Spbio: 5368.67 10311.2 cat 16.8463
4 419 -log(L): 7353.3  Spbio: 5338.76 10297.1 cat 16.0141
4 420 -log(L): 7351.73  Spbio: 5352.53 10298.7 cat 15.7459
4 421 -log(L): 7350.83  Spbio: 5387.1 10307.3 cat 15.7827
4 422 -log(L): 7349.81  Spbio: 5384.29 10352.7 cat 15.8816
4 423 -log(L): 7348.44  Spbio: 5376.72 10308.5 cat 15.476
4 424 -log(L): 7346.59  Spbio: 5356.9 10293.5 cat 15.4267
4 425 -log(L): 7343.66  Spbio: 5330.29 10308.4 cat 15.6418
4 426 -log(L): 7339.48  Spbio: 5327.06 10286.9 cat 15.1923
4 427 -log(L): 7336.44  Spbio: 5355.21 10202.7 cat 14.5392
4 428 -log(L): 7333.36  Spbio: 5388.28 10297 cat 15.1612
4 429 -log(L): 7331.05  Spbio: 5440.21 10330.5 cat 14.6347
4 430 -log(L): 7328.83  Spbio: 5431.01 10457.9 cat 14.226
4 431 -log(L): 7326.01  Spbio: 5390.44 10428.8 cat 14.2425
4 432 -log(L): 7322.37  Spbio: 5380.37 10357.4 cat 14.3035
phase= 4 | nvar=192 | iter=120 | nll=7.32e+03 | mag=9.55e+03 | par[ 31]=recdev1[8]
4 433 -log(L): 7317.74  Spbio: 5421.48 10230.2 cat 14.3801
4 434 -log(L): 7315.04  Spbio: 5471.39 10395.1 cat 15.6858
4 435 -log(L): 7313.15  Spbio: 5497.01 10337.8 cat 15.8524
4 436 -log(L): 7310.63  Spbio: 5502.15 10279.7 cat 16.8253
4 437 -log(L): 7307.08  Spbio: 5507.94 10384.2 cat 16.6816
4 438 -log(L): 7301.77  Spbio: 5484.83 10404.3 cat 16.6292
4 439 -log(L): 7293.98  Spbio: 5458.94 10472 cat 15.6975
4 440 -log(L): 7286.76  Spbio: 5475.5 10706.8 cat 14.3732
4 441 -log(L): 7289.88  Spbio: 5443.52 10665.6 cat 12.7829
4 442 -log(L): 7283.68  Spbio: 5464.52 10691.1 cat 13.5968
4 443 -log(L): 7286.77  Spbio: 5461.36 10724 cat 13.1506
4 444 -log(L): 7282.65  Spbio: 5463.78 10698.6 cat 13.4657
4 445 -log(L): 7281  Spbio: 5480.42 10724.6 cat 13.6739
4 446 -log(L): 7278.74  Spbio: 5496.74 10781 cat 12.7966
4 447 -log(L): 7275.16  Spbio: 5484.13 10780.9 cat 12.778
4 448 -log(L): 7269.56  Spbio: 5474.45 10800.2 cat 13.0658
4 449 -log(L): 7260.63  Spbio: 5479.29 10850.1 cat 13.2837
4 450 -log(L): 7244.16  Spbio: 5498.79 10839.5 cat 12.9468
4 451 -log(L): 8212.21  Spbio: 5829.71 10768.3 cat 28.427
4 452 -log(L): 7211.73  Spbio: 5521.05 10797.7 cat 14.221
4 453 -log(L): 7212.61  Spbio: 5518.36 10808.2 cat 13.2756
4 454 -log(L): 8268.39  Spbio: 5839.98 10767.4 cat 30.3013
4 455 -log(L): 11457.7  Spbio: 5542.29 10769.1 cat 4173.81
4 456 -log(L): 7212.34  Spbio: 5518.55 10807.6 cat 13.3227
4 457 -log(L): 7211.29  Spbio: 5520.53 10800 cat 13.9802
4 458 -log(L): 10479  Spbio: 5646.35 11026 cat 3077.66
4 459 -log(L): 7211.22  Spbio: 5520.62 10799.5 cat 14.0282
4 460 -log(L): 7211.06  Spbio: 5521.11 10798.8 cat 14.0093
4 461 -log(L): 7209.62  Spbio: 5525.98 10792.4 cat 13.8284
4 462 -log(L): 7206.96  Spbio: 5526.22 10770.2 cat 14.1825
4 463 -log(L): 7202.65  Spbio: 5529.71 10733.6 cat 14.9656
phase= 4 | nvar=192 | iter=140 | nll=7.20e+03 | mag=2.19e+04 | par[ 22]=SR_parm[1]
4 464 -log(L): 7195.76  Spbio: 5520.72 10709.7 cat 14.559
4 465 -log(L): 7190.17  Spbio: 5529.83 10808.5 cat 13.9735
4 466 -log(L): 7184.32  Spbio: 5508.32 10876.2 cat 11.2017
4 467 -log(L): 7176.67  Spbio: 5482.62 10900.4 cat 11.5008
4 468 -log(L): 7189.81  Spbio: 5381.87 10705.9 cat 17.7116
4 469 -log(L): 7174.56  Spbio: 5454.1 10847 cat 12.1051
4 470 -log(L): 7171.68  Spbio: 5480.31 10917.4 cat 12.2628
4 471 -log(L): 7167.18  Spbio: 5483.54 10959.4 cat 11.6133
4 472 -log(L): 7162.88  Spbio: 5500.39 11010.1 cat 11.0182
4 473 -log(L): 7157.38  Spbio: 5559.05 10990.3 cat 11.3196
4 474 -log(L): 7155.98  Spbio: 5591.41 10926.2 cat 11.3965
4 475 -log(L): 7153.86  Spbio: 5582.24 10971.1 cat 11.0887
4 476 -log(L): 7151.12  Spbio: 5565.98 11010 cat 11.1882
4 477 -log(L): 7148.76  Spbio: 5549.93 11043.2 cat 10.3239
4 478 -log(L): 7145.75  Spbio: 5546.36 11032 cat 10.9471
4 479 -log(L): 7143  Spbio: 5540.36 10908.4 cat 10.2919
4 480 -log(L): 7140.84  Spbio: 5572.47 10854.6 cat 10.6654
4 481 -log(L): 7137.87  Spbio: 5588 10922.6 cat 10.3698
4 482 -log(L): 7134.17  Spbio: 5539.75 10868.8 cat 9.90304
4 483 -log(L): 7130.48  Spbio: 5507.78 10807.5 cat 10.0855
4 484 -log(L): 7127.19  Spbio: 5591.32 10699.5 cat 10.9599
phase= 4 | nvar=192 | iter=160 | nll=7.13e+03 | mag=6.55e+03 | par[ 22]=SR_parm[1]
4 485 -log(L): 7124.56  Spbio: 5573.09 10737.1 cat 11.8628
4 486 -log(L): 7123.27  Spbio: 5563.23 10806.9 cat 12.1726
4 487 -log(L): 7122.19  Spbio: 5568.15 10737.1 cat 11.695
4 488 -log(L): 7121.05  Spbio: 5561.07 10644.6 cat 11.5944
4 489 -log(L): 7119.49  Spbio: 5573.88 10589.3 cat 11.2647
4 490 -log(L): 7118.49  Spbio: 5597.95 10556.5 cat 12.8338
4 491 -log(L): 7116.78  Spbio: 5601.93 10550.5 cat 12.78
4 492 -log(L): 7114.23  Spbio: 5612.75 10566.7 cat 12.1644
4 493 -log(L): 7109.89  Spbio: 5622.52 10549.9 cat 11.9976
4 494 -log(L): 7103.63  Spbio: 5597.18 10648.1 cat 12.3473
4 495 -log(L): 7100.96  Spbio: 5584.4 10691.5 cat 10.128
4 496 -log(L): 7097.26  Spbio: 5566.86 10812 cat 10.0719
4 497 -log(L): 7095.79  Spbio: 5529.93 10860.2 cat 12.6412
4 498 -log(L): 7094.2  Spbio: 5542.61 10844 cat 10.4326
4 499 -log(L): 7093.31  Spbio: 5551.06 10856.7 cat 12.7478
4 500 -log(L): 7090.87  Spbio: 5542.16 10865.1 cat 11.0248
4 501 -log(L): 7130.33  Spbio: 5456.44 10974.8 cat 41.4374
4 502 -log(L): 7089.06  Spbio: 5526.83 10881.3 cat 9.6992
4 503 -log(L): 7086.21  Spbio: 5492.46 10907.3 cat 9.62312
4 504 -log(L): 7084.38  Spbio: 5504.57 10610.8 cat 9.52238
4 505 -log(L): 7081.77  Spbio: 5530.84 10612 cat 9.4585
4 506 -log(L): 7078.34  Spbio: 5521.71 10549.8 cat 8.83157
4 507 -log(L): 7074.63  Spbio: 5524.85 10523.8 cat 9.22688
phase= 4 | nvar=192 | iter=180 | nll=7.07e+03 | mag=2.86e+03 | par[ 17]=MGparm[49]
4 508 -log(L): 7070.5  Spbio: 5456.69 10402.1 cat 8.73192
4 509 -log(L): 7069.44  Spbio: 5557.83 10273 cat 9.0597
4 510 -log(L): 7067.76  Spbio: 5550.03 10257.2 cat 8.94681
4 511 -log(L): 7065.78  Spbio: 5543.21 10182.1 cat 9.35763
4 512 -log(L): 7063.51  Spbio: 5523.65 10056 cat 9.71068
4 513 -log(L): 7061.27  Spbio: 5531.34 10015.7 cat 10.187
4 514 -log(L): 7058.71  Spbio: 5538.38 9939.76 cat 9.79808
4 515 -log(L): 7054.67  Spbio: 5533.6 9842.84 cat 9.62768
4 516 -log(L): 7507.77  Spbio: 5532.81 8952.94 cat 316.096
4 517 -log(L): 7056.24  Spbio: 5532.99 9655.42 cat 10.8288
4 518 -log(L): 7052.09  Spbio: 5533.18 9753 cat 9.47105
4 519 -log(L): 7050.54  Spbio: 5551.71 9649.7 cat 10.2076
4 520 -log(L): 7049.11  Spbio: 5573.19 9621.49 cat 9.14214
4 521 -log(L): 7046.65  Spbio: 5560.58 9600.7 cat 8.61278
4 522 -log(L): 7044.43  Spbio: 5549.03 9548.69 cat 9.03274
4 523 -log(L): 7042.17  Spbio: 5544.01 9451.64 cat 9.36036
4 524 -log(L): 7039.04  Spbio: 5544.81 9423.79 cat 9.13865
4 525 -log(L): 7035.81  Spbio: 5551.64 9403.46 cat 8.44014
4 526 -log(L): 7032.26  Spbio: 5529.46 9280.59 cat 8.25288
4 527 -log(L): 7031.1  Spbio: 5502.78 9218.54 cat 8.02794
4 528 -log(L): 7029.91  Spbio: 5513.11 9242.42 cat 8.10681
4 529 -log(L): 7026.9  Spbio: 5501.07 9156.54 cat 8.41752
4 530 -log(L): 7023.61  Spbio: 5518.05 9113.6 cat 8.30401
phase= 4 | nvar=192 | iter=200 | nll=7.02e+03 | mag=9.63e+03 | par[ 22]=SR_parm[1]
4 531 -log(L): 7019.44  Spbio: 5521.14 9042.25 cat 8.61266
4 532 -log(L): 7014.42  Spbio: 5525.69 8961.19 cat 8.488
4 533 -log(L): 7008.51  Spbio: 5525.17 8872.83 cat 8.53631
4 534 -log(L): 7006.46  Spbio: 5523.21 8752.06 cat 9.11403
4 535 -log(L): 7004.54  Spbio: 5524.04 8796.62 cat 8.5482
4 536 -log(L): 6998.77  Spbio: 5515.84 8671.25 cat 8.77882
4 537 -log(L): 6996.99  Spbio: 5482.78 8466.88 cat 12.092
4 538 -log(L): 6993.75  Spbio: 5487.8 8452.86 cat 10.68
4 539 -log(L): 6987.99  Spbio: 5491.93 8446.24 cat 8.80228
4 540 -log(L): 6977.93  Spbio: 5509.64 8389.95 cat 8.89223
4 541 -log(L): 6964.58  Spbio: 5576.27 8405.35 cat 8.52996
4 542 -log(L): 6968.97  Spbio: 5694.59 8392.95 cat 8.53459
4 543 -log(L): 6959.9  Spbio: 5624.37 8400.77 cat 8.41057
4 544 -log(L): 6954.68  Spbio: 5666.86 8364.52 cat 8.19379
4 545 -log(L): 6946.57  Spbio: 5732.37 8367.83 cat 8.61126
4 546 -log(L): 6934.21  Spbio: 5830.77 8303.88 cat 7.89508
4 547 -log(L): 6921.18  Spbio: 5921.04 8496.84 cat 10.0635
4 548 -log(L): 6919.87  Spbio: 5988.1 8738.7 cat 7.39691
4 549 -log(L): 6913.72  Spbio: 5954.22 8626.71 cat 8.59615
4 550 -log(L): 6907.74  Spbio: 6028.38 8558.26 cat 7.45381
4 551 -log(L): 6900.09  Spbio: 6082.56 8591.74 cat 7.62565
4 552 -log(L): 6896.27  Spbio: 6052.41 8576.62 cat 8.37367
4 553 -log(L): 6894.23  Spbio: 6062.17 8602.12 cat 8.05974
4 554 -log(L): 6890.34  Spbio: 6014.65 8762.94 cat 9.66444
phase= 4 | nvar=192 | iter=220 | nll=6.89e+03 | mag=9.08e+03 | par[ 22]=SR_parm[1]
4 555 -log(L): 6885.23  Spbio: 6006.15 8855.83 cat 8.64569
4 556 -log(L): 6878.75  Spbio: 6025.29 9012.21 cat 8.90356
4 557 -log(L): 6872.76  Spbio: 6023.87 9119.42 cat 9.18428
4 558 -log(L): 6873.72  Spbio: 6095.75 9195.87 cat 9.64841
4 559 -log(L): 6869.91  Spbio: 6055.31 9153.06 cat 8.51559
4 560 -log(L): 6866.57  Spbio: 6038.91 9129.68 cat 8.7328
4 561 -log(L): 6863.6  Spbio: 6025.24 9064.3 cat 8.50907
4 562 -log(L): 6863.13  Spbio: 6071.57 8931.22 cat 9.99179
4 563 -log(L): 6862.26  Spbio: 6068.06 8932.82 cat 9.56757
4 564 -log(L): 6860.77  Spbio: 6063.92 8941.04 cat 9.05051
4 565 -log(L): 6858.93  Spbio: 6037.49 8970.99 cat 8.45064
4 566 -log(L): 6858.34  Spbio: 6044.33 8970.34 cat 8.75546
4 567 -log(L): 6857.58  Spbio: 6055.66 8962.2 cat 8.73011
4 568 -log(L): 6856.89  Spbio: 6057.94 8973.71 cat 8.4528
4 569 -log(L): 6855.84  Spbio: 6078.99 8962.54 cat 8.58826
4 570 -log(L): 6854.2  Spbio: 6102.34 8949.09 cat 8.76789
4 571 -log(L): 6852.25  Spbio: 6170.74 8913.26 cat 9.07755
4 572 -log(L): 6851.01  Spbio: 6215.67 8901.9 cat 9.49242
4 573 -log(L): 6849.63  Spbio: 6288.61 8913.61 cat 10.1739
4 574 -log(L): 6847.77  Spbio: 6297.05 8951.21 cat 10.6401
4 575 -log(L): 6846.28  Spbio: 6280.86 9003.93 cat 11.1422
phase= 4 | nvar=192 | iter=240 | nll=6.85e+03 | mag=5.50e+03 | par[ 22]=SR_parm[1]
4 576 -log(L): 6845.21  Spbio: 6285.63 9121.71 cat 12.5721
4 577 -log(L): 6843.77  Spbio: 6293.78 9148.98 cat 11.9805
4 578 -log(L): 6842.16  Spbio: 6307.8 9221.13 cat 11.9109
4 579 -log(L): 6840.97  Spbio: 6364.51 9269.25 cat 12.1164
4 580 -log(L): 6839.59  Spbio: 6452.17 9300.35 cat 12.6305
4 581 -log(L): 6838.37  Spbio: 6559.87 9354.47 cat 12.4591
4 582 -log(L): 6837.16  Spbio: 6584.31 9377.71 cat 12.6996
4 583 -log(L): 6835.3  Spbio: 6629.96 9434.31 cat 13.1741
4 584 -log(L): 6833.02  Spbio: 6684.19 9545.22 cat 14.0947
4 585 -log(L): 6831.58  Spbio: 6742.01 9640.47 cat 14.4212
4 586 -log(L): 6830.24  Spbio: 6797.8 9716.81 cat 15.729
4 587 -log(L): 6828.64  Spbio: 6799.42 9785.96 cat 15.7486
4 588 -log(L): 6826.17  Spbio: 6765.86 9785.83 cat 16.1321
4 589 -log(L): 6822.76  Spbio: 6730.87 9884.93 cat 16.3342
4 590 -log(L): 6821.44  Spbio: 6544.43 9822.14 cat 20.0274
4 591 -log(L): 6819.2  Spbio: 6563.59 9847.12 cat 18.9972
4 592 -log(L): 6816.18  Spbio: 6566.85 9907.25 cat 18.3768
4 593 -log(L): 6816.49  Spbio: 6562.05 10010.1 cat 19.166
4 594 -log(L): 6816.21  Spbio: 6563.13 9941.97 cat 18.4718
4 595 -log(L): 6815.43  Spbio: 6565.37 9920.88 cat 18.387
4 596 -log(L): 6814.09  Spbio: 6555.46 9938.78 cat 18.4705
4 597 -log(L): 6812.94  Spbio: 6525.81 9939.23 cat 18.9104
4 598 -log(L): 6812.62  Spbio: 6533.15 9940.85 cat 18.7515
phase= 4 | nvar=192 | iter=260 | nll=6.81e+03 | mag=1.30e+04 | par[ 22]=SR_parm[1]
4 599 -log(L): 6810.57  Spbio: 6504.54 9959.43 cat 19.2196
4 600 -log(L): 6807.94  Spbio: 6418.66 9967.85 cat 20.3948
4 601 -log(L): 6805.65  Spbio: 6319.84 9945.67 cat 20.2793
4 602 -log(L): 6803.28  Spbio: 6224.28 9835.91 cat 20.4402
4 603 -log(L): 6801.3  Spbio: 6167.55 9736.16 cat 21.5601
4 604 -log(L): 6798.19  Spbio: 6172.44 9696 cat 22.5776
4 605 -log(L): 6794.09  Spbio: 6109.77 9588.08 cat 23.3816
4 606 -log(L): 6794.76  Spbio: 6065.16 9402.46 cat 27.2662
4 607 -log(L): 6792.33  Spbio: 6087.2 9497.71 cat 24.8484
4 608 -log(L): 6790.14  Spbio: 6021.22 9424.05 cat 26.3122
4 609 -log(L): 6787.58  Spbio: 5930.92 9299.03 cat 25.7058
4 610 -log(L): 6785.3  Spbio: 5839.02 9220.68 cat 25.5765
4 611 -log(L): 6782.24  Spbio: 5819 9161.57 cat 26.4593
4 612 -log(L): 6779.48  Spbio: 5804.47 9092.84 cat 25.7018
4 613 -log(L): 6776.62  Spbio: 5840.74 9112.61 cat 26.5069
4 614 -log(L): 6773.38  Spbio: 5837.56 9239.42 cat 27.1827
4 615 -log(L): 6770.2  Spbio: 5833.96 9273.88 cat 27.5082
4 616 -log(L): 6766.88  Spbio: 5838.12 9289.3 cat 27.5865
4 617 -log(L): 6764.56  Spbio: 5830.01 9275.43 cat 29.3151
4 618 -log(L): 6761.9  Spbio: 5782.96 9239.55 cat 29.063
4 619 -log(L): 6759.35  Spbio: 5801.97 9261.82 cat 27.8227
phase= 4 | nvar=192 | iter=280 | nll=6.76e+03 | mag=3.59e+03 | par[ 22]=SR_parm[1]
4 620 -log(L): 6757.84  Spbio: 5761.69 9305.21 cat 29.6574
4 621 -log(L): 6755.6  Spbio: 5769.01 9295.74 cat 29.818
4 622 -log(L): 6751.89  Spbio: 5779.26 9278.03 cat 29.4101
4 623 -log(L): 6744.96  Spbio: 5809.24 9267.26 cat 28.3562
4 624 -log(L): 6737.77  Spbio: 5889.64 9250.48 cat 29.5464
4 625 -log(L): 6736.7  Spbio: 5868.23 9252.11 cat 28.9125
4 626 -log(L): 6735.62  Spbio: 5978.6 9261.09 cat 28.3011
4 627 -log(L): 6730.79  Spbio: 5931.37 9255.26 cat 28.2881
4 628 -log(L): 6722.79  Spbio: 5946.53 9276.07 cat 27.1156
4 629 -log(L): 6716.47  Spbio: 5976.66 9156.03 cat 28.4554
4 630 -log(L): 6707.8  Spbio: 5963.53 9106.64 cat 28.6195
4 631 -log(L): 6699.5  Spbio: 5900.85 9019.23 cat 28.2678
4 632 -log(L): 6695.66  Spbio: 5882.77 8996.9 cat 29.1074
4 633 -log(L): 6693.02  Spbio: 5850.34 8929.29 cat 30.6133
4 634 -log(L): 6691.55  Spbio: 5865.8 8956.18 cat 30.1331
4 635 -log(L): 6690.06  Spbio: 5912.6 9122.92 cat 29.2461
4 636 -log(L): 6689.06  Spbio: 5936.63 9249.84 cat 28.6185
4 637 -log(L): 6688.22  Spbio: 5944.73 9371.35 cat 29.3613
4 638 -log(L): 6687.46  Spbio: 5930.5 9454.23 cat 29.1073
4 639 -log(L): 6686.68  Spbio: 5909.4 9501.32 cat 29.1479
4 640 -log(L): 6685.79  Spbio: 5866.75 9553 cat 29.5065
4 641 -log(L): 6685.08  Spbio: 5849.05 9576.66 cat 28.2954
phase= 4 | nvar=192 | iter=300 | nll=6.69e+03 | mag=7.61e+03 | par[ 22]=SR_parm[1]
4 642 -log(L): 6684.27  Spbio: 5843.56 9584.13 cat 29.1389
4 643 -log(L): 6683.43  Spbio: 5839.38 9566.93 cat 28.2296
4 644 -log(L): 6682.68  Spbio: 5840.97 9600.56 cat 28.7554
4 645 -log(L): 6682.14  Spbio: 5854.7 9617.91 cat 29.5444
4 646 -log(L): 6681.43  Spbio: 5842.59 9625.63 cat 29.1301
4 647 -log(L): 6680.34  Spbio: 5825.33 9622.86 cat 28.9508
4 648 -log(L): 6679.5  Spbio: 5805.13 9572.45 cat 28.9544
4 649 -log(L): 6678.83  Spbio: 5803.87 9520.91 cat 29.0883
4 650 -log(L): 6678.05  Spbio: 5798.42 9496.97 cat 29.359
4 651 -log(L): 6677.15  Spbio: 5793.69 9395.58 cat 29.8999
4 652 -log(L): 6676.45  Spbio: 5791.76 9294.24 cat 30.4515
4 653 -log(L): 6675.74  Spbio: 5794.68 9310.22 cat 30.4269
4 654 -log(L): 6674.73  Spbio: 5796.9 9330.02 cat 30.2285
4 655 -log(L): 6673.67  Spbio: 5811.4 9331.52 cat 29.8793
4 656 -log(L): 6673.05  Spbio: 5829.42 9341.37 cat 30.1971
4 657 -log(L): 6672.64  Spbio: 5838.81 9372.26 cat 30.1659
4 658 -log(L): 6672.05  Spbio: 5842.75 9382.62 cat 30.0618
4 659 -log(L): 6671.41  Spbio: 5848.74 9363.77 cat 30.2998
4 660 -log(L): 6671.03  Spbio: 5851.12 9366.1 cat 29.8675
4 661 -log(L): 6670.6  Spbio: 5855.4 9351.6 cat 29.8535
phase= 4 | nvar=192 | iter=320 | nll=6.67e+03 | mag=1.70e+03 | par[ 22]=SR_parm[1]
4 662 -log(L): 6670.23  Spbio: 5857.69 9314.72 cat 30.6282
4 663 -log(L): 6669.93  Spbio: 5870.07 9292.07 cat 29.8246
4 664 -log(L): 6669.6  Spbio: 5875.13 9268.48 cat 30.206
4 665 -log(L): 6669.22  Spbio: 5893.93 9263.49 cat 30.614
4 666 -log(L): 6668.92  Spbio: 5896.03 9280.52 cat 30.4477
4 667 -log(L): 6668.67  Spbio: 5895.37 9323.49 cat 30.5245
4 668 -log(L): 6668.44  Spbio: 5890.78 9371.1 cat 30.4541
4 669 -log(L): 6668.26  Spbio: 5889.06 9401.32 cat 30.1515
4 670 -log(L): 6668.08  Spbio: 5887.12 9419.35 cat 30.1249
4 671 -log(L): 6667.83  Spbio: 5885.52 9422.55 cat 29.7808
4 672 -log(L): 6667.58  Spbio: 5886.14 9413.29 cat 29.786
4 673 -log(L): 6667.36  Spbio: 5879.25 9403.02 cat 29.5224
4 674 -log(L): 6667.23  Spbio: 5874.67 9391.38 cat 29.6481
4 675 -log(L): 6667.12  Spbio: 5870.71 9395.11 cat 29.679
4 676 -log(L): 6666.98  Spbio: 5864.61 9423.76 cat 29.3898
4 677 -log(L): 6666.84  Spbio: 5856.75 9421.23 cat 29.6196
4 678 -log(L): 6666.72  Spbio: 5850.02 9419 cat 29.396
4 679 -log(L): 6666.58  Spbio: 5848.18 9405.51 cat 29.4572
4 680 -log(L): 6666.42  Spbio: 5851.59 9368.18 cat 29.4875
4 681 -log(L): 6666.36  Spbio: 5854.27 9345.73 cat 29.5826
phase= 4 | nvar=192 | iter=340 | nll=6.67e+03 | mag=1.64e+03 | par[ 22]=SR_parm[1]
4 682 -log(L): 6666.29  Spbio: 5856.81 9336.79 cat 29.7529
4 683 -log(L): 6666.19  Spbio: 5861.54 9325.97 cat 29.7403
4 684 -log(L): 6666.06  Spbio: 5866.91 9318.61 cat 29.8783
4 685 -log(L): 6665.93  Spbio: 5868.86 9307.33 cat 30.062
4 686 -log(L): 6665.84  Spbio: 5867.03 9326.46 cat 30.0174
4 687 -log(L): 6665.76  Spbio: 5868.89 9363.42 cat 29.9642
4 688 -log(L): 6665.68  Spbio: 5866.1 9379.06 cat 29.919
4 689 -log(L): 6665.59  Spbio: 5858.76 9410.48 cat 29.7712
4 690 -log(L): 6665.53  Spbio: 5855.11 9450.75 cat 29.5542
4 691 -log(L): 6665.47  Spbio: 5854.47 9472.35 cat 29.6282
4 692 -log(L): 6665.4  Spbio: 5850.9 9527.17 cat 29.6921
4 693 -log(L): 6665.34  Spbio: 5849.53 9547.3 cat 29.6493
4 694 -log(L): 6665.26  Spbio: 5848.66 9571.83 cat 29.6878
4 695 -log(L): 6665.13  Spbio: 5845.42 9601.9 cat 29.6736
4 696 -log(L): 6664.98  Spbio: 5843.2 9654.05 cat 29.5546
4 697 -log(L): 6664.82  Spbio: 5838.16 9669.15 cat 29.4678
4 698 -log(L): 6664.58  Spbio: 5833.63 9666.91 cat 29.2537
4 699 -log(L): 6664.35  Spbio: 5828.48 9632.45 cat 29.2049
4 700 -log(L): 6664.17  Spbio: 5820.41 9623.26 cat 29.1695
4 701 -log(L): 6663.97  Spbio: 5808.47 9619.96 cat 29.1732
phase= 4 | nvar=192 | iter=360 | nll=6.66e+03 | mag=7.58e+02 | par[ 23]=SR_parm[6]
4 702 -log(L): 6663.73  Spbio: 5786.65 9615.03 cat 29.341
4 703 -log(L): 6663.58  Spbio: 5769.24 9632.76 cat 29.4787
4 704 -log(L): 6663.45  Spbio: 5765.46 9607.87 cat 29.5326
4 705 -log(L): 6663.25  Spbio: 5758.92 9583.26 cat 29.5585
4 706 -log(L): 6662.99  Spbio: 5739.45 9516.64 cat 29.5071
4 707 -log(L): 6662.78  Spbio: 5735.59 9472.38 cat 29.5938
4 708 -log(L): 6662.53  Spbio: 5726.82 9432.31 cat 29.6154
4 709 -log(L): 6662.16  Spbio: 5726.44 9349.82 cat 29.7898
4 710 -log(L): 6661.67  Spbio: 5741.82 9219.32 cat 29.9829
4 711 -log(L): 6661.37  Spbio: 5745.01 9096.31 cat 30.1601
4 712 -log(L): 6661.01  Spbio: 5748.65 9059.2 cat 30.1281
4 713 -log(L): 6660.59  Spbio: 5735.61 9006.25 cat 29.5467
4 714 -log(L): 6660.27  Spbio: 5738.16 8961.4 cat 29.6794
4 715 -log(L): 6659.85  Spbio: 5743.35 8909.23 cat 29.3272
4 716 -log(L): 6659.48  Spbio: 5741.19 8968.67 cat 29.5361
4 717 -log(L): 6659.21  Spbio: 5738.51 9023.19 cat 29.7042
4 718 -log(L): 6659.01  Spbio: 5751.81 9007.18 cat 29.453
4 719 -log(L): 6658.8  Spbio: 5762.29 9047.87 cat 29.1046
4 720 -log(L): 6658.53  Spbio: 5776.92 9073.96 cat 29.3801
4 721 -log(L): 6658.22  Spbio: 5793.19 9103.36 cat 29.1179
phase= 4 | nvar=192 | iter=380 | nll=6.66e+03 | mag=2.30e+03 | par[ 22]=SR_parm[1]
4 722 -log(L): 6657.88  Spbio: 5823.97 9161.74 cat 29.1767
4 723 -log(L): 6657.72  Spbio: 5840.87 9214.06 cat 29.3
4 724 -log(L): 6657.45  Spbio: 5844.85 9202.26 cat 29.3294
4 725 -log(L): 6657.08  Spbio: 5858.03 9188.11 cat 29.2147
4 726 -log(L): 6656.73  Spbio: 5851.67 9178.91 cat 29.0812
4 727 -log(L): 6656.25  Spbio: 5856.93 9143.78 cat 29.3084
4 728 -log(L): 6655.88  Spbio: 5861.44 9145.56 cat 29.2917
4 729 -log(L): 6655.34  Spbio: 5875.61 9184.32 cat 29.5082
4 730 -log(L): 6654.68  Spbio: 5885.63 9227.64 cat 29.4459
4 731 -log(L): 6655.05  Spbio: 5917.14 9272.45 cat 29.3928
4 732 -log(L): 6654.37  Spbio: 5900.69 9252.91 cat 29.3851
4 733 -log(L): 6653.95  Spbio: 5908.39 9289.09 cat 29.2288
4 734 -log(L): 6653.56  Spbio: 5910.22 9318.49 cat 29.0628
4 735 -log(L): 6652.92  Spbio: 5932.98 9330.32 cat 28.9679
4 736 -log(L): 6652.72  Spbio: 5952.77 9330.93 cat 29.0523
4 737 -log(L): 6652.44  Spbio: 5950.65 9324.78 cat 29.0479
4 738 -log(L): 6651.99  Spbio: 5946.12 9295.15 cat 29.1582
4 739 -log(L): 6651.47  Spbio: 5951.94 9279.13 cat 29.2641
4 740 -log(L): 6650.86  Spbio: 5944.31 9213.25 cat 29.4736
4 741 -log(L): 6650.04  Spbio: 5957.57 9132.69 cat 29.4432
4 742 -log(L): 6649.67  Spbio: 5944.94 9136.79 cat 29.8166
phase= 4 | nvar=192 | iter=400 | nll=6.65e+03 | mag=1.50e+04 | par[ 95]=selparm[71]
4 743 -log(L): 6649.19  Spbio: 5935.19 9142.69 cat 30.0554
4 744 -log(L): 6648.85  Spbio: 5932.45 9190.33 cat 30.0265
4 745 -log(L): 6648.52  Spbio: 5960.44 9248.5 cat 29.9998
4 746 -log(L): 6648.23  Spbio: 5952.91 9314.07 cat 29.9136
4 747 -log(L): 6648.03  Spbio: 5966.27 9321.66 cat 29.8705
4 748 -log(L): 6647.72  Spbio: 5985.34 9348.57 cat 29.8302
4 749 -log(L): 6647.38  Spbio: 6006.97 9403.71 cat 29.8196
4 750 -log(L): 6647.2  Spbio: 6011.36 9445.36 cat 29.7047
4 751 -log(L): 6646.93  Spbio: 6004.22 9484.05 cat 29.5598
4 752 -log(L): 6646.53  Spbio: 5991.14 9538.31 cat 29.3113
4 753 -log(L): 6646.11  Spbio: 5958.23 9577.18 cat 29.1867
4 754 -log(L): 6645.76  Spbio: 5942.86 9542.59 cat 29.1265
4 755 -log(L): 6645.26  Spbio: 5919.52 9500.96 cat 29.1912
4 756 -log(L): 6644.61  Spbio: 5881.81 9391.31 cat 29.8515
4 757 -log(L): 6644.07  Spbio: 5859.26 9322.79 cat 30.0625
4 758 -log(L): 6643.65  Spbio: 5833.43 9284.77 cat 30.2973
4 759 -log(L): 6643.28  Spbio: 5842.46 9322.32 cat 30.3347
4 760 -log(L): 6642.83  Spbio: 5842.65 9440.9 cat 30.0346
4 761 -log(L): 6642.31  Spbio: 5858.09 9554.6 cat 29.6169
4 762 -log(L): 6641.75  Spbio: 5855.41 9617.84 cat 29.6912
phase= 4 | nvar=192 | iter=420 | nll=6.64e+03 | mag=8.26e+02 | par[ 22]=SR_parm[1]
4 763 -log(L): 6641.1  Spbio: 5852.77 9668.14 cat 29.7005
4 764 -log(L): 6640.56  Spbio: 5843.05 9672.54 cat 29.9361
4 765 -log(L): 6640.04  Spbio: 5842 9665.6 cat 30.1283
4 766 -log(L): 6639.61  Spbio: 5843.1 9654.08 cat 30.1446
4 767 -log(L): 6639.32  Spbio: 5852.8 9643.46 cat 30.3045
4 768 -log(L): 6639.07  Spbio: 5860.19 9648.29 cat 30.1575
4 769 -log(L): 6638.84  Spbio: 5863.16 9654.32 cat 30.0288
4 770 -log(L): 6638.63  Spbio: 5858.14 9678.36 cat 30.0244
4 771 -log(L): 6638.4  Spbio: 5851.06 9702.84 cat 30.0173
4 772 -log(L): 6638.18  Spbio: 5840.45 9737.71 cat 29.8791
4 773 -log(L): 6637.97  Spbio: 5824.93 9715.55 cat 29.8847
4 774 -log(L): 6637.73  Spbio: 5814.96 9712.04 cat 29.6178
4 775 -log(L): 6637.44  Spbio: 5801.86 9667.12 cat 29.6879
4 776 -log(L): 6637.15  Spbio: 5790.51 9629.05 cat 29.6841
4 777 -log(L): 6636.9  Spbio: 5775.37 9622.89 cat 29.517
4 778 -log(L): 6636.58  Spbio: 5752.87 9619.69 cat 29.4191
4 779 -log(L): 6636.34  Spbio: 5713.46 9587.58 cat 29.2728
4 780 -log(L): 6636.12  Spbio: 5697.02 9596.84 cat 29.3953
4 781 -log(L): 6635.86  Spbio: 5698.05 9626.67 cat 29.5861
4 782 -log(L): 6635.6  Spbio: 5668.7 9602.93 cat 29.8017
phase= 4 | nvar=192 | iter=440 | nll=6.64e+03 | mag=3.12e+03 | par[ 22]=SR_parm[1]
4 783 -log(L): 6635.44  Spbio: 5655.8 9583.84 cat 29.6898
4 784 -log(L): 6635.3  Spbio: 5647.76 9559.05 cat 29.6608
4 785 -log(L): 6635.2  Spbio: 5652.1 9554.46 cat 29.4568
4 786 -log(L): 6635.12  Spbio: 5657.5 9534.34 cat 29.3536
4 787 -log(L): 6635.05  Spbio: 5670.67 9529.44 cat 29.4039
4 788 -log(L): 6634.97  Spbio: 5674.15 9515.56 cat 29.4363
4 789 -log(L): 6634.9  Spbio: 5682.72 9506.65 cat 29.4594
4 790 -log(L): 6634.81  Spbio: 5686.42 9524.97 cat 29.5084
4 791 -log(L): 6634.72  Spbio: 5687.8 9543.69 cat 29.4917
4 792 -log(L): 6634.64  Spbio: 5695.09 9570.64 cat 29.4382
4 793 -log(L): 6634.56  Spbio: 5700.1 9592.58 cat 29.3652
4 794 -log(L): 6634.45  Spbio: 5711.21 9621.01 cat 29.3615
4 795 -log(L): 6634.34  Spbio: 5726.08 9650.07 cat 29.3474
4 796 -log(L): 6634.27  Spbio: 5725.35 9641.32 cat 29.3759
4 797 -log(L): 6634.14  Spbio: 5724.13 9633.1 cat 29.4341
4 798 -log(L): 6633.97  Spbio: 5723.9 9621.6 cat 29.5109
4 799 -log(L): 6633.83  Spbio: 5726.85 9625.05 cat 29.5751
4 800 -log(L): 6633.63  Spbio: 5738.54 9636.95 cat 29.6361
4 801 -log(L): 6633.42  Spbio: 5762.61 9672.84 cat 29.6996
4 802 -log(L): 6633.3  Spbio: 5785.19 9713.21 cat 29.6385
phase= 4 | nvar=192 | iter=460 | nll=6.63e+03 | mag=4.16e+02 | par[ 23]=SR_parm[6]
4 803 -log(L): 6633.22  Spbio: 5805.23 9746.45 cat 29.5811
4 804 -log(L): 6633.18  Spbio: 5820.41 9804.85 cat 29.4949
4 805 -log(L): 6633.15  Spbio: 5819 9799.83 cat 29.5166
4 806 -log(L): 6633.11  Spbio: 5816.2 9792.63 cat 29.5397
4 807 -log(L): 6633.08  Spbio: 5816.21 9789.41 cat 29.5579
4 808 -log(L): 6633.04  Spbio: 5816.34 9781.15 cat 29.5806
4 809 -log(L): 6633  Spbio: 5818.49 9773.17 cat 29.6197
4 810 -log(L): 6632.93  Spbio: 5817.03 9758.03 cat 29.629
4 811 -log(L): 6632.88  Spbio: 5813.15 9740.29 cat 29.6234
4 812 -log(L): 6632.85  Spbio: 5810.8 9736.49 cat 29.6048
4 813 -log(L): 6632.81  Spbio: 5806.09 9727.15 cat 29.5786
4 814 -log(L): 6632.77  Spbio: 5801.84 9710.27 cat 29.5892
4 815 -log(L): 6632.75  Spbio: 5796.72 9695.72 cat 29.5958
4 816 -log(L): 6632.72  Spbio: 5792.53 9672.73 cat 29.6216
4 817 -log(L): 6632.7  Spbio: 5790.4 9660.91 cat 29.6385
4 818 -log(L): 6632.66  Spbio: 5790.51 9647.1 cat 29.6556
4 819 -log(L): 6632.62  Spbio: 5789.66 9634.47 cat 29.6679
4 820 -log(L): 6632.59  Spbio: 5789.27 9625.42 cat 29.7078
4 821 -log(L): 6632.56  Spbio: 5785.45 9619.25 cat 29.709
4 822 -log(L): 6632.54  Spbio: 5780.82 9615.43 cat 29.7263
phase= 4 | nvar=192 | iter=480 | nll=6.63e+03 | mag=1.68e+02 | par[ 22]=SR_parm[1]
4 823 -log(L): 6632.52  Spbio: 5774.77 9610.28 cat 29.7567
4 824 -log(L): 6632.5  Spbio: 5769.02 9611.94 cat 29.7469
4 825 -log(L): 6632.48  Spbio: 5766.05 9616.12 cat 29.7539
4 826 -log(L): 6632.47  Spbio: 5765.66 9624.93 cat 29.7224
4 827 -log(L): 6632.47  Spbio: 5764.44 9628.44 cat 29.7039
4 828 -log(L): 6632.46  Spbio: 5762.97 9631.54 cat 29.7106
4 829 -log(L): 6632.45  Spbio: 5758.57 9627.5 cat 29.7243
4 830 -log(L): 6632.45  Spbio: 5754.32 9623.73 cat 29.747
4 831 -log(L): 6632.44  Spbio: 5752.98 9619.75 cat 29.7709
4 832 -log(L): 6632.44  Spbio: 5752.1 9616.59 cat 29.7832
4 833 -log(L): 6632.44  Spbio: 5751.87 9615.69 cat 29.8042
4 834 -log(L): 6632.44  Spbio: 5752.13 9617.9 cat 29.8206
4 835 -log(L): 6632.43  Spbio: 5751.4 9619.03 cat 29.8179
4 836 -log(L): 6632.43  Spbio: 5749.7 9621.4 cat 29.8189
4 837 -log(L): 6632.43  Spbio: 5747.61 9621.43 cat 29.8032
4 838 -log(L): 6632.42  Spbio: 5744.89 9620.07 cat 29.7971
4 839 -log(L): 6632.42  Spbio: 5743.07 9617.96 cat 29.7969
4 840 -log(L): 6632.42  Spbio: 5742.11 9616.6 cat 29.8085
4 841 -log(L): 6632.42  Spbio: 5742.94 9618 cat 29.826
4 842 -log(L): 6632.41  Spbio: 5744.08 9621.65 cat 29.8414
phase= 4 | nvar=192 | iter=500 | nll=6.63e+03 | mag=7.97e+01 | par[ 22]=SR_parm[1]
4 843 -log(L): 6632.41  Spbio: 5746.11 9628.67 cat 29.8515
4 844 -log(L): 6632.41  Spbio: 5746.6 9635.04 cat 29.8557
4 845 -log(L): 6632.41  Spbio: 5746.48 9642.57 cat 29.8605
4 846 -log(L): 6632.4  Spbio: 5744.92 9649.01 cat 29.8589
4 847 -log(L): 6632.4  Spbio: 5742.82 9654.15 cat 29.8594
4 848 -log(L): 6632.4  Spbio: 5740.26 9655.61 cat 29.8551
4 849 -log(L): 6632.4  Spbio: 5738.69 9656.06 cat 29.8734
4 850 -log(L): 6632.39  Spbio: 5738.41 9650.59 cat 29.8603
4 851 -log(L): 6632.39  Spbio: 5739.05 9651.66 cat 29.8698
4 852 -log(L): 6632.39  Spbio: 5740.09 9653.96 cat 29.8811
4 853 -log(L): 6632.39  Spbio: 5740.73 9655.67 cat 29.8902
4 854 -log(L): 6632.39  Spbio: 5740.84 9657.06 cat 29.9003
4 855 -log(L): 6632.38  Spbio: 5740.16 9656.81 cat 29.9109
4 856 -log(L): 6632.38  Spbio: 5739.02 9653.9 cat 29.9131
4 857 -log(L): 6632.38  Spbio: 5737.69 9649.76 cat 29.9133
4 858 -log(L): 6632.38  Spbio: 5737.72 9645.97 cat 29.9077
4 859 -log(L): 6632.38  Spbio: 5738.1 9643.51 cat 29.9074
4 860 -log(L): 6632.38  Spbio: 5739.44 9641.17 cat 29.9023
4 861 -log(L): 6632.37  Spbio: 5740.31 9640.44 cat 29.8986
4 862 -log(L): 6632.37  Spbio: 5740.53 9640.31 cat 29.8959
phase= 4 | nvar=192 | iter=520 | nll=6.63e+03 | mag=8.06e+01 | par[ 22]=SR_parm[1]
4 863 -log(L): 6632.37  Spbio: 5739.97 9640.2 cat 29.8931
4 864 -log(L): 6632.37  Spbio: 5739 9639.68 cat 29.8917
4 865 -log(L): 6632.37  Spbio: 5738.29 9638.61 cat 29.8913
4 866 -log(L): 6632.37  Spbio: 5738.11 9637.45 cat 29.8895
4 867 -log(L): 6632.37  Spbio: 5738.51 9637.03 cat 29.8864
4 868 -log(L): 6632.37  Spbio: 5739.03 9637.52 cat 29.8833
4 869 -log(L): 6632.37  Spbio: 5739.68 9638.66 cat 29.8798
4 870 -log(L): 6632.37  Spbio: 5739.88 9640.42 cat 29.876
4 871 -log(L): 6632.37  Spbio: 5740.08 9642.5 cat 29.8736
4 872 -log(L): 6632.37  Spbio: 5739.22 9644.4 cat 29.8726
4 873 -log(L): 6632.37  Spbio: 5738.34 9644.85 cat 29.8774
4 874 -log(L): 6632.37  Spbio: 5737.16 9643.74 cat 29.883
4 875 -log(L): 6632.37  Spbio: 5736.2 9640.99 cat 29.891
4 876 -log(L): 6632.37  Spbio: 5735.69 9637.5 cat 29.8971
4 877 -log(L): 6632.36  Spbio: 5735.56 9634.34 cat 29.9009
4 878 -log(L): 6632.36  Spbio: 5736.02 9633.26 cat 29.9004
4 879 -log(L): 6632.36  Spbio: 5736.24 9633.61 cat 29.8991
4 880 -log(L): 6632.36  Spbio: 5736.54 9635.35 cat 29.897
4 881 -log(L): 6632.36  Spbio: 5736.41 9636.86 cat 29.8993
4 882 -log(L): 6632.36  Spbio: 5736.22 9636.89 cat 29.9069
phase= 4 | nvar=192 | iter=540 | nll=6.63e+03 | mag=1.84e+02 | par[ 22]=SR_parm[1]
4 883 -log(L): 6632.36  Spbio: 5736.09 9635.25 cat 29.917
4 884 -log(L): 6632.36  Spbio: 5736.35 9631.71 cat 29.9282
4 885 -log(L): 6632.36  Spbio: 5736.98 9627.84 cat 29.9408
4 886 -log(L): 6632.36  Spbio: 5738.67 9621.21 cat 29.9481
4 887 -log(L): 6632.36  Spbio: 5740.04 9617.87 cat 29.953
4 888 -log(L): 6632.36  Spbio: 5741.76 9616.38 cat 29.9486
4 889 -log(L): 6632.36  Spbio: 5742.33 9615.32 cat 29.9432
4 890 -log(L): 6632.36  Spbio: 5742.54 9616.18 cat 29.9426
4 891 -log(L): 6632.36  Spbio: 5742.08 9615.63 cat 29.9461
4 892 -log(L): 6632.36  Spbio: 5741.26 9615.4 cat 29.9522
4 893 -log(L): 6632.35  Spbio: 5740.44 9614.82 cat 29.9566
4 894 -log(L): 6632.35  Spbio: 5739.71 9615.22 cat 29.9572
4 895 -log(L): 6632.35  Spbio: 5739.5 9615.7 cat 29.9556
4 896 -log(L): 6632.35  Spbio: 5739.34 9618.47 cat 29.9501
4 897 -log(L): 6632.35  Spbio: 5739.7 9620.79 cat 29.9456
4 898 -log(L): 6632.35  Spbio: 5739.93 9625.44 cat 29.9408
4 899 -log(L): 6632.35  Spbio: 5740.31 9630.28 cat 29.9404
4 900 -log(L): 6632.35  Spbio: 5740.21 9634.15 cat 29.945
4 901 -log(L): 6632.35  Spbio: 5739.9 9635.27 cat 29.9522
4 902 -log(L): 6632.35  Spbio: 5739.26 9635.4 cat 29.9554
phase= 4 | nvar=192 | iter=560 | nll=6.63e+03 | mag=2.44e+01 | par[ 23]=SR_parm[6]
4 903 -log(L): 6632.35  Spbio: 5738.71 9635.35 cat 29.9564
4 904 -log(L): 6632.35  Spbio: 5738.01 9636.27 cat 29.9545
4 905 -log(L): 6632.35  Spbio: 5737.45 9637.89 cat 29.952
4 906 -log(L): 6632.35  Spbio: 5737.08 9640.18 cat 29.9488
4 907 -log(L): 6632.35  Spbio: 5737.04 9641.91 cat 29.9474
4 908 -log(L): 6632.35  Spbio: 5737.18 9643.26 cat 29.9474
4 909 -log(L): 6632.35  Spbio: 5737.4 9643.99 cat 29.9465
4 910 -log(L): 6632.35  Spbio: 5737.63 9644.62 cat 29.9453
4 911 -log(L): 6632.35  Spbio: 5737.75 9645.26 cat 29.9427
4 912 -log(L): 6632.35  Spbio: 5737.67 9646.2 cat 29.9392
4 913 -log(L): 6632.35  Spbio: 5737.3 9647.56 cat 29.9364
4 914 -log(L): 6632.35  Spbio: 5737.1 9648.42 cat 29.937
4 915 -log(L): 6632.35  Spbio: 5736.97 9648.83 cat 29.941
4 916 -log(L): 6632.35  Spbio: 5737.22 9648.51 cat 29.9439
4 917 -log(L): 6632.35  Spbio: 5737.32 9648.39 cat 29.9467
4 918 -log(L): 6632.35  Spbio: 5737.51 9648.03 cat 29.9497
4 919 -log(L): 6632.35  Spbio: 5738.01 9647.06 cat 29.9556
4 920 -log(L): 6632.35  Spbio: 5738.34 9646.45 cat 29.9562
4 921 -log(L): 6632.35  Spbio: 5738.8 9645.58 cat 29.9547
4 922 -log(L): 6632.35  Spbio: 5738.96 9645.38 cat 29.9528
phase= 4 | nvar=192 | iter=580 | nll=6.63e+03 | mag=1.57e+01 | par[ 22]=SR_parm[1]
4 923 -log(L): 6632.35  Spbio: 5738.98 9645.39 cat 29.9517
4 924 -log(L): 6632.35  Spbio: 5738.97 9645.45 cat 29.9517
4 925 -log(L): 6632.35  Spbio: 5738.95 9645.49 cat 29.9526
4 926 -log(L): 6632.35  Spbio: 5738.9 9645.4 cat 29.9531
4 927 -log(L): 6632.35  Spbio: 5738.83 9645.08 cat 29.9552
4 928 -log(L): 6632.35  Spbio: 5738.77 9644.54 cat 29.9583
4 929 -log(L): 6632.35  Spbio: 5738.75 9644.29 cat 29.9595
4 930 -log(L): 6632.35  Spbio: 5738.75 9644.06 cat 29.9607
4 931 -log(L): 6632.35  Spbio: 5738.75 9643.84 cat 29.9621
4 932 -log(L): 6632.35  Spbio: 5738.76 9643.6 cat 29.9634
4 933 -log(L): 6632.35  Spbio: 5738.78 9643.44 cat 29.965
4 934 -log(L): 6632.35  Spbio: 5738.8 9643.44 cat 29.9665
4 935 -log(L): 6632.35  Spbio: 5738.83 9643.7 cat 29.9677
4 936 -log(L): 6632.35  Spbio: 5738.86 9644.37 cat 29.9685
4 937 -log(L): 6632.35  Spbio: 5738.87 9645.25 cat 29.9681
4 938 -log(L): 6632.35  Spbio: 5738.86 9645.64 cat 29.9676
4 939 -log(L): 6632.35  Spbio: 5738.86 9645.69 cat 29.9677
4 940 -log(L): 6632.35  Spbio: 5738.87 9645.64 cat 29.968
4 941 -log(L): 6632.35  Spbio: 5738.89 9645.58 cat 29.9685
4 942 -log(L): 6632.35  Spbio: 5738.9 9645.53 cat 29.9687
phase= 4 | nvar=192 | iter=600 | nll=6.63e+03 | mag=3.12e+00 | par[ 23]=SR_parm[6]
4 943 -log(L): 6632.35  Spbio: 5738.9 9645.53 cat 29.9686
4 944 -log(L): 6632.35  Spbio: 5738.9 9645.52 cat 29.9686
4 945 -log(L): 6632.35  Spbio: 5738.9 9645.51 cat 29.9685
4 946 -log(L): 6632.35  Spbio: 5738.91 9645.5 cat 29.9682
4 947 -log(L): 6632.35  Spbio: 5738.91 9645.47 cat 29.9679
4 948 -log(L): 6632.35  Spbio: 5738.91 9645.45 cat 29.9676
4 949 -log(L): 6632.35  Spbio: 5738.91 9645.43 cat 29.9673
4 950 -log(L): 6632.35  Spbio: 5738.91 9645.41 cat 29.967
4 951 -log(L): 6632.35  Spbio: 5738.92 9645.41 cat 29.9665
4 952 -log(L): 6632.35  Spbio: 5738.93 9645.45 cat 29.9659
4 953 -log(L): 6632.35  Spbio: 5738.96 9645.56 cat 29.9656
4 954 -log(L): 6632.35  Spbio: 5739 9645.76 cat 29.9653
4 955 -log(L): 6632.34  Spbio: 5739.1 9646.09 cat 29.9644
4 956 -log(L): 6632.34  Spbio: 5739.29 9646.6 cat 29.9618
4 957 -log(L): 6632.34  Spbio: 5739.49 9646.91 cat 29.9579
4 958 -log(L): 6632.34  Spbio: 5739.71 9646.86 cat 29.9523
4 959 -log(L): 6632.34  Spbio: 5739.78 9646.39 cat 29.9489
4 960 -log(L): 6632.34  Spbio: 5739.84 9645.96 cat 29.9476
4 961 -log(L): 6632.34  Spbio: 5739.79 9645.8 cat 29.9485
4 962 -log(L): 6632.34  Spbio: 5739.73 9645.77 cat 29.9495
phase= 4 | nvar=192 | iter=620 | nll=6.63e+03 | mag=4.45e+00 | par[ 22]=SR_parm[1]
4 963 -log(L): 6632.34  Spbio: 5739.67 9645.64 cat 29.9498
4 964 -log(L): 6632.34  Spbio: 5739.62 9645.49 cat 29.9499
4 965 -log(L): 6632.34  Spbio: 5739.65 9645.73 cat 29.9499
4 966 -log(L): 6632.34  Spbio: 5739.7 9646.24 cat 29.9496
4 967 -log(L): 6632.34  Spbio: 5739.71 9646.65 cat 29.949
4 968 -log(L): 6632.34  Spbio: 5739.68 9646.97 cat 29.9484
4 969 -log(L): 6632.34  Spbio: 5739.59 9647.22 cat 29.9476
4 970 -log(L): 6632.34  Spbio: 5739.43 9647.43 cat 29.9465
4 971 -log(L): 6632.34  Spbio: 5739.2 9647.68 cat 29.9446
4 972 -log(L): 6632.36  Spbio: 5736.93 9650.46 cat 29.9327
4 973 -log(L): 6632.34  Spbio: 5738.11 9648.94 cat 29.9371
4 974 -log(L): 6632.34  Spbio: 5738.05 9648.49 cat 29.9387
4 975 -log(L): 6632.34  Spbio: 5738.28 9647.46 cat 29.9427
4 976 -log(L): 6632.34  Spbio: 5738.65 9646.96 cat 29.9462
4 977 -log(L): 6632.34  Spbio: 5738.6 9646.74 cat 29.948
4 978 -log(L): 6632.34  Spbio: 5738.59 9647.01 cat 29.949
4 979 -log(L): 6632.34  Spbio: 5738.52 9647.39 cat 29.9493
4 980 -log(L): 6632.34  Spbio: 5738.44 9647.73 cat 29.9482
4 981 -log(L): 6632.34  Spbio: 5738.39 9647.78 cat 29.9471
4 982 -log(L): 6632.34  Spbio: 5738.39 9647.82 cat 29.9466
4 983 -log(L): 6632.34  Spbio: 5738.42 9647.77 cat 29.9466
4 984 -log(L): 6632.34  Spbio: 5738.46 9647.76 cat 29.9468
phase= 4 | nvar=192 | iter=640 | nll=6.63e+03 | mag=9.07e+00 | par[ 22]=SR_parm[1]
4 985 -log(L): 6632.34  Spbio: 5738.53 9647.76 cat 29.9473
4 986 -log(L): 6632.34  Spbio: 5738.61 9647.8 cat 29.948
4 987 -log(L): 6632.34  Spbio: 5738.72 9647.87 cat 29.9491
4 988 -log(L): 6632.34  Spbio: 5738.84 9647.97 cat 29.9509
4 989 -log(L): 6632.34  Spbio: 5738.98 9648.07 cat 29.9538
4 990 -log(L): 6632.34  Spbio: 5739.11 9648.15 cat 29.959
4 991 -log(L): 6632.34  Spbio: 5739.18 9648.12 cat 29.9678
4 992 -log(L): 6632.34  Spbio: 5739.01 9647.76 cat 29.983
4 993 -log(L): 6632.34  Spbio: 5738.37 9646.93 cat 30.0013
4 994 -log(L): 6632.34  Spbio: 5737.7 9646.32 cat 30.008
4 995 -log(L): 6632.34  Spbio: 5737.36 9645.67 cat 30.0065
4 996 -log(L): 6632.34  Spbio: 5737.25 9645.33 cat 30.0083
4 997 -log(L): 6632.34  Spbio: 5737.32 9645.28 cat 30.0081
4 998 -log(L): 6632.34  Spbio: 5737.39 9645.23 cat 30.0081
4 999 -log(L): 6632.34  Spbio: 5737.42 9645.16 cat 30.008
4 1000 -log(L): 6632.34  Spbio: 5737.43 9645.2 cat 30.0079
4 1001 -log(L): 6632.34  Spbio: 5737.42 9645.27 cat 30.0078
4 1002 -log(L): 6632.34  Spbio: 5737.42 9645.33 cat 30.0078
4 1003 -log(L): 6632.34  Spbio: 5737.42 9645.35 cat 30.0079
4 1004 -log(L): 6632.34  Spbio: 5737.43 9645.36 cat 30.0082
phase= 4 | nvar=192 | iter=660 | nll=6.63e+03 | mag=1.75e+00 | par[ 95]=selparm[71]
4 1005 -log(L): 6632.34  Spbio: 5737.43 9645.36 cat 30.0084
4 1006 -log(L): 6632.34  Spbio: 5737.44 9645.35 cat 30.0088
4 1007 -log(L): 6632.34  Spbio: 5737.44 9645.33 cat 30.0092
4 1008 -log(L): 6632.34  Spbio: 5737.44 9645.3 cat 30.0096
4 1009 -log(L): 6632.34  Spbio: 5737.43 9645.28 cat 30.0101
4 1010 -log(L): 6632.34  Spbio: 5737.42 9645.25 cat 30.0107
4 1011 -log(L): 6632.34  Spbio: 5737.4 9645.23 cat 30.0115
4 1012 -log(L): 6632.34  Spbio: 5737.37 9645.21 cat 30.0126
4 1013 -log(L): 6632.34  Spbio: 5737.33 9645.21 cat 30.0144
4 1014 -log(L): 6632.34  Spbio: 5737.27 9645.27 cat 30.017
4 1015 -log(L): 6632.34  Spbio: 5737.21 9645.42 cat 30.0201
4 1016 -log(L): 6632.34  Spbio: 5737.21 9645.52 cat 30.0201
4 1017 -log(L): 6632.34  Spbio: 5737.23 9645.57 cat 30.0195
4 1018 -log(L): 6632.34  Spbio: 5737.24 9645.53 cat 30.0193
4 1019 -log(L): 6632.34  Spbio: 5737.24 9645.5 cat 30.0193
4 1020 -log(L): 6632.34  Spbio: 5737.23 9645.5 cat 30.0192
4 1021 -log(L): 6632.34  Spbio: 5737.23 9645.5 cat 30.0192
4 1022 -log(L): 6632.34  Spbio: 5737.23 9645.51 cat 30.0191
4 1023 -log(L): 6632.34  Spbio: 5737.23 9645.52 cat 30.019
4 1024 -log(L): 6632.34  Spbio: 5737.22 9645.54 cat 30.0188
phase= 4 | nvar=192 | iter=680 | nll=6.63e+03 | mag=1.68e+00 | par[ 95]=selparm[71]
4 1025 -log(L): 6632.34  Spbio: 5737.22 9645.56 cat 30.0186
4 1026 -log(L): 6632.34  Spbio: 5737.22 9645.59 cat 30.0183
4 1027 -log(L): 6632.34  Spbio: 5737.22 9645.63 cat 30.0178
4 1028 -log(L): 6632.34  Spbio: 5737.22 9645.67 cat 30.0171
4 1029 -log(L): 6632.34  Spbio: 5737.22 9645.73 cat 30.016
4 1030 -log(L): 6632.34  Spbio: 5737.23 9645.78 cat 30.0143
4 1031 -log(L): 6632.34  Spbio: 5737.25 9645.77 cat 30.0121
4 1032 -log(L): 6632.34  Spbio: 5737.28 9645.64 cat 30.0105
4 1033 -log(L): 6632.34  Spbio: 5737.31 9645.35 cat 30.0102
4 1034 -log(L): 6632.34  Spbio: 5737.32 9645.14 cat 30.0113
4 1035 -log(L): 6632.34  Spbio: 5737.32 9645.1 cat 30.0121
4 1036 -log(L): 6632.34  Spbio: 5737.32 9645.11 cat 30.0122
4 1037 -log(L): 6632.34  Spbio: 5737.32 9645.12 cat 30.0123
4 1038 -log(L): 6632.34  Spbio: 5737.32 9645.13 cat 30.0122
4 1039 -log(L): 6632.34  Spbio: 5737.32 9645.14 cat 30.0122
4 1040 -log(L): 6632.34  Spbio: 5737.33 9645.15 cat 30.012
4 1041 -log(L): 6632.34  Spbio: 5737.33 9645.16 cat 30.0119
4 1042 -log(L): 6632.34  Spbio: 5737.34 9645.18 cat 30.0117
4 1043 -log(L): 6632.34  Spbio: 5737.36 9645.2 cat 30.0114
4 1044 -log(L): 6632.34  Spbio: 5737.38 9645.23 cat 30.0111
phase= 4 | nvar=192 | iter=700 | nll=6.63e+03 | mag=2.53e+00 | par[ 22]=SR_parm[1]
4 1045 -log(L): 6632.34  Spbio: 5737.41 9645.26 cat 30.0108
4 1046 -log(L): 6632.34  Spbio: 5737.44 9645.28 cat 30.0105
4 1047 -log(L): 6632.34  Spbio: 5737.49 9645.32 cat 30.0102
4 1048 -log(L): 6632.34  Spbio: 5737.54 9645.33 cat 30.0104
4 1049 -log(L): 6632.34  Spbio: 5737.55 9645.28 cat 30.0112
4 1050 -log(L): 6632.34  Spbio: 5737.49 9645.11 cat 30.0135
4 1051 -log(L): 6632.34  Spbio: 5737.38 9644.92 cat 30.0158
4 1052 -log(L): 6632.34  Spbio: 5737.32 9644.88 cat 30.0163
4 1053 -log(L): 6632.34  Spbio: 5737.31 9644.88 cat 30.0162
4 1054 -log(L): 6632.34  Spbio: 5737.3 9644.87 cat 30.0161
4 1055 -log(L): 6632.34  Spbio: 5737.31 9644.87 cat 30.016
4 1056 -log(L): 6632.34  Spbio: 5737.31 9644.87 cat 30.0161
4 1057 -log(L): 6632.34  Spbio: 5737.31 9644.88 cat 30.0161
4 1058 -log(L): 6632.34  Spbio: 5737.31 9644.88 cat 30.0162
4 1059 -log(L): 6632.34  Spbio: 5737.31 9644.89 cat 30.0162
4 1060 -log(L): 6632.34  Spbio: 5737.31 9644.91 cat 30.0163
4 1061 -log(L): 6632.34  Spbio: 5737.32 9644.92 cat 30.0165
4 1062 -log(L): 6632.34  Spbio: 5737.32 9644.95 cat 30.0166
4 1063 -log(L): 6632.34  Spbio: 5737.33 9644.99 cat 30.0169
4 1064 -log(L): 6632.34  Spbio: 5737.34 9645.04 cat 30.0172
phase= 4 | nvar=192 | iter=720 | nll=6.63e+03 | mag=2.02e+00 | par[ 22]=SR_parm[1]
4 1065 -log(L): 6632.34  Spbio: 5737.36 9645.12 cat 30.0177
4 1066 -log(L): 6632.34  Spbio: 5737.38 9645.22 cat 30.0183
4 1067 -log(L): 6632.34  Spbio: 5737.41 9645.35 cat 30.0191
4 1068 -log(L): 6632.34  Spbio: 5737.44 9645.51 cat 30.0199
4 1069 -log(L): 6632.34  Spbio: 5737.47 9645.65 cat 30.0205
4 1070 -log(L): 6632.34  Spbio: 5737.48 9645.74 cat 30.0206
4 1071 -log(L): 6632.34  Spbio: 5737.46 9645.69 cat 30.0193
4 1072 -log(L): 6632.34  Spbio: 5737.4 9645.4 cat 30.0178
4 1073 -log(L): 6632.34  Spbio: 5737.32 9645.03 cat 30.0159
4 1074 -log(L): 6632.34  Spbio: 5737.3 9644.94 cat 30.0155
4 1075 -log(L): 6632.34  Spbio: 5737.29 9644.91 cat 30.0151
4 1076 -log(L): 6632.34  Spbio: 5737.29 9644.92 cat 30.0151
4 1077 -log(L): 6632.34  Spbio: 5737.3 9644.94 cat 30.0152
4 1078 -log(L): 6632.34  Spbio: 5737.3 9644.95 cat 30.0152
4 1079 -log(L): 6632.34  Spbio: 5737.3 9644.95 cat 30.0152
4 1080 -log(L): 6632.34  Spbio: 5737.3 9644.95 cat 30.0152
4 1081 -log(L): 6632.34  Spbio: 5737.3 9644.95 cat 30.0152
4 1082 -log(L): 6632.34  Spbio: 5737.3 9644.95 cat 30.0152
4 1083 -log(L): 6632.34  Spbio: 5737.3 9644.95 cat 30.0152
4 1084 -log(L): 6632.34  Spbio: 5737.3 9644.95 cat 30.0152
phase= 4 | nvar=192 | iter=740 | nll=6.63e+03 | mag=2.53e-02 | par[ 95]=selparm[71]
4 1085 -log(L): 6632.34  Spbio: 5737.3 9644.95 cat 30.0152
4 1086 -log(L): 6632.34  Spbio: 5737.3 9644.95 cat 30.0152
4 1087 -log(L): 6632.34  Spbio: 5737.3 9644.95 cat 30.0152
4 1088 -log(L): 6632.34  Spbio: 5737.3 9644.95 cat 30.0152
4 1089 -log(L): 6632.34  Spbio: 5737.3 9644.96 cat 30.0152
4 1090 -log(L): 6632.34  Spbio: 5737.3 9644.96 cat 30.0152
4 1091 -log(L): 6632.34  Spbio: 5737.3 9644.97 cat 30.0152
4 1092 -log(L): 6632.34  Spbio: 5737.3 9644.97 cat 30.0153
4 1093 -log(L): 6632.34  Spbio: 5737.3 9644.98 cat 30.0153
4 1094 -log(L): 6632.34  Spbio: 5737.3 9644.99 cat 30.0153
4 1095 -log(L): 6632.34  Spbio: 5737.3 9645 cat 30.0153
4 1096 -log(L): 6632.34  Spbio: 5737.3 9645.02 cat 30.0154
4 1097 -log(L): 6632.34  Spbio: 5737.31 9645.04 cat 30.0154
4 1098 -log(L): 6632.34  Spbio: 5737.31 9645.06 cat 30.0155
4 1099 -log(L): 6632.34  Spbio: 5737.31 9645.09 cat 30.0155
4 1100 -log(L): 6632.34  Spbio: 5737.31 9645.11 cat 30.0156
4 1101 -log(L): 6632.34  Spbio: 5737.31 9645.11 cat 30.0156
4 1102 -log(L): 6632.34  Spbio: 5737.31 9645.06 cat 30.0155
4 1103 -log(L): 6632.34  Spbio: 5737.3 9644.98 cat 30.0153
4 1104 -log(L): 6632.34  Spbio: 5737.3 9644.94 cat 30.0152
phase= 4 | nvar=192 | iter=760 | nll=6.63e+03 | mag=1.14e-02 | par[ 23]=SR_parm[6]
4 1105 -log(L): 6632.34  Spbio: 5737.3 9644.93 cat 30.0152
4 1106 -log(L): 6632.34  Spbio: 5737.3 9644.93 cat 30.0152
4 1107 -log(L): 6632.34  Spbio: 5737.3 9644.93 cat 30.0152
4 1108 -log(L): 6632.34  Spbio: 5737.3 9644.93 cat 30.0152
4 1109 -log(L): 6632.34  Spbio: 5737.3 9644.93 cat 30.0152
4 1110 -log(L): 6632.34  Spbio: 5737.3 9644.93 cat 30.0152
4 1111 -log(L): 6632.34  Spbio: 5737.3 9644.93 cat 30.0152
phase= 4 | nvar=192 | iter=767 | nll=6.63e+03 | mag=1.37e-05 | par[ 48]=recdev1[25]
4 1112 -log(L): 6632.34  Spbio: 5737.3 9644.93 cat 30.0152
5 1113 -log(L): 6632.34  Spbio: 5737.3 9644.93 cat 30.0152
phase= 5 | nvar=201 | iter=  0 | nll=6.63e+03 | mag=2.33e+03 | par[ 56]=Fcast_recruitments[2]
5 1114 -log(L): 6632.63  Spbio: 5737.3 9645.62 cat 29.9991
5 1115 -log(L): 6632.34  Spbio: 5737.3 9644.96 cat 30.0147
5 1116 -log(L): 6641.33  Spbio: 5729.42 9608.63 cat 37.0711
5 1117 -log(L): 6632.34  Spbio: 5737.3 9644.95 cat 30.0147
5 1118 -log(L): 6632.34  Spbio: 5737.3 9644.95 cat 30.0146
5 1119 -log(L): 6632.34  Spbio: 5737.3 9644.95 cat 30.0147
5 1120 -log(L): 6632.34  Spbio: 5737.3 9644.96 cat 30.0147
5 1121 -log(L): 6632.34  Spbio: 5737.3 9644.95 cat 30.0147
5 1122 -log(L): 6632.34  Spbio: 5737.3 9644.95 cat 30.0147
5 1123 -log(L): 6632.34  Spbio: 5737.3 9644.95 cat 30.0147
5 1124 -log(L): 6632.34  Spbio: 5737.3 9644.95 cat 30.0147
5 1125 -log(L): 6632.34  Spbio: 5737.3 9644.95 cat 30.0148
5 1126 -log(L): 6632.34  Spbio: 5737.3 9644.95 cat 30.0149
5 1127 -log(L): 6632.34  Spbio: 5737.3 9644.95 cat 30.0148
5 1128 -log(L): 6632.34  Spbio: 5737.3 9644.95 cat 30.0148
5 1129 -log(L): 6632.34  Spbio: 5737.3 9644.95 cat 30.0148
5 1130 -log(L): 6632.34  Spbio: 5737.3 9644.95 cat 30.0148
5 1131 -log(L): 6632.34  Spbio: 5737.3 9644.95 cat 30.0148
5 1132 -log(L): 6632.34  Spbio: 5737.3 9644.95 cat 30.0149
5 1133 -log(L): 6632.34  Spbio: 5737.3 9644.95 cat 30.0149
5 1134 -log(L): 6632.34  Spbio: 5737.3 9644.95 cat 30.0149
5 1135 -log(L): 6632.34  Spbio: 5737.3 9644.95 cat 30.0149
5 1136 -log(L): 6632.34  Spbio: 5737.3 9644.95 cat 30.0149
5 1137 -log(L): 6632.34  Spbio: 5737.3 9644.95 cat 30.0149
5 1138 -log(L): 6632.34  Spbio: 5737.3 9644.95 cat 30.0149
5 1139 -log(L): 6632.34  Spbio: 5737.3 9644.95 cat 30.0149
5 1140 -log(L): 6632.34  Spbio: 5737.3 9644.95 cat 30.0149
phase= 5 | nvar=201 | iter= 20 | nll=6.63e+03 | mag=5.24e-01 | par[ 57]=Fcast_recruitments[3]
5 1141 -log(L): 6632.34  Spbio: 5737.3 9644.95 cat 30.0149
5 1142 -log(L): 6632.34  Spbio: 5737.3 9644.95 cat 30.0149
5 1143 -log(L): 6632.34  Spbio: 5737.3 9644.95 cat 30.0149
5 1144 -log(L): 6632.34  Spbio: 5737.3 9644.95 cat 30.0149
5 1145 -log(L): 6632.34  Spbio: 5737.3 9644.95 cat 30.0149
5 1146 -log(L): 6632.34  Spbio: 5737.3 9644.95 cat 30.0149
5 1147 -log(L): 6632.34  Spbio: 5737.3 9644.95 cat 30.0149
5 1148 -log(L): 6632.34  Spbio: 5737.3 9644.95 cat 30.0149
5 1149 -log(L): 6632.34  Spbio: 5737.3 9644.95 cat 30.0149
5 1150 -log(L): 6632.34  Spbio: 5737.3 9644.95 cat 30.0149
5 1151 -log(L): 6632.34  Spbio: 5737.3 9644.95 cat 30.0149
5 1152 -log(L): 6632.34  Spbio: 5737.3 9644.95 cat 30.0149
5 1153 -log(L): 6632.34  Spbio: 5737.3 9644.95 cat 30.0149
5 1154 -log(L): 6632.34  Spbio: 5737.3 9644.95 cat 30.0149
5 1155 -log(L): 6632.34  Spbio: 5737.3 9644.95 cat 30.0149
5 1156 -log(L): 6632.34  Spbio: 5737.3 9644.95 cat 30.0149
Iterations: 1156
Finished calculating benchmarks
Finished forecast
Writing wtatage.ss_new
Finished posteriors
Finished final writing of report.sso
Begin writing *.ss_new output files ... Finished writing *.ss_new output files

 N parameters that are on or within 1% of min-max bound: 11

!!  Run has completed  !! 
!!  See warning.sso for 32 warnings  and 2 notes 

Finished running model 'ss_linux' after 12 m 37 s.
