 reading from starter.ss
 reading from data file
Data read sucessful 999

 reading forecast file 
 reading from control file
End of control file successful! 999
Begin setting up parameters ...  end of parameter section 
Evaluating biology calculations once ... done
Starting optimization of 'ss_linux' in phase 1 of 5 at Sun Nov 12 11:30:51 2023
Finished tag obj_fun  106.411 0 109.622 0 46.5317 56.0441 0 255.737 0 122.886 0 146.662 0 29.8698 91.006 0 246.105 66.907
 77.3086 0 98.8963 0 30.0775 47.387 0 150.469 0 62.2131 0 126.583 0 37.64 62.0611 0 129.481 49.8218
1 1 -log(L): 263061  Spbio: 37034.3 450961
phase= 1 | nvar= 17 | iter=  0 | nll=2.63e+05 | mag=1.55e+06 | par[  4]=SR_parm[1]
1 2 -log(L): 263061  Spbio: 37034.3 450961
1 3 -log(L): 263061  Spbio: 37034.2 450961
1 4 -log(L): 263059  Spbio: 37033.6 450954
1 5 -log(L): 263039  Spbio: 37027.3 450890
1 6 -log(L): 262839  Spbio: 36965 450249
1 7 -log(L): 260846  Spbio: 36346.7 443886
1 8 -log(L): 241536  Spbio: 30681.7 384778
1 9 -log(L): 190945  Spbio: 27472.6 299771
1 10 -log(L): 1.85684e+06  Spbio: 17921.5 105074 cat 1.57534e+06
1 11 -log(L): 169542  Spbio: 26497.8 274800
1 12 -log(L): 1.47414e+06  Spbio: 21977.1 173470 cat 1.27983e+06
1 13 -log(L): 163098  Spbio: 26225.1 267812
1 14 -log(L): 264496  Spbio: 24270.5 224601 cat 127860
1 15 -log(L): 152202  Spbio: 25773.2 256229
1 16 -log(L): 700903  Spbio: 23415.6 207117 cat 547477
1 17 -log(L): 146517  Spbio: 25536.6 250176
1 18 -log(L): 1.68927e+06  Spbio: 22122.8 195325 cat 1.48207e+06
1 19 -log(L): 142400  Spbio: 25396.9 247496
1 20 -log(L): 317327  Spbio: 24322.2 235235 cat 180970
1 21 -log(L): 139590  Spbio: 25300.6 245663
1 22 -log(L): 126240  Spbio: 23829.4 237823
1 23 -log(L): 1.20807e+06  Spbio: 13250 181359 cat 943700
1 24 -log(L): 123667  Spbio: 23542 236283
1 25 -log(L): 121238  Spbio: 20953.3 222620 cat 6186.41
1 26 -log(L): 113083  Spbio: 21833.8 227127 cat 0.263575
1 27 -log(L): 1.14426e+06  Spbio: 18771.3 97194.7 cat 942061
1 28 -log(L): 112651  Spbio: 21809.9 225006 cat 6.29566
1 29 -log(L): 111852  Spbio: 21783.2 214118 cat 2.77441
1 30 -log(L): 110352  Spbio: 21462.4 214265 cat 0.0249109
1 31 -log(L): 107353  Spbio: 21358.3 208390 cat 0.219349
1 32 -log(L): 84878.9  Spbio: 20107.5 160922 cat 5012.17
1 33 -log(L): 100478  Spbio: 18675.9 225162
1 34 -log(L): 80876.8  Spbio: 20048.5 172475 cat 2280.1
1 35 -log(L): 80183.1  Spbio: 19239.2 177318 cat 8.21253
1 36 -log(L): 78181  Spbio: 19562 175237 cat 491.631
1 37 -log(L): 81418.6  Spbio: 18349.9 218130
1 38 -log(L): 77561.5  Spbio: 19243.6 184412 cat 38.9722
1 39 -log(L): 76434.5  Spbio: 19359.4 182619 cat 6.12006
1 40 -log(L): 71919.2  Spbio: 16498 148827
1 41 -log(L): 190177  Spbio: 7434.68 20419.6
1 42 -log(L): 65560.4  Spbio: 20669.9 110519
1 43 -log(L): 142340  Spbio: 12164.1 37118 cat 11722.1
1 44 -log(L): 66220.5  Spbio: 21318 105940
1 45 -log(L): 65373.3  Spbio: 20968.9 108618
1 46 -log(L): 243428  Spbio: 1760.85 4551.26 cat 85655.6
1 47 -log(L): 94982.5  Spbio: 21932.9 98487.5
1 48 -log(L): 65362.1  Spbio: 20990.6 108487
1 49 -log(L): 65338.6  Spbio: 20980.5 108476
1 50 -log(L): 64000.3  Spbio: 20964.2 108488
1 51 -log(L): 160780  Spbio: 38876.9 113670 cat 79844.9
1 52 -log(L): 63405.7  Spbio: 20968.5 108577
1 53 -log(L): 213768  Spbio: 21271.8 115560 cat 141852
1 54 -log(L): 63304.8  Spbio: 20969.1 108596
1 55 -log(L): 62333.2  Spbio: 20975.9 108992 cat 84.032
1 56 -log(L): 303879  Spbio: 20808.8 107381 cat 227315
1 57 -log(L): 321263  Spbio: 24030.9 110790 cat 233450
1 58 -log(L): 62889.8  Spbio: 20969.6 109272 cat 954.029
1 59 -log(L): 62333.1  Spbio: 20975.9 108994 cat 87.7283
1 60 -log(L): 62333  Spbio: 20975.9 108994 cat 87.7322
1 61 -log(L): 62332.2  Spbio: 20976.6 108992 cat 87.7708
1 62 -log(L): 62323.6  Spbio: 20983.9 108975 cat 88.1573
1 63 -log(L): 62241.6  Spbio: 21064.9 108797 cat 92.0408
1 64 -log(L): 63482.1  Spbio: 22641.3 107077 cat 132.066
1 65 -log(L): 62192.7  Spbio: 21124.5 108684 cat 94.5449
1 66 -log(L): 61907.6  Spbio: 20954.4 108343 cat 91.3553
1 67 -log(L): 59558  Spbio: 19179.1 105086 cat 62.0125
1 68 -log(L): 50756.3  Spbio: 7189.06 86551
1 69 -log(L): 50683  Spbio: 11174.4 89555.8
1 70 -log(L): 571441  Spbio: 54.0968 2.31037e+06 cat 236569
1 71 -log(L): 99821.7  Spbio: 7236.34 104696 cat 10496.8
1 72 -log(L): 47901.7  Spbio: 9836.5 87762.3
1 73 -log(L): 47648.1  Spbio: 10568.7 88163.3
1 74 -log(L): 63660  Spbio: 6369.29 76131.6 cat 1054.26
1 75 -log(L): 49875.8  Spbio: 7451.96 79505.1
1 76 -log(L): 48354.2  Spbio: 8271.14 86589.5
1 77 -log(L): 48299.4  Spbio: 9670.48 87524.6
1 78 -log(L): 47516.8  Spbio: 10458.3 88060.8
1 79 -log(L): 47271.2  Spbio: 10312.6 88283
phase= 1 | nvar= 17 | iter= 20 | nll=4.73e+04 | mag=1.96e+05 | par[  4]=SR_parm[1]
1 80 -log(L): 46796.7  Spbio: 10091.2 87564.8
1 81 -log(L): 44762.7  Spbio: 8025.16 81468.3
1 82 -log(L): 43912.7  Spbio: 6907.88 73003.7
1 83 -log(L): 44444.4  Spbio: 5831.82 71008.1
1 84 -log(L): 43594.2  Spbio: 6517.1 72289.5
1 85 -log(L): 43099.5  Spbio: 6318.62 74208.2
1 86 -log(L): 42459.7  Spbio: 5693.04 71530.4
1 87 -log(L): 42146  Spbio: 5112.11 64054
1 88 -log(L): 41945.2  Spbio: 4836.06 56620.3
1 89 -log(L): 41647.7  Spbio: 4495.48 44732 cat 16.9735
1 90 -log(L): 41510.1  Spbio: 4411.99 42913 cat 24.9421
1 91 -log(L): 41261.6  Spbio: 3772.35 27491.2 cat 620.014
1 92 -log(L): 41027.5  Spbio: 3981.86 32570.9 cat 228.753
1 93 -log(L): 40726.8  Spbio: 3743.74 29937.2
1 94 -log(L): 40310.1  Spbio: 3561.29 25975.5 cat 34.3425
1 95 -log(L): 40037.5  Spbio: 3643.78 26511.5 cat 37.7081
1 96 -log(L): 39899.6  Spbio: 3632.68 26008.8 cat 14.676
1 97 -log(L): 39738.1  Spbio: 3565.83 23825.4 cat 31.9863
1 98 -log(L): 39686.4  Spbio: 3586.86 23347.2 cat 34.224
1 99 -log(L): 39649.5  Spbio: 3582.11 22274.1 cat 64.4864
1 100 -log(L): 39631.8  Spbio: 3577.06 22108.7 cat 71.469
1 101 -log(L): 39617.8  Spbio: 3550.36 21967.4 cat 81.3956
Exiting without success due to excessive function evaluations (maxfn=100) | mag=15980.9
phase= 1 | nvar= 17 | iter= 39 | nll=3.96e+04 | mag=1.60e+04 | par[  4]=SR_parm[1]
1 102 -log(L): 39617.8  Spbio: 3550.36 21967.4 cat 81.3956
2 103 -log(L): 39617.8  Spbio: 3550.36 21967.4 cat 81.3956
phase= 2 | nvar=103 | iter=  0 | nll=3.96e+04 | mag=1.97e+04 | par[ 46]=selparm[71]
2 104 -log(L): 39617.8  Spbio: 3550.38 21967.5 cat 81.3934
2 105 -log(L): 39617.6  Spbio: 3550.52 21968.7 cat 81.3684
2 106 -log(L): 39615.1  Spbio: 3551.96 21981.9 cat 80.5943
2 107 -log(L): 39590.5  Spbio: 3566.4 22115.3 cat 73.4046
2 108 -log(L): 39547.6  Spbio: 3597.11 22379.9 cat 64.5571
2 109 -log(L): 39415.6  Spbio: 3622.97 22891.6 cat 54.6973
2 110 -log(L): 39154.1  Spbio: 3602.72 22650.6 cat 45.9227
2 111 -log(L): 36894.6  Spbio: 3401.4 20349.6 cat 8.33565
2 112 -log(L): 38642  Spbio: 4490.42 33246.1
2 113 -log(L): 36093.2  Spbio: 3780.58 24520.9
2 114 -log(L): 34645.8  Spbio: 3524.48 21685.7
2 115 -log(L): 33267.4  Spbio: 3424.53 15520.1 cat 951.354
2 116 -log(L): 30909.4  Spbio: 3526.46 16048.6 cat 806.25
2 117 -log(L): 28068.8  Spbio: 3604.44 19609.8 cat 818.761
2 118 -log(L): 67856.7  Spbio: 3061.21 26417.6 cat 34668.8
2 119 -log(L): 27428.1  Spbio: 3572.57 20392.6 cat 1118.93
2 120 -log(L): 26616.4  Spbio: 3683.62 22415.3 cat 836.674
2 121 -log(L): 25404.1  Spbio: 4232.27 22768.8 cat 643.821
2 122 -log(L): 23657  Spbio: 4436.73 23222.2 cat 588.66
2 123 -log(L): 26435.5  Spbio: 2798.14 39226.5 cat 599.944
2 124 -log(L): 23157.5  Spbio: 3840.57 27302 cat 415.851
2 125 -log(L): 22757.6  Spbio: 3536.47 29292.1 cat 302.187
2 126 -log(L): 22131.8  Spbio: 3367.57 27848.1 cat 315.565
2 127 -log(L): 21469.5  Spbio: 3582.04 24157.7 cat 628.773
2 128 -log(L): 20992.4  Spbio: 3325.71 23964.4 cat 750.052
2 129 -log(L): 20675.3  Spbio: 3144.18 23451.5 cat 440.438
2 130 -log(L): 20196  Spbio: 3306.72 21987.7 cat 504.023
2 131 -log(L): 20801  Spbio: 4634.13 24965.6 cat 328.616
2 132 -log(L): 20007.1  Spbio: 3722.57 23077.8 cat 392.506
phase= 2 | nvar=103 | iter= 20 | nll=2.00e+04 | mag=2.16e+05 | par[  4]=SR_parm[1]
2 133 -log(L): 19893.9  Spbio: 4001.84 22109.1 cat 306.143
2 134 -log(L): 19707.8  Spbio: 3983.1 22308.8 cat 313.159
2 135 -log(L): 19487.6  Spbio: 3858.08 22486.2 cat 353.611
2 136 -log(L): 19342.7  Spbio: 3713.97 22275.7 cat 390.856
2 137 -log(L): 19161.7  Spbio: 3626.18 21927 cat 418.095
2 138 -log(L): 19148.9  Spbio: 3225.57 21057.7 cat 195.231
2 139 -log(L): 19124.5  Spbio: 3226.18 21022.7 cat 196.683
2 140 -log(L): 19028.7  Spbio: 3238.47 20699.9 cat 224.594
2 141 -log(L): 18918.3  Spbio: 3291.28 20752.4 cat 316.686
2 142 -log(L): 18815.1  Spbio: 3304.1 20527.5 cat 324.937
2 143 -log(L): 18737.5  Spbio: 3417.32 21211.4 cat 190.237
2 144 -log(L): 18673.4  Spbio: 3461.61 20940.2 cat 143.998
2 145 -log(L): 18619.4  Spbio: 3620.54 20666.5 cat 151.561
2 146 -log(L): 18736.3  Spbio: 3742.12 20391.3 cat 157.809
2 147 -log(L): 18606.6  Spbio: 3648.31 20606.8 cat 151.413
2 148 -log(L): 18585.9  Spbio: 3658.05 20651.2 cat 146.234
2 149 -log(L): 18555.3  Spbio: 3661.34 20713.8 cat 144.755
2 150 -log(L): 18506.1  Spbio: 3685.17 20560.8 cat 160.395
2 151 -log(L): 18454.8  Spbio: 3731.22 20903.4 cat 135.501
2 152 -log(L): 18428.3  Spbio: 3730.73 21275.6 cat 129.254
2 153 -log(L): 18426.7  Spbio: 3729.65 21666.5 cat 120.651
2 154 -log(L): 18423.7  Spbio: 3735.22 21660.6 cat 120.415
2 155 -log(L): 18403  Spbio: 3792.22 21604.6 cat 117.977
phase= 2 | nvar=103 | iter= 40 | nll=1.84e+04 | mag=3.16e+04 | par[  3]=MGparm[49]
2 156 -log(L): 18379.1  Spbio: 3879.58 21762.4 cat 112.063
2 157 -log(L): 18360.9  Spbio: 3903.73 21673.4 cat 117.67
2 158 -log(L): 18341.2  Spbio: 3978.71 21872.3 cat 115.739
2 159 -log(L): 18327.8  Spbio: 4054.19 21998 cat 104.446
2 160 -log(L): 18312.1  Spbio: 4060.16 21986.7 cat 105.823
2 161 -log(L): 18288.9  Spbio: 4040.55 21757.8 cat 113.02
2 162 -log(L): 18263.7  Spbio: 4057.98 21548.6 cat 110.164
2 163 -log(L): 18240.5  Spbio: 4081.69 21651.7 cat 104.733
2 164 -log(L): 18236.4  Spbio: 4097.01 21804.1 cat 89.5207
2 165 -log(L): 18228.4  Spbio: 4065.18 21817 cat 92.5357
2 166 -log(L): 18216.7  Spbio: 3757.33 21933.4 cat 129.677
2 167 -log(L): 18185.8  Spbio: 3740.99 21839.1 cat 136.197
2 168 -log(L): 18178.5  Spbio: 3728.4 21391.5 cat 179.394
2 169 -log(L): 18166.2  Spbio: 3735.56 21310.4 cat 173.201
2 170 -log(L): 18149.4  Spbio: 3724.31 21148.8 cat 180.663
2 171 -log(L): 18133.9  Spbio: 3703.14 21167.7 cat 188.953
2 172 -log(L): 18111.4  Spbio: 3699.91 21245.3 cat 196.332
2 173 -log(L): 18054.2  Spbio: 3728.26 21477.9 cat 203.802
2 174 -log(L): 203538  Spbio: 4090.54 22469.6 cat 181111
2 175 -log(L): 18053.7  Spbio: 3728.46 21479.3 cat 203.925
2 176 -log(L): 18048.3  Spbio: 3730.48 21492.6 cat 205.293
2 177 -log(L): 18031.4  Spbio: 3751.24 21527.7 cat 266.144
2 178 -log(L): 18013.7  Spbio: 3744.71 21549.4 cat 226.857
2 179 -log(L): 188379  Spbio: 3883.18 21001.5 cat 167824
2 180 -log(L): 18013.6  Spbio: 3744.73 21549.4 cat 226.943
2 181 -log(L): 18013.2  Spbio: 3745 21549.3 cat 227.828
2 182 -log(L): 18012.5  Spbio: 3747.71 21542.9 cat 239.497
2 183 -log(L): 18011.7  Spbio: 3746.72 21546.5 cat 234.397
2 184 -log(L): 18007.8  Spbio: 3748.25 21553 cat 232.324
2 185 -log(L): 17976.5  Spbio: 3767.65 21617.5 cat 212.054
2 186 -log(L): 17933.4  Spbio: 3775.06 21630.5 cat 191.619
phase= 2 | nvar=103 | iter= 60 | nll=1.79e+04 | mag=1.55e+05 | par[  4]=SR_parm[1]
2 187 -log(L): 17871.8  Spbio: 3818.95 21699.2 cat 146.247
2 188 -log(L): 17875.7  Spbio: 3879.48 22082.6 cat 134.539
2 189 -log(L): 17844  Spbio: 3850.49 21887 cat 135.774
2 190 -log(L): 17800.5  Spbio: 3909.84 22006.2 cat 126.685
2 191 -log(L): 17744.9  Spbio: 3953.77 21981.6 cat 127.762
2 192 -log(L): 17660.9  Spbio: 3957.63 21898.4 cat 124.898
2 193 -log(L): 17517.8  Spbio: 4032.83 21779.4 cat 111.645
2 194 -log(L): 17284.4  Spbio: 4080.22 21844.4 cat 96.3217
2 195 -log(L): 17008.8  Spbio: 4255.95 21241.2 cat 80.0565
2 196 -log(L): 17181.2  Spbio: 4611.78 20715.7 cat 60.2898
2 197 -log(L): 16868.8  Spbio: 4401.38 20971.6 cat 70.0971
2 198 -log(L): 16690.6  Spbio: 4451.82 20470.2 cat 63.277
2 199 -log(L): 16427.2  Spbio: 4467.37 20044 cat 64.5991
2 200 -log(L): 16519.9  Spbio: 4501.25 19107.6 cat 156.073
2 201 -log(L): 16341.4  Spbio: 4480.94 19671.4 cat 83.411
2 202 -log(L): 16226.2  Spbio: 4482.96 19463.8 cat 108.164
2 203 -log(L): 16127.6  Spbio: 4420.18 19323.9 cat 138.73
Exiting without success due to excessive function evaluations (maxfn=100) | mag=108435
phase= 2 | nvar=103 | iter= 75 | nll=1.61e+04 | mag=1.08e+05 | par[  4]=SR_parm[1]
2 204 -log(L): 16127.6  Spbio: 4420.18 19323.9 cat 138.73
3 205 -log(L): 16127.6  Spbio: 4420.18 19323.9 cat 138.73
phase= 3 | nvar=184 | iter=  0 | nll=1.61e+04 | mag=1.08e+05 | par[ 22]=SR_parm[1]
3 206 -log(L): 16127.6  Spbio: 4420.19 19324 cat 138.717
3 207 -log(L): 16127.4  Spbio: 4420.26 19324.7 cat 138.582
3 208 -log(L): 16125.5  Spbio: 4420.99 19332.2 cat 137.28
3 209 -log(L): 16110.4  Spbio: 4428.27 19406.7 cat 128.422
3 210 -log(L): 16076.4  Spbio: 4415.85 19321.2 cat 131.139
3 211 -log(L): 15793.5  Spbio: 4293.24 18516.3 cat 181.375
3 212 -log(L): 15878.6  Spbio: 4315.29 17576.2 cat 470.959
3 213 -log(L): 15642.2  Spbio: 4301.11 18126.8 cat 118.908
3 214 -log(L): 15403.6  Spbio: 4348.29 17969.8 cat 80.294
3 215 -log(L): 15073.5  Spbio: 4334.46 18707.1 cat 30.9515
3 216 -log(L): 14580.8  Spbio: 4331.7 17586.2 cat 44.9762
3 217 -log(L): 14493.2  Spbio: 4434.69 13281.7 cat 533.218
3 218 -log(L): 14181.5  Spbio: 4393.62 14981.8 cat 109.503
3 219 -log(L): 13588.8  Spbio: 4593.32 18387.1 cat 71.7066
3 220 -log(L): 13333.2  Spbio: 6018.14 18349.3 cat 103.433
3 221 -log(L): 12998.4  Spbio: 6669.34 18666.5 cat 13.7018
3 222 -log(L): 12597.2  Spbio: 7183.31 22167.5 cat 71.1106
3 223 -log(L): 12277  Spbio: 6911.8 25941.1 cat 20.1913
3 224 -log(L): 11923.9  Spbio: 6138.42 23099.2 cat 33.1885
3 225 -log(L): 11672.8  Spbio: 5657.63 20320.2 cat 15.8664
3 226 -log(L): 11331.7  Spbio: 5880.42 19700.4 cat 16.1493
3 227 -log(L): 11191.9  Spbio: 5917.82 15912.6 cat 284.966
3 228 -log(L): 10957.4  Spbio: 5819.42 16468.6 cat 144.826
3 229 -log(L): 10673.7  Spbio: 5739.52 16421.6 cat 13.3363
3 230 -log(L): 10608.8  Spbio: 6602.7 21756.9 cat 8.96747
3 231 -log(L): 10511.9  Spbio: 6701.53 21813.2 cat 14.2874
phase= 3 | nvar=184 | iter= 20 | nll=1.05e+04 | mag=3.33e+04 | par[ 22]=SR_parm[1]
3 232 -log(L): 10381.6  Spbio: 6856.8 21676.7 cat 11.0284
3 233 -log(L): 10273  Spbio: 6796.27 20606.9 cat 8.05365
3 234 -log(L): 10180.5  Spbio: 6521.78 19265.3 cat 6.98293
3 235 -log(L): 10153.4  Spbio: 6931.78 17148.3 cat 28.3169
3 236 -log(L): 10113.4  Spbio: 7096.16 16647.7 cat 15.3095
3 237 -log(L): 10065.2  Spbio: 6752.75 16694.2 cat 17.6944
3 238 -log(L): 10015.8  Spbio: 6907.67 16667.5 cat 28.3648
3 239 -log(L): 9979.38  Spbio: 6800.94 15954.6 cat 25.5483
3 240 -log(L): 9936.78  Spbio: 6632.7 16092.1 cat 22.8116
3 241 -log(L): 9883.53  Spbio: 6841.51 15778.4 cat 21.4185
3 242 -log(L): 9840.67  Spbio: 6266.7 16918.7 cat 34.9162
3 243 -log(L): 9793.51  Spbio: 5973.09 16595.9 cat 32.4021
3 244 -log(L): 9744.17  Spbio: 6392.12 16813.1 cat 24.2385
3 245 -log(L): 9691.75  Spbio: 6344.17 16984.4 cat 24.2386
3 246 -log(L): 9641.41  Spbio: 6189.41 16675.3 cat 26.0534
3 247 -log(L): 9579.7  Spbio: 6139.9 15898.6 cat 22.4346
3 248 -log(L): 9517.11  Spbio: 6265.63 15866.1 cat 21.6078
3 249 -log(L): 9501.18  Spbio: 6348.65 16123 cat 22.7837
3 250 -log(L): 9449.16  Spbio: 6118.69 15239.4 cat 15.2598
3 251 -log(L): 9385.27  Spbio: 6174.46 14640.6 cat 22.9467
phase= 3 | nvar=184 | iter= 40 | nll=9.40e+03 | mag=3.90e+04 | par[ 22]=SR_parm[1]
3 252 -log(L): 9337.37  Spbio: 6403.42 14000.7 cat 10.4223
3 253 -log(L): 9286.6  Spbio: 6275.28 15072.6 cat 11.7575
3 254 -log(L): 9237.93  Spbio: 5624.91 15106.1 cat 11.7814
3 255 -log(L): 9187.12  Spbio: 5798.24 15663.5 cat 20.0928
3 256 -log(L): 9167.8  Spbio: 5527.1 15596.8 cat 16.8444
3 257 -log(L): 9142.64  Spbio: 5501.42 15660.5 cat 16.9156
3 258 -log(L): 9118.59  Spbio: 5564.95 16021.6 cat 6.63443
3 259 -log(L): 9087.57  Spbio: 5640.58 16483.3 cat 9.44902
3 260 -log(L): 9051.48  Spbio: 5530.05 16642.6 cat 6.82264
3 261 -log(L): 9018.15  Spbio: 5589.05 16953.8 cat 6.77887
3 262 -log(L): 8980.79  Spbio: 5493.89 17544.6 cat 4.64012
3 263 -log(L): 8965.06  Spbio: 5439.89 17681.8 cat 7.37807
3 264 -log(L): 8947.8  Spbio: 5378.3 17423.5 cat 4.23558
3 265 -log(L): 8928.48  Spbio: 5246.21 17143.6 cat 3.97312
3 266 -log(L): 8903.76  Spbio: 5314.25 17754.4 cat 4.41952
3 267 -log(L): 8879.17  Spbio: 5099.47 17668.7 cat 5.82673
3 268 -log(L): 8851.44  Spbio: 5015.06 17742.2 cat 6.06258
3 269 -log(L): 8824.3  Spbio: 5033.37 16911.9 cat 8.21066
3 270 -log(L): 8807.29  Spbio: 5047 16623.4 cat 5.27571
3 271 -log(L): 8793.95  Spbio: 5002.6 17115.8 cat 9.58803
phase= 3 | nvar=184 | iter= 60 | nll=8.81e+03 | mag=1.24e+04 | par[ 22]=SR_parm[1]
3 272 -log(L): 8778.9  Spbio: 5029.69 17284.7 cat 5.5473
3 273 -log(L): 8759.26  Spbio: 4982.38 17802.2 cat 5.92243
3 274 -log(L): 8742.91  Spbio: 4951.4 17794.5 cat 7.4676
3 275 -log(L): 8723.85  Spbio: 4876.34 17560.8 cat 7.24726
3 276 -log(L): 8715.86  Spbio: 4778.29 17098.7 cat 10.7194
3 277 -log(L): 8702.94  Spbio: 4759.74 17315 cat 9.526
3 278 -log(L): 8683.19  Spbio: 4669.69 17616.6 cat 8.87953
3 279 -log(L): 8660.15  Spbio: 4683.79 17316.4 cat 14.0147
3 280 -log(L): 8633.51  Spbio: 4664.76 17595.8 cat 14.3888
3 281 -log(L): 8659  Spbio: 4847.39 17202.2 cat 27.807
3 282 -log(L): 8623.95  Spbio: 4727.63 17424.2 cat 18.1511
3 283 -log(L): 8630.17  Spbio: 4849.34 17395.3 cat 14.6809
3 284 -log(L): 8620.19  Spbio: 4772.52 17402.4 cat 16.4392
3 285 -log(L): 8615.88  Spbio: 4757.1 17756.3 cat 13.515
3 286 -log(L): 8610.65  Spbio: 4700.82 17888 cat 15.6519
3 287 -log(L): 8603.51  Spbio: 4686.63 17525.6 cat 14.2888
3 288 -log(L): 8602.53  Spbio: 4685.58 17684.6 cat 9.24353
3 289 -log(L): 8599.73  Spbio: 4686 17604 cat 10.9435
3 290 -log(L): 8595.94  Spbio: 4748.12 17553.9 cat 14.2366
3 291 -log(L): 8590.29  Spbio: 4799.16 17702.2 cat 12.3471
3 292 -log(L): 8585.52  Spbio: 4842.85 17740.2 cat 8.25137
3 293 -log(L): 8578.91  Spbio: 4854.32 17543.6 cat 8.55209
3 294 -log(L): 8571.9  Spbio: 4857.47 17633.1 cat 8.51949
phase= 3 | nvar=184 | iter= 80 | nll=8.59e+03 | mag=6.15e+03 | par[ 67]=Q_parm[11]
3 295 -log(L): 8563.39  Spbio: 4865.85 17666.6 cat 7.77781
3 296 -log(L): 8556.53  Spbio: 4922.93 18448.1 cat 7.92196
3 297 -log(L): 8546.66  Spbio: 4967.1 18279.1 cat 7.56783
3 298 -log(L): 8536.46  Spbio: 5116.33 18159 cat 7.07005
3 299 -log(L): 8527.01  Spbio: 5243.61 18655.8 cat 6.63802
3 300 -log(L): 8529.55  Spbio: 5229.63 19325.4 cat 7.87259
3 301 -log(L): 8522.31  Spbio: 5236.86 18948.8 cat 7.15199
3 302 -log(L): 8520.27  Spbio: 5236.19 19036.1 cat 5.82512
3 303 -log(L): 8517.85  Spbio: 5258.09 19024.6 cat 5.81756
3 304 -log(L): 8514.84  Spbio: 5288.81 19055.4 cat 5.8541
3 305 -log(L): 8510.88  Spbio: 5271.66 18464.8 cat 6.08444
Exiting without success due to excessive function evaluations (maxfn=100) | mag=6763.8
phase= 3 | nvar=184 | iter= 91 | nll=8.53e+03 | mag=6.76e+03 | par[ 48]=recdev1[25]
3 306 -log(L): 8510.88  Spbio: 5271.66 18464.8 cat 6.08444
4 307 -log(L): 8510.88  Spbio: 5271.66 18464.8 cat 6.08444
phase= 4 | nvar=196 | iter=  0 | nll=8.51e+03 | mag=6.05e+03 | par[ 48]=recdev1[25]
4 308 -log(L): 8510.86  Spbio: 5271.63 18464.6 cat 6.08436
4 309 -log(L): 8510.66  Spbio: 5271.41 18462.5 cat 6.08362
4 310 -log(L): 8508.67  Spbio: 5269.18 18441.7 cat 6.07657
4 311 -log(L): 8489.9  Spbio: 5246.86 18234.3 cat 6.03875
4 312 -log(L): 8500.12  Spbio: 5241.45 18182.5 cat 58.0049
4 313 -log(L): 8481.76  Spbio: 5244.75 18214.8 cat 14.9742
4 314 -log(L): 8466.78  Spbio: 5271.27 18352.9 cat 14.5144
4 315 -log(L): 8442.81  Spbio: 5214.38 18459.4 cat 15.4541
4 316 -log(L): 8399.21  Spbio: 5194.8 18457.4 cat 16.7792
4 317 -log(L): 8362.6  Spbio: 5381.52 17917.3 cat 20.0137
4 318 -log(L): 8315.35  Spbio: 5477.92 17660.5 cat 28.8425
4 319 -log(L): 8298.92  Spbio: 5456.16 17157.7 cat 33.253
4 320 -log(L): 8274.33  Spbio: 5360.18 16920 cat 28.7697
4 321 -log(L): 8252.14  Spbio: 5204.87 15727.2 cat 10.819
4 322 -log(L): 8227.22  Spbio: 5315.67 15513.2 cat 11.1533
4 323 -log(L): 8231.96  Spbio: 5352.81 16784.4 cat 28.038
4 324 -log(L): 8215.76  Spbio: 5332.4 16082.7 cat 17.2796
4 325 -log(L): 8202.59  Spbio: 5433.4 16739.2 cat 15.6635
4 326 -log(L): 8182.78  Spbio: 5506.73 17380.9 cat 10.7925
4 327 -log(L): 8223.16  Spbio: 5613.66 18457.4 cat 6.58984
4 328 -log(L): 8177.77  Spbio: 5521.27 17527.9 cat 10.2201
4 329 -log(L): 8169.28  Spbio: 5463.07 18081.6 cat 11.2341
4 330 -log(L): 8155.84  Spbio: 5322.2 18491.9 cat 9.76916
4 331 -log(L): 8136.89  Spbio: 5343.14 19087.2 cat 10.1617
4 332 -log(L): 8120.21  Spbio: 5877.9 19619.2 cat 5.72176
4 333 -log(L): 8105.25  Spbio: 5881.4 19701.8 cat 7.05009
phase= 4 | nvar=196 | iter= 20 | nll=8.11e+03 | mag=1.20e+04 | par[ 17]=MGparm[49]
4 334 -log(L): 8085.41  Spbio: 5575.34 20356.5 cat 6.59451
4 335 -log(L): 8066.61  Spbio: 6048.21 20468 cat 9.27704
4 336 -log(L): 8054.94  Spbio: 6433.92 20219 cat 8.16983
4 337 -log(L): 8041.72  Spbio: 6246.85 19958.3 cat 10.1922
4 338 -log(L): 8033.91  Spbio: 6297.04 18799.8 cat 7.60879
4 339 -log(L): 8025.66  Spbio: 6328.74 18306.5 cat 9.07913
4 340 -log(L): 8014.86  Spbio: 6430.31 18221.1 cat 8.67984
4 341 -log(L): 8006.41  Spbio: 6278.74 18694.3 cat 8.78403
4 342 -log(L): 7995.67  Spbio: 6389.18 19297.4 cat 9.00187
4 343 -log(L): 7987.11  Spbio: 6392.78 19646.7 cat 8.73466
4 344 -log(L): 7983.64  Spbio: 6344.53 19608.4 cat 8.79602
4 345 -log(L): 7974.83  Spbio: 6423.24 19327.4 cat 8.7892
4 346 -log(L): 7967.83  Spbio: 6415 19382.2 cat 8.26737
4 347 -log(L): 7960.41  Spbio: 6394.33 19496.1 cat 8.21999
4 348 -log(L): 7952.73  Spbio: 6340.82 20197 cat 8.15798
4 349 -log(L): 7946  Spbio: 6529.19 19950.3 cat 8.15354
4 350 -log(L): 7939.39  Spbio: 6423.22 19451.5 cat 8.29983
4 351 -log(L): 7930.4  Spbio: 6582.25 19970.2 cat 8.41493
4 352 -log(L): 7922.48  Spbio: 6587.03 19895.6 cat 8.53095
4 353 -log(L): 7914.32  Spbio: 6621.06 20071.7 cat 8.18441
phase= 4 | nvar=196 | iter= 40 | nll=7.92e+03 | mag=8.11e+03 | par[ 17]=MGparm[49]
4 354 -log(L): 7908.71  Spbio: 6751.11 19787.5 cat 8.6245
4 355 -log(L): 7902.93  Spbio: 6769.87 19564.3 cat 8.82517
4 356 -log(L): 7895.83  Spbio: 6856.52 19882.9 cat 8.08902
4 357 -log(L): 7889.61  Spbio: 6951.43 20682.9 cat 7.80948
4 358 -log(L): 7886.41  Spbio: 7048.83 21356.3 cat 7.94372
4 359 -log(L): 7882.47  Spbio: 7051.95 21252.2 cat 8.16519
4 360 -log(L): 7877.2  Spbio: 7119.49 21207.4 cat 8.385
4 361 -log(L): 7869.81  Spbio: 7176.28 20622.1 cat 8.34463
4 362 -log(L): 7866.69  Spbio: 7299.71 20190.3 cat 8.11624
4 363 -log(L): 7861.57  Spbio: 7385.84 19905.2 cat 7.66708
4 364 -log(L): 7853.3  Spbio: 7559.77 20207.2 cat 7.74796
4 365 -log(L): 7841.63  Spbio: 7803.68 20572 cat 7.54378
4 366 -log(L): 7837.41  Spbio: 8119.24 19944.6 cat 9.29352
4 367 -log(L): 7830.96  Spbio: 8247.38 19840.8 cat 10.0427
4 368 -log(L): 7825.92  Spbio: 8407.57 20762.4 cat 9.22992
4 369 -log(L): 7820.56  Spbio: 8419.09 20731.6 cat 9.33095
4 370 -log(L): 7822.05  Spbio: 8478.89 20342.8 cat 8.83734
4 371 -log(L): 7818.17  Spbio: 8445.01 20553.5 cat 9.18847
4 372 -log(L): 7816.25  Spbio: 8509.46 20689.1 cat 10.4781
4 373 -log(L): 7815.32  Spbio: 8520.24 20333.5 cat 8.36065
4 374 -log(L): 7814.23  Spbio: 8519.76 20150.7 cat 8.74251
phase= 4 | nvar=196 | iter= 60 | nll=7.82e+03 | mag=7.08e+03 | par[ 52]=recdev1[29]
4 375 -log(L): 7812.87  Spbio: 8523.4 20114.8 cat 8.38338
4 376 -log(L): 7811.97  Spbio: 8518.66 19837.8 cat 8.14135
4 377 -log(L): 7810.67  Spbio: 8519.96 19738.6 cat 8.06846
4 378 -log(L): 7809.17  Spbio: 8526.3 19780.5 cat 8.10678
4 379 -log(L): 7807.76  Spbio: 8541.71 19854.3 cat 8.32204
4 380 -log(L): 7806.02  Spbio: 8554.78 19961.1 cat 8.47394
4 381 -log(L): 7804.34  Spbio: 8532.59 20044.7 cat 8.34743
4 382 -log(L): 7802.11  Spbio: 8538.3 19915.2 cat 8.28509
4 383 -log(L): 7799.31  Spbio: 8549 19960.1 cat 8.28406
4 384 -log(L): 7796.76  Spbio: 8538.24 19504.9 cat 8.35948
4 385 -log(L): 7793.51  Spbio: 8522.83 19365 cat 8.21234
4 386 -log(L): 7789.8  Spbio: 8492.45 19371.7 cat 7.93092
4 387 -log(L): 7786.49  Spbio: 8538.76 19072.9 cat 7.76713
4 388 -log(L): 7782.47  Spbio: 8562.8 18525.3 cat 7.87458
4 389 -log(L): 7777.95  Spbio: 8615.55 18205.1 cat 7.48902
4 390 -log(L): 7774.03  Spbio: 8716.81 18072 cat 7.02867
4 391 -log(L): 7771.31  Spbio: 8657.56 17765.8 cat 7.23823
4 392 -log(L): 7768.24  Spbio: 8709.44 17768.5 cat 7.4319
4 393 -log(L): 7768.35  Spbio: 8633.82 17942.7 cat 7.15418
4 394 -log(L): 7766.71  Spbio: 8671.21 17854.1 cat 7.28545
4 395 -log(L): 7765.89  Spbio: 8653.26 17992.2 cat 7.04017
phase= 4 | nvar=196 | iter= 80 | nll=7.77e+03 | mag=5.07e+03 | par[ 52]=recdev1[29]
4 396 -log(L): 7765.13  Spbio: 8618.01 17652.3 cat 7.09995
4 397 -log(L): 7764.21  Spbio: 8606.82 17697.3 cat 7.28067
4 398 -log(L): 7763.15  Spbio: 8618.16 17643.5 cat 7.46074
4 399 -log(L): 7761.64  Spbio: 8622.65 17674.7 cat 7.24777
4 400 -log(L): 7759.58  Spbio: 8588.13 17629 cat 7.03319
4 401 -log(L): 7757.84  Spbio: 8569.55 17376.9 cat 7.07927
4 402 -log(L): 7755.75  Spbio: 8546.25 17294 cat 7.2359
4 403 -log(L): 7754.34  Spbio: 8524.91 17364.8 cat 7.55998
4 404 -log(L): 7752.34  Spbio: 8459.31 17419.8 cat 7.39599
4 405 -log(L): 7748.25  Spbio: 8383.63 17278.6 cat 7.41602
4 406 -log(L): 15159.9  Spbio: 7722.59 15910.3 cat 7284.97
4 407 -log(L): 7732.83  Spbio: 8214.59 16953 cat 7.64297
4 408 -log(L): 30949.9  Spbio: 6874.59 14277.5 cat 22177.8
4 409 -log(L): 7732.46  Spbio: 8212.1 16948 cat 7.64973
4 410 -log(L): 7728.58  Spbio: 8187.27 16897.7 cat 7.72671
4 411 -log(L): 7976.9  Spbio: 7951.45 16352.3 cat 232.224
4 412 -log(L): 7706.06  Spbio: 8048.52 16589.7 cat 8.9012
4 413 -log(L): 26951.9  Spbio: 6989.68 15439.2 cat 18387.7
4 414 -log(L): 7706.02  Spbio: 8047.81 16588.4 cat 8.91041
4 415 -log(L): 7705.93  Spbio: 8046.36 16607.3 cat 8.88562
4 416 -log(L): 7705.54  Spbio: 8032.87 16785 cat 8.66944
4 417 -log(L): 7704.85  Spbio: 8021.18 16769.9 cat 8.73258
4 418 -log(L): 7703.69  Spbio: 7997.65 16708.4 cat 8.60735
4 419 -log(L): 7702.14  Spbio: 7934.33 16597.1 cat 9.04026
4 420 -log(L): 7699.84  Spbio: 7879.74 16397.3 cat 9.13261
4 421 -log(L): 7696.39  Spbio: 7809.2 16195.4 cat 9.07357
4 422 -log(L): 7690.98  Spbio: 7717.05 15931.3 cat 8.93877
4 423 -log(L): 7685.16  Spbio: 7550.48 15638.9 cat 9.79168
4 424 -log(L): 7697.68  Spbio: 7514.25 15362.9 cat 7.64721
4 425 -log(L): 7683.47  Spbio: 7538.68 15558.3 cat 8.54103
phase= 4 | nvar=196 | iter=100 | nll=7.69e+03 | mag=2.14e+04 | par[ 22]=SR_parm[1]
4 426 -log(L): 7682.45  Spbio: 7486.58 15360.7 cat 8.10849
4 427 -log(L): 7680.72  Spbio: 7476.88 15304.7 cat 8.19487
4 428 -log(L): 7678.19  Spbio: 7482.52 15243.8 cat 7.95288
4 429 -log(L): 7675.39  Spbio: 7511.49 15290.9 cat 7.82485
4 430 -log(L): 7671.86  Spbio: 7542.6 15279.1 cat 8.09226
4 431 -log(L): 7668.1  Spbio: 7571.72 15545.4 cat 8.35489
4 432 -log(L): 7664.93  Spbio: 7607.56 15705.9 cat 7.82834
4 433 -log(L): 7661.44  Spbio: 7626.34 15741.8 cat 7.73756
4 434 -log(L): 7656.67  Spbio: 7600.17 15706.8 cat 7.73107
4 435 -log(L): 7649.41  Spbio: 7572.45 15661.4 cat 7.98769
4 436 -log(L): 7636.61  Spbio: 7575.2 15874.3 cat 8.04352
4 437 -log(L): 7618.22  Spbio: 7571.37 15410.5 cat 8.22659
4 438 -log(L): 7624.83  Spbio: 7641.13 15772.7 cat 7.786
4 439 -log(L): 7609.51  Spbio: 7601.69 15572.6 cat 7.79932
4 440 -log(L): 7609.52  Spbio: 7461.19 15606.2 cat 8.51255
4 441 -log(L): 7605.09  Spbio: 7530.63 15588.6 cat 7.9271
4 442 -log(L): 7599.7  Spbio: 7474.75 15618.1 cat 8.06431
4 443 -log(L): 7592.23  Spbio: 7458.76 15796.7 cat 8.40113
4 444 -log(L): 7579.15  Spbio: 7414.85 15557.5 cat 8.37567
4 445 -log(L): 7554.75  Spbio: 7384.47 15447.3 cat 8.27166
4 446 -log(L): 15394  Spbio: 7323.54 12009.5 cat 6878.45
4 447 -log(L): 7567.67  Spbio: 7361.62 15280.3 cat 16.8101
4 448 -log(L): 7550.46  Spbio: 7373.77 15397.6 cat 9.34961
4 449 -log(L): 7543.2  Spbio: 7366.31 15450.5 cat 8.36417
phase= 4 | nvar=196 | iter=120 | nll=7.54e+03 | mag=1.12e+04 | par[ 22]=SR_parm[1]
4 450 -log(L): 7532.51  Spbio: 7341.23 15702.3 cat 8.76871
4 451 -log(L): 7522.2  Spbio: 7330.64 15762.5 cat 9.05619
4 452 -log(L): 7505.13  Spbio: 7259.86 15909.7 cat 8.78626
4 453 -log(L): 7485.25  Spbio: 7266.25 16398.2 cat 8.1809
4 454 -log(L): 7484.15  Spbio: 7174.61 16256.6 cat 8.96707
4 455 -log(L): 7474.44  Spbio: 7225.92 16320.1 cat 8.33134
4 456 -log(L): 7470.07  Spbio: 7186.6 16499.8 cat 8.16363
4 457 -log(L): 7462.44  Spbio: 7178.59 16527.4 cat 8.4038
4 458 -log(L): 7448.28  Spbio: 7165.85 16743.6 cat 8.63699
4 459 -log(L): 7428.39  Spbio: 7137.85 17288.2 cat 8.58955
4 460 -log(L): 7426.17  Spbio: 6993.3 17710.1 cat 10.6349
4 461 -log(L): 7421.86  Spbio: 6972.18 17665.7 cat 10.7972
4 462 -log(L): 7414.2  Spbio: 6979.82 17719.7 cat 10.7807
4 463 -log(L): 7402.98  Spbio: 6984.18 17813 cat 10.9216
4 464 -log(L): 7398.86  Spbio: 7123.34 17813.9 cat 12.8898
4 465 -log(L): 7392.51  Spbio: 7063.88 17970.9 cat 14.0247
4 466 -log(L): 7389.16  Spbio: 6992 18378.3 cat 9.85567
4 467 -log(L): 7384.59  Spbio: 7028.87 18329.1 cat 10.6332
4 468 -log(L): 7382.16  Spbio: 7143.97 18125.6 cat 11.2067
4 469 -log(L): 7378.9  Spbio: 7146.26 18336.1 cat 11.3264
4 470 -log(L): 7374.69  Spbio: 7147.32 18350.3 cat 12.5243
phase= 4 | nvar=196 | iter=140 | nll=7.37e+03 | mag=1.04e+04 | par[158]=selparm[161]
4 471 -log(L): 7370.03  Spbio: 7135.33 18156.5 cat 12.6913
4 472 -log(L): 7367.33  Spbio: 7070.17 18123.2 cat 13.7488
4 473 -log(L): 7363.49  Spbio: 7062.64 18159.5 cat 14.1833
4 474 -log(L): 7357.76  Spbio: 7065.85 18103.8 cat 13.9933
4 475 -log(L): 7352.01  Spbio: 7005.2 18053 cat 14.6355
4 476 -log(L): 7458.26  Spbio: 7099.76 18507.9 cat 20.284
4 477 -log(L): 7351.42  Spbio: 7010.41 18077.7 cat 14.8764
4 478 -log(L): 7350.45  Spbio: 6999.81 18018.7 cat 14.5295
4 479 -log(L): 7348.67  Spbio: 7021.9 18051.5 cat 14.6317
4 480 -log(L): 7345.43  Spbio: 7026.21 18059.1 cat 14.7784
4 481 -log(L): 7340.34  Spbio: 6942.33 18018.6 cat 15.9576
4 482 -log(L): 7337.38  Spbio: 7093.28 17847.2 cat 12.8279
4 483 -log(L): 7334  Spbio: 6963.58 17695.9 cat 13.531
4 484 -log(L): 7329.05  Spbio: 6994.29 17854.9 cat 14.052
4 485 -log(L): 7322.87  Spbio: 6890.9 17798.3 cat 13.5826
4 486 -log(L): 7314.96  Spbio: 6838.91 17758.4 cat 13.8798
4 487 -log(L): 7310.38  Spbio: 6693.3 17287.8 cat 16.2793
4 488 -log(L): 7306.49  Spbio: 6541.2 17082.6 cat 14.996
4 489 -log(L): 7301.93  Spbio: 6575.47 16940.1 cat 15.431
4 490 -log(L): 7295.18  Spbio: 6599.54 16855.8 cat 14.1302
4 491 -log(L): 7285.84  Spbio: 6502.37 16937.4 cat 15.4424
phase= 4 | nvar=196 | iter=160 | nll=7.29e+03 | mag=2.12e+04 | par[ 22]=SR_parm[1]
4 492 -log(L): 7277.94  Spbio: 6452.27 16634.8 cat 15.0898
4 493 -log(L): 7274.55  Spbio: 6508.95 16472.8 cat 16.4886
4 494 -log(L): 7269.2  Spbio: 6487.47 16288.5 cat 15.2334
4 495 -log(L): 7283.68  Spbio: 6470.71 15994.9 cat 19.7542
4 496 -log(L): 7268.12  Spbio: 6485.5 16256.9 cat 15.4751
4 497 -log(L): 7266.45  Spbio: 6503.7 16227.2 cat 15.2942
4 498 -log(L): 7265.54  Spbio: 6443.58 16067.9 cat 15.5633
4 499 -log(L): 7264.67  Spbio: 6463.19 16121.7 cat 14.4871
4 500 -log(L): 7265.1  Spbio: 6467.64 16100.6 cat 17.0539
4 501 -log(L): 7264.05  Spbio: 6464.37 16115.1 cat 14.9681
4 502 -log(L): 7263.09  Spbio: 6467.87 16120.2 cat 14.3601
4 503 -log(L): 7261.5  Spbio: 6478.46 16071.3 cat 14.4524
4 504 -log(L): 7259.07  Spbio: 6467.73 16034.6 cat 14.1695
4 505 -log(L): 7255.32  Spbio: 6399.06 16033.2 cat 13.1719
4 506 -log(L): 7250.83  Spbio: 6429.81 16070 cat 12.9257
4 507 -log(L): 7248.48  Spbio: 6502.82 15860.1 cat 15.0102
4 508 -log(L): 7247.39  Spbio: 6478.72 15928.2 cat 14.35
4 509 -log(L): 7243.44  Spbio: 6372.54 15824.8 cat 13.5414
4 510 -log(L): 7240.66  Spbio: 6353.19 15931.6 cat 12.2414
4 511 -log(L): 7236.78  Spbio: 6319.18 15791.2 cat 11.4212
4 512 -log(L): 7231.53  Spbio: 6284.79 15728.1 cat 11.3679
4 513 -log(L): 7226.22  Spbio: 6343.03 15590.6 cat 9.7726
4 514 -log(L): 7219.15  Spbio: 6270.37 15321.1 cat 8.62202
4 515 -log(L): 7217.37  Spbio: 6305.82 14990.9 cat 10.4845
phase= 4 | nvar=196 | iter=180 | nll=7.22e+03 | mag=1.85e+04 | par[ 22]=SR_parm[1]
4 516 -log(L): 7214.51  Spbio: 6269.24 14873.3 cat 9.8898
4 517 -log(L): 7211.32  Spbio: 6192.15 14712.4 cat 9.00129
4 518 -log(L): 7207.75  Spbio: 6156.04 14680.8 cat 9.44574
4 519 -log(L): 7208.25  Spbio: 6124.55 14592.7 cat 9.18245
4 520 -log(L): 7206.12  Spbio: 6141.1 14635 cat 9.34173
4 521 -log(L): 7204.01  Spbio: 6191.89 14627.1 cat 9.06649
4 522 -log(L): 7200.66  Spbio: 6185.29 14549.4 cat 9.12028
4 523 -log(L): 7195.34  Spbio: 6170.56 14456.1 cat 8.49509
4 524 -log(L): 7188.57  Spbio: 6160.44 14203.2 cat 7.9319
4 525 -log(L): 7187.42  Spbio: 6045.04 13684.7 cat 7.96333
4 526 -log(L): 7185.29  Spbio: 6035.64 13676.3 cat 8.03318
4 527 -log(L): 7181.53  Spbio: 6020.9 13618.2 cat 8.02517
4 528 -log(L): 7175.11  Spbio: 5999.86 13528.6 cat 7.96993
4 529 -log(L): 7168.22  Spbio: 6020.85 13572.2 cat 7.92375
4 530 -log(L): 7158.98  Spbio: 6044.55 13688.5 cat 8.80541
4 531 -log(L): 7153.37  Spbio: 6069.9 13374.3 cat 10.2578
4 532 -log(L): 7147.09  Spbio: 6041.45 13150.6 cat 9.993
4 533 -log(L): 7139.84  Spbio: 5995.12 12931.1 cat 9.62753
4 534 -log(L): 7132.61  Spbio: 5995.48 12637 cat 9.36741
4 535 -log(L): 7124.31  Spbio: 6022.38 12524.6 cat 9.24145
4 536 -log(L): 7121.54  Spbio: 6078.14 12641.5 cat 9.39719
phase= 4 | nvar=196 | iter=200 | nll=7.12e+03 | mag=2.18e+04 | par[ 22]=SR_parm[1]
4 537 -log(L): 7118.17  Spbio: 6090.26 12683.5 cat 9.62122
4 538 -log(L): 7113.15  Spbio: 6113.25 12840.9 cat 9.53118
4 539 -log(L): 7105.99  Spbio: 6165.75 12883.5 cat 11.668
4 540 -log(L): 7100.76  Spbio: 6216.98 12909.4 cat 11.6754
4 541 -log(L): 7096.63  Spbio: 6280.02 12943.9 cat 14.4646
4 542 -log(L): 7090.45  Spbio: 6278.43 12806.9 cat 13.0473
4 543 -log(L): 7083.08  Spbio: 6284.97 12589.2 cat 13.4627
4 544 -log(L): 7078.35  Spbio: 6502.11 12867.7 cat 12.2011
4 545 -log(L): 7072.59  Spbio: 6599.37 13093.3 cat 12.4863
4 546 -log(L): 7068.38  Spbio: 6621.01 12923.8 cat 10.7375
4 547 -log(L): 7065.68  Spbio: 6627.57 13134.1 cat 12.8148
4 548 -log(L): 7061.68  Spbio: 6663.29 13191.7 cat 12.3378
4 549 -log(L): 7057.48  Spbio: 6678.05 13281.6 cat 11.7395
4 550 -log(L): 7053.72  Spbio: 6743.65 13401.9 cat 11.4892
4 551 -log(L): 7051.48  Spbio: 6767.16 13434.2 cat 11.2657
4 552 -log(L): 7048.7  Spbio: 6735.66 13412.3 cat 11.3612
4 553 -log(L): 7046.18  Spbio: 6705.4 13561.6 cat 11.947
4 554 -log(L): 7044.96  Spbio: 6701.37 13518.6 cat 12.2455
4 555 -log(L): 7043.57  Spbio: 6733.72 13432.2 cat 12.7336
4 556 -log(L): 7042.73  Spbio: 6781.08 13373.3 cat 12.4927
phase= 4 | nvar=196 | iter=220 | nll=7.04e+03 | mag=2.05e+03 | par[ 23]=SR_parm[6]
4 557 -log(L): 7041.89  Spbio: 6800.52 13419 cat 12.2609
4 558 -log(L): 7040.94  Spbio: 6830.87 13367.8 cat 12.3628
4 559 -log(L): 7040.25  Spbio: 6857.25 13397.8 cat 12.4325
4 560 -log(L): 7039.43  Spbio: 6877.2 13404.9 cat 12.5362
4 561 -log(L): 7039.46  Spbio: 6911.73 13366 cat 12.3679
4 562 -log(L): 7039.17  Spbio: 6891.84 13386.9 cat 12.4548
4 563 -log(L): 7038.78  Spbio: 6906.47 13349.9 cat 12.3703
4 564 -log(L): 7038.33  Spbio: 6929.47 13318.8 cat 12.1813
4 565 -log(L): 7038.03  Spbio: 6933.42 13277.9 cat 11.9641
4 566 -log(L): 7037.83  Spbio: 6929.03 13263.3 cat 11.9886
4 567 -log(L): 7037.54  Spbio: 6913.37 13242.5 cat 12.0761
4 568 -log(L): 7037.24  Spbio: 6899.27 13231.1 cat 12.1451
4 569 -log(L): 7037.09  Spbio: 6874.07 13204.8 cat 12.2462
4 570 -log(L): 7036.88  Spbio: 6873.15 13221.8 cat 12.1378
4 571 -log(L): 7036.63  Spbio: 6883.32 13285.8 cat 12.073
4 572 -log(L): 7036.38  Spbio: 6878.75 13370.8 cat 11.9631
4 573 -log(L): 7036.28  Spbio: 6858.16 13448.7 cat 12.3448
4 574 -log(L): 7036.13  Spbio: 6869.27 13451.5 cat 12.1387
4 575 -log(L): 7036  Spbio: 6869.41 13489.1 cat 12.1589
4 576 -log(L): 7035.85  Spbio: 6875.21 13540.9 cat 12.0148
4 577 -log(L): 7035.69  Spbio: 6884.92 13617.8 cat 12.1975
phase= 4 | nvar=196 | iter=240 | nll=7.04e+03 | mag=1.51e+02 | par[ 17]=MGparm[49]
4 578 -log(L): 7035.5  Spbio: 6885.66 13689.5 cat 12.1716
4 579 -log(L): 7035.38  Spbio: 6887.53 13761 cat 12.139
4 580 -log(L): 7035.26  Spbio: 6891.74 13791.2 cat 11.9796
4 581 -log(L): 7035.17  Spbio: 6905.2 13807.3 cat 11.7988
4 582 -log(L): 7036.48  Spbio: 6910.32 13809.2 cat 11.8279
4 583 -log(L): 7035.12  Spbio: 6907.51 13795.3 cat 11.7646
4 584 -log(L): 7035.07  Spbio: 6907.81 13769.7 cat 11.7213
4 585 -log(L): 7034.99  Spbio: 6913.54 13761 cat 11.6465
4 586 -log(L): 7034.89  Spbio: 6925.26 13737.9 cat 11.6058
4 587 -log(L): 7034.81  Spbio: 6939.93 13763 cat 11.5608
4 588 -log(L): 7034.75  Spbio: 6955.82 13801 cat 11.5203
4 589 -log(L): 7034.69  Spbio: 6963.48 13807.8 cat 11.5166
4 590 -log(L): 7034.64  Spbio: 6964.16 13819.5 cat 11.5114
4 591 -log(L): 7034.59  Spbio: 6963.79 13840.7 cat 11.5227
4 592 -log(L): 7034.55  Spbio: 6966.81 13840.2 cat 11.6156
4 593 -log(L): 7034.5  Spbio: 6965.58 13855.3 cat 11.7074
4 594 -log(L): 7034.45  Spbio: 6969.24 13867 cat 11.7626
4 595 -log(L): 7034.4  Spbio: 6967.51 13862.2 cat 11.7478
4 596 -log(L): 7034.33  Spbio: 6962.81 13859.5 cat 11.7535
4 597 -log(L): 7034.23  Spbio: 6951.29 13850.3 cat 11.7317
4 598 -log(L): 7034.14  Spbio: 6933.49 13826.2 cat 11.7253
phase= 4 | nvar=196 | iter=260 | nll=7.03e+03 | mag=6.80e+01 | par[ 58]=init_F[3]
4 599 -log(L): 7034.06  Spbio: 6911.67 13776.9 cat 11.7691
4 600 -log(L): 7034  Spbio: 6888.46 13743.4 cat 11.7732
4 601 -log(L): 7033.96  Spbio: 6882.73 13716.8 cat 11.7841
4 602 -log(L): 7033.92  Spbio: 6885.57 13696.3 cat 11.8328
4 603 -log(L): 7033.89  Spbio: 6878.11 13681 cat 11.8366
4 604 -log(L): 7033.87  Spbio: 6873.24 13672.2 cat 11.8746
4 605 -log(L): 7033.85  Spbio: 6869.7 13675.8 cat 11.8822
4 606 -log(L): 7033.83  Spbio: 6872.05 13690.8 cat 11.9089
4 607 -log(L): 7033.82  Spbio: 6878.39 13700.9 cat 11.9146
4 608 -log(L): 7033.8  Spbio: 6882.72 13705.5 cat 11.9291
4 609 -log(L): 7033.78  Spbio: 6888.06 13715 cat 11.9348
4 610 -log(L): 7033.77  Spbio: 6891.73 13725 cat 11.9302
4 611 -log(L): 7033.75  Spbio: 6896.86 13746.5 cat 11.9283
4 612 -log(L): 7033.72  Spbio: 6903.13 13770.1 cat 11.9306
4 613 -log(L): 7033.69  Spbio: 6911.98 13785.7 cat 11.9373
4 614 -log(L): 7033.66  Spbio: 6924.29 13786.5 cat 11.9439
4 615 -log(L): 7033.63  Spbio: 6931.46 13774.7 cat 11.9432
4 616 -log(L): 7033.61  Spbio: 6935.28 13740.7 cat 11.9506
4 617 -log(L): 7033.6  Spbio: 6938.43 13722.6 cat 11.9121
4 618 -log(L): 7033.59  Spbio: 6941.54 13720.6 cat 11.9059
phase= 4 | nvar=196 | iter=280 | nll=7.03e+03 | mag=3.49e+02 | par[ 22]=SR_parm[1]
4 619 -log(L): 7033.58  Spbio: 6938.06 13713.4 cat 11.8867
4 620 -log(L): 7033.58  Spbio: 6935.56 13711.2 cat 11.8958
4 621 -log(L): 7033.57  Spbio: 6930.56 13706.8 cat 11.8898
4 622 -log(L): 7033.57  Spbio: 6928.39 13706.5 cat 11.8976
4 623 -log(L): 7033.56  Spbio: 6927.81 13713.3 cat 11.8909
4 624 -log(L): 7033.55  Spbio: 6930 13724.6 cat 11.8835
4 625 -log(L): 7033.55  Spbio: 6931.1 13737.8 cat 11.8674
4 626 -log(L): 7033.54  Spbio: 6932.32 13745 cat 11.8627
4 627 -log(L): 7033.54  Spbio: 6932.01 13747.2 cat 11.8605
4 628 -log(L): 7033.54  Spbio: 6930.69 13747.5 cat 11.8696
4 629 -log(L): 7033.53  Spbio: 6928.54 13744.8 cat 11.883
4 630 -log(L): 7033.53  Spbio: 6926.71 13742.2 cat 11.8937
4 631 -log(L): 7033.53  Spbio: 6925.28 13739.8 cat 11.8981
4 632 -log(L): 7033.53  Spbio: 6924.6 13738.8 cat 11.8897
4 633 -log(L): 7033.53  Spbio: 6923.94 13738.4 cat 11.8846
4 634 -log(L): 7033.53  Spbio: 6923.23 13737.1 cat 11.8793
4 635 -log(L): 7033.52  Spbio: 6922.58 13735.7 cat 11.8765
4 636 -log(L): 7033.52  Spbio: 6921.77 13734.4 cat 11.8768
4 637 -log(L): 7033.52  Spbio: 6921.15 13733.3 cat 11.878
4 638 -log(L): 7033.52  Spbio: 6921.27 13733.8 cat 11.8799
phase= 4 | nvar=196 | iter=300 | nll=7.03e+03 | mag=1.32e+01 | par[ 22]=SR_parm[1]
4 639 -log(L): 7033.52  Spbio: 6921.6 13735.5 cat 11.8828
4 640 -log(L): 7033.52  Spbio: 6922.15 13738 cat 11.8846
4 641 -log(L): 7033.52  Spbio: 6922.3 13740.6 cat 11.8877
4 642 -log(L): 7033.52  Spbio: 6922.2 13742.8 cat 11.8889
4 643 -log(L): 7033.52  Spbio: 6921.62 13745 cat 11.8916
4 644 -log(L): 7033.52  Spbio: 6920.94 13746 cat 11.8914
4 645 -log(L): 7033.52  Spbio: 6920.31 13746.9 cat 11.8908
4 646 -log(L): 7033.52  Spbio: 6920 13746.2 cat 11.8864
4 647 -log(L): 7033.52  Spbio: 6920.23 13744.8 cat 11.8802
4 648 -log(L): 7033.52  Spbio: 6920.71 13741.8 cat 11.873
4 649 -log(L): 7033.52  Spbio: 6921.32 13738.7 cat 11.868
4 650 -log(L): 7033.52  Spbio: 6921.53 13735.6 cat 11.8668
4 651 -log(L): 7033.52  Spbio: 6921.38 13732.1 cat 11.8673
4 652 -log(L): 7033.52  Spbio: 6920.74 13728.5 cat 11.8728
4 653 -log(L): 7033.52  Spbio: 6920.19 13725.4 cat 11.8778
4 654 -log(L): 7033.51  Spbio: 6919.91 13725.9 cat 11.8837
4 655 -log(L): 7033.51  Spbio: 6920.64 13729.2 cat 11.8843
4 656 -log(L): 7033.51  Spbio: 6921.57 13734.2 cat 11.883
4 657 -log(L): 7033.51  Spbio: 6922.79 13739.7 cat 11.8783
4 658 -log(L): 7033.51  Spbio: 6923.55 13744.8 cat 11.8758
phase= 4 | nvar=196 | iter=320 | nll=7.03e+03 | mag=1.46e+01 | par[ 22]=SR_parm[1]
4 659 -log(L): 7033.51  Spbio: 6923.95 13748.4 cat 11.8736
4 660 -log(L): 7033.51  Spbio: 6923.63 13748.1 cat 11.8758
4 661 -log(L): 7033.51  Spbio: 6922.94 13745.2 cat 11.8797
4 662 -log(L): 7033.51  Spbio: 6922.17 13741.1 cat 11.8834
4 663 -log(L): 7033.51  Spbio: 6921.35 13737.1 cat 11.8855
4 664 -log(L): 7033.51  Spbio: 6920.9 13733.6 cat 11.884
4 665 -log(L): 7033.51  Spbio: 6920.74 13732.4 cat 11.8808
4 666 -log(L): 7033.51  Spbio: 6921.09 13733.4 cat 11.8771
4 667 -log(L): 7033.51  Spbio: 6921.46 13736.1 cat 11.8755
4 668 -log(L): 7033.51  Spbio: 6921.81 13738.2 cat 11.8764
4 669 -log(L): 7033.51  Spbio: 6922.04 13739.5 cat 11.8777
4 670 -log(L): 7033.51  Spbio: 6922.21 13739.8 cat 11.8792
4 671 -log(L): 7033.51  Spbio: 6922.46 13739.5 cat 11.8806
4 672 -log(L): 7033.51  Spbio: 6922.43 13738.6 cat 11.8809
4 673 -log(L): 7033.51  Spbio: 6922.25 13737.5 cat 11.8807
4 674 -log(L): 7033.51  Spbio: 6921.93 13736.8 cat 11.8769
4 675 -log(L): 7033.51  Spbio: 6921.73 13736.9 cat 11.8776
4 676 -log(L): 7033.51  Spbio: 6921.5 13737.4 cat 11.879
4 677 -log(L): 7033.51  Spbio: 6921.47 13737.5 cat 11.8794
4 678 -log(L): 7033.51  Spbio: 6921.57 13737.9 cat 11.8803
phase= 4 | nvar=196 | iter=340 | nll=7.03e+03 | mag=2.21e+00 | par[ 17]=MGparm[49]
4 679 -log(L): 7033.51  Spbio: 6921.71 13738.1 cat 11.8807
4 680 -log(L): 7033.51  Spbio: 6921.87 13738.5 cat 11.8811
4 681 -log(L): 7033.51  Spbio: 6921.98 13738.8 cat 11.8811
4 682 -log(L): 7033.51  Spbio: 6922.06 13739.2 cat 11.8807
4 683 -log(L): 7033.51  Spbio: 6922.06 13739.8 cat 11.88
4 684 -log(L): 7033.51  Spbio: 6921.96 13740.5 cat 11.8785
4 685 -log(L): 7033.51  Spbio: 6921.79 13740.8 cat 11.8774
4 686 -log(L): 7033.51  Spbio: 6921.56 13740.7 cat 11.8768
4 687 -log(L): 7033.51  Spbio: 6921.62 13740.4 cat 11.8774
4 688 -log(L): 7033.51  Spbio: 6921.69 13740.1 cat 11.8783
4 689 -log(L): 7033.51  Spbio: 6921.74 13739.9 cat 11.8788
4 690 -log(L): 7033.51  Spbio: 6921.84 13739.6 cat 11.8795
4 691 -log(L): 7033.51  Spbio: 6921.96 13739.3 cat 11.8802
4 692 -log(L): 7033.51  Spbio: 6922.08 13739 cat 11.8805
4 693 -log(L): 7033.51  Spbio: 6922.18 13738.7 cat 11.8806
4 694 -log(L): 7033.51  Spbio: 6922.24 13738.5 cat 11.8805
4 695 -log(L): 7033.51  Spbio: 6922.28 13738.3 cat 11.8804
4 696 -log(L): 7033.51  Spbio: 6922.32 13738.2 cat 11.8801
4 697 -log(L): 7033.51  Spbio: 6922.32 13738.2 cat 11.88
4 698 -log(L): 7033.51  Spbio: 6922.28 13738.3 cat 11.88
phase= 4 | nvar=196 | iter=360 | nll=7.03e+03 | mag=2.07e+00 | par[158]=selparm[161]
4 699 -log(L): 7033.51  Spbio: 6922.24 13738.5 cat 11.8801
4 700 -log(L): 7033.51  Spbio: 6922.16 13738.7 cat 11.8802
4 701 -log(L): 7033.51  Spbio: 6922.06 13738.8 cat 11.8801
4 702 -log(L): 7033.51  Spbio: 6921.99 13738.9 cat 11.8801
4 703 -log(L): 7033.51  Spbio: 6921.95 13738.9 cat 11.8799
4 704 -log(L): 7033.51  Spbio: 6921.93 13739 cat 11.8799
4 705 -log(L): 7033.51  Spbio: 6921.93 13739 cat 11.8796
4 706 -log(L): 7033.51  Spbio: 6921.93 13738.9 cat 11.8795
4 707 -log(L): 7033.51  Spbio: 6921.92 13738.9 cat 11.8792
4 708 -log(L): 7033.51  Spbio: 6921.89 13738.8 cat 11.8792
4 709 -log(L): 7033.51  Spbio: 6921.86 13738.8 cat 11.8791
4 710 -log(L): 7033.51  Spbio: 6921.84 13738.8 cat 11.8792
4 711 -log(L): 7033.51  Spbio: 6921.83 13738.9 cat 11.8792
4 712 -log(L): 7033.51  Spbio: 6921.83 13738.9 cat 11.8792
4 713 -log(L): 7033.51  Spbio: 6921.84 13739 cat 11.8792
4 714 -log(L): 7033.51  Spbio: 6921.86 13739.1 cat 11.8793
4 715 -log(L): 7033.51  Spbio: 6921.88 13739.2 cat 11.8793
4 716 -log(L): 7033.51  Spbio: 6921.91 13739.1 cat 11.8793
4 717 -log(L): 7033.51  Spbio: 6921.94 13739.1 cat 11.8792
4 718 -log(L): 7033.51  Spbio: 6921.97 13739 cat 11.8792
phase= 4 | nvar=196 | iter=380 | nll=7.03e+03 | mag=2.01e+00 | par[158]=selparm[161]
4 719 -log(L): 7033.51  Spbio: 6922 13738.8 cat 11.8792
4 720 -log(L): 7033.51  Spbio: 6922.04 13738.8 cat 11.8792
4 721 -log(L): 7033.51  Spbio: 6922.07 13739 cat 11.8792
4 722 -log(L): 7033.51  Spbio: 6922.09 13739.2 cat 11.8793
4 723 -log(L): 7033.51  Spbio: 6922.1 13739.3 cat 11.8794
4 724 -log(L): 7033.51  Spbio: 6922.11 13739.5 cat 11.8795
4 725 -log(L): 7033.51  Spbio: 6922.09 13739.6 cat 11.8797
4 726 -log(L): 7033.51  Spbio: 6922.06 13739.7 cat 11.8799
4 727 -log(L): 7033.51  Spbio: 6922.01 13739.9 cat 11.8804
4 728 -log(L): 7033.51  Spbio: 6921.89 13739.7 cat 11.8812
4 729 -log(L): 7033.51  Spbio: 6921.7 13739.2 cat 11.8823
4 730 -log(L): 7033.51  Spbio: 6921.56 13738.8 cat 11.8826
4 731 -log(L): 7033.51  Spbio: 6921.47 13738.4 cat 11.8827
4 732 -log(L): 7033.51  Spbio: 6921.39 13738.3 cat 11.8826
4 733 -log(L): 7033.51  Spbio: 6921.33 13738.2 cat 11.8824
4 734 -log(L): 7033.51  Spbio: 6921.28 13738.3 cat 11.8821
4 735 -log(L): 7033.51  Spbio: 6921.25 13738.5 cat 11.8818
4 736 -log(L): 7033.51  Spbio: 6921.3 13738.7 cat 11.8815
4 737 -log(L): 7033.51  Spbio: 6921.59 13739 cat 11.8808
4 738 -log(L): 7033.51  Spbio: 6921.73 13738.9 cat 11.8807
phase= 4 | nvar=196 | iter=400 | nll=7.03e+03 | mag=1.58e+01 | par[ 22]=SR_parm[1]
4 739 -log(L): 7033.51  Spbio: 6921.85 13738.5 cat 11.8811
4 740 -log(L): 7033.51  Spbio: 6921.86 13738.4 cat 11.881
4 741 -log(L): 7033.51  Spbio: 6921.86 13738.3 cat 11.8809
4 742 -log(L): 7033.51  Spbio: 6921.85 13738.3 cat 11.8808
4 743 -log(L): 7033.51  Spbio: 6921.83 13738.3 cat 11.8805
4 744 -log(L): 7033.51  Spbio: 6921.81 13738.4 cat 11.8801
4 745 -log(L): 7033.51  Spbio: 6921.8 13738.6 cat 11.8797
4 746 -log(L): 7033.51  Spbio: 6921.8 13739 cat 11.8792
4 747 -log(L): 7033.51  Spbio: 6921.83 13739.2 cat 11.8791
4 748 -log(L): 7033.51  Spbio: 6921.86 13739.2 cat 11.8792
4 749 -log(L): 7033.51  Spbio: 6921.89 13739.2 cat 11.8793
4 750 -log(L): 7033.51  Spbio: 6921.93 13739 cat 11.8793
4 751 -log(L): 7033.51  Spbio: 6921.97 13738.9 cat 11.8793
4 752 -log(L): 7033.51  Spbio: 6922.01 13738.8 cat 11.8792
4 753 -log(L): 7033.51  Spbio: 6922 13738.8 cat 11.8792
4 754 -log(L): 7033.51  Spbio: 6922.01 13738.9 cat 11.879
4 755 -log(L): 7033.51  Spbio: 6922.15 13740 cat 11.8771
4 756 -log(L): 7033.51  Spbio: 6922.04 13739.1 cat 11.8786
4 757 -log(L): 7033.51  Spbio: 6922 13739.2 cat 11.8787
4 758 -log(L): 7033.51  Spbio: 6921.98 13739.3 cat 11.8791
4 759 -log(L): 7033.51  Spbio: 6921.99 13739.3 cat 11.8791
4 760 -log(L): 7033.51  Spbio: 6922 13739.3 cat 11.8791
4 761 -log(L): 7033.51  Spbio: 6922.01 13739.3 cat 11.879
phase= 4 | nvar=196 | iter=420 | nll=7.03e+03 | mag=2.02e+00 | par[158]=selparm[161]
4 762 -log(L): 7033.51  Spbio: 6922.03 13739.3 cat 11.879
4 763 -log(L): 7033.51  Spbio: 6922.05 13739.3 cat 11.8789
4 764 -log(L): 7033.51  Spbio: 6922.08 13739.3 cat 11.8789
4 765 -log(L): 7033.51  Spbio: 6922.11 13739.3 cat 11.8788
4 766 -log(L): 7033.51  Spbio: 6922.17 13739.2 cat 11.8788
4 767 -log(L): 7033.51  Spbio: 6922.25 13739.2 cat 11.879
4 768 -log(L): 7033.51  Spbio: 6922.34 13739.2 cat 11.8795
4 769 -log(L): 7033.51  Spbio: 6922.36 13739.2 cat 11.8798
4 770 -log(L): 7033.51  Spbio: 6922.4 13739.2 cat 11.8802
4 771 -log(L): 7033.51  Spbio: 6922.38 13739.3 cat 11.8801
4 772 -log(L): 7033.51  Spbio: 6922.34 13739.3 cat 11.88
4 773 -log(L): 7033.51  Spbio: 6922.33 13739.3 cat 11.88
4 774 -log(L): 7033.51  Spbio: 6922.33 13739.3 cat 11.8802
4 775 -log(L): 7033.51  Spbio: 6922.32 13739.3 cat 11.8803
4 776 -log(L): 7033.51  Spbio: 6922.32 13739.3 cat 11.8805
4 777 -log(L): 7033.51  Spbio: 6922.31 13739.3 cat 11.8808
4 778 -log(L): 7033.51  Spbio: 6922.29 13739.3 cat 11.8812
4 779 -log(L): 7033.51  Spbio: 6922.23 13739.2 cat 11.8815
4 780 -log(L): 7033.51  Spbio: 6922.09 13739 cat 11.8816
4 781 -log(L): 7033.51  Spbio: 6921.91 13738.9 cat 11.881
phase= 4 | nvar=196 | iter=440 | nll=7.03e+03 | mag=1.39e+01 | par[ 22]=SR_parm[1]
4 782 -log(L): 7033.5  Spbio: 6921.76 13738.9 cat 11.8796
4 783 -log(L): 7033.5  Spbio: 6921.61 13738.7 cat 11.878
4 784 -log(L): 7033.5  Spbio: 6921.64 13738.7 cat 11.878
4 785 -log(L): 7033.5  Spbio: 6921.82 13738.6 cat 11.8788
4 786 -log(L): 7033.5  Spbio: 6921.85 13738.3 cat 11.879
4 787 -log(L): 7033.5  Spbio: 6921.93 13738 cat 11.8793
4 788 -log(L): 7033.5  Spbio: 6921.98 13737.8 cat 11.8795
4 789 -log(L): 7033.5  Spbio: 6921.97 13737.8 cat 11.8793
4 790 -log(L): 7033.5  Spbio: 6921.96 13737.7 cat 11.8792
4 791 -log(L): 7033.5  Spbio: 6921.95 13737.7 cat 11.8791
4 792 -log(L): 7033.5  Spbio: 6921.95 13737.7 cat 11.8791
4 793 -log(L): 7033.5  Spbio: 6921.96 13737.6 cat 11.8791
4 794 -log(L): 7033.5  Spbio: 6921.97 13737.5 cat 11.8792
4 795 -log(L): 7033.5  Spbio: 6921.99 13737.5 cat 11.8793
4 796 -log(L): 7033.5  Spbio: 6922.01 13737.4 cat 11.8794
4 797 -log(L): 7033.5  Spbio: 6922.03 13737.3 cat 11.8796
4 798 -log(L): 7033.5  Spbio: 6922.04 13737.2 cat 11.8797
4 799 -log(L): 7033.5  Spbio: 6922.03 13737.2 cat 11.8796
4 800 -log(L): 7033.5  Spbio: 6922 13737.3 cat 11.8795
4 801 -log(L): 7033.5  Spbio: 6921.98 13737.5 cat 11.8794
phase= 4 | nvar=196 | iter=460 | nll=7.03e+03 | mag=1.13e+00 | par[158]=selparm[161]
4 802 -log(L): 7033.5  Spbio: 6921.98 13737.5 cat 11.8794
4 803 -log(L): 7033.5  Spbio: 6921.98 13737.6 cat 11.8794
4 804 -log(L): 7033.5  Spbio: 6921.98 13737.6 cat 11.8794
4 805 -log(L): 7033.5  Spbio: 6921.98 13737.6 cat 11.8794
4 806 -log(L): 7033.5  Spbio: 6921.98 13737.6 cat 11.8794
4 807 -log(L): 7033.5  Spbio: 6921.98 13737.6 cat 11.8795
4 808 -log(L): 7033.5  Spbio: 6921.99 13737.6 cat 11.8795
4 809 -log(L): 7033.5  Spbio: 6921.99 13737.6 cat 11.8795
4 810 -log(L): 7033.5  Spbio: 6921.99 13737.6 cat 11.8795
4 811 -log(L): 7033.5  Spbio: 6922 13737.7 cat 11.8796
4 812 -log(L): 7033.5  Spbio: 6922.01 13737.7 cat 11.8796
4 813 -log(L): 7033.5  Spbio: 6922.03 13737.7 cat 11.8797
4 814 -log(L): 7033.5  Spbio: 6922.05 13737.7 cat 11.8798
4 815 -log(L): 7033.5  Spbio: 6922.08 13737.8 cat 11.8799
4 816 -log(L): 7033.5  Spbio: 6922.11 13737.7 cat 11.88
4 817 -log(L): 7033.5  Spbio: 6922.14 13737.6 cat 11.8801
4 818 -log(L): 7033.5  Spbio: 6922.17 13737.3 cat 11.8801
4 819 -log(L): 7033.5  Spbio: 6922.19 13736.7 cat 11.88
4 820 -log(L): 7033.5  Spbio: 6922.13 13736 cat 11.8797
4 821 -log(L): 7033.5  Spbio: 6922.04 13735.3 cat 11.8793
phase= 4 | nvar=196 | iter=480 | nll=7.03e+03 | mag=8.30e-01 | par[158]=selparm[161]
4 822 -log(L): 7033.5  Spbio: 6921.99 13735.1 cat 11.8792
4 823 -log(L): 7033.5  Spbio: 6921.97 13735 cat 11.8792
4 824 -log(L): 7033.5  Spbio: 6921.98 13735.1 cat 11.8792
4 825 -log(L): 7033.5  Spbio: 6921.99 13735 cat 11.8792
4 826 -log(L): 7033.5  Spbio: 6921.99 13734.9 cat 11.8792
4 827 -log(L): 7033.5  Spbio: 6922 13734.7 cat 11.8792
4 828 -log(L): 7033.5  Spbio: 6922 13734.7 cat 11.8792
4 829 -log(L): 7033.5  Spbio: 6922 13734.7 cat 11.8791
4 830 -log(L): 7033.5  Spbio: 6922 13734.7 cat 11.8791
4 831 -log(L): 7033.5  Spbio: 6922 13734.7 cat 11.8791
4 832 -log(L): 7033.5  Spbio: 6922 13734.7 cat 11.8791
4 833 -log(L): 7033.5  Spbio: 6922 13734.7 cat 11.8791
4 834 -log(L): 7033.5  Spbio: 6921.99 13734.7 cat 11.8791
4 835 -log(L): 7033.5  Spbio: 6921.99 13734.7 cat 11.8792
4 836 -log(L): 7033.5  Spbio: 6921.99 13734.7 cat 11.8792
4 837 -log(L): 7033.5  Spbio: 6921.98 13734.7 cat 11.8792
4 838 -log(L): 7033.5  Spbio: 6921.97 13734.7 cat 11.8792
4 839 -log(L): 7033.5  Spbio: 6921.96 13734.7 cat 11.8793
4 840 -log(L): 7033.5  Spbio: 6921.95 13734.7 cat 11.8793
4 841 -log(L): 7033.5  Spbio: 6921.93 13734.8 cat 11.8794
4 842 -log(L): 7033.5  Spbio: 6921.9 13734.8 cat 11.8795
phase= 4 | nvar=196 | iter=500 | nll=7.03e+03 | mag=1.20e+00 | par[ 65]=Q_parm[3]
4 843 -log(L): 7033.5  Spbio: 6921.87 13734.9 cat 11.8796
4 844 -log(L): 7033.5  Spbio: 6921.82 13735 cat 11.8798
4 845 -log(L): 7033.5  Spbio: 6921.76 13735.1 cat 11.88
4 846 -log(L): 7033.5  Spbio: 6921.71 13735.2 cat 11.8801
4 847 -log(L): 7033.5  Spbio: 6921.66 13735.5 cat 11.8803
4 848 -log(L): 7033.5  Spbio: 6921.64 13735.9 cat 11.8803
4 849 -log(L): 7033.5  Spbio: 6921.71 13737.1 cat 11.8802
4 850 -log(L): 7033.5  Spbio: 6921.89 13736.6 cat 11.8792
4 851 -log(L): 7033.5  Spbio: 6921.9 13737.1 cat 11.8792
4 852 -log(L): 7033.5  Spbio: 6921.97 13738.9 cat 11.8798
4 853 -log(L): 7033.5  Spbio: 6922 13737.9 cat 11.8789
4 854 -log(L): 7033.5  Spbio: 6922.02 13737.9 cat 11.8788
4 855 -log(L): 7033.5  Spbio: 6922.03 13737.8 cat 11.8789
4 856 -log(L): 7033.5  Spbio: 6922.05 13737.5 cat 11.879
4 857 -log(L): 7033.5  Spbio: 6922.04 13737.2 cat 11.8793
4 858 -log(L): 7033.5  Spbio: 6922.03 13736.7 cat 11.8796
4 859 -log(L): 7033.5  Spbio: 6921.93 13736.7 cat 11.8797
4 860 -log(L): 7033.5  Spbio: 6921.83 13737 cat 11.8796
4 861 -log(L): 7033.5  Spbio: 6921.84 13737.6 cat 11.8794
4 862 -log(L): 7033.5  Spbio: 6921.91 13737.9 cat 11.8794
phase= 4 | nvar=196 | iter=520 | nll=7.03e+03 | mag=6.30e-01 | par[ 17]=MGparm[49]
4 863 -log(L): 7033.5  Spbio: 6921.92 13737.8 cat 11.8794
4 864 -log(L): 7033.5  Spbio: 6921.94 13737.6 cat 11.8794
4 865 -log(L): 7033.5  Spbio: 6921.95 13737.6 cat 11.8794
4 866 -log(L): 7033.5  Spbio: 6921.97 13737.5 cat 11.8793
4 867 -log(L): 7033.5  Spbio: 6921.97 13737.5 cat 11.8793
4 868 -log(L): 7033.5  Spbio: 6921.96 13737.5 cat 11.8793
4 869 -log(L): 7033.5  Spbio: 6921.96 13737.5 cat 11.8793
4 870 -log(L): 7033.5  Spbio: 6921.96 13737.5 cat 11.8793
4 871 -log(L): 7033.5  Spbio: 6921.96 13737.5 cat 11.8793
4 872 -log(L): 7033.5  Spbio: 6921.96 13737.5 cat 11.8793
4 873 -log(L): 7033.5  Spbio: 6921.96 13737.5 cat 11.8793
4 874 -log(L): 7033.5  Spbio: 6921.96 13737.5 cat 11.8793
4 875 -log(L): 7033.5  Spbio: 6921.96 13737.5 cat 11.8793
4 876 -log(L): 7033.5  Spbio: 6921.96 13737.5 cat 11.8793
4 877 -log(L): 7033.5  Spbio: 6921.96 13737.5 cat 11.8793
4 878 -log(L): 7033.5  Spbio: 6921.96 13737.5 cat 11.8793
4 879 -log(L): 7033.5  Spbio: 6921.96 13737.5 cat 11.8793
4 880 -log(L): 7033.5  Spbio: 6921.96 13737.5 cat 11.8793
4 881 -log(L): 7033.5  Spbio: 6921.96 13737.5 cat 11.8793
4 882 -log(L): 7033.5  Spbio: 6921.96 13737.5 cat 11.8793
4 883 -log(L): 7033.5  Spbio: 6921.96 13737.5 cat 11.8793
4 884 -log(L): 7033.5  Spbio: 6921.96 13737.5 cat 11.8793
4 885 -log(L): 7033.5  Spbio: 6921.96 13737.5 cat 11.8793
4 886 -log(L): 7033.5  Spbio: 6921.96 13737.5 cat 11.8793
4 887 -log(L): 7033.5  Spbio: 6921.96 13737.5 cat 11.8793
4 888 -log(L): 7033.5  Spbio: 6921.96 13737.5 cat 11.8793
4 889 -log(L): 7033.5  Spbio: 6921.96 13737.5 cat 11.8793
4 890 -log(L): 7033.5  Spbio: 6921.96 13737.5 cat 11.8793
4 891 -log(L): 7033.5  Spbio: 6921.96 13737.5 cat 11.8793
4 892 -log(L): 7033.5  Spbio: 6921.96 13737.5 cat 11.8793
4 893 -log(L): 7033.5  Spbio: 6921.96 13737.5 cat 11.8793
4 894 -log(L): 7033.5  Spbio: 6921.96 13737.5 cat 11.8793
4 895 -log(L): 7033.5  Spbio: 6921.96 13737.5 cat 11.8793
4 896 -log(L): 7033.5  Spbio: 6921.96 13737.5 cat 11.8793
4 897 -log(L): 7033.5  Spbio: 6921.96 13737.5 cat 11.8793
4 898 -log(L): 7033.5  Spbio: 6921.96 13737.5 cat 11.8793
4 899 -log(L): 7033.5  Spbio: 6921.96 13737.5 cat 11.8793
4 900 -log(L): 7033.5  Spbio: 6921.96 13737.5 cat 11.8793
4 901 -log(L): 7033.5  Spbio: 6921.96 13737.5 cat 11.8793
4 902 -log(L): 7033.5  Spbio: 6921.96 13737.5 cat 11.8793
4 903 -log(L): 7033.5  Spbio: 6921.96 13737.5 cat 11.8793
4 904 -log(L): 7033.5  Spbio: 6921.96 13737.5 cat 11.8793
4 905 -log(L): 7033.5  Spbio: 6921.96 13737.5 cat 11.8793
phase= 4 | nvar=196 | iter=533 | nll=7.03e+03 | mag=3.65e-04 | par[ 65]=Q_parm[3]
4 906 -log(L): 7033.5  Spbio: 6921.96 13737.5 cat 11.8793
5 907 -log(L): 7033.5  Spbio: 6921.96 13737.5 cat 11.8793
phase= 5 | nvar=204 | iter=  0 | nll=7.03e+03 | mag=1.22e+02 | par[ 56]=Fcast_recruitments[1]
5 908 -log(L): 7185.38  Spbio: 6921.96 13748.6 cat 11.8733
5 909 -log(L): 7033.5  Spbio: 6921.96 13737.5 cat 11.8793
5 910 -log(L): 7040.47  Spbio: 6908.12 13627.9 cat 14.2899
5 911 -log(L): 7033.5  Spbio: 6921.96 13737.5 cat 11.8793
5 912 -log(L): 7033.5  Spbio: 6921.96 13737.5 cat 11.8793
5 913 -log(L): 7033.5  Spbio: 6921.96 13737.5 cat 11.8793
5 914 -log(L): 7033.5  Spbio: 6921.96 13737.5 cat 11.8793
5 915 -log(L): 7033.5  Spbio: 6921.96 13737.5 cat 11.8793
5 916 -log(L): 7033.5  Spbio: 6921.96 13737.5 cat 11.8793
5 917 -log(L): 7033.5  Spbio: 6921.96 13737.5 cat 11.8793
5 918 -log(L): 7033.5  Spbio: 6921.96 13737.5 cat 11.8793
5 919 -log(L): 7033.5  Spbio: 6921.96 13737.5 cat 11.8793
5 920 -log(L): 7033.5  Spbio: 6921.96 13737.5 cat 11.8793
5 921 -log(L): 7033.5  Spbio: 6921.96 13737.5 cat 11.8793
5 922 -log(L): 7033.5  Spbio: 6921.96 13737.5 cat 11.8793
5 923 -log(L): 7033.5  Spbio: 6921.96 13737.5 cat 11.8793
5 924 -log(L): 7033.5  Spbio: 6921.96 13737.5 cat 11.8793
5 925 -log(L): 7033.5  Spbio: 6921.96 13737.5 cat 11.8793
5 926 -log(L): 7033.5  Spbio: 6921.96 13737.5 cat 11.8793
5 927 -log(L): 7033.5  Spbio: 6921.96 13737.5 cat 11.8793
5 928 -log(L): 7033.5  Spbio: 6921.96 13737.5 cat 11.8793
5 929 -log(L): 7033.5  Spbio: 6921.96 13737.5 cat 11.8793
5 930 -log(L): 7033.5  Spbio: 6921.96 13737.5 cat 11.8793
5 931 -log(L): 7033.5  Spbio: 6921.96 13737.5 cat 11.8793
5 932 -log(L): 7033.5  Spbio: 6921.96 13737.5 cat 11.8793
5 933 -log(L): 7033.5  Spbio: 6921.96 13737.5 cat 11.8793
5 934 -log(L): 7033.5  Spbio: 6921.96 13737.5 cat 11.8793
5 935 -log(L): 7033.5  Spbio: 6921.96 13737.5 cat 11.8793
5 936 -log(L): 7033.5  Spbio: 6921.96 13737.5 cat 11.8793
5 937 -log(L): 7033.5  Spbio: 6921.96 13737.5 cat 11.8793
5 938 -log(L): 7033.5  Spbio: 6921.96 13737.5 cat 11.8793
5 939 -log(L): 7033.5  Spbio: 6921.96 13737.5 cat 11.8793
5 940 -log(L): 7033.5  Spbio: 6921.96 13737.5 cat 11.8793
phase= 5 | nvar=204 | iter=  2 | nll=7.03e+03 | mag=3.08e-03 | par[ 22]=SR_parm[1]
Optimization completed after 10 m 38 s with final statistics:
  nll=7033.501123 | mag=3.08126e-03 | par[ 22]=SR_parm[1]

Warning: the following parameters had issues
  init_F[1] is within 0.1% of upper bound: 0 < 3.99 < 3.99
  selparm[22] is within 0.1% of upper bound: 0.01 < 8.99998 < 9
  selparm[33] is within 0.1% of lower bound: 5 < 5.01245 < 59
  selparm[52] is within 0.1% of upper bound: 0.01 < 8.99951 < 9
  selparm[82] is within 0.1% of upper bound: 0.01 < 8.99878 < 9
  selparm[103] is within 0.1% of upper bound: 0.01 < 8.99923 < 9
  selparm[104] is within 0.1% of upper bound: 0.01 < 8.99999 < 9
  selparm[111] is within 0.1% of upper bound: 0.01 < 8.99984 < 9
  selparm[122] is within 0.1% of upper bound: 0.01 < 8.99874 < 9

5 941 -log(L): 7033.5  Spbio: 6921.96 13737.5 cat 11.8793
Iterations: 941
Finished calculating benchmarks
Finished forecast
Writing wtatage.ss_new
Finished posteriors
Finished final writing of report.sso
Begin writing *.ss_new output files ... Finished writing *.ss_new output files

 N parameters that are on or within 1% of min-max bound: 9

!!  Run has completed  !! 
!!  See warning.sso for 32 warnings  and 2 notes 

Finished running model 'ss_linux' after 10 m 42 s.
