 reading from starter.ss
 reading from data file
Data read sucessful 999

 reading forecast file 
 reading from control file
End of control file successful! 999
Begin setting up parameters ...  end of parameter section 
Evaluating biology calculations once ... done
Starting optimization of 'ss_linux' in phase 1 of 5 at Sun Nov 12 11:27:20 2023
Finished tag obj_fun  99.0784 0 109.367 0 48.7813 56.5322 0 256.134 0 128.869 0 146.712 0 31.7272 83.2986 0 251.41 66.8035
 70.1386 0 97.9889 0 27.864 43.5816 0 148.847 0 58.4256 0 125.685 0 35.1618 57.8754 0 128.656 49.2356
1 1 -log(L): 249772  Spbio: 33907 438899
phase= 1 | nvar= 17 | iter=  0 | nll=2.50e+05 | mag=1.44e+06 | par[  4]=SR_parm[1]
1 2 -log(L): 249772  Spbio: 33907 438898
1 3 -log(L): 249772  Spbio: 33907 438898
1 4 -log(L): 249770  Spbio: 33906.4 438891
1 5 -log(L): 249750  Spbio: 33900.2 438822
1 6 -log(L): 249550  Spbio: 33838.9 438135
1 7 -log(L): 247558  Spbio: 33231.6 431315
1 8 -log(L): 228349  Spbio: 27701.1 368383
1 9 -log(L): 178891  Spbio: 24742.4 256833
1 10 -log(L): 1.97252e+06  Spbio: 16312.1 80250.4 cat 1.65566e+06
1 11 -log(L): 160760  Spbio: 23951.9 230386
1 12 -log(L): 1.57276e+06  Spbio: 20553.5 147139 cat 1.36983e+06
1 13 -log(L): 157323  Spbio: 23810.3 225798
1 14 -log(L): 163933  Spbio: 22677.1 193788 cat 24191.7
1 15 -log(L): 139502  Spbio: 23074.1 202849
1 16 -log(L): 1.84641e+06  Spbio: 20289.6 268717 cat 1.61444e+06
1 17 -log(L): 136548  Spbio: 22976.7 202637
1 18 -log(L): 131002  Spbio: 22879 235053
1 19 -log(L): 118919  Spbio: 22699.8 276412
1 20 -log(L): 1.19742e+06  Spbio: 21527 3.55464e+06 cat 947902
1 21 -log(L): 117164  Spbio: 22671 284563
1 22 -log(L): 323773  Spbio: 21165.2 210636 cat 197816
1 23 -log(L): 112869  Spbio: 22289.9 261951 cat 737.991
1 24 -log(L): 107157  Spbio: 22426.4 240538 cat 310.368
1 25 -log(L): 96925.3  Spbio: 21783.6 190183 cat 813.479
1 26 -log(L): 92155.6  Spbio: 27574.3 178538
1 27 -log(L): 96577.1  Spbio: 28145.6 167226
1 28 -log(L): 89400.6  Spbio: 27915.7 172677
1 29 -log(L): 98279.7  Spbio: 27628 179249 cat 17.2353
1 30 -log(L): 88606.2  Spbio: 27846.8 174705
1 31 -log(L): 87169.2  Spbio: 27030.3 162027
1 32 -log(L): 84113.4  Spbio: 24895.1 139762
1 33 -log(L): 119139  Spbio: 3416.94 35349.6 cat 0.41826
1 34 -log(L): 78253.3  Spbio: 24536.8 75943.7
1 35 -log(L): 3.45111e+06  Spbio: 3.22124 35.9572 cat 2.42071e+06
1 36 -log(L): 74956.5  Spbio: 18858.4 67125.9
1 37 -log(L): 74023.5  Spbio: 20569.9 69271.6
1 38 -log(L): 195940  Spbio: 834.827 36973.1 cat 22127.5
1 39 -log(L): 87498.3  Spbio: 14772.3 63294
1 40 -log(L): 73906.8  Spbio: 19914.3 68616
1 41 -log(L): 73621.9  Spbio: 20433.7 68306
1 42 -log(L): 79085.9  Spbio: 10189.7 66722.1
1 43 -log(L): 71775.1  Spbio: 16535.9 67602.7
1 44 -log(L): 73844.4  Spbio: 12546.7 67099.6
1 45 -log(L): 71752.3  Spbio: 16298.8 67574.8
1 46 -log(L): 93401.4  Spbio: 5895.79 66236.7 cat 143.633
1 47 -log(L): 71703.1  Spbio: 15090 67399.5
1 48 -log(L): 71605.1  Spbio: 15065 67428
1 49 -log(L): 70650.2  Spbio: 14810.1 67735.4
1 50 -log(L): 59871.6  Spbio: 10271.3 73210.4
1 51 -log(L): 1.03633e+06  Spbio: 3922.35 128206 cat 892352
1 52 -log(L): 59774.9  Spbio: 10209.4 73292.8
1 53 -log(L): 58015.9  Spbio: 9444.2 74468.9
1 54 -log(L): 905904  Spbio: 7994.25 91088.1 cat 785889
1 55 -log(L): 58013.3  Spbio: 9440.77 74477.9
1 56 -log(L): 58008.2  Spbio: 9438.09 74481.3
1 57 -log(L): 57957  Spbio: 9411.38 74515.3
1 58 -log(L): 57470.9  Spbio: 9147.51 74870.4
phase= 1 | nvar= 17 | iter= 20 | nll=5.75e+04 | mag=7.64e+04 | par[ 15]=Q_parm[3]
1 59 -log(L): 56431.3  Spbio: 8950.45 73367.9
1 60 -log(L): 51393.9  Spbio: 7036.47 59580.8
1 61 -log(L): 49183  Spbio: 7822.52 48909.6
1 62 -log(L): 48076.6  Spbio: 7028.38 40105.7 cat 399.394
1 63 -log(L): 47010.4  Spbio: 6916.52 40887.5
1 64 -log(L): 46324.1  Spbio: 6531.88 36736.8
1 65 -log(L): 45638.1  Spbio: 5894.02 30284.6
1 66 -log(L): 45171.2  Spbio: 5245.2 24037
1 67 -log(L): 44823.1  Spbio: 4780.65 19359.7 cat 3.54535
1 68 -log(L): 44618  Spbio: 4969.98 20014.2 cat 0.0808387
1 69 -log(L): 44357.2  Spbio: 4948.45 19312.9 cat 15.2718
1 70 -log(L): 44226.7  Spbio: 5005.88 20309.1 cat 4.6703
1 71 -log(L): 44103.7  Spbio: 4887.92 20115.4 cat 26.4264
1 72 -log(L): 43982  Spbio: 4903.4 20707.5 cat 24.3829
1 73 -log(L): 43837.7  Spbio: 5009.45 20881.8 cat 34.248
1 74 -log(L): 43719.4  Spbio: 5215.13 20979.8 cat 34.7019
1 75 -log(L): 43647.9  Spbio: 5351.2 20918.3 cat 29.0415
1 76 -log(L): 43603.8  Spbio: 5404.29 20841.3 cat 24.2425
1 77 -log(L): 43587.3  Spbio: 5384.16 20834.5 cat 23.9566
1 78 -log(L): 43576.4  Spbio: 5318.37 20792 cat 23.3484
1 79 -log(L): 43567.6  Spbio: 5258.92 20651.9 cat 25.9195
phase= 1 | nvar= 17 | iter= 40 | nll=4.36e+04 | mag=7.71e+03 | par[  4]=SR_parm[1]
1 80 -log(L): 43554.6  Spbio: 5158.01 20365.3 cat 26.5285
1 81 -log(L): 43539.7  Spbio: 5055.57 19948.5 cat 27.0521
1 82 -log(L): 43529.5  Spbio: 4996.34 19659 cat 26.0207
1 83 -log(L): 43523.6  Spbio: 4985.55 19568.3 cat 25.5012
1 84 -log(L): 43520.6  Spbio: 4986.19 19612.4 cat 25.0536
1 85 -log(L): 43518.3  Spbio: 4978.54 19701.5 cat 24.8839
1 86 -log(L): 43515.3  Spbio: 4952.61 19832.5 cat 24.9514
1 87 -log(L): 43510.8  Spbio: 4899.25 20019.8 cat 25.2559
1 88 -log(L): 43503.8  Spbio: 4808.85 20278.9 cat 25.5909
1 89 -log(L): 43494.8  Spbio: 4682.98 20601 cat 25.5356
1 90 -log(L): 43489  Spbio: 4600.85 20772.9 cat 25.1685
1 91 -log(L): 43486.3  Spbio: 4577.93 20760.4 cat 25.4291
1 92 -log(L): 43484  Spbio: 4577.09 20622.8 cat 27.6549
1 93 -log(L): 43481.2  Spbio: 4607.39 20506.8 cat 25.6741
1 94 -log(L): 43478.4  Spbio: 4637.85 20295.2 cat 28.1348
1 95 -log(L): 43476.5  Spbio: 4654.82 20278.1 cat 27.8524
1 96 -log(L): 43475.9  Spbio: 4643.02 20338.3 cat 28.238
1 97 -log(L): 43475.6  Spbio: 4626.36 20388.3 cat 28.5392
1 98 -log(L): 43475.1  Spbio: 4603.65 20452 cat 28.8217
1 99 -log(L): 43474.2  Spbio: 4576.82 20514.5 cat 29.0661
phase= 1 | nvar= 17 | iter= 60 | nll=4.35e+04 | mag=1.98e+03 | par[  4]=SR_parm[1]
1 100 -log(L): 43472.8  Spbio: 4545.32 20574.5 cat 29.2247
1 101 -log(L): 43470.4  Spbio: 4507.7 20620.4 cat 29.242
Exiting without success due to excessive function evaluations (maxfn=100) | mag=2156.47
phase= 1 | nvar= 17 | iter= 63 | nll=4.35e+04 | mag=2.16e+03 | par[  4]=SR_parm[1]
1 102 -log(L): 43470.4  Spbio: 4507.7 20620.4 cat 29.242
2 103 -log(L): 43470.4  Spbio: 4507.7 20620.4 cat 29.242
phase= 2 | nvar=103 | iter=  0 | nll=4.35e+04 | mag=2.11e+04 | par[ 46]=selparm[71]
2 104 -log(L): 43470.4  Spbio: 4507.69 20620.4 cat 29.2421
2 105 -log(L): 43470.2  Spbio: 4507.65 20620.1 cat 29.2424
2 106 -log(L): 43468.2  Spbio: 4507.26 20616.8 cat 29.246
2 107 -log(L): 43448.2  Spbio: 4503.33 20583.7 cat 29.282
2 108 -log(L): 43252.3  Spbio: 4464.2 20254.1 cat 29.7095
2 109 -log(L): 41729.8  Spbio: 4085.07 17083.4 cat 44.6722
2 110 -log(L): 39060.7  Spbio: 4289.47 18612.4
2 111 -log(L): 37486.9  Spbio: 3299.47 20957.1 cat 413.126
2 112 -log(L): 35423.5  Spbio: 3196.49 29495.7 cat 93.1982
2 113 -log(L): 33464.5  Spbio: 3440.45 25134.3 cat 1045.59
2 114 -log(L): 33112.5  Spbio: 3244.78 29673.3 cat 545.947
2 115 -log(L): 32427.7  Spbio: 3251.57 29443.2 cat 576.49
2 116 -log(L): 27979.1  Spbio: 3317.45 25951.6 cat 1223.34
2 117 -log(L): 35603.8  Spbio: 2428.74 46104.2 cat 3660.06
2 118 -log(L): 26485.4  Spbio: 3029.48 30023.5 cat 1764.82
2 119 -log(L): 26840.9  Spbio: 3136.39 16182.5 cat 1772.04
2 120 -log(L): 25672.6  Spbio: 3095.23 23044.1 cat 1577.77
2 121 -log(L): 25024.1  Spbio: 3214.85 28776 cat 825.898
2 122 -log(L): 24722.2  Spbio: 3151.77 31851.6 cat 815.868
2 123 -log(L): 24318.1  Spbio: 3313.95 30576.5 cat 688.88
2 124 -log(L): 23966.8  Spbio: 3586.71 26592 cat 530.95
2 125 -log(L): 23916.3  Spbio: 3604.6 30867.4 cat 497.01
2 126 -log(L): 23817.1  Spbio: 3595.74 30923.3 cat 497.32
2 127 -log(L): 23029.5  Spbio: 3512.91 31224.8 cat 513.802
2 128 -log(L): 23657.7  Spbio: 3304.13 30747.8 cat 603.821
2 129 -log(L): 22727.1  Spbio: 3443.83 31168.4 cat 458.939
2 130 -log(L): 22271.8  Spbio: 3512.66 29326.9 cat 451.872
2 131 -log(L): 21352  Spbio: 3645.92 28438 cat 296.409
2 132 -log(L): 55827.5  Spbio: 4891.29 8046.12 cat 25624.5
2 133 -log(L): 20954.4  Spbio: 3850.4 27627.9 cat 210.825
2 134 -log(L): 29369.3  Spbio: 7816.97 16063.3 cat 733.59
2 135 -log(L): 20618  Spbio: 4917.45 25012 cat 239.999
2 136 -log(L): 20542.4  Spbio: 4876.09 24354.9 cat 273.696
2 137 -log(L): 20400.4  Spbio: 4890.16 24714 cat 258.455
phase= 2 | nvar=103 | iter= 20 | nll=2.04e+04 | mag=2.70e+05 | par[  4]=SR_parm[1]
2 138 -log(L): 20120.1  Spbio: 4960.98 23867.4 cat 292.708
2 139 -log(L): 19841.2  Spbio: 5103.4 27481.4 cat 204.112
2 140 -log(L): 19485.3  Spbio: 5136.86 25845.5 cat 212.762
2 141 -log(L): 19261.4  Spbio: 5490.28 26154.8 cat 170.694
2 142 -log(L): 19090.3  Spbio: 5418.42 25791.2 cat 151.025
2 143 -log(L): 18874  Spbio: 5612.65 24908.7 cat 125.786
2 144 -log(L): 18554.1  Spbio: 5961.52 24600.4 cat 57.4608
2 145 -log(L): 18217.6  Spbio: 6261.92 24730.4 cat 24.7773
2 146 -log(L): 18152.4  Spbio: 6688.6 26211.2 cat 8.37954
2 147 -log(L): 18050.5  Spbio: 6831.88 26348.4 cat 6.08586
2 148 -log(L): 17958.1  Spbio: 7154.31 26046.5 cat 2.8403
2 149 -log(L): 17900.3  Spbio: 7426.81 25855.1 cat 0.695933
2 150 -log(L): 17836.3  Spbio: 7545.71 25381.5 cat 1.23005
2 151 -log(L): 17740.4  Spbio: 7676.04 24963 cat 2.28765
2 152 -log(L): 17649  Spbio: 7633.39 25491.2 cat 7.22943
2 153 -log(L): 17565.5  Spbio: 7867.08 24519.8 cat 7.45559
2 154 -log(L): 17623.7  Spbio: 8000.78 23407 cat 14.6215
2 155 -log(L): 17531.4  Spbio: 7914.13 24113.6 cat 8.99352
2 156 -log(L): 17488.9  Spbio: 7973 24151.7 cat 6.69698
2 157 -log(L): 17432  Spbio: 8034.07 24625.7 cat 5.55933
2 158 -log(L): 17418.9  Spbio: 7923.08 23770.5 cat 0.14526
2 159 -log(L): 17399.5  Spbio: 7969.13 24191.9 cat 1.19555
phase= 2 | nvar=103 | iter= 40 | nll=1.74e+04 | mag=2.51e+04 | par[ 16]=Q_parm[9]
2 160 -log(L): 17361.8  Spbio: 8003.18 24223 cat 4.09151
2 161 -log(L): 17329.5  Spbio: 7866.04 24014.3 cat 4.35974
2 162 -log(L): 17305.7  Spbio: 7920.43 23234.4 cat 9.69346
2 163 -log(L): 17278.6  Spbio: 7791.17 23086.7 cat 4.5424
2 164 -log(L): 17265.5  Spbio: 7715.19 22250.8 cat 8.30151
2 165 -log(L): 17246.6  Spbio: 7738.84 22711.7 cat 5.47663
2 166 -log(L): 17558  Spbio: 7779.2 20054.5 cat 58.5207
2 167 -log(L): 17245.1  Spbio: 7750.84 22280.8 cat 8.99955
2 168 -log(L): 17239  Spbio: 7745.22 22507 cat 7.04885
2 169 -log(L): 17226.8  Spbio: 7752.27 22643.1 cat 8.00451
2 170 -log(L): 17214.6  Spbio: 7753.73 22964.7 cat 11.6025
2 171 -log(L): 17205.7  Spbio: 7846.75 22748.5 cat 5.66147
2 172 -log(L): 17194.4  Spbio: 7752.21 22786.1 cat 7.33237
2 173 -log(L): 17175.7  Spbio: 7756.14 22722 cat 7.43327
2 174 -log(L): 17146.7  Spbio: 7758.97 22902.3 cat 6.91731
2 175 -log(L): 17118.9  Spbio: 7844.78 22553.8 cat 8.27827
2 176 -log(L): 17105.4  Spbio: 7738.91 22313.7 cat 6.97897
2 177 -log(L): 17088.3  Spbio: 7766.69 22551.5 cat 6.61167
2 178 -log(L): 17081.5  Spbio: 7875.61 22541.1 cat 10.44
2 179 -log(L): 17078.8  Spbio: 7818.47 22430.9 cat 11.1555
2 180 -log(L): 17075.7  Spbio: 7789.86 22385 cat 11.2591
2 181 -log(L): 17071.4  Spbio: 7769.67 22330.1 cat 10.9683
2 182 -log(L): 17064  Spbio: 7800.69 22443.8 cat 10.8969
phase= 2 | nvar=103 | iter= 60 | nll=1.71e+04 | mag=4.82e+04 | par[  4]=SR_parm[1]
2 183 -log(L): 17051.4  Spbio: 7801.19 22428.6 cat 11.0971
2 184 -log(L): 17031.3  Spbio: 7748.57 22381.5 cat 11.4948
2 185 -log(L): 17001.2  Spbio: 7688.71 22203.6 cat 13.3043
2 186 -log(L): 16956.6  Spbio: 7632.55 22275.3 cat 12.8998
2 187 -log(L): 16904.3  Spbio: 7560.89 22419.6 cat 13.6399
2 188 -log(L): 16924.8  Spbio: 7658.5 22193.8 cat 19.0723
2 189 -log(L): 16886.8  Spbio: 7581.05 22371.1 cat 14.5552
2 190 -log(L): 16857.8  Spbio: 7598.52 22238.1 cat 16.268
2 191 -log(L): 16900.6  Spbio: 7746.89 22215.8 cat 20.1198
2 192 -log(L): 16851.8  Spbio: 7615.21 22230.6 cat 16.4791
2 193 -log(L): 16840.5  Spbio: 7619.53 22238.5 cat 16.8204
2 194 -log(L): 16819.9  Spbio: 7588.82 22262.3 cat 15.7501
2 195 -log(L): 16787.4  Spbio: 7522.8 22250.5 cat 15.7896
2 196 -log(L): 16751.7  Spbio: 7415.53 22155.6 cat 17.5378
2 197 -log(L): 16896.7  Spbio: 7360 21998.6 cat 17.8113
2 198 -log(L): 16733.8  Spbio: 7392.57 22089.4 cat 17.6184
2 199 -log(L): 16728.8  Spbio: 7403.69 22124.2 cat 17.5125
2 200 -log(L): 16719.2  Spbio: 7399.33 22112.7 cat 17.525
2 201 -log(L): 16692.2  Spbio: 7385.66 22044.4 cat 17.8486
2 202 -log(L): 16501.2  Spbio: 7270.16 21383.5 cat 22.1891
2 203 -log(L): 16494.4  Spbio: 7150.18 20992.9 cat 22.7454
Exiting without success due to excessive function evaluations (maxfn=100) | mag=71578
phase= 2 | nvar=103 | iter= 76 | nll=1.65e+04 | mag=7.16e+04 | par[  4]=SR_parm[1]
2 204 -log(L): 16494.4  Spbio: 7150.18 20992.9 cat 22.7454
3 205 -log(L): 16494.4  Spbio: 7150.18 20992.9 cat 22.7454
phase= 3 | nvar=186 | iter=  0 | nll=1.65e+04 | mag=4.95e+04 | par[ 22]=SR_parm[1]
3 206 -log(L): 16494.4  Spbio: 7150.2 20993.3 cat 22.7411
3 207 -log(L): 16494.2  Spbio: 7150.46 20996.4 cat 22.6979
3 208 -log(L): 16492.2  Spbio: 7153.01 21028.2 cat 22.2741
3 209 -log(L): 16474.4  Spbio: 7178.55 21341.8 cat 18.7539
3 210 -log(L): 16434.6  Spbio: 7182.65 21191.7 cat 19.2833
3 211 -log(L): 16075.6  Spbio: 7223.86 19654 cat 25.1527
3 212 -log(L): 15570.7  Spbio: 7077.6 19815.2 cat 4.14999
3 213 -log(L): 14603.8  Spbio: 7065.6 20305.6 cat 4.36287
3 214 -log(L): 13575.9  Spbio: 6362.08 18658.1 cat 75.1916
3 215 -log(L): 12348.2  Spbio: 6522.8 19473 cat 40.8918
3 216 -log(L): 12956.2  Spbio: 9952.52 23020.9
3 217 -log(L): 12077.8  Spbio: 7457.27 20328.1
3 218 -log(L): 11771.5  Spbio: 7044.89 22021.3 cat 0.139079
3 219 -log(L): 11579.4  Spbio: 6984.23 18611.5 cat 7.10548
3 220 -log(L): 11282.5  Spbio: 6901.49 19389.4 cat 13.5482
3 221 -log(L): 10873.2  Spbio: 6676.61 19146.2 cat 8.48061
3 222 -log(L): 11204  Spbio: 6937.53 20021 cat 210.537
3 223 -log(L): 10718.6  Spbio: 6817.02 19591.6 cat 9.07331
3 224 -log(L): 10476.4  Spbio: 6848.65 17422 cat 9.05393
3 225 -log(L): 10196.8  Spbio: 7070.63 17582.1 cat 4.32427
3 226 -log(L): 9986.62  Spbio: 6813.64 13268.2 cat 16.59
3 227 -log(L): 9893.48  Spbio: 6604.56 15695.4
3 228 -log(L): 9780.5  Spbio: 6509.45 16331.2 cat 6.90641
3 229 -log(L): 9737.49  Spbio: 6578.9 16814.5
3 230 -log(L): 9670.48  Spbio: 6717.07 18231.4
3 231 -log(L): 9582.94  Spbio: 6936.83 18169.7 cat 0.128923
phase= 3 | nvar=186 | iter= 20 | nll=9.58e+03 | mag=3.73e+04 | par[ 17]=MGparm[49]
3 232 -log(L): 9526.99  Spbio: 7094.96 19167.6 cat 0.310402
3 233 -log(L): 9477.81  Spbio: 7300.48 17488.8 cat 6.40742
3 234 -log(L): 9425.93  Spbio: 7533.71 17816.6 cat 0.760672
3 235 -log(L): 9347.82  Spbio: 7737.72 18219.9 cat 0.697372
3 236 -log(L): 9290.1  Spbio: 7642.77 20807.6
3 237 -log(L): 9253.49  Spbio: 7496.35 21639.1 cat 0.0176577
3 238 -log(L): 9210.96  Spbio: 8025.36 20821.9 cat 0.114905
3 239 -log(L): 9174.6  Spbio: 7640.88 20530.6 cat 0.771045
3 240 -log(L): 9142.51  Spbio: 6742.9 21416.9 cat 0.122094
3 241 -log(L): 9115.05  Spbio: 7047.05 22139.8 cat 0.303934
3 242 -log(L): 9087.46  Spbio: 7397.48 23141.2 cat 0.347022
3 243 -log(L): 9070.64  Spbio: 6773.87 23347 cat 0.589267
3 244 -log(L): 9055.16  Spbio: 6960.9 23281.2 cat 0.17205
3 245 -log(L): 9038.6  Spbio: 6734.05 23190.3 cat 0.0119478
3 246 -log(L): 9030.9  Spbio: 6473.6 23520.9
3 247 -log(L): 9019.2  Spbio: 6525.22 24261.5 cat 0.0157641
3 248 -log(L): 9007.28  Spbio: 6919.09 24982.2
3 249 -log(L): 8999.28  Spbio: 6724.99 26312.2
3 250 -log(L): 8987.18  Spbio: 6643.41 26435.9
3 251 -log(L): 8970.83  Spbio: 6795.93 26892.3 cat 0.0193498
phase= 3 | nvar=186 | iter= 40 | nll=8.97e+03 | mag=2.12e+04 | par[ 22]=SR_parm[1]
3 252 -log(L): 8955.56  Spbio: 6602.4 26182.7
3 253 -log(L): 8946.37  Spbio: 6486.1 26489.9 cat 0.0137358
3 254 -log(L): 8936.42  Spbio: 6500.34 26082.8 cat 0.0345623
3 255 -log(L): 8932.78  Spbio: 6706.64 26393
3 256 -log(L): 8927.04  Spbio: 6704.87 26097.4
3 257 -log(L): 8919.11  Spbio: 6695.8 25823
3 258 -log(L): 8909.59  Spbio: 6920.92 26352.5
3 259 -log(L): 8873.39  Spbio: 7044.25 26768.4
3 260 -log(L): 9283.92  Spbio: 8393.06 33598.4
3 261 -log(L): 8875.27  Spbio: 7233.54 27468.8
3 262 -log(L): 8869.92  Spbio: 7113.54 27016
3 263 -log(L): 9047.04  Spbio: 7512.51 31706.6
3 264 -log(L): 8863.58  Spbio: 7174.6 27518.9
3 265 -log(L): 8855.55  Spbio: 7169.74 27343.7
3 266 -log(L): 8843.18  Spbio: 7120.67 27422.9
3 267 -log(L): 8842.29  Spbio: 7529.8 26875
3 268 -log(L): 8836.79  Spbio: 7329.68 27109.2
3 269 -log(L): 8829.69  Spbio: 7290.07 26989.7
3 270 -log(L): 8821.27  Spbio: 7357.7 26936.8
3 271 -log(L): 8816.92  Spbio: 7319.5 26723.9
3 272 -log(L): 8811.51  Spbio: 7372 26419
3 273 -log(L): 8809.8  Spbio: 7425.62 26634.7
3 274 -log(L): 8806.92  Spbio: 7435.11 26669.4
3 275 -log(L): 8803.32  Spbio: 7476.87 26488.9
3 276 -log(L): 8800.67  Spbio: 7537.38 25646.4
phase= 3 | nvar=186 | iter= 60 | nll=8.80e+03 | mag=9.56e+03 | par[ 23]=SR_parm[6]
3 277 -log(L): 8797.32  Spbio: 7488.34 26178
3 278 -log(L): 8793.97  Spbio: 7487.07 26336.2
3 279 -log(L): 8791.09  Spbio: 7511.23 26497.6
3 280 -log(L): 8787.91  Spbio: 7505.5 26081.2
3 281 -log(L): 8784.57  Spbio: 7519.27 26127.6
3 282 -log(L): 8782.01  Spbio: 7502.09 26553
3 283 -log(L): 8779.79  Spbio: 7520.85 26108.9
3 284 -log(L): 8777.86  Spbio: 7495.75 26098.8
3 285 -log(L): 8775.87  Spbio: 7480.06 26042.2
3 286 -log(L): 8774.29  Spbio: 7500.43 26439.1
3 287 -log(L): 8772.69  Spbio: 7496.79 26327.7
3 288 -log(L): 8770.68  Spbio: 7508.95 26293.8
3 289 -log(L): 8768.2  Spbio: 7490.31 25880.2
3 290 -log(L): 8767.13  Spbio: 7448.02 25792.9
3 291 -log(L): 8765.68  Spbio: 7481.61 25840.7
3 292 -log(L): 8763.56  Spbio: 7518.04 25689.1
3 293 -log(L): 8760.67  Spbio: 7523.68 25650.8
3 294 -log(L): 8757.57  Spbio: 7624.22 25991.2
3 295 -log(L): 8753.48  Spbio: 7706.33 25663.9
3 296 -log(L): 8749.3  Spbio: 7848.88 25824
phase= 3 | nvar=186 | iter= 80 | nll=8.75e+03 | mag=9.81e+03 | par[ 17]=MGparm[49]
3 297 -log(L): 8745.58  Spbio: 7908.16 25691.3
3 298 -log(L): 8741.84  Spbio: 7967.38 25710.4
3 299 -log(L): 8737.78  Spbio: 8019.78 25437.5
3 300 -log(L): 8732.95  Spbio: 8084.39 25024.9
3 301 -log(L): 8727.35  Spbio: 8191.52 24278.7
3 302 -log(L): 8729.09  Spbio: 8384 23665.7
3 303 -log(L): 8724.94  Spbio: 8273.01 24006
3 304 -log(L): 8721.76  Spbio: 8329.97 23623.1
3 305 -log(L): 8722.12  Spbio: 8369.36 23333.5
Exiting without success due to excessive function evaluations (maxfn=100) | mag=10608.4
phase= 3 | nvar=186 | iter= 88 | nll=8.72e+03 | mag=1.06e+04 | par[ 22]=SR_parm[1]
3 306 -log(L): 8721.76  Spbio: 8329.97 23623.1
4 307 -log(L): 8721.76  Spbio: 8329.97 23623.1
phase= 4 | nvar=198 | iter=  0 | nll=8.72e+03 | mag=1.06e+04 | par[ 22]=SR_parm[1]
4 308 -log(L): 8721.74  Spbio: 8330.03 23623.7
4 309 -log(L): 8721.54  Spbio: 8330.58 23629.8
4 310 -log(L): 8719.58  Spbio: 8336.09 23691.5
4 311 -log(L): 8703.54  Spbio: 8391.39 24310.9
4 312 -log(L): 8672.53  Spbio: 8279.93 24768.9
4 313 -log(L): 8625.75  Spbio: 8383.47 24731
4 314 -log(L): 8570.49  Spbio: 8552.61 26137.9
4 315 -log(L): 8550.17  Spbio: 8340.16 25612.3
4 316 -log(L): 8517.4  Spbio: 8332.27 26468
4 317 -log(L): 8481.63  Spbio: 8113.2 25382.1
4 318 -log(L): 8440.81  Spbio: 7828.74 24945.9
4 319 -log(L): 8402.44  Spbio: 7526.78 25359.8
4 320 -log(L): 8361.41  Spbio: 7417.66 26255.7
4 321 -log(L): 8312.26  Spbio: 7428.23 25459.8
4 322 -log(L): 8267.3  Spbio: 7587 24465
4 323 -log(L): 8275.19  Spbio: 7437.01 26192.1
4 324 -log(L): 8245.83  Spbio: 7507.19 25225.1
4 325 -log(L): 8248.18  Spbio: 7281.39 25426.7
4 326 -log(L): 8235.59  Spbio: 7397.65 25312.2
4 327 -log(L): 8222.76  Spbio: 7340.29 26162.2
4 328 -log(L): 8212.66  Spbio: 7464.32 26960.1
4 329 -log(L): 8200.62  Spbio: 7443.6 27412.5
4 330 -log(L): 8190.98  Spbio: 7250.84 28564.6
4 331 -log(L): 8180.68  Spbio: 7105.02 28886.5
4 332 -log(L): 8177.11  Spbio: 7199.64 28999.5
phase= 4 | nvar=198 | iter= 20 | nll=8.18e+03 | mag=1.76e+04 | par[ 22]=SR_parm[1]
4 333 -log(L): 8171.81  Spbio: 7113.55 28740.4
4 334 -log(L): 8165.57  Spbio: 7071.19 28951.4
4 335 -log(L): 8158.21  Spbio: 6944.92 28660.5
4 336 -log(L): 8149.94  Spbio: 6860.11 27495.7
4 337 -log(L): 8145.38  Spbio: 6774.72 26902.1
4 338 -log(L): 8139.41  Spbio: 6719.6 27660.3
4 339 -log(L): 8132.31  Spbio: 6786.86 28010.1
4 340 -log(L): 8130.52  Spbio: 6719.92 27581.3
4 341 -log(L): 8128.1  Spbio: 6647.68 27295.3
4 342 -log(L): 8123.72  Spbio: 6667.97 27084.5
4 343 -log(L): 8118.29  Spbio: 6737.71 27120.3
4 344 -log(L): 8111.07  Spbio: 6721.19 27642.5
4 345 -log(L): 8102.19  Spbio: 6777.93 28175.7
4 346 -log(L): 8091.02  Spbio: 6849.18 28540.3
4 347 -log(L): 8078.5  Spbio: 6923.35 28815.4
4 348 -log(L): 8069.77  Spbio: 7166.67 29600.2
4 349 -log(L): 8058.78  Spbio: 7257.11 30031.4
4 350 -log(L): 8046.21  Spbio: 7127.29 30749.7
4 351 -log(L): 8035.19  Spbio: 7252.84 31171.7
4 352 -log(L): 8032.72  Spbio: 7487.86 31474.8
phase= 4 | nvar=198 | iter= 40 | nll=8.03e+03 | mag=7.65e+03 | par[ 17]=MGparm[49]
4 353 -log(L): 8028.96  Spbio: 7464.13 32025.4
4 354 -log(L): 8023.84  Spbio: 7525.25 31883.6
4 355 -log(L): 8018.76  Spbio: 7500.61 32466
4 356 -log(L): 8013.58  Spbio: 7478.97 32514.7
4 357 -log(L): 8008.03  Spbio: 7567.85 32970.1
4 358 -log(L): 8004.28  Spbio: 7411.56 34162.9
4 359 -log(L): 7999.63  Spbio: 7599.88 34416.6
4 360 -log(L): 7997.02  Spbio: 7152.14 34713.6
4 361 -log(L): 7993.48  Spbio: 7265.82 34728.7
4 362 -log(L): 7990.65  Spbio: 7160.04 35509.3
4 363 -log(L): 7987.84  Spbio: 7136.68 35282.7
4 364 -log(L): 7985.36  Spbio: 7201.22 35189.3
4 365 -log(L): 7983.43  Spbio: 7143.3 35097.9
4 366 -log(L): 7981.31  Spbio: 7150.73 35680.1
4 367 -log(L): 7979.07  Spbio: 7085.42 35514.5
4 368 -log(L): 7976.73  Spbio: 7135.62 35634.3
4 369 -log(L): 7973.94  Spbio: 7087.63 36143.5
4 370 -log(L): 7970.92  Spbio: 7062.46 35863.8
4 371 -log(L): 7972.17  Spbio: 7118.31 36131.3
4 372 -log(L): 7969.6  Spbio: 7085.81 35975.7
4 373 -log(L): 7968.21  Spbio: 7094.08 36321.5
phase= 4 | nvar=198 | iter= 60 | nll=7.97e+03 | mag=9.69e+03 | par[ 22]=SR_parm[1]
4 374 -log(L): 7966.69  Spbio: 7113.98 36219.4
4 375 -log(L): 7966.18  Spbio: 7138.39 36141
4 376 -log(L): 7965.4  Spbio: 7103.63 36095.3
4 377 -log(L): 7964.4  Spbio: 7125.65 36256.5
4 378 -log(L): 7963.12  Spbio: 7164.95 36547.1
4 379 -log(L): 7962.07  Spbio: 7151.65 37174.8
4 380 -log(L): 7961.44  Spbio: 7182.1 36725
4 381 -log(L): 7960.46  Spbio: 7178.69 36851.4
4 382 -log(L): 7959.68  Spbio: 7185.85 36969.5
4 383 -log(L): 7958.69  Spbio: 7161.85 36781.4
4 384 -log(L): 7957.85  Spbio: 7168.55 36896.8
4 385 -log(L): 7956.96  Spbio: 7144.51 36852.5
4 386 -log(L): 7956.05  Spbio: 7114.75 37122.8
4 387 -log(L): 7955.17  Spbio: 7059.98 36939.8
4 388 -log(L): 7954.66  Spbio: 7034.05 37252.5
4 389 -log(L): 7954  Spbio: 7034.48 37380.8
4 390 -log(L): 7953.12  Spbio: 7014.82 37132.5
4 391 -log(L): 7952.18  Spbio: 7006.53 36962.7
4 392 -log(L): 7951.13  Spbio: 6989.94 36751
4 393 -log(L): 7949.57  Spbio: 6969.11 36939.4
phase= 4 | nvar=198 | iter= 80 | nll=7.95e+03 | mag=1.16e+04 | par[ 22]=SR_parm[1]
4 394 -log(L): 7948.08  Spbio: 6925.57 36889.7
4 395 -log(L): 7945.59  Spbio: 6895.8 36934.2
4 396 -log(L): 7942.3  Spbio: 6824.22 36897
4 397 -log(L): 7938.47  Spbio: 6801.35 36830
4 398 -log(L): 7935.09  Spbio: 6739.73 36644.2
4 399 -log(L): 7934.96  Spbio: 6740.51 37236.7
4 400 -log(L): 7933.28  Spbio: 6738.82 36949.8
4 401 -log(L): 7931.55  Spbio: 6709.07 36906.1
4 402 -log(L): 7931.37  Spbio: 6677.17 36857.4
4 403 -log(L): 7930.63  Spbio: 6691.55 36879.2
4 404 -log(L): 7929.68  Spbio: 6689.76 37157.2
4 405 -log(L): 7928.71  Spbio: 6708.15 37298.2
4 406 -log(L): 7927.58  Spbio: 6714.29 37326.4
4 407 -log(L): 7926.12  Spbio: 6739.07 37519.1
4 408 -log(L): 7923.78  Spbio: 6739.27 37670.5
4 409 -log(L): 7919.88  Spbio: 6735.13 37829.9
4 410 -log(L): 7913.54  Spbio: 6704.26 38002.5
4 411 -log(L): 7905.54  Spbio: 6640.95 38162.6
4 412 -log(L): 7938.73  Spbio: 6736.04 38950.3
4 413 -log(L): 7903.85  Spbio: 6659.82 38327.1
4 414 -log(L): 7903.61  Spbio: 6699.44 38255.9
4 415 -log(L): 7902.91  Spbio: 6681.21 38288.5
4 416 -log(L): 7902.07  Spbio: 6657.51 38419.8
4 417 -log(L): 7901.28  Spbio: 6620.2 38360.1
phase= 4 | nvar=198 | iter=100 | nll=7.90e+03 | mag=1.18e+04 | par[ 22]=SR_parm[1]
4 418 -log(L): 7900.23  Spbio: 6609.74 38321.2
4 419 -log(L): 7898.78  Spbio: 6613.35 38512.9
4 420 -log(L): 7896.32  Spbio: 6629.04 38590.7
4 421 -log(L): 7891.93  Spbio: 6632.85 38690.2
4 422 -log(L): 7883.12  Spbio: 6647.71 38640.8
4 423 -log(L): 86114.7  Spbio: 6773.72 13867.6 cat 67995.3
4 424 -log(L): 8039.62  Spbio: 6715.68 37539.4
4 425 -log(L): 7851.76  Spbio: 6689.57 38400.8
4 426 -log(L): 159011  Spbio: 6821.25 13574.8 cat 139779
4 427 -log(L): 7851.75  Spbio: 6689.59 38400.6
4 428 -log(L): 7851.64  Spbio: 6689.77 38398.8
4 429 -log(L): 7850.72  Spbio: 6691.64 38379.3
4 430 -log(L): 7849.83  Spbio: 6711.3 38222.9
4 431 -log(L): 7848.72  Spbio: 6736.54 38107
4 432 -log(L): 7847.37  Spbio: 6786.85 38267.8
4 433 -log(L): 7844.86  Spbio: 6833.58 38259.6
4 434 -log(L): 7839.83  Spbio: 6916.71 38270.3
4 435 -log(L): 8214.42  Spbio: 7845.43 38497.9
4 436 -log(L): 7838.57  Spbio: 6938.76 38273.5
4 437 -log(L): 7834.86  Spbio: 7165.6 38314.1
4 438 -log(L): 7833.1  Spbio: 7094.59 38300
4 439 -log(L): 7885.12  Spbio: 7454.93 37075.3
4 440 -log(L): 7830.32  Spbio: 7200.86 37921.7
4 441 -log(L): 7830.51  Spbio: 7201.77 37852.9
4 442 -log(L): 7828.95  Spbio: 7201.14 37888.1
4 443 -log(L): 7826.82  Spbio: 7175.39 37932.3
4 444 -log(L): 7823.65  Spbio: 7176.13 37836.4
4 445 -log(L): 7820.46  Spbio: 7194.26 37834.1
4 446 -log(L): 7817.24  Spbio: 7244.73 37973.5
4 447 -log(L): 7811.85  Spbio: 7296.81 37915.3
4 448 -log(L): 7802.47  Spbio: 7314.95 37790
4 449 -log(L): 7789.22  Spbio: 7320.51 38102.1
phase= 4 | nvar=198 | iter=120 | nll=7.79e+03 | mag=1.68e+04 | par[ 22]=SR_parm[1]
4 450 -log(L): 7779.96  Spbio: 7298.71 38635.1
4 451 -log(L): 7767.82  Spbio: 7253.55 37939.3
4 452 -log(L): 7752.98  Spbio: 7229.31 38114.5
4 453 -log(L): 7736.56  Spbio: 7230.06 37944.9
4 454 -log(L): 7713.78  Spbio: 7281.94 37540.5
4 455 -log(L): 7706.05  Spbio: 7110.09 36161.7
4 456 -log(L): 7699.4  Spbio: 7189.82 35943.3
4 457 -log(L): 7690.63  Spbio: 7167.42 35396.9
4 458 -log(L): 7678.31  Spbio: 7165.33 35045.6
4 459 -log(L): 7660.72  Spbio: 7187.44 34809.8
4 460 -log(L): 7650.1  Spbio: 7186.14 33843.4
4 461 -log(L): 7644.5  Spbio: 7272.59 33430.4
4 462 -log(L): 7641.57  Spbio: 7243.71 33563.2
4 463 -log(L): 7637.27  Spbio: 7317.4 33599.8
4 464 -log(L): 7629.77  Spbio: 7335.49 33708.5
4 465 -log(L): 7611.5  Spbio: 7380.6 33828.5
4 466 -log(L): 24098.3  Spbio: 7892.28 35210.7 cat 15974.7
4 467 -log(L): 7611.1  Spbio: 7381.37 33830.4
4 468 -log(L): 7606.95  Spbio: 7389.06 33849.4
4 469 -log(L): 7596.3  Spbio: 7466.77 33979.9 cat 3.11018
4 470 -log(L): 7573.35  Spbio: 7440.67 33955.3
4 471 -log(L): 17517.6  Spbio: 7599.34 34359.7 cat 9776.05
4 472 -log(L): 7573.21  Spbio: 7441 33955.8
4 473 -log(L): 7572.1  Spbio: 7444.37 33960.4
4 474 -log(L): 23899.2  Spbio: 7837.6 34790 cat 15907.3
4 475 -log(L): 7572  Spbio: 7444.67 33960.6
4 476 -log(L): 7571.43  Spbio: 7447.66 33961.4
4 477 -log(L): 7570.16  Spbio: 7455.15 33983.8
4 478 -log(L): 7564.4  Spbio: 7526.69 34192.7
4 479 -log(L): 7564.88  Spbio: 7537.26 33996.6
4 480 -log(L): 7561.04  Spbio: 7531.56 34097.1
4 481 -log(L): 7557.94  Spbio: 7560.06 34051.8
4 482 -log(L): 7554.13  Spbio: 7560.18 34080
phase= 4 | nvar=198 | iter=140 | nll=7.56e+03 | mag=1.64e+04 | par[ 22]=SR_parm[1]
4 483 -log(L): 7549.26  Spbio: 7550.29 34256.4
4 484 -log(L): 7546.1  Spbio: 7583.63 34170.5
4 485 -log(L): 7543.44  Spbio: 7546.39 34211.5
4 486 -log(L): 7540.52  Spbio: 7544.17 34311.7
4 487 -log(L): 7536.75  Spbio: 7562.28 34008.8
4 488 -log(L): 7531.35  Spbio: 7613.45 33702.1
4 489 -log(L): 7510.06  Spbio: 7666.78 33897.6
4 490 -log(L): 141996  Spbio: 8199.25 42727.6 cat 12643.3
4 491 -log(L): 7509.93  Spbio: 7667.07 33900.8
4 492 -log(L): 7509.22  Spbio: 7669.93 33929.5
4 493 -log(L): 28562.9  Spbio: 7743.69 35339.5
4 494 -log(L): 8241.13  Spbio: 7694.58 34879.5
4 495 -log(L): 7509.11  Spbio: 7670.35 33941
4 496 -log(L): 7508.9  Spbio: 7669.71 33945.7
4 497 -log(L): 7507.24  Spbio: 7663.39 33993.5
4 498 -log(L): 7504.48  Spbio: 7668.94 33883.9
4 499 -log(L): 7501.73  Spbio: 7649.76 33952.5
4 500 -log(L): 7500.17  Spbio: 7525 33666.5
4 501 -log(L): 7498.21  Spbio: 7485.05 33714.9
4 502 -log(L): 7494.89  Spbio: 7452.76 33598
4 503 -log(L): 7490.59  Spbio: 7433.64 33827.9
4 504 -log(L): 7485.66  Spbio: 7415.67 33750.7
4 505 -log(L): 7481.19  Spbio: 7397.33 33689.6
4 506 -log(L): 7476.49  Spbio: 7323.17 33872.1
4 507 -log(L): 7469.39  Spbio: 7250.68 33776.1
4 508 -log(L): 7459.52  Spbio: 7179.97 33827.9
phase= 4 | nvar=198 | iter=160 | nll=7.46e+03 | mag=1.38e+04 | par[ 22]=SR_parm[1]
4 509 -log(L): 7450.25  Spbio: 7133.14 34435.6
4 510 -log(L): 7440.9  Spbio: 7104.29 34878
4 511 -log(L): 7443.41  Spbio: 7077.46 34673.6
4 512 -log(L): 7436.73  Spbio: 7092.15 34787.5
4 513 -log(L): 7431.07  Spbio: 7034.01 34648.1
4 514 -log(L): 7424.54  Spbio: 6941.02 34582.4
4 515 -log(L): 7418.41  Spbio: 6878.16 34828.5
4 516 -log(L): 7411.08  Spbio: 6907.7 35170.6
4 517 -log(L): 7406.52  Spbio: 6981.96 35666.3
4 518 -log(L): 7401.71  Spbio: 6940.96 35939.3
4 519 -log(L): 7401.3  Spbio: 6903.32 35906
4 520 -log(L): 7399.15  Spbio: 6920.89 35921.1
4 521 -log(L): 7397.12  Spbio: 6930.86 36054.1
4 522 -log(L): 7394.73  Spbio: 6921.44 36174
4 523 -log(L): 7391.61  Spbio: 6907.75 36138.5
4 524 -log(L): 7387.67  Spbio: 6916.66 36012.5
4 525 -log(L): 7387.12  Spbio: 6921.81 35654.3
4 526 -log(L): 7386.01  Spbio: 6909.49 35631.6
4 527 -log(L): 7379.63  Spbio: 6789.52 35411.8
4 528 -log(L): 7372.65  Spbio: 6774.33 35599.7
4 529 -log(L): 7365.97  Spbio: 6737.3 35398.1
4 530 -log(L): 7362.4  Spbio: 6677.02 35105.2
4 531 -log(L): 7356.4  Spbio: 6659.48 35268.3
phase= 4 | nvar=198 | iter=180 | nll=7.36e+03 | mag=1.19e+04 | par[ 22]=SR_parm[1]
4 532 -log(L): 7350.32  Spbio: 6647.91 35068.8
4 533 -log(L): 7346.9  Spbio: 6632.41 34922.9
4 534 -log(L): 7342.16  Spbio: 6591.67 34910.1
4 535 -log(L): 7335.49  Spbio: 6601.66 35051.2
4 536 -log(L): 7329.88  Spbio: 6526.84 34958.3
4 537 -log(L): 7321.19  Spbio: 6519.87 34899.8
4 538 -log(L): 7312.31  Spbio: 6466.11 35178.1
4 539 -log(L): 7312.66  Spbio: 6334.66 34642.9
4 540 -log(L): 7307.9  Spbio: 6401.52 34918
4 541 -log(L): 7301.27  Spbio: 6373.44 34936.6
4 542 -log(L): 7290.33  Spbio: 6354.12 35140.5
4 543 -log(L): 7277  Spbio: 6297.35 35485.3
4 544 -log(L): 7266.71  Spbio: 6276.41 35677.4
4 545 -log(L): 7259.73  Spbio: 6255.76 35802.4
4 546 -log(L): 7260.36  Spbio: 6234.14 35924.7
4 547 -log(L): 7256.49  Spbio: 6245.33 35858.8
4 548 -log(L): 7254.29  Spbio: 6260.77 36021.9
4 549 -log(L): 7250.33  Spbio: 6266.71 36142
4 550 -log(L): 7243.43  Spbio: 6262.73 36269.7
4 551 -log(L): 7233.11  Spbio: 6253.26 36603.3
4 552 -log(L): 7223.95  Spbio: 6261.55 37374
4 553 -log(L): 7214.36  Spbio: 6286.53 37969.1
phase= 4 | nvar=198 | iter=200 | nll=7.21e+03 | mag=1.43e+04 | par[ 22]=SR_parm[1]
4 554 -log(L): 7203.55  Spbio: 6229.71 38124.4
4 555 -log(L): 7197.57  Spbio: 6194.55 38833
4 556 -log(L): 7194.71  Spbio: 6207.79 38604.8
4 557 -log(L): 7183.91  Spbio: 6231.06 39173.5
4 558 -log(L): 7172.06  Spbio: 6147.55 39327.8
4 559 -log(L): 7157.12  Spbio: 6127.49 39915.6
4 560 -log(L): 7132.86  Spbio: 6081.75 40879.9
4 561 -log(L): 7107.51  Spbio: 5988.34 42438.3 cat 0.392946
4 562 -log(L): 7090.03  Spbio: 6047.67 44309.3
4 563 -log(L): 7068.46  Spbio: 6062.78 44628.2 cat 0.393443
4 564 -log(L): 7079.67  Spbio: 6231.41 45462.6 cat 17.7196
4 565 -log(L): 7058.45  Spbio: 6131.27 44969.2 cat 0.239103
4 566 -log(L): 7046.68  Spbio: 6112.42 44616.9 cat 0.796233
4 567 -log(L): 7034.32  Spbio: 6072.76 44856.3 cat 0.092347
4 568 -log(L): 7023.83  Spbio: 6064.32 45025.9 cat 1.41107
4 569 -log(L): 7027.65  Spbio: 6067.55 45229 cat 0.0918023
4 570 -log(L): 7017.44  Spbio: 6065.65 45119.6 cat 0.489136
4 571 -log(L): 7010.23  Spbio: 6025.52 44937.8 cat 0.208639
4 572 -log(L): 7005.92  Spbio: 6009.11 44531.6 cat 0.0975043
4 573 -log(L): 7002.74  Spbio: 6025.95 44455 cat 0.0290478
4 574 -log(L): 6998.35  Spbio: 5994.85 44038.4 cat 0.0125725
4 575 -log(L): 6993.04  Spbio: 5953.87 43279.1 cat 0.218334
4 576 -log(L): 6991.96  Spbio: 5869.24 41982.6
4 577 -log(L): 6988.97  Spbio: 5901.62 42487.7 cat 0.0419984
phase= 4 | nvar=198 | iter=220 | nll=6.99e+03 | mag=4.92e+03 | par[ 22]=SR_parm[1]
4 578 -log(L): 6986  Spbio: 5816.23 41231.6 cat 0.0720626
4 579 -log(L): 6981.16  Spbio: 5809.3 40517.3 cat 0.0101585
4 580 -log(L): 6973.37  Spbio: 5757.68 39544.5
4 581 -log(L): 7000.14  Spbio: 5691.67 38121.2 cat 0.0992906
4 582 -log(L): 6972.28  Spbio: 5752.55 39440.8
4 583 -log(L): 7001.43  Spbio: 5704.52 38414.6 cat 0.0673323
4 584 -log(L): 6971.77  Spbio: 5750.08 39390.4
4 585 -log(L): 6998.08  Spbio: 5726.11 38888.9 cat 0.0291246
4 586 -log(L): 6969.91  Spbio: 5740.46 39192.1 cat 0.013329
4 587 -log(L): 7001.92  Spbio: 5707.67 38512.4 cat 0.0633884
4 588 -log(L): 6969.7  Spbio: 5739.41 39170.8 cat 0.0143925
4 589 -log(L): 6968.06  Spbio: 5729.03 38958.4 cat 0.0269746
4 590 -log(L): 6964.97  Spbio: 5724.68 38681.6 cat 0.0704517
4 591 -log(L): 6960.04  Spbio: 5700.77 38120.3 cat 0.121035
4 592 -log(L): 6954.91  Spbio: 5662.88 37067.9 cat 0.0107532
4 593 -log(L): 6953.03  Spbio: 5626.32 36935.3 cat 1.25702
4 594 -log(L): 6950.29  Spbio: 5637.04 37078.3 cat 0.716671
4 595 -log(L): 6947.42  Spbio: 5610.92 37048.6
4 596 -log(L): 6945.05  Spbio: 5625.8 37663.6 cat 0.0580216
4 597 -log(L): 6942.42  Spbio: 5614.35 38143.4 cat 0.0369452
4 598 -log(L): 6939.32  Spbio: 5619.8 38419.5 cat 0.033421
4 599 -log(L): 6936.4  Spbio: 5642.57 39115.1 cat 0.0633951
4 600 -log(L): 6933.57  Spbio: 5593.5 39437.9 cat 0.204517
4 601 -log(L): 6930.14  Spbio: 5641.02 40111.7 cat 0.228388
4 602 -log(L): 6927.75  Spbio: 5618.04 40817.3 cat 0.140362
4 603 -log(L): 6925.82  Spbio: 5573.27 41248.5 cat 0.138423
4 604 -log(L): 6924.27  Spbio: 5570.19 41174 cat 0.046264
phase= 4 | nvar=198 | iter=240 | nll=6.92e+03 | mag=2.09e+03 | par[ 22]=SR_parm[1]
4 605 -log(L): 6923.1  Spbio: 5591.23 41893.8
4 606 -log(L): 6921.79  Spbio: 5574.25 42346.4 cat 0.0893006
4 607 -log(L): 6921.05  Spbio: 5519.89 43165.3 cat 0.0392727
4 608 -log(L): 6920.11  Spbio: 5498.51 43338.2 cat 0.0273262
4 609 -log(L): 6919.65  Spbio: 5530.08 43921.7 cat 0.105518
4 610 -log(L): 6919.4  Spbio: 5519.2 43725.2 cat 0.0732129
4 611 -log(L): 6918.9  Spbio: 5515.8 44167.8 cat 0.0601338
4 612 -log(L): 6918.38  Spbio: 5516.15 44706.8 cat 0.0492664
4 613 -log(L): 6918  Spbio: 5497.05 44995.8 cat 0.065168
4 614 -log(L): 6917.55  Spbio: 5475.45 45022.3 cat 0.0853801
4 615 -log(L): 6917.23  Spbio: 5483.1 44779.7 cat 0.159938
4 616 -log(L): 6916.86  Spbio: 5466.86 44540.3 cat 0.157593
4 617 -log(L): 6916.55  Spbio: 5457.65 44354.2 cat 0.176473
4 618 -log(L): 6916.22  Spbio: 5466.32 44073.2 cat 0.14378
4 619 -log(L): 6915.94  Spbio: 5465.4 44009 cat 0.0934032
4 620 -log(L): 6915.74  Spbio: 5474.46 43976.8 cat 0.0880178
4 621 -log(L): 6915.5  Spbio: 5478.98 43938.5 cat 0.0694734
4 622 -log(L): 6915.24  Spbio: 5472.27 43942.5 cat 0.0343647
4 623 -log(L): 6915.12  Spbio: 5474.87 44008.9 cat 0.0186864
4 624 -log(L): 6914.99  Spbio: 5473.97 43982.9 cat 0.0234166
4 625 -log(L): 6914.78  Spbio: 5476.93 43905.5 cat 0.0185434
4 626 -log(L): 6914.45  Spbio: 5476 43734 cat 0.0248179
phase= 4 | nvar=198 | iter=260 | nll=6.91e+03 | mag=2.92e+02 | par[ 15]=MGparm[44]
4 627 -log(L): 6914.11  Spbio: 5481.6 43391.4 cat 0.0478984
4 628 -log(L): 6913.64  Spbio: 5501.37 43077.3 cat 0.114963
4 629 -log(L): 6913.06  Spbio: 5519.87 42775.8 cat 0.126686
4 630 -log(L): 6912.59  Spbio: 5538.82 42750.6 cat 0.130104
4 631 -log(L): 6912.1  Spbio: 5558.35 43110.4 cat 0.131841
4 632 -log(L): 6911.81  Spbio: 5563.3 43337.3 cat 0.103186
4 633 -log(L): 6911.5  Spbio: 5583.11 43824.2 cat 0.0747038
4 634 -log(L): 6911.31  Spbio: 5585.56 44029.2 cat 0.0748995
4 635 -log(L): 6911.06  Spbio: 5594.93 44296.5 cat 0.0647857
4 636 -log(L): 6910.9  Spbio: 5619.48 44631.7 cat 0.0776542
4 637 -log(L): 6910.72  Spbio: 5620.41 44672.1 cat 0.0773889
4 638 -log(L): 6910.57  Spbio: 5644.13 44661.6 cat 0.0774187
4 639 -log(L): 6910.38  Spbio: 5659.6 44659.5 cat 0.0579886
4 640 -log(L): 6910.25  Spbio: 5698.19 44618 cat 0.123417
4 641 -log(L): 6910.13  Spbio: 5685.7 44529.2 cat 0.0991754
4 642 -log(L): 6910.05  Spbio: 5688.3 44443.2 cat 0.0675231
4 643 -log(L): 6909.91  Spbio: 5698.06 44277 cat 0.079462
4 644 -log(L): 6909.76  Spbio: 5724.01 44040.3 cat 0.0724969
4 645 -log(L): 6909.65  Spbio: 5729.22 43823 cat 0.0971879
4 646 -log(L): 6909.52  Spbio: 5748.11 43749.1 cat 0.108348
phase= 4 | nvar=198 | iter=280 | nll=6.91e+03 | mag=6.36e+02 | par[ 22]=SR_parm[1]
4 647 -log(L): 6909.4  Spbio: 5764.61 43753 cat 0.0971957
4 648 -log(L): 6909.34  Spbio: 5768.43 43843 cat 0.0747338
4 649 -log(L): 6909.28  Spbio: 5779.62 43984.8 cat 0.0655886
4 650 -log(L): 6909.22  Spbio: 5785.44 44074.3 cat 0.0594547
4 651 -log(L): 6909.18  Spbio: 5797.21 44074.1 cat 0.0577146
4 652 -log(L): 6909.14  Spbio: 5802.26 44107 cat 0.0744358
4 653 -log(L): 6909.11  Spbio: 5805.62 44113.9 cat 0.0832902
4 654 -log(L): 6909.07  Spbio: 5810.64 44151.6 cat 0.0871019
4 655 -log(L): 6909.05  Spbio: 5813.51 44214.5 cat 0.0835137
4 656 -log(L): 6909.02  Spbio: 5815.24 44241.7 cat 0.0833336
4 657 -log(L): 6908.98  Spbio: 5824.57 44258.7 cat 0.0787963
4 658 -log(L): 6908.95  Spbio: 5835.46 44233 cat 0.0813298
4 659 -log(L): 6908.9  Spbio: 5850.44 44249 cat 0.0850194
4 660 -log(L): 6908.84  Spbio: 5876.27 44202.4 cat 0.0941753
4 661 -log(L): 6908.78  Spbio: 5886.48 44212.8 cat 0.0908182
4 662 -log(L): 6908.72  Spbio: 5894.49 44292.3 cat 0.0865571
4 663 -log(L): 6908.66  Spbio: 5895.46 44376.4 cat 0.0726765
4 664 -log(L): 6908.6  Spbio: 5896.64 44462.6 cat 0.0647079
4 665 -log(L): 6908.53  Spbio: 5893.18 44548.8 cat 0.0569156
4 666 -log(L): 6908.55  Spbio: 5897.86 44646.8 cat 0.0574023
4 667 -log(L): 6908.49  Spbio: 5895.62 44601.1 cat 0.0569725
phase= 4 | nvar=198 | iter=300 | nll=6.91e+03 | mag=3.30e+02 | par[ 22]=SR_parm[1]
4 668 -log(L): 6908.42  Spbio: 5898.74 44628.5 cat 0.0618087
4 669 -log(L): 6908.31  Spbio: 5901.52 44660 cat 0.0725138
4 670 -log(L): 6908.16  Spbio: 5917.34 44764.1 cat 0.0846576
4 671 -log(L): 6908.04  Spbio: 5917.98 44807.7 cat 0.103623
4 672 -log(L): 6907.94  Spbio: 5951.05 45013.7 cat 0.0933368
4 673 -log(L): 6907.82  Spbio: 5967.32 45210.1 cat 0.0814291
4 674 -log(L): 6907.72  Spbio: 5971.07 45188.6 cat 0.0721407
4 675 -log(L): 6907.66  Spbio: 5989.31 45229.2 cat 0.0626666
4 676 -log(L): 6907.58  Spbio: 6001.65 45181.5 cat 0.0602834
4 677 -log(L): 6907.54  Spbio: 6010.06 45129.9 cat 0.0661925
4 678 -log(L): 6907.5  Spbio: 6006.77 45073.1 cat 0.0739025
4 679 -log(L): 6907.47  Spbio: 6003.73 45026.6 cat 0.0809405
4 680 -log(L): 6907.44  Spbio: 5998.41 44992 cat 0.0798455
4 681 -log(L): 6907.4  Spbio: 5995.43 44967.3 cat 0.0787199
4 682 -log(L): 6907.36  Spbio: 5991.75 44944.1 cat 0.0692296
4 683 -log(L): 6907.3  Spbio: 6001.48 45009.1 cat 0.0689613
4 684 -log(L): 6907.22  Spbio: 6015.81 45134.5 cat 0.0709515
4 685 -log(L): 6907.16  Spbio: 6025.96 45256.5 cat 0.0702908
4 686 -log(L): 6907.08  Spbio: 6032.72 45361.8 cat 0.0705428
4 687 -log(L): 6906.99  Spbio: 6058.72 45521 cat 0.0720872
phase= 4 | nvar=198 | iter=320 | nll=6.91e+03 | mag=1.12e+02 | par[ 22]=SR_parm[1]
4 688 -log(L): 6906.9  Spbio: 6052.45 45551.1 cat 0.0792053
4 689 -log(L): 6906.79  Spbio: 6056.45 45558.8 cat 0.0858149
4 690 -log(L): 6906.66  Spbio: 6051.42 45545.7 cat 0.0892979
4 691 -log(L): 6906.47  Spbio: 6041.91 45481.4 cat 0.0882973
4 692 -log(L): 6906.23  Spbio: 6023.33 45438.8 cat 0.0682766
4 693 -log(L): 6905.97  Spbio: 6012.94 45436.5 cat 0.0781159
4 694 -log(L): 6905.66  Spbio: 6008.05 45605.9 cat 0.0549778
4 695 -log(L): 6905.46  Spbio: 5994.75 45752.7 cat 0.0727734
4 696 -log(L): 6905.32  Spbio: 5992.99 45848.6 cat 0.0661405
4 697 -log(L): 6905.2  Spbio: 5992.9 45925.1 cat 0.0848168
4 698 -log(L): 6905.05  Spbio: 5990.63 45927.5 cat 0.0987638
4 699 -log(L): 6905  Spbio: 5989.39 45849.1 cat 0.126017
4 700 -log(L): 6904.91  Spbio: 5988.47 45802.5 cat 0.120162
4 701 -log(L): 6904.79  Spbio: 5984.61 45679.3 cat 0.107012
4 702 -log(L): 6904.7  Spbio: 5986.5 45512.5 cat 0.0884685
4 703 -log(L): 6904.66  Spbio: 5981.53 45455.9 cat 0.0826597
4 704 -log(L): 6904.63  Spbio: 5985.7 45466.3 cat 0.0743816
4 705 -log(L): 6904.61  Spbio: 5985.45 45517.2 cat 0.0731044
4 706 -log(L): 6904.59  Spbio: 5983.28 45547.7 cat 0.0757891
4 707 -log(L): 6904.58  Spbio: 5978.56 45556.7 cat 0.0796052
phase= 4 | nvar=198 | iter=340 | nll=6.90e+03 | mag=2.82e+01 | par[ 22]=SR_parm[1]
4 708 -log(L): 6904.58  Spbio: 5978.53 45569.3 cat 0.0809357
4 709 -log(L): 6904.57  Spbio: 5977.89 45567.6 cat 0.0788516
4 710 -log(L): 6904.57  Spbio: 5980.46 45575.3 cat 0.0767466
4 711 -log(L): 6904.57  Spbio: 5982.23 45571 cat 0.0732942
4 712 -log(L): 6904.57  Spbio: 5984.64 45566.8 cat 0.0727664
4 713 -log(L): 6904.57  Spbio: 5985.14 45555.6 cat 0.0724675
4 714 -log(L): 6904.56  Spbio: 5984.91 45548.9 cat 0.0741984
4 715 -log(L): 6904.56  Spbio: 5984.43 45545.2 cat 0.0753999
4 716 -log(L): 6904.56  Spbio: 5983.63 45548.5 cat 0.0764008
4 717 -log(L): 6904.56  Spbio: 5983.53 45559 cat 0.0770656
4 718 -log(L): 6904.56  Spbio: 5983.68 45571.5 cat 0.0770991
4 719 -log(L): 6904.56  Spbio: 5984.39 45582 cat 0.0772111
4 720 -log(L): 6904.56  Spbio: 5985.04 45586.7 cat 0.0769629
4 721 -log(L): 6904.56  Spbio: 5985.73 45587.4 cat 0.0769775
4 722 -log(L): 6904.56  Spbio: 5985.96 45583.7 cat 0.0766547
4 723 -log(L): 6904.56  Spbio: 5985.91 45578.2 cat 0.0765298
4 724 -log(L): 6904.56  Spbio: 5985.43 45571.9 cat 0.0761137
4 725 -log(L): 6904.56  Spbio: 5985.09 45568.4 cat 0.0758873
4 726 -log(L): 6904.56  Spbio: 5984.69 45565.6 cat 0.0756128
4 727 -log(L): 6904.56  Spbio: 5984.88 45564.6 cat 0.0755739
phase= 4 | nvar=198 | iter=360 | nll=6.90e+03 | mag=3.92e+00 | par[ 23]=SR_parm[6]
4 728 -log(L): 6904.56  Spbio: 5985.18 45564 cat 0.0755586
4 729 -log(L): 6904.56  Spbio: 5985.87 45564.3 cat 0.0757545
4 730 -log(L): 6904.56  Spbio: 5986.65 45564.6 cat 0.0760223
4 731 -log(L): 6904.56  Spbio: 5986.67 45566.6 cat 0.0759742
4 732 -log(L): 6904.56  Spbio: 5986.76 45570.8 cat 0.0761707
4 733 -log(L): 6904.56  Spbio: 5986.92 45575.3 cat 0.0763148
4 734 -log(L): 6904.56  Spbio: 5987.04 45577.7 cat 0.0764508
4 735 -log(L): 6904.56  Spbio: 5987.26 45580.5 cat 0.0765617
4 736 -log(L): 6904.56  Spbio: 5987.51 45583.7 cat 0.0766184
4 737 -log(L): 6904.56  Spbio: 5987.67 45585.2 cat 0.0765557
4 738 -log(L): 6904.56  Spbio: 5987.75 45585.4 cat 0.0764208
4 739 -log(L): 6904.56  Spbio: 5987.7 45583.9 cat 0.0763003
4 740 -log(L): 6904.56  Spbio: 5987.56 45581.1 cat 0.0762766
4 741 -log(L): 6904.56  Spbio: 5987.43 45579.3 cat 0.0763191
4 742 -log(L): 6904.56  Spbio: 5987.26 45577.5 cat 0.0764613
4 743 -log(L): 6904.56  Spbio: 5987.16 45576.8 cat 0.076525
4 744 -log(L): 6904.56  Spbio: 5987.08 45576.8 cat 0.0765717
4 745 -log(L): 6904.56  Spbio: 5987.01 45578 cat 0.0764999
4 746 -log(L): 6904.56  Spbio: 5987.01 45578.3 cat 0.0764787
4 747 -log(L): 6904.56  Spbio: 5987.01 45578.8 cat 0.0764171
phase= 4 | nvar=198 | iter=380 | nll=6.90e+03 | mag=6.78e-01 | par[ 22]=SR_parm[1]
4 748 -log(L): 6904.56  Spbio: 5986.94 45579.8 cat 0.0763794
4 749 -log(L): 6904.56  Spbio: 5986.93 45580.6 cat 0.076364
4 750 -log(L): 6904.56  Spbio: 5986.87 45581.7 cat 0.0763726
4 751 -log(L): 6904.56  Spbio: 5986.77 45582.4 cat 0.0764019
4 752 -log(L): 6904.56  Spbio: 5986.71 45582.3 cat 0.0764511
4 753 -log(L): 6904.56  Spbio: 5986.64 45581.6 cat 0.0764216
4 754 -log(L): 6904.56  Spbio: 5986.59 45580.2 cat 0.0763785
4 755 -log(L): 6904.56  Spbio: 5986.56 45579.2 cat 0.076274
4 756 -log(L): 6904.56  Spbio: 5986.54 45578.6 cat 0.0762394
4 757 -log(L): 6904.56  Spbio: 5986.53 45578.5 cat 0.0762133
4 758 -log(L): 6904.56  Spbio: 5986.49 45578.3 cat 0.0762644
4 759 -log(L): 6904.56  Spbio: 5986.44 45577.9 cat 0.076331
4 760 -log(L): 6904.56  Spbio: 5986.36 45577.1 cat 0.0764269
4 761 -log(L): 6904.56  Spbio: 5986.28 45576.2 cat 0.0764668
4 762 -log(L): 6904.56  Spbio: 5986.21 45575.2 cat 0.0764762
4 763 -log(L): 6904.56  Spbio: 5986.14 45573.9 cat 0.0764616
4 764 -log(L): 6904.56  Spbio: 5986.11 45573.7 cat 0.0764142
4 765 -log(L): 6904.56  Spbio: 5986.11 45573.9 cat 0.0763525
4 766 -log(L): 6904.56  Spbio: 5986.21 45574.9 cat 0.0762829
4 767 -log(L): 6904.56  Spbio: 5986.33 45576 cat 0.0762872
phase= 4 | nvar=198 | iter=400 | nll=6.90e+03 | mag=6.69e-01 | par[ 68]=Q_parm[11]
4 768 -log(L): 6904.56  Spbio: 5986.59 45577.7 cat 0.0763334
4 769 -log(L): 6904.56  Spbio: 5986.8 45578.6 cat 0.0763955
4 770 -log(L): 6904.56  Spbio: 5986.96 45578.8 cat 0.0764272
4 771 -log(L): 6904.56  Spbio: 5987 45578.6 cat 0.0764299
4 772 -log(L): 6904.56  Spbio: 5987.01 45578.4 cat 0.0764147
4 773 -log(L): 6904.56  Spbio: 5986.98 45578.4 cat 0.0764076
4 774 -log(L): 6904.56  Spbio: 5986.95 45578.7 cat 0.0764213
4 775 -log(L): 6904.56  Spbio: 5986.93 45579.4 cat 0.0764547
4 776 -log(L): 6904.56  Spbio: 5986.92 45580.1 cat 0.0765121
4 777 -log(L): 6904.56  Spbio: 5986.92 45580.5 cat 0.0765588
4 778 -log(L): 6904.56  Spbio: 5986.93 45580.3 cat 0.0765671
4 779 -log(L): 6904.56  Spbio: 5986.94 45579.2 cat 0.0765054
4 780 -log(L): 6904.56  Spbio: 5986.91 45577.9 cat 0.0764188
4 781 -log(L): 6904.56  Spbio: 5986.85 45576.3 cat 0.0763142
4 782 -log(L): 6904.56  Spbio: 5986.77 45575.5 cat 0.0762859
4 783 -log(L): 6904.56  Spbio: 5986.65 45575.2 cat 0.0763005
4 784 -log(L): 6904.56  Spbio: 5986.52 45575.7 cat 0.0763684
4 785 -log(L): 6904.56  Spbio: 5986.41 45576.8 cat 0.0764413
4 786 -log(L): 6904.56  Spbio: 5986.32 45577.9 cat 0.0764949
4 787 -log(L): 6904.56  Spbio: 5986.26 45579 cat 0.076489
phase= 4 | nvar=198 | iter=420 | nll=6.90e+03 | mag=1.16e+00 | par[ 22]=SR_parm[1]
4 788 -log(L): 6904.56  Spbio: 5986.23 45579.9 cat 0.0764262
4 789 -log(L): 6904.56  Spbio: 5986.25 45580.7 cat 0.0763065
4 790 -log(L): 6904.56  Spbio: 5986.27 45581.1 cat 0.0762636
4 791 -log(L): 6904.56  Spbio: 5986.33 45582 cat 0.0762749
4 792 -log(L): 6904.56  Spbio: 5986.41 45583.6 cat 0.0763914
4 793 -log(L): 6904.56  Spbio: 5986.54 45585.8 cat 0.0765879
4 794 -log(L): 6904.56  Spbio: 5986.77 45588.7 cat 0.0768554
4 795 -log(L): 6904.56  Spbio: 5987.06 45589.8 cat 0.0769735
4 796 -log(L): 6904.56  Spbio: 5987.15 45588.5 cat 0.076872
4 797 -log(L): 6904.56  Spbio: 5987.15 45586.2 cat 0.0766526
4 798 -log(L): 6904.56  Spbio: 5987.14 45583.8 cat 0.0764323
4 799 -log(L): 6904.56  Spbio: 5987.08 45580.7 cat 0.0762154
4 800 -log(L): 6904.56  Spbio: 5987.01 45577.4 cat 0.0760573
4 801 -log(L): 6904.56  Spbio: 5986.96 45577.6 cat 0.0762011
4 802 -log(L): 6904.56  Spbio: 5986.88 45578.4 cat 0.0764911
4 803 -log(L): 6904.56  Spbio: 5986.84 45578.5 cat 0.0766065
4 804 -log(L): 6904.56  Spbio: 5986.8 45577.5 cat 0.0766428
4 805 -log(L): 6904.56  Spbio: 5986.8 45576 cat 0.076521
4 806 -log(L): 6904.56  Spbio: 5986.86 45574.8 cat 0.0763217
4 807 -log(L): 6904.56  Spbio: 5986.86 45574.9 cat 0.0762912
phase= 4 | nvar=198 | iter=440 | nll=6.90e+03 | mag=2.27e+00 | par[ 22]=SR_parm[1]
4 808 -log(L): 6904.56  Spbio: 5986.85 45575.5 cat 0.0762425
4 809 -log(L): 6904.56  Spbio: 5986.83 45576.6 cat 0.0762394
4 810 -log(L): 6904.56  Spbio: 5986.8 45577.5 cat 0.0762833
4 811 -log(L): 6904.56  Spbio: 5986.75 45578.6 cat 0.0763747
4 812 -log(L): 6904.56  Spbio: 5986.73 45578.9 cat 0.0764157
4 813 -log(L): 6904.56  Spbio: 5986.72 45578.8 cat 0.0764333
4 814 -log(L): 6904.56  Spbio: 5986.72 45578.6 cat 0.0764359
4 815 -log(L): 6904.56  Spbio: 5986.73 45578.4 cat 0.07643
4 816 -log(L): 6904.56  Spbio: 5986.73 45578.4 cat 0.0764226
4 817 -log(L): 6904.56  Spbio: 5986.73 45578.6 cat 0.0764186
4 818 -log(L): 6904.56  Spbio: 5986.73 45578.8 cat 0.076417
4 819 -log(L): 6904.56  Spbio: 5986.72 45579.1 cat 0.0764149
4 820 -log(L): 6904.56  Spbio: 5986.7 45579.4 cat 0.0764089
4 821 -log(L): 6904.56  Spbio: 5986.7 45579.4 cat 0.0764055
4 822 -log(L): 6904.56  Spbio: 5986.7 45579.3 cat 0.0763994
4 823 -log(L): 6904.56  Spbio: 5986.7 45579.1 cat 0.0763891
4 824 -log(L): 6904.56  Spbio: 5986.7 45578.6 cat 0.0763692
4 825 -log(L): 6904.56  Spbio: 5986.71 45578 cat 0.0763393
4 826 -log(L): 6904.56  Spbio: 5986.72 45577.9 cat 0.0763487
4 827 -log(L): 6904.56  Spbio: 5986.74 45577.7 cat 0.0763689
phase= 4 | nvar=198 | iter=460 | nll=6.90e+03 | mag=7.60e-01 | par[ 22]=SR_parm[1]
4 828 -log(L): 6904.56  Spbio: 5986.77 45577.6 cat 0.0764027
4 829 -log(L): 6904.56  Spbio: 5986.77 45577.6 cat 0.0764074
4 830 -log(L): 6904.56  Spbio: 5986.78 45577.7 cat 0.0764103
4 831 -log(L): 6904.56  Spbio: 5986.78 45578 cat 0.0764094
4 832 -log(L): 6904.56  Spbio: 5986.78 45578.4 cat 0.0763993
4 833 -log(L): 6904.56  Spbio: 5986.79 45578.7 cat 0.0763875
4 834 -log(L): 6904.56  Spbio: 5986.8 45579 cat 0.076371
4 835 -log(L): 6904.56  Spbio: 5986.81 45579.4 cat 0.0763472
4 836 -log(L): 6904.56  Spbio: 5986.82 45579.9 cat 0.0763144
4 837 -log(L): 6904.56  Spbio: 5986.85 45580.7 cat 0.0762685
4 838 -log(L): 6904.56  Spbio: 5986.9 45581.6 cat 0.0762149
4 839 -log(L): 6904.56  Spbio: 5986.98 45582.6 cat 0.0761595
4 840 -log(L): 6904.56  Spbio: 5987.05 45582.8 cat 0.0761767
4 841 -log(L): 6904.56  Spbio: 5986.99 45580.8 cat 0.0762909
4 842 -log(L): 6904.56  Spbio: 5986.96 45577.4 cat 0.0765202
4 843 -log(L): 6904.56  Spbio: 5986.95 45576.6 cat 0.0765791
4 844 -log(L): 6904.56  Spbio: 5986.89 45576.1 cat 0.0766046
4 845 -log(L): 6904.56  Spbio: 5986.86 45576.2 cat 0.0765657
4 846 -log(L): 6904.56  Spbio: 5986.84 45576.8 cat 0.0764818
4 847 -log(L): 6904.56  Spbio: 5986.86 45577.5 cat 0.0764018
phase= 4 | nvar=198 | iter=480 | nll=6.90e+03 | mag=6.65e-01 | par[ 22]=SR_parm[1]
4 848 -log(L): 6904.56  Spbio: 5986.88 45578.2 cat 0.0763538
4 849 -log(L): 6904.56  Spbio: 5986.89 45578.6 cat 0.0763554
4 850 -log(L): 6904.56  Spbio: 5986.88 45578.8 cat 0.0763747
4 851 -log(L): 6904.56  Spbio: 5986.84 45578.9 cat 0.0763995
4 852 -log(L): 6904.56  Spbio: 5986.81 45578.9 cat 0.0764059
4 853 -log(L): 6904.56  Spbio: 5986.79 45578.8 cat 0.0764021
4 854 -log(L): 6904.56  Spbio: 5986.78 45578.8 cat 0.0763949
4 855 -log(L): 6904.56  Spbio: 5986.77 45578.6 cat 0.0763871
4 856 -log(L): 6904.56  Spbio: 5986.77 45578.5 cat 0.0763861
4 857 -log(L): 6904.56  Spbio: 5986.78 45578.4 cat 0.0763917
4 858 -log(L): 6904.56  Spbio: 5986.79 45578.3 cat 0.0763985
4 859 -log(L): 6904.56  Spbio: 5986.79 45578.3 cat 0.0764035
4 860 -log(L): 6904.56  Spbio: 5986.8 45578.3 cat 0.0764076
4 861 -log(L): 6904.56  Spbio: 5986.8 45578.4 cat 0.0764104
4 862 -log(L): 6904.56  Spbio: 5986.8 45578.4 cat 0.0764122
4 863 -log(L): 6904.56  Spbio: 5986.79 45578.4 cat 0.0764132
4 864 -log(L): 6904.56  Spbio: 5986.79 45578.5 cat 0.076414
4 865 -log(L): 6904.56  Spbio: 5986.78 45578.5 cat 0.0764146
4 866 -log(L): 6904.56  Spbio: 5986.77 45578.6 cat 0.076415
4 867 -log(L): 6904.56  Spbio: 5986.76 45578.6 cat 0.0764146
phase= 4 | nvar=198 | iter=500 | nll=6.90e+03 | mag=7.50e-01 | par[ 22]=SR_parm[1]
4 868 -log(L): 6904.56  Spbio: 5986.74 45578.6 cat 0.0764127
4 869 -log(L): 6904.56  Spbio: 5986.74 45578.5 cat 0.0764087
4 870 -log(L): 6904.56  Spbio: 5986.74 45578.3 cat 0.0764012
4 871 -log(L): 6904.56  Spbio: 5986.77 45578.1 cat 0.0763917
4 872 -log(L): 6904.56  Spbio: 5986.8 45578.1 cat 0.0763815
4 873 -log(L): 6904.56  Spbio: 5986.86 45578.3 cat 0.0763722
4 874 -log(L): 6904.56  Spbio: 5986.93 45578.9 cat 0.0763734
4 875 -log(L): 6904.56  Spbio: 5987.02 45580.1 cat 0.0763914
4 876 -log(L): 6904.56  Spbio: 5987.02 45580.8 cat 0.0763868
4 877 -log(L): 6904.56  Spbio: 5986.97 45580.9 cat 0.0763899
4 878 -log(L): 6904.56  Spbio: 5986.94 45580.6 cat 0.0764003
4 879 -log(L): 6904.56  Spbio: 5986.88 45579.9 cat 0.0764146
4 880 -log(L): 6904.56  Spbio: 5986.83 45578.8 cat 0.0764206
4 881 -log(L): 6904.56  Spbio: 5986.82 45578.4 cat 0.0764106
4 882 -log(L): 6904.56  Spbio: 5986.82 45578.3 cat 0.0763974
4 883 -log(L): 6904.56  Spbio: 5986.82 45578.4 cat 0.0763908
4 884 -log(L): 6904.56  Spbio: 5986.82 45578.5 cat 0.0763852
4 885 -log(L): 6904.56  Spbio: 5986.82 45578.6 cat 0.0763792
4 886 -log(L): 6904.56  Spbio: 5986.81 45578.6 cat 0.0763727
4 887 -log(L): 6904.56  Spbio: 5986.81 45578.7 cat 0.0763659
phase= 4 | nvar=198 | iter=520 | nll=6.90e+03 | mag=6.76e-01 | par[ 22]=SR_parm[1]
4 888 -log(L): 6904.56  Spbio: 5986.8 45578.8 cat 0.0763576
4 889 -log(L): 6904.56  Spbio: 5986.79 45578.9 cat 0.0763468
4 890 -log(L): 6904.56  Spbio: 5986.77 45579 cat 0.076332
4 891 -log(L): 6904.56  Spbio: 5986.75 45579.2 cat 0.0763111
4 892 -log(L): 6904.56  Spbio: 5986.71 45579.5 cat 0.076281
4 893 -log(L): 6904.56  Spbio: 5986.67 45579.8 cat 0.0762386
4 894 -log(L): 6904.56  Spbio: 5986.6 45580.4 cat 0.076182
4 895 -log(L): 6904.56  Spbio: 5986.52 45581 cat 0.0761097
4 896 -log(L): 6904.56  Spbio: 5986.44 45581.7 cat 0.0760385
4 897 -log(L): 6904.56  Spbio: 5986.38 45582.2 cat 0.0759847
4 898 -log(L): 6904.56  Spbio: 5986.39 45582.1 cat 0.0760144
4 899 -log(L): 6904.56  Spbio: 5986.55 45580.9 cat 0.0761601
4 900 -log(L): 6904.56  Spbio: 5986.74 45579.3 cat 0.0763437
4 901 -log(L): 6904.56  Spbio: 5986.84 45578.7 cat 0.0764099
4 902 -log(L): 6904.56  Spbio: 5986.89 45578.6 cat 0.07643
4 903 -log(L): 6904.56  Spbio: 5986.85 45578.7 cat 0.0764139
4 904 -log(L): 6904.56  Spbio: 5986.81 45578.8 cat 0.0764062
4 905 -log(L): 6904.56  Spbio: 5986.78 45578.8 cat 0.0764003
4 906 -log(L): 6904.56  Spbio: 5986.76 45578.7 cat 0.0763977
4 907 -log(L): 6904.56  Spbio: 5986.74 45578.5 cat 0.0763967
phase= 4 | nvar=198 | iter=540 | nll=6.90e+03 | mag=3.92e-01 | par[ 93]=selparm[61]
4 908 -log(L): 6904.56  Spbio: 5986.71 45578.3 cat 0.0763953
4 909 -log(L): 6904.56  Spbio: 5986.67 45577.9 cat 0.076394
4 910 -log(L): 6904.56  Spbio: 5986.62 45577.4 cat 0.0763917
4 911 -log(L): 6904.56  Spbio: 5986.54 45576.7 cat 0.076387
4 912 -log(L): 6904.56  Spbio: 5986.43 45575.6 cat 0.0763852
4 913 -log(L): 6904.56  Spbio: 5986.25 45574 cat 0.0763959
4 914 -log(L): 6904.56  Spbio: 5986.1 45572.3 cat 0.0763915
4 915 -log(L): 6904.56  Spbio: 5986 45571 cat 0.0763978
4 916 -log(L): 6904.56  Spbio: 5986.08 45571.1 cat 0.0764155
4 917 -log(L): 6904.56  Spbio: 5986.42 45573.4 cat 0.0764395
4 918 -log(L): 6904.53  Spbio: 5987.13 45578.7 cat 0.0763758
4 919 -log(L): 7039.45  Spbio: 5994.69 45631.7 cat 0.0797318
4 920 -log(L): 6904.53  Spbio: 5987.15 45578.8 cat 0.0763746
4 921 -log(L): 6904.45  Spbio: 5987.38 45580.5 cat 0.0763656
4 922 -log(L): 6928.15  Spbio: 5989.67 45597.2 cat 0.0765988
4 923 -log(L): 6904.43  Spbio: 5987.41 45580.8 cat 0.0763647
4 924 -log(L): 6904.08  Spbio: 5987.75 45583.3 cat 0.0763625
4 925 -log(L): 6951.05  Spbio: 5991.23 45608.3 cat 0.0771441
4 926 -log(L): 6904  Spbio: 5987.84 45583.9 cat 0.0763639
4 927 -log(L): 6904  Spbio: 5987.96 45584.8 cat 0.0763671
4 928 -log(L): 6903.98  Spbio: 5987.9 45584.3 cat 0.0763654
4 929 -log(L): 15018.5  Spbio: 8807.21 55813 cat 1.29106
4 930 -log(L): 31671.1  Spbio: 7128.75 51081.2 cat 8.69389
4 931 -log(L): 6903.98  Spbio: 5987.91 45584.4 cat 0.0763656
4 932 -log(L): 6903.98  Spbio: 5987.9 45584.3 cat 0.0763654
4 933 -log(L): 6903.98  Spbio: 5987.9 45584.3 cat 0.0763654
4 934 -log(L): 6903.98  Spbio: 5987.9 45584.4 cat 0.0763653
4 935 -log(L): 6903.98  Spbio: 5987.9 45584.4 cat 0.0763641
4 936 -log(L): 6903.98  Spbio: 5987.93 45584.6 cat 0.0763525
4 937 -log(L): 6903.98  Spbio: 5988.22 45587.3 cat 0.0762364
4 938 -log(L): 6903.98  Spbio: 5988.68 45591.3 cat 0.0761997
4 939 -log(L): 6903.99  Spbio: 5993.34 45631.5 cat 0.0758475
4 940 -log(L): 6903.97  Spbio: 5991.14 45612.6 cat 0.0760093
4 941 -log(L): 6903.97  Spbio: 5991.34 45620.7 cat 0.0758339
4 942 -log(L): 6903.96  Spbio: 5991.43 45627.7 cat 0.0753977
4 943 -log(L): 6903.95  Spbio: 5992.16 45639.8 cat 0.0753698
4 944 -log(L): 6903.94  Spbio: 5992.28 45639.2 cat 0.0767225
4 945 -log(L): 6904.09  Spbio: 5991.55 45629.2 cat 0.0796868
4 946 -log(L): 6903.93  Spbio: 5992.26 45638.9 cat 0.0767841
4 947 -log(L): 6903.93  Spbio: 5992.07 45636.5 cat 0.0774417
4 948 -log(L): 6904.09  Spbio: 5991.67 45629.7 cat 0.0784101
4 949 -log(L): 6903.93  Spbio: 5992.07 45636.4 cat 0.0774536
4 950 -log(L): 6903.93  Spbio: 5992.02 45635.5 cat 0.0775732
4 951 -log(L): 6904.09  Spbio: 5991.52 45627.2 cat 0.0787967
4 952 -log(L): 6903.93  Spbio: 5992.01 45635.4 cat 0.0775913
4 953 -log(L): 6903.92  Spbio: 5991.94 45634.2 cat 0.0777734
phase= 4 | nvar=198 | iter=560 | nll=6.90e+03 | mag=7.59e+02 | par[ 66]=Q_parm[3]
4 954 -log(L): 6903.92  Spbio: 5991.7 45629.6 cat 0.0782034
4 955 -log(L): 6903.9  Spbio: 5991.28 45619.6 cat 0.0782783
4 956 -log(L): 6903.88  Spbio: 5990.88 45603.2 cat 0.0783003
4 957 -log(L): 6903.91  Spbio: 5990.17 45581.9 cat 0.0765332
4 958 -log(L): 6903.87  Spbio: 5990.52 45593.1 cat 0.0772358
4 959 -log(L): 6903.85  Spbio: 5990.1 45581.9 cat 0.0761488
4 960 -log(L): 6903.83  Spbio: 5989.73 45563.5 cat 0.0763512
4 961 -log(L): 6903.78  Spbio: 5989.62 45550.3 cat 0.0766502
4 962 -log(L): 6903.79  Spbio: 5990.26 45526 cat 0.076944
4 963 -log(L): 6903.75  Spbio: 5990 45535.7 cat 0.0767349
4 964 -log(L): 6903.7  Spbio: 5990.4 45523.9 cat 0.0766945
4 965 -log(L): 6903.85  Spbio: 5990.95 45500.6 cat 0.0772642
4 966 -log(L): 6903.67  Spbio: 5990.67 45512.1 cat 0.0769111
4 967 -log(L): 6903.65  Spbio: 5991.87 45514.1 cat 0.0760511
4 968 -log(L): 6903.61  Spbio: 5993.89 45526.6 cat 0.0763
4 969 -log(L): 6903.56  Spbio: 5998.59 45548.1 cat 0.0796489
4 970 -log(L): 6903.51  Spbio: 6002.3 45568.2 cat 0.0861412
4 971 -log(L): 6903.44  Spbio: 6004.65 45590.4 cat 0.0788034
4 972 -log(L): 6903.41  Spbio: 6011.97 45629.6 cat 0.0778766
4 973 -log(L): 6903.37  Spbio: 6009.52 45616.7 cat 0.0777828
4 974 -log(L): 6903.31  Spbio: 6014.26 45624.9 cat 0.0774225
4 975 -log(L): 6903.21  Spbio: 6018.22 45618.2 cat 0.0785317
4 976 -log(L): 6903.03  Spbio: 6025.68 45586.3 cat 0.0912803
4 977 -log(L): 6902.81  Spbio: 6035.66 45515.1 cat 0.0835149
4 978 -log(L): 6902.82  Spbio: 6032.85 45535.8 cat 0.0848965
phase= 4 | nvar=198 | iter=580 | nll=6.90e+03 | mag=1.30e+03 | par[103]=selparm[83]
4 979 -log(L): 6908.01  Spbio: 6053.54 45358.6 cat 0.189216
4 980 -log(L): 6902.82  Spbio: 6033.07 45534.5 cat 0.0852311
4 981 -log(L): 6902.76  Spbio: 6035.34 45521.4 cat 0.089428
4 982 -log(L): 6913.47  Spbio: 6081.3 45310.2 cat 0.657804
4 983 -log(L): 6902.65  Spbio: 6044.06 45478.5 cat 0.12053
4 984 -log(L): 6904.36  Spbio: 6067.64 45414.2 cat 0.374202
4 985 -log(L): 6902.69  Spbio: 6049.97 45456.4 cat 0.158023
4 986 -log(L): 6902.64  Spbio: 6045.69 45472.1 cat 0.129336
4 987 -log(L): 6902.62  Spbio: 6045.97 45469.8 cat 0.128008
4 988 -log(L): 6902.51  Spbio: 6048.85 45447.8 cat 0.116711
4 989 -log(L): 6902.5  Spbio: 6058.43 45407 cat 0.101104
4 990 -log(L): 6902.43  Spbio: 6054.27 45424.4 cat 0.106721
4 991 -log(L): 6902.39  Spbio: 6050.79 45429.5 cat 0.0739463
4 992 -log(L): 6902.35  Spbio: 6051.08 45455.4 cat 0.0765893
4 993 -log(L): 6902.33  Spbio: 6054.24 45470.1 cat 0.0761544
4 994 -log(L): 6902.32  Spbio: 6057.25 45467.2 cat 0.0740374
4 995 -log(L): 6902.31  Spbio: 6059.41 45457.8 cat 0.078564
4 996 -log(L): 6902.31  Spbio: 6060.54 45450.6 cat 0.0693866
4 997 -log(L): 6902.3  Spbio: 6061.65 45450.8 cat 0.0781171
4 998 -log(L): 6902.3  Spbio: 6061.28 45448.8 cat 0.0762555
4 999 -log(L): 6902.3  Spbio: 6061.3 45446.1 cat 0.0763943
4 1000 -log(L): 6902.3  Spbio: 6061.45 45444 cat 0.0766931
4 1001 -log(L): 6902.3  Spbio: 6061.8 45441.6 cat 0.0771414
4 1002 -log(L): 6902.3  Spbio: 6062.4 45439.3 cat 0.0776502
4 1003 -log(L): 6902.3  Spbio: 6062.85 45437.9 cat 0.0781783
4 1004 -log(L): 6902.3  Spbio: 6062.67 45438.4 cat 0.0779636
4 1005 -log(L): 6902.3  Spbio: 6062.63 45439.7 cat 0.0776379
4 1006 -log(L): 6902.3  Spbio: 6062.24 45442.7 cat 0.0766842
4 1007 -log(L): 6902.3  Spbio: 6062.04 45444.1 cat 0.0758677
phase= 4 | nvar=198 | iter=600 | nll=6.90e+03 | mag=2.45e+01 | par[103]=selparm[83]
4 1008 -log(L): 6902.3  Spbio: 6061.94 45444.4 cat 0.0753141
4 1009 -log(L): 6902.3  Spbio: 6061.81 45444.1 cat 0.0747096
4 1010 -log(L): 6902.3  Spbio: 6061.8 45442.7 cat 0.0741079
4 1011 -log(L): 6902.3  Spbio: 6061.81 45440.5 cat 0.0736254
4 1012 -log(L): 6902.3  Spbio: 6062.08 45437 cat 0.0738537
4 1013 -log(L): 6902.3  Spbio: 6062.23 45435.1 cat 0.0747979
4 1014 -log(L): 6902.3  Spbio: 6062.13 45436.2 cat 0.0740732
4 1015 -log(L): 6902.3  Spbio: 6062.04 45437.5 cat 0.0738712
4 1016 -log(L): 6902.3  Spbio: 6061.99 45440.5 cat 0.0749268
4 1017 -log(L): 6902.3  Spbio: 6062.05 45443 cat 0.0758677
4 1018 -log(L): 6902.3  Spbio: 6062.1 45445.5 cat 0.076628
4 1019 -log(L): 6902.3  Spbio: 6062.02 45445.2 cat 0.0766559
4 1020 -log(L): 6902.3  Spbio: 6061.91 45444 cat 0.0765303
4 1021 -log(L): 6902.3  Spbio: 6061.83 45443.1 cat 0.0764424
4 1022 -log(L): 6902.3  Spbio: 6061.74 45442 cat 0.0763695
4 1023 -log(L): 6902.3  Spbio: 6061.65 45440.9 cat 0.0763058
4 1024 -log(L): 6902.3  Spbio: 6061.56 45439.6 cat 0.0762688
4 1025 -log(L): 6902.3  Spbio: 6061.47 45438 cat 0.0763185
4 1026 -log(L): 6902.3  Spbio: 6061.4 45436.1 cat 0.0765286
4 1027 -log(L): 6902.3  Spbio: 6061.41 45434.4 cat 0.0771979
4 1028 -log(L): 6902.3  Spbio: 6061.49 45435.4 cat 0.0772621
phase= 4 | nvar=198 | iter=620 | nll=6.90e+03 | mag=2.63e+01 | par[ 22]=SR_parm[1]
4 1029 -log(L): 6902.3  Spbio: 6061.66 45438.5 cat 0.077072
4 1030 -log(L): 6902.3  Spbio: 6062.1 45444.4 cat 0.077922
4 1031 -log(L): 6902.29  Spbio: 6062.09 45445.9 cat 0.0767545
4 1032 -log(L): 6902.29  Spbio: 6062.11 45445.9 cat 0.0768238
4 1033 -log(L): 6902.29  Spbio: 6062.1 45445.7 cat 0.0768422
4 1034 -log(L): 6902.29  Spbio: 6062.02 45444.8 cat 0.0767603
4 1035 -log(L): 6902.29  Spbio: 6061.9 45443.6 cat 0.0764614
4 1036 -log(L): 6902.29  Spbio: 6061.74 45442.2 cat 0.0761329
4 1037 -log(L): 6902.29  Spbio: 6061.76 45442.5 cat 0.0760214
4 1038 -log(L): 6902.29  Spbio: 6061.8 45443 cat 0.0759835
4 1039 -log(L): 6902.29  Spbio: 6061.88 45443 cat 0.0759901
4 1040 -log(L): 6902.29  Spbio: 6061.91 45443 cat 0.0760691
4 1041 -log(L): 6902.29  Spbio: 6061.96 45442.8 cat 0.0762165
4 1042 -log(L): 6902.29  Spbio: 6061.99 45443 cat 0.0763363
4 1043 -log(L): 6902.29  Spbio: 6061.98 45443.2 cat 0.0763117
4 1044 -log(L): 6902.29  Spbio: 6061.99 45443.7 cat 0.076331
4 1045 -log(L): 6902.29  Spbio: 6061.95 45443.8 cat 0.0763682
4 1046 -log(L): 6902.29  Spbio: 6061.9 45443.6 cat 0.0764435
4 1047 -log(L): 6902.29  Spbio: 6061.85 45443.3 cat 0.0764815
4 1048 -log(L): 6902.29  Spbio: 6061.85 45443.2 cat 0.0764656
phase= 4 | nvar=198 | iter=640 | nll=6.90e+03 | mag=2.67e+00 | par[ 22]=SR_parm[1]
4 1049 -log(L): 6902.29  Spbio: 6061.88 45443.2 cat 0.0763995
4 1050 -log(L): 6902.29  Spbio: 6061.91 45443.4 cat 0.076373
4 1051 -log(L): 6902.29  Spbio: 6061.93 45443.6 cat 0.0763649
4 1052 -log(L): 6902.29  Spbio: 6061.94 45443.7 cat 0.0763692
4 1053 -log(L): 6902.29  Spbio: 6061.95 45443.8 cat 0.0763844
4 1054 -log(L): 6902.29  Spbio: 6061.96 45443.9 cat 0.0764004
4 1055 -log(L): 6902.29  Spbio: 6061.97 45444 cat 0.0764226
4 1056 -log(L): 6902.29  Spbio: 6061.99 45444.2 cat 0.0764535
4 1057 -log(L): 6902.29  Spbio: 6062.02 45444.4 cat 0.0764991
4 1058 -log(L): 6902.29  Spbio: 6062.06 45444.8 cat 0.0765681
4 1059 -log(L): 6902.29  Spbio: 6062.11 45445.2 cat 0.0766639
4 1060 -log(L): 6902.29  Spbio: 6062.09 45445 cat 0.0766503
4 1061 -log(L): 6902.29  Spbio: 6062.03 45444.5 cat 0.0765927
4 1062 -log(L): 6902.29  Spbio: 6061.95 45443.8 cat 0.0764821
4 1063 -log(L): 6902.29  Spbio: 6061.92 45443.5 cat 0.0764298
4 1064 -log(L): 6902.29  Spbio: 6061.88 45443.1 cat 0.0763701
4 1065 -log(L): 6902.29  Spbio: 6061.83 45442.7 cat 0.0762992
4 1066 -log(L): 6902.29  Spbio: 6061.76 45442.1 cat 0.076217
4 1067 -log(L): 6902.29  Spbio: 6061.68 45441.4 cat 0.0761884
4 1068 -log(L): 6902.29  Spbio: 6061.58 45440.4 cat 0.0762433
phase= 4 | nvar=198 | iter=660 | nll=6.90e+03 | mag=1.74e+00 | par[103]=selparm[83]
4 1069 -log(L): 6902.29  Spbio: 6061.46 45439 cat 0.0764952
4 1070 -log(L): 6902.29  Spbio: 6061.4 45438.9 cat 0.0760563
4 1071 -log(L): 6902.29  Spbio: 6061.47 45439.5 cat 0.076043
4 1072 -log(L): 6902.29  Spbio: 6061.68 45441.9 cat 0.0763317
4 1073 -log(L): 6902.29  Spbio: 6062.08 45446.1 cat 0.0763598
4 1074 -log(L): 6902.29  Spbio: 6062.04 45445.1 cat 0.0768315
4 1075 -log(L): 6902.29  Spbio: 6061.96 45444.5 cat 0.0765222
4 1076 -log(L): 6902.29  Spbio: 6061.95 45444.3 cat 0.0764229
4 1077 -log(L): 6902.29  Spbio: 6061.95 45443.9 cat 0.076299
4 1078 -log(L): 6902.29  Spbio: 6061.96 45443.7 cat 0.0763548
4 1079 -log(L): 6902.29  Spbio: 6061.99 45443.4 cat 0.0764052
4 1080 -log(L): 6902.29  Spbio: 6061.99 45443.4 cat 0.0763955
4 1081 -log(L): 6902.29  Spbio: 6061.99 45443.5 cat 0.0763856
4 1082 -log(L): 6902.29  Spbio: 6062 45443.7 cat 0.0763769
4 1083 -log(L): 6902.29  Spbio: 6062 45443.7 cat 0.0763764
4 1084 -log(L): 6902.29  Spbio: 6062 45443.8 cat 0.0763766
4 1085 -log(L): 6902.29  Spbio: 6061.99 45443.7 cat 0.0763753
4 1086 -log(L): 6902.29  Spbio: 6061.98 45443.6 cat 0.0763678
4 1087 -log(L): 6902.29  Spbio: 6061.95 45443.6 cat 0.0763415
4 1088 -log(L): 6902.29  Spbio: 6061.94 45443.6 cat 0.0763015
phase= 4 | nvar=198 | iter=680 | nll=6.90e+03 | mag=1.44e+00 | par[103]=selparm[83]
4 1089 -log(L): 6902.29  Spbio: 6061.92 45443.7 cat 0.0762511
4 1090 -log(L): 6902.29  Spbio: 6061.9 45443.8 cat 0.0761857
4 1091 -log(L): 6902.29  Spbio: 6061.91 45443.9 cat 0.0761675
4 1092 -log(L): 6902.29  Spbio: 6061.9 45444 cat 0.0761569
4 1093 -log(L): 6902.29  Spbio: 6061.9 45444.1 cat 0.0761574
4 1094 -log(L): 6902.29  Spbio: 6061.9 45444.4 cat 0.0761739
4 1095 -log(L): 6902.29  Spbio: 6061.9 45444.5 cat 0.0762385
4 1096 -log(L): 6902.29  Spbio: 6061.89 45444.4 cat 0.0762978
4 1097 -log(L): 6902.29  Spbio: 6061.92 45444 cat 0.0763566
4 1098 -log(L): 6902.29  Spbio: 6061.93 45443.9 cat 0.0763486
4 1099 -log(L): 6902.29  Spbio: 6061.95 45443.8 cat 0.076341
4 1100 -log(L): 6902.29  Spbio: 6061.97 45443.8 cat 0.0763415
4 1101 -log(L): 6902.29  Spbio: 6061.98 45443.8 cat 0.0763513
4 1102 -log(L): 6902.29  Spbio: 6061.98 45443.8 cat 0.0763641
4 1103 -log(L): 6902.29  Spbio: 6061.97 45443.8 cat 0.0763674
4 1104 -log(L): 6902.29  Spbio: 6061.97 45443.8 cat 0.0763642
4 1105 -log(L): 6902.29  Spbio: 6061.96 45443.8 cat 0.0763576
4 1106 -log(L): 6902.29  Spbio: 6061.95 45443.8 cat 0.0763442
4 1107 -log(L): 6902.29  Spbio: 6061.94 45443.8 cat 0.0763251
4 1108 -log(L): 6902.29  Spbio: 6061.94 45443.9 cat 0.0763024
phase= 4 | nvar=198 | iter=700 | nll=6.90e+03 | mag=2.68e+00 | par[103]=selparm[83]
4 1109 -log(L): 6902.29  Spbio: 6061.93 45443.9 cat 0.0762766
4 1110 -log(L): 6902.29  Spbio: 6061.92 45444 cat 0.0762466
4 1111 -log(L): 6902.29  Spbio: 6061.92 45444.1 cat 0.0762104
4 1112 -log(L): 6902.29  Spbio: 6061.91 45444.2 cat 0.0761651
4 1113 -log(L): 6902.29  Spbio: 6061.91 45444.3 cat 0.0761132
4 1114 -log(L): 6902.29  Spbio: 6061.92 45444.5 cat 0.0760593
4 1115 -log(L): 6902.29  Spbio: 6061.95 45444.8 cat 0.0760094
4 1116 -log(L): 6902.29  Spbio: 6061.99 45445 cat 0.0759569
4 1117 -log(L): 6902.29  Spbio: 6061.96 45444.8 cat 0.075995
4 1118 -log(L): 6902.29  Spbio: 6061.97 45444.7 cat 0.0760119
4 1119 -log(L): 6902.29  Spbio: 6061.97 45444.5 cat 0.0760373
4 1120 -log(L): 6902.29  Spbio: 6062.01 45443.3 cat 0.0762889
4 1121 -log(L): 6902.29  Spbio: 6062.11 45442.7 cat 0.0764719
4 1122 -log(L): 6902.29  Spbio: 6062.05 45442.7 cat 0.0763481
4 1123 -log(L): 6902.29  Spbio: 6062.08 45442.7 cat 0.076407
4 1124 -log(L): 6902.29  Spbio: 6062.05 45443.2 cat 0.0761986
4 1125 -log(L): 6902.29  Spbio: 6062.17 45443.6 cat 0.0759868
4 1126 -log(L): 6902.29  Spbio: 6062.09 45444.9 cat 0.0761017
4 1127 -log(L): 6902.29  Spbio: 6062.13 45444.2 cat 0.0760337
4 1128 -log(L): 6902.29  Spbio: 6062.15 45444 cat 0.0761547
4 1129 -log(L): 6902.29  Spbio: 6062.16 45443.5 cat 0.0763391
4 1130 -log(L): 6902.29  Spbio: 6062.1 45443.3 cat 0.0763911
4 1131 -log(L): 6902.29  Spbio: 6062.11 45443.2 cat 0.0763782
4 1132 -log(L): 6902.29  Spbio: 6062.1 45443.2 cat 0.0763624
phase= 4 | nvar=198 | iter=720 | nll=6.90e+03 | mag=2.02e+00 | par[103]=selparm[83]
4 1133 -log(L): 6902.29  Spbio: 6062.09 45443.2 cat 0.0763645
4 1134 -log(L): 6902.29  Spbio: 6062.06 45443.2 cat 0.076375
4 1135 -log(L): 6902.29  Spbio: 6062 45443.3 cat 0.0763979
4 1136 -log(L): 6902.29  Spbio: 6061.89 45443.5 cat 0.0764298
4 1137 -log(L): 6902.29  Spbio: 6061.82 45443.7 cat 0.0764229
4 1138 -log(L): 6902.29  Spbio: 6061.79 45443.9 cat 0.0763967
4 1139 -log(L): 6902.29  Spbio: 6061.81 45443.9 cat 0.0763776
4 1140 -log(L): 6902.29  Spbio: 6061.83 45444 cat 0.0763637
4 1141 -log(L): 6902.29  Spbio: 6061.83 45444 cat 0.0763645
4 1142 -log(L): 6902.29  Spbio: 6061.83 45444 cat 0.0763665
4 1143 -log(L): 6902.29  Spbio: 6061.83 45444 cat 0.0763672
4 1144 -log(L): 6902.29  Spbio: 6061.83 45444 cat 0.0763674
4 1145 -log(L): 6902.29  Spbio: 6061.83 45444 cat 0.0763672
4 1146 -log(L): 6902.29  Spbio: 6061.83 45444 cat 0.0763666
4 1147 -log(L): 6902.29  Spbio: 6061.83 45444 cat 0.0763662
4 1148 -log(L): 6902.29  Spbio: 6061.83 45444 cat 0.0763661
4 1149 -log(L): 6902.29  Spbio: 6061.83 45444 cat 0.0763662
4 1150 -log(L): 6902.29  Spbio: 6061.83 45444 cat 0.0763662
4 1151 -log(L): 6902.29  Spbio: 6061.83 45444 cat 0.0763662
4 1152 -log(L): 6902.29  Spbio: 6061.83 45444 cat 0.0763662
4 1153 -log(L): 6902.29  Spbio: 6061.83 45444 cat 0.0763662
5 1154 -log(L): 6902.29  Spbio: 6061.83 45444 cat 0.0763662
phase= 5 | nvar=205 | iter=  0 | nll=6.90e+03 | mag=7.99e+01 | par[ 57]=Fcast_recruitments[1]
5 1155 -log(L): 7256.81  Spbio: 6061.83 45453 cat 0.0763634
5 1156 -log(L): 6902.29  Spbio: 6061.83 45444 cat 0.0763662
5 1157 -log(L): 6906.2  Spbio: 6015.31 45067.7 cat 1.51562
5 1158 -log(L): 6902.29  Spbio: 6061.83 45444 cat 0.0763662
5 1159 -log(L): 6902.29  Spbio: 6061.83 45444 cat 0.076365
5 1160 -log(L): 6902.29  Spbio: 6061.83 45444 cat 0.0763662
5 1161 -log(L): 6902.29  Spbio: 6061.83 45444 cat 0.0763662
5 1162 -log(L): 6902.29  Spbio: 6061.83 45444 cat 0.0763662
5 1163 -log(L): 6902.29  Spbio: 6061.83 45444 cat 0.0763662
5 1164 -log(L): 6902.29  Spbio: 6061.83 45444 cat 0.0763662
5 1165 -log(L): 6902.29  Spbio: 6061.83 45444 cat 0.0763662
5 1166 -log(L): 6902.29  Spbio: 6061.83 45444 cat 0.0763662
5 1167 -log(L): 6902.29  Spbio: 6061.83 45444 cat 0.0763662
5 1168 -log(L): 6902.29  Spbio: 6061.83 45444 cat 0.0763662
5 1169 -log(L): 6902.29  Spbio: 6061.83 45444 cat 0.0763662
5 1170 -log(L): 6902.29  Spbio: 6061.83 45444 cat 0.0763662
5 1171 -log(L): 6902.29  Spbio: 6061.83 45444 cat 0.0763662
5 1172 -log(L): 6902.29  Spbio: 6061.83 45444 cat 0.0763662
5 1173 -log(L): 6902.29  Spbio: 6061.83 45444 cat 0.0763662
5 1174 -log(L): 6902.29  Spbio: 6061.83 45444 cat 0.0763662
5 1175 -log(L): 6902.29  Spbio: 6061.83 45444 cat 0.0763662
5 1176 -log(L): 6902.29  Spbio: 6061.83 45444 cat 0.0763662
5 1177 -log(L): 6902.29  Spbio: 6061.83 45444 cat 0.0763662
5 1178 -log(L): 6902.29  Spbio: 6061.83 45444 cat 0.0763662
5 1179 -log(L): 6902.29  Spbio: 6061.83 45444 cat 0.0763662
5 1180 -log(L): 6902.29  Spbio: 6061.83 45444 cat 0.0763662
5 1181 -log(L): 6902.29  Spbio: 6061.83 45444 cat 0.0763662
5 1182 -log(L): 6902.29  Spbio: 6061.83 45444 cat 0.0763662
5 1183 -log(L): 6902.29  Spbio: 6061.83 45444 cat 0.0763662
5 1184 -log(L): 6902.29  Spbio: 6061.83 45444 cat 0.0763662
5 1185 -log(L): 6902.29  Spbio: 6061.83 45444 cat 0.0763662
5 1186 -log(L): 6902.29  Spbio: 6061.83 45444 cat 0.0763662
5 1187 -log(L): 6902.29  Spbio: 6061.83 45444 cat 0.0763662
5 1188 -log(L): 6902.29  Spbio: 6061.83 45444 cat 0.0763662
5 1189 -log(L): 6902.29  Spbio: 6061.83 45444 cat 0.0763662
phase= 5 | nvar=205 | iter=  3 | nll=6.90e+03 | mag=3.49e-04 | par[ 58]=Fcast_recruitments[2]
Optimization completed after 10 m 40 s with final statistics:
  nll=6902.292072 | mag=3.48597e-04 | par[ 58]=Fcast_recruitments[2]

Warning: the following parameters had issues
  selparm[22] is within 0.1% of upper bound: 0.01 < 8.99999 < 9
  selparm[52] is within 0.1% of upper bound: 0.01 < 8.99976 < 9
  selparm[61] is within 0.1% of lower bound: 5 < 5 < 59
  selparm[82] is within 1% of upper bound: 0.01 < 8.98358 < 9
  selparm[103] is within 0.1% of upper bound: 0.01 < 8.9984 < 9
  selparm[104] is within 0.1% of upper bound: 0.01 < 8.99997 < 9
  selparm[111] is within 0.1% of upper bound: 0.01 < 9 < 9

5 1190 -log(L): 6902.29  Spbio: 6061.83 45444 cat 0.0763662
Iterations: 1190
Finished calculating benchmarks
Finished forecast
Writing wtatage.ss_new
Finished posteriors
Finished final writing of report.sso
Begin writing *.ss_new output files ... Finished writing *.ss_new output files

 N parameters that are on or within 1% of min-max bound: 7

!!  Run has completed  !! 
!!  See warning.sso for 33 warnings  and 2 notes 

Finished running model 'ss_linux' after 10 m 46 s.
